-- Found ament_cmake: 1.3.5 (/opt/ros/humble/share/ament_cmake/cmake)
-- Found geometry_msgs: 4.2.3 (/opt/ros/humble/share/geometry_msgs/cmake)
-- Found rosidl_generator_c: 3.1.4 (/opt/ros/humble/share/rosidl_generator_c/cmake)
-- Found rosidl_adapter: 3.1.4 (/opt/ros/humble/share/rosidl_adapter/cmake)
-- Found rosidl_generator_cpp: 3.1.4 (/opt/ros/humble/share/rosidl_generator_cpp/cmake)
-- Using all available rosidl_typesupport_c: rosidl_typesupport_fastrtps_c;rosidl_typesupport_introspection_c
-- Using all available rosidl_typesupport_cpp: rosidl_typesupport_fastrtps_cpp;rosidl_typesupport_introspection_cpp
-- Found rosidl_default_generators: 1.2.0 (/opt/ros/humble/share/rosidl_default_generators/cmake)
-- Found ament_cmake_ros: 0.10.0 (/opt/ros/humble/share/ament_cmake_ros/cmake)
-- Using all available rosidl_typesupport_c: rosidl_typesupport_fastrtps_c;rosidl_typesupport_introspection_c
-- Using all available rosidl_typesupport_cpp: rosidl_typesupport_fastrtps_cpp;rosidl_typesupport_introspection_cpp
-- Found PythonInterp: /usr/bin/python3 (found suitable version "3.10.6", minimum required is "3.6") 
-- Found python_cmake_module: 0.10.0 (/opt/ros/humble/share/python_cmake_module/cmake)
-- Found PythonLibs: /usr/lib/x86_64-linux-gnu/libpython3.10.so (found suitable version "3.10.6", minimum required is "3.5") 
-- Using PYTHON_EXECUTABLE: /usr/bin/python3
-- Using PYTHON_INCLUDE_DIRS: /usr/include/python3.10
-- Using PYTHON_LIBRARIES: /usr/lib/x86_64-linux-gnu/libpython3.10.so
-- Found PythonExtra: .so  
-- Found ament_lint_auto: 0.12.6 (/opt/ros/humble/share/ament_lint_auto/cmake)
-- Added test 'lint_cmake' to check CMake code style
-- Added test 'xmllint' to check XML markup files
-- Configuring done
-- Generating done
-- Build files have been written to: /home/zack/work/ROS2_ws/build/yolo_strategy_interfaces
[  3%] [34m[1mGenerating C code for ROS interfaces[0m
[  6%] [34m[1mGenerating C++ code for ROS interfaces[0m
[  6%] Built target ament_cmake_python_copy_yolo_strategy_interfaces
running egg_info
creating yolo_strategy_interfaces.egg-info
writing yolo_strategy_interfaces.egg-info/PKG-INFO
writing dependency_links to yolo_strategy_interfaces.egg-info/dependency_links.txt
writing top-level names to yolo_strategy_interfaces.egg-info/top_level.txt
writing manifest file 'yolo_strategy_interfaces.egg-info/SOURCES.txt'
reading manifest file 'yolo_strategy_interfaces.egg-info/SOURCES.txt'
writing manifest file 'yolo_strategy_interfaces.egg-info/SOURCES.txt'
[  6%] Built target yolo_strategy_interfaces__cpp
[ 12%] [34m[1mGenerating C++ type support for eProsima Fast-RTPS[0m
[ 16%] [34m[1mGenerating C++ introspection for ROS interfaces[0m
[ 16%] [34m[1mGenerating C++ type support dispatch for ROS interfaces[0m
[ 19%] [32mBuilding C object CMakeFiles/yolo_strategy_interfaces__rosidl_generator_c.dir/rosidl_generator_c/yolo_strategy_interfaces/srv/detail/yolo_strategy__functions.c.o[0m
[ 19%] Built target ament_cmake_python_build_yolo_strategy_interfaces_egg
[ 22%] [32m[1mLinking C shared library libyolo_strategy_interfaces__rosidl_generator_c.so[0m
[ 22%] Built target yolo_strategy_interfaces__rosidl_generator_c
[ 32%] [34m[1mGenerating C type support for eProsima Fast-RTPS[0m
[ 32%] [34m[1mGenerating C introspection for ROS interfaces[0m
[ 32%] [34m[1mGenerating C type support dispatch for ROS interfaces[0m
[ 35%] [32mBuilding CXX object CMakeFiles/yolo_strategy_interfaces__rosidl_typesupport_cpp.dir/rosidl_typesupport_cpp/yolo_strategy_interfaces/srv/yolo_strategy__type_support.cpp.o[0m
[ 38%] [32mBuilding CXX object CMakeFiles/yolo_strategy_interfaces__rosidl_typesupport_introspection_cpp.dir/rosidl_typesupport_introspection_cpp/yolo_strategy_interfaces/srv/detail/yolo_strategy__type_support.cpp.o[0m
[ 41%] [32mBuilding CXX object CMakeFiles/yolo_strategy_interfaces__rosidl_typesupport_fastrtps_cpp.dir/rosidl_typesupport_fastrtps_cpp/yolo_strategy_interfaces/srv/detail/dds_fastrtps/yolo_strategy__type_support.cpp.o[0m
[ 45%] [32mBuilding CXX object CMakeFiles/yolo_strategy_interfaces__rosidl_typesupport_c.dir/rosidl_typesupport_c/yolo_strategy_interfaces/srv/yolo_strategy__type_support.cpp.o[0m
[ 51%] [32mBuilding C object CMakeFiles/yolo_strategy_interfaces__rosidl_typesupport_introspection_c.dir/rosidl_typesupport_introspection_c/yolo_strategy_interfaces/srv/detail/yolo_strategy__type_support.c.o[0m
[ 51%] [32mBuilding CXX object CMakeFiles/yolo_strategy_interfaces__rosidl_typesupport_fastrtps_c.dir/rosidl_typesupport_fastrtps_c/yolo_strategy_interfaces/srv/detail/yolo_strategy__type_support_c.cpp.o[0m
[ 54%] [32m[1mLinking CXX shared library libyolo_strategy_interfaces__rosidl_typesupport_c.so[0m
[ 58%] [32m[1mLinking C shared library libyolo_strategy_interfaces__rosidl_typesupport_introspection_c.so[0m
[ 58%] Built target yolo_strategy_interfaces__rosidl_typesupport_c
[ 58%] Built target yolo_strategy_interfaces__rosidl_typesupport_introspection_c
[ 61%] [32m[1mLinking CXX shared library libyolo_strategy_interfaces__rosidl_typesupport_cpp.so[0m
[ 61%] Built target yolo_strategy_interfaces__rosidl_typesupport_cpp
[ 64%] [32m[1mLinking CXX shared library libyolo_strategy_interfaces__rosidl_typesupport_introspection_cpp.so[0m
[ 67%] [32m[1mLinking CXX shared library libyolo_strategy_interfaces__rosidl_typesupport_fastrtps_cpp.so[0m
[ 67%] Built target yolo_strategy_interfaces__rosidl_typesupport_introspection_cpp
[ 70%] [32m[1mLinking CXX shared library libyolo_strategy_interfaces__rosidl_typesupport_fastrtps_c.so[0m
[ 70%] Built target yolo_strategy_interfaces__rosidl_typesupport_fastrtps_cpp
[ 70%] Built target yolo_strategy_interfaces__rosidl_typesupport_fastrtps_c
[ 70%] Built target yolo_strategy_interfaces
[ 74%] [34m[1mGenerating Python code for ROS interfaces[0m
[ 74%] Built target yolo_strategy_interfaces__py
[ 77%] [32mBuilding C object CMakeFiles/yolo_strategy_interfaces__rosidl_generator_py.dir/rosidl_generator_py/yolo_strategy_interfaces/srv/_yolo_strategy_s.c.o[0m
[ 80%] [32m[1mLinking C shared library rosidl_generator_py/yolo_strategy_interfaces/libyolo_strategy_interfaces__rosidl_generator_py.so[0m
[ 80%] Built target yolo_strategy_interfaces__rosidl_generator_py
[ 83%] [32mBuilding C object CMakeFiles/yolo_strategy_interfaces__rosidl_typesupport_c__pyext.dir/rosidl_generator_py/yolo_strategy_interfaces/_yolo_strategy_interfaces_s.ep.rosidl_typesupport_c.c.o[0m
[ 87%] [32mBuilding C object CMakeFiles/yolo_strategy_interfaces__rosidl_typesupport_fastrtps_c__pyext.dir/rosidl_generator_py/yolo_strategy_interfaces/_yolo_strategy_interfaces_s.ep.rosidl_typesupport_fastrtps_c.c.o[0m
[ 90%] [32mBuilding C object CMakeFiles/yolo_strategy_interfaces__rosidl_typesupport_introspection_c__pyext.dir/rosidl_generator_py/yolo_strategy_interfaces/_yolo_strategy_interfaces_s.ep.rosidl_typesupport_introspection_c.c.o[0m
[100%] [32m[1mLinking C shared library rosidl_generator_py/yolo_strategy_interfaces/yolo_strategy_interfaces_s__rosidl_typesupport_introspection_c.cpython-310-x86_64-linux-gnu.so[0m
[100%] [32m[1mLinking C shared library rosidl_generator_py/yolo_strategy_interfaces/yolo_strategy_interfaces_s__rosidl_typesupport_fastrtps_c.cpython-310-x86_64-linux-gnu.so[0m
[100%] [32m[1mLinking C shared library rosidl_generator_py/yolo_strategy_interfaces/yolo_strategy_interfaces_s__rosidl_typesupport_c.cpython-310-x86_64-linux-gnu.so[0m
[100%] Built target yolo_strategy_interfaces__rosidl_typesupport_c__pyext
[100%] Built target yolo_strategy_interfaces__rosidl_typesupport_fastrtps_c__pyext
[100%] Built target yolo_strategy_interfaces__rosidl_typesupport_introspection_c__pyext
-- Install configuration: ""
-- Installing: /home/zack/work/ROS2_ws/install/yolo_strategy_interfaces/share/ament_index/resource_index/rosidl_interfaces/yolo_strategy_interfaces
-- Installing: /home/zack/work/ROS2_ws/install/yolo_strategy_interfaces/include/yolo_strategy_interfaces/yolo_strategy_interfaces
-- Installing: /home/zack/work/ROS2_ws/install/yolo_strategy_interfaces/include/yolo_strategy_interfaces/yolo_strategy_interfaces/msg
-- Installing: /home/zack/work/ROS2_ws/install/yolo_strategy_interfaces/include/yolo_strategy_interfaces/yolo_strategy_interfaces/msg/rosidl_generator_c__visibility_control.h
-- Installing: /home/zack/work/ROS2_ws/install/yolo_strategy_interfaces/include/yolo_strategy_interfaces/yolo_strategy_interfaces/srv
-- Installing: /home/zack/work/ROS2_ws/install/yolo_strategy_interfaces/include/yolo_strategy_interfaces/yolo_strategy_interfaces/srv/detail
-- Installing: /home/zack/work/ROS2_ws/install/yolo_strategy_interfaces/include/yolo_strategy_interfaces/yolo_strategy_interfaces/srv/detail/yolo_strategy__functions.h
-- Installing: /home/zack/work/ROS2_ws/install/yolo_strategy_interfaces/include/yolo_strategy_interfaces/yolo_strategy_interfaces/srv/detail/yolo_strategy__type_support.h
-- Installing: /home/zack/work/ROS2_ws/install/yolo_strategy_interfaces/include/yolo_strategy_interfaces/yolo_strategy_interfaces/srv/detail/yolo_strategy__functions.c
-- Installing: /home/zack/work/ROS2_ws/install/yolo_strategy_interfaces/include/yolo_strategy_interfaces/yolo_strategy_interfaces/srv/detail/yolo_strategy__struct.h
-- Installing: /home/zack/work/ROS2_ws/install/yolo_strategy_interfaces/include/yolo_strategy_interfaces/yolo_strategy_interfaces/srv/yolo_strategy.h
-- Installing: /home/zack/work/ROS2_ws/install/yolo_strategy_interfaces/share/yolo_strategy_interfaces/environment/library_path.sh
-- Installing: /home/zack/work/ROS2_ws/install/yolo_strategy_interfaces/share/yolo_strategy_interfaces/environment/library_path.dsv
-- Installing: /home/zack/work/ROS2_ws/install/yolo_strategy_interfaces/lib/libyolo_strategy_interfaces__rosidl_generator_c.so
-- Set runtime path of "/home/zack/work/ROS2_ws/install/yolo_strategy_interfaces/lib/libyolo_strategy_interfaces__rosidl_generator_c.so" to ""
-- Up-to-date: /home/zack/work/ROS2_ws/install/yolo_strategy_interfaces/include/yolo_strategy_interfaces/yolo_strategy_interfaces
-- Up-to-date: /home/zack/work/ROS2_ws/install/yolo_strategy_interfaces/include/yolo_strategy_interfaces/yolo_strategy_interfaces/msg
-- Installing: /home/zack/work/ROS2_ws/install/yolo_strategy_interfaces/include/yolo_strategy_interfaces/yolo_strategy_interfaces/msg/rosidl_typesupport_fastrtps_c__visibility_control.h
-- Up-to-date: /home/zack/work/ROS2_ws/install/yolo_strategy_interfaces/include/yolo_strategy_interfaces/yolo_strategy_interfaces/srv
-- Up-to-date: /home/zack/work/ROS2_ws/install/yolo_strategy_interfaces/include/yolo_strategy_interfaces/yolo_strategy_interfaces/srv/detail
-- Installing: /home/zack/work/ROS2_ws/install/yolo_strategy_interfaces/include/yolo_strategy_interfaces/yolo_strategy_interfaces/srv/detail/yolo_strategy__rosidl_typesupport_fastrtps_c.h
-- Installing: /home/zack/work/ROS2_ws/install/yolo_strategy_interfaces/lib/libyolo_strategy_interfaces__rosidl_typesupport_fastrtps_c.so
-- Set runtime path of "/home/zack/work/ROS2_ws/install/yolo_strategy_interfaces/lib/libyolo_strategy_interfaces__rosidl_typesupport_fastrtps_c.so" to ""
-- Up-to-date: /home/zack/work/ROS2_ws/install/yolo_strategy_interfaces/include/yolo_strategy_interfaces/yolo_strategy_interfaces
-- Up-to-date: /home/zack/work/ROS2_ws/install/yolo_strategy_interfaces/include/yolo_strategy_interfaces/yolo_strategy_interfaces/srv
-- Installing: /home/zack/work/ROS2_ws/install/yolo_strategy_interfaces/include/yolo_strategy_interfaces/yolo_strategy_interfaces/srv/yolo_strategy.hpp
-- Up-to-date: /home/zack/work/ROS2_ws/install/yolo_strategy_interfaces/include/yolo_strategy_interfaces/yolo_strategy_interfaces/srv/detail
-- Installing: /home/zack/work/ROS2_ws/install/yolo_strategy_interfaces/include/yolo_strategy_interfaces/yolo_strategy_interfaces/srv/detail/yolo_strategy__builder.hpp
-- Installing: /home/zack/work/ROS2_ws/install/yolo_strategy_interfaces/include/yolo_strategy_interfaces/yolo_strategy_interfaces/srv/detail/yolo_strategy__struct.hpp
-- Installing: /home/zack/work/ROS2_ws/install/yolo_strategy_interfaces/include/yolo_strategy_interfaces/yolo_strategy_interfaces/srv/detail/yolo_strategy__traits.hpp
-- Up-to-date: /home/zack/work/ROS2_ws/install/yolo_strategy_interfaces/include/yolo_strategy_interfaces/yolo_strategy_interfaces
-- Up-to-date: /home/zack/work/ROS2_ws/install/yolo_strategy_interfaces/include/yolo_strategy_interfaces/yolo_strategy_interfaces/msg
-- Installing: /home/zack/work/ROS2_ws/install/yolo_strategy_interfaces/include/yolo_strategy_interfaces/yolo_strategy_interfaces/msg/rosidl_typesupport_fastrtps_cpp__visibility_control.h
-- Up-to-date: /home/zack/work/ROS2_ws/install/yolo_strategy_interfaces/include/yolo_strategy_interfaces/yolo_strategy_interfaces/srv
-- Up-to-date: /home/zack/work/ROS2_ws/install/yolo_strategy_interfaces/include/yolo_strategy_interfaces/yolo_strategy_interfaces/srv/detail
-- Installing: /home/zack/work/ROS2_ws/install/yolo_strategy_interfaces/include/yolo_strategy_interfaces/yolo_strategy_interfaces/srv/detail/dds_fastrtps
-- Installing: /home/zack/work/ROS2_ws/install/yolo_strategy_interfaces/include/yolo_strategy_interfaces/yolo_strategy_interfaces/srv/detail/yolo_strategy__rosidl_typesupport_fastrtps_cpp.hpp
-- Installing: /home/zack/work/ROS2_ws/install/yolo_strategy_interfaces/lib/libyolo_strategy_interfaces__rosidl_typesupport_fastrtps_cpp.so
-- Set runtime path of "/home/zack/work/ROS2_ws/install/yolo_strategy_interfaces/lib/libyolo_strategy_interfaces__rosidl_typesupport_fastrtps_cpp.so" to ""
-- Up-to-date: /home/zack/work/ROS2_ws/install/yolo_strategy_interfaces/include/yolo_strategy_interfaces/yolo_strategy_interfaces
-- Up-to-date: /home/zack/work/ROS2_ws/install/yolo_strategy_interfaces/include/yolo_strategy_interfaces/yolo_strategy_interfaces/msg
-- Installing: /home/zack/work/ROS2_ws/install/yolo_strategy_interfaces/include/yolo_strategy_interfaces/yolo_strategy_interfaces/msg/rosidl_typesupport_introspection_c__visibility_control.h
-- Up-to-date: /home/zack/work/ROS2_ws/install/yolo_strategy_interfaces/include/yolo_strategy_interfaces/yolo_strategy_interfaces/srv
-- Up-to-date: /home/zack/work/ROS2_ws/install/yolo_strategy_interfaces/include/yolo_strategy_interfaces/yolo_strategy_interfaces/srv/detail
-- Installing: /home/zack/work/ROS2_ws/install/yolo_strategy_interfaces/include/yolo_strategy_interfaces/yolo_strategy_interfaces/srv/detail/yolo_strategy__type_support.c
-- Installing: /home/zack/work/ROS2_ws/install/yolo_strategy_interfaces/include/yolo_strategy_interfaces/yolo_strategy_interfaces/srv/detail/yolo_strategy__rosidl_typesupport_introspection_c.h
-- Installing: /home/zack/work/ROS2_ws/install/yolo_strategy_interfaces/lib/libyolo_strategy_interfaces__rosidl_typesupport_introspection_c.so
-- Set runtime path of "/home/zack/work/ROS2_ws/install/yolo_strategy_interfaces/lib/libyolo_strategy_interfaces__rosidl_typesupport_introspection_c.so" to ""
-- Installing: /home/zack/work/ROS2_ws/install/yolo_strategy_interfaces/lib/libyolo_strategy_interfaces__rosidl_typesupport_c.so
-- Set runtime path of "/home/zack/work/ROS2_ws/install/yolo_strategy_interfaces/lib/libyolo_strategy_interfaces__rosidl_typesupport_c.so" to ""
-- Up-to-date: /home/zack/work/ROS2_ws/install/yolo_strategy_interfaces/include/yolo_strategy_interfaces/yolo_strategy_interfaces
-- Up-to-date: /home/zack/work/ROS2_ws/install/yolo_strategy_interfaces/include/yolo_strategy_interfaces/yolo_strategy_interfaces/srv
-- Up-to-date: /home/zack/work/ROS2_ws/install/yolo_strategy_interfaces/include/yolo_strategy_interfaces/yolo_strategy_interfaces/srv/detail
-- Installing: /home/zack/work/ROS2_ws/install/yolo_strategy_interfaces/include/yolo_strategy_interfaces/yolo_strategy_interfaces/srv/detail/yolo_strategy__rosidl_typesupport_introspection_cpp.hpp
-- Installing: /home/zack/work/ROS2_ws/install/yolo_strategy_interfaces/include/yolo_strategy_interfaces/yolo_strategy_interfaces/srv/detail/yolo_strategy__type_support.cpp
-- Installing: /home/zack/work/ROS2_ws/install/yolo_strategy_interfaces/lib/libyolo_strategy_interfaces__rosidl_typesupport_introspection_cpp.so
-- Set runtime path of "/home/zack/work/ROS2_ws/install/yolo_strategy_interfaces/lib/libyolo_strategy_interfaces__rosidl_typesupport_introspection_cpp.so" to ""
-- Installing: /home/zack/work/ROS2_ws/install/yolo_strategy_interfaces/lib/libyolo_strategy_interfaces__rosidl_typesupport_cpp.so
-- Set runtime path of "/home/zack/work/ROS2_ws/install/yolo_strategy_interfaces/lib/libyolo_strategy_interfaces__rosidl_typesupport_cpp.so" to ""
-- Installing: /home/zack/work/ROS2_ws/install/yolo_strategy_interfaces/share/yolo_strategy_interfaces/environment/pythonpath.sh
-- Installing: /home/zack/work/ROS2_ws/install/yolo_strategy_interfaces/share/yolo_strategy_interfaces/environment/pythonpath.dsv
-- Installing: /home/zack/work/ROS2_ws/install/yolo_strategy_interfaces/local/lib/python3.10/dist-packages/yolo_strategy_interfaces-0.0.0-py3.10.egg-info
-- Installing: /home/zack/work/ROS2_ws/install/yolo_strategy_interfaces/local/lib/python3.10/dist-packages/yolo_strategy_interfaces-0.0.0-py3.10.egg-info/SOURCES.txt
-- Installing: /home/zack/work/ROS2_ws/install/yolo_strategy_interfaces/local/lib/python3.10/dist-packages/yolo_strategy_interfaces-0.0.0-py3.10.egg-info/top_level.txt
-- Installing: /home/zack/work/ROS2_ws/install/yolo_strategy_interfaces/local/lib/python3.10/dist-packages/yolo_strategy_interfaces-0.0.0-py3.10.egg-info/dependency_links.txt
-- Installing: /home/zack/work/ROS2_ws/install/yolo_strategy_interfaces/local/lib/python3.10/dist-packages/yolo_strategy_interfaces-0.0.0-py3.10.egg-info/PKG-INFO
-- Installing: /home/zack/work/ROS2_ws/install/yolo_strategy_interfaces/local/lib/python3.10/dist-packages/yolo_strategy_interfaces
-- Installing: /home/zack/work/ROS2_ws/install/yolo_strategy_interfaces/local/lib/python3.10/dist-packages/yolo_strategy_interfaces/_yolo_strategy_interfaces_s.ep.rosidl_typesupport_c.c
-- Installing: /home/zack/work/ROS2_ws/install/yolo_strategy_interfaces/local/lib/python3.10/dist-packages/yolo_strategy_interfaces/libyolo_strategy_interfaces__rosidl_generator_py.so
-- Installing: /home/zack/work/ROS2_ws/install/yolo_strategy_interfaces/local/lib/python3.10/dist-packages/yolo_strategy_interfaces/yolo_strategy_interfaces_s__rosidl_typesupport_introspection_c.cpython-310-x86_64-linux-gnu.so
-- Installing: /home/zack/work/ROS2_ws/install/yolo_strategy_interfaces/local/lib/python3.10/dist-packages/yolo_strategy_interfaces/_yolo_strategy_interfaces_s.ep.rosidl_typesupport_introspection_c.c
-- Installing: /home/zack/work/ROS2_ws/install/yolo_strategy_interfaces/local/lib/python3.10/dist-packages/yolo_strategy_interfaces/yolo_strategy_interfaces_s__rosidl_typesupport_fastrtps_c.cpython-310-x86_64-linux-gnu.so
-- Installing: /home/zack/work/ROS2_ws/install/yolo_strategy_interfaces/local/lib/python3.10/dist-packages/yolo_strategy_interfaces/yolo_strategy_interfaces_s__rosidl_typesupport_c.cpython-310-x86_64-linux-gnu.so
-- Installing: /home/zack/work/ROS2_ws/install/yolo_strategy_interfaces/local/lib/python3.10/dist-packages/yolo_strategy_interfaces/_yolo_strategy_interfaces_s.ep.rosidl_typesupport_fastrtps_c.c
-- Installing: /home/zack/work/ROS2_ws/install/yolo_strategy_interfaces/local/lib/python3.10/dist-packages/yolo_strategy_interfaces/__init__.py
-- Installing: /home/zack/work/ROS2_ws/install/yolo_strategy_interfaces/local/lib/python3.10/dist-packages/yolo_strategy_interfaces/srv
-- Installing: /home/zack/work/ROS2_ws/install/yolo_strategy_interfaces/local/lib/python3.10/dist-packages/yolo_strategy_interfaces/srv/_yolo_strategy.py
-- Installing: /home/zack/work/ROS2_ws/install/yolo_strategy_interfaces/local/lib/python3.10/dist-packages/yolo_strategy_interfaces/srv/__init__.py
-- Installing: /home/zack/work/ROS2_ws/install/yolo_strategy_interfaces/local/lib/python3.10/dist-packages/yolo_strategy_interfaces/srv/_yolo_strategy_s.c
Listing '/home/zack/work/ROS2_ws/install/yolo_strategy_interfaces/local/lib/python3.10/dist-packages/yolo_strategy_interfaces'...
Compiling '/home/zack/work/ROS2_ws/install/yolo_strategy_interfaces/local/lib/python3.10/dist-packages/yolo_strategy_interfaces/__init__.py'...
Listing '/home/zack/work/ROS2_ws/install/yolo_strategy_interfaces/local/lib/python3.10/dist-packages/yolo_strategy_interfaces/srv'...
Compiling '/home/zack/work/ROS2_ws/install/yolo_strategy_interfaces/local/lib/python3.10/dist-packages/yolo_strategy_interfaces/srv/__init__.py'...
Compiling '/home/zack/work/ROS2_ws/install/yolo_strategy_interfaces/local/lib/python3.10/dist-packages/yolo_strategy_interfaces/srv/_yolo_strategy.py'...
-- Installing: /home/zack/work/ROS2_ws/install/yolo_strategy_interfaces/local/lib/python3.10/dist-packages/yolo_strategy_interfaces/yolo_strategy_interfaces_s__rosidl_typesupport_fastrtps_c.cpython-310-x86_64-linux-gnu.so
-- Set runtime path of "/home/zack/work/ROS2_ws/install/yolo_strategy_interfaces/local/lib/python3.10/dist-packages/yolo_strategy_interfaces/yolo_strategy_interfaces_s__rosidl_typesupport_fastrtps_c.cpython-310-x86_64-linux-gnu.so" to ""
-- Installing: /home/zack/work/ROS2_ws/install/yolo_strategy_interfaces/local/lib/python3.10/dist-packages/yolo_strategy_interfaces/yolo_strategy_interfaces_s__rosidl_typesupport_introspection_c.cpython-310-x86_64-linux-gnu.so
-- Set runtime path of "/home/zack/work/ROS2_ws/install/yolo_strategy_interfaces/local/lib/python3.10/dist-packages/yolo_strategy_interfaces/yolo_strategy_interfaces_s__rosidl_typesupport_introspection_c.cpython-310-x86_64-linux-gnu.so" to ""
-- Installing: /home/zack/work/ROS2_ws/install/yolo_strategy_interfaces/local/lib/python3.10/dist-packages/yolo_strategy_interfaces/yolo_strategy_interfaces_s__rosidl_typesupport_c.cpython-310-x86_64-linux-gnu.so
-- Set runtime path of "/home/zack/work/ROS2_ws/install/yolo_strategy_interfaces/local/lib/python3.10/dist-packages/yolo_strategy_interfaces/yolo_strategy_interfaces_s__rosidl_typesupport_c.cpython-310-x86_64-linux-gnu.so" to ""
-- Installing: /home/zack/work/ROS2_ws/install/yolo_strategy_interfaces/lib/libyolo_strategy_interfaces__rosidl_generator_py.so
-- Set runtime path of "/home/zack/work/ROS2_ws/install/yolo_strategy_interfaces/lib/libyolo_strategy_interfaces__rosidl_generator_py.so" to ""
-- Installing: /home/zack/work/ROS2_ws/install/yolo_strategy_interfaces/share/yolo_strategy_interfaces/srv/YoloStrategy.idl
-- Installing: /home/zack/work/ROS2_ws/install/yolo_strategy_interfaces/share/yolo_strategy_interfaces/srv/YoloStrategy.srv
-- Installing: /home/zack/work/ROS2_ws/install/yolo_strategy_interfaces/share/yolo_strategy_interfaces/srv/YoloStrategy_Request.msg
-- Installing: /home/zack/work/ROS2_ws/install/yolo_strategy_interfaces/share/yolo_strategy_interfaces/srv/YoloStrategy_Response.msg
-- Installing: /home/zack/work/ROS2_ws/install/yolo_strategy_interfaces/share/ament_index/resource_index/package_run_dependencies/yolo_strategy_interfaces
-- Installing: /home/zack/work/ROS2_ws/install/yolo_strategy_interfaces/share/ament_index/resource_index/parent_prefix_path/yolo_strategy_interfaces
-- Installing: /home/zack/work/ROS2_ws/install/yolo_strategy_interfaces/share/yolo_strategy_interfaces/environment/ament_prefix_path.sh
-- Installing: /home/zack/work/ROS2_ws/install/yolo_strategy_interfaces/share/yolo_strategy_interfaces/environment/ament_prefix_path.dsv
-- Installing: /home/zack/work/ROS2_ws/install/yolo_strategy_interfaces/share/yolo_strategy_interfaces/environment/path.sh
-- Installing: /home/zack/work/ROS2_ws/install/yolo_strategy_interfaces/share/yolo_strategy_interfaces/environment/path.dsv
-- Installing: /home/zack/work/ROS2_ws/install/yolo_strategy_interfaces/share/yolo_strategy_interfaces/local_setup.bash
-- Installing: /home/zack/work/ROS2_ws/install/yolo_strategy_interfaces/share/yolo_strategy_interfaces/local_setup.sh
-- Installing: /home/zack/work/ROS2_ws/install/yolo_strategy_interfaces/share/yolo_strategy_interfaces/local_setup.zsh
-- Installing: /home/zack/work/ROS2_ws/install/yolo_strategy_interfaces/share/yolo_strategy_interfaces/local_setup.dsv
-- Installing: /home/zack/work/ROS2_ws/install/yolo_strategy_interfaces/share/yolo_strategy_interfaces/package.dsv
-- Installing: /home/zack/work/ROS2_ws/install/yolo_strategy_interfaces/share/ament_index/resource_index/packages/yolo_strategy_interfaces
-- Installing: /home/zack/work/ROS2_ws/install/yolo_strategy_interfaces/share/yolo_strategy_interfaces/cmake/export_yolo_strategy_interfaces__rosidl_generator_cExport.cmake
-- Installing: /home/zack/work/ROS2_ws/install/yolo_strategy_interfaces/share/yolo_strategy_interfaces/cmake/export_yolo_strategy_interfaces__rosidl_generator_cExport-noconfig.cmake
-- Installing: /home/zack/work/ROS2_ws/install/yolo_strategy_interfaces/share/yolo_strategy_interfaces/cmake/export_yolo_strategy_interfaces__rosidl_typesupport_fastrtps_cExport.cmake
-- Installing: /home/zack/work/ROS2_ws/install/yolo_strategy_interfaces/share/yolo_strategy_interfaces/cmake/export_yolo_strategy_interfaces__rosidl_typesupport_fastrtps_cExport-noconfig.cmake
-- Installing: /home/zack/work/ROS2_ws/install/yolo_strategy_interfaces/share/yolo_strategy_interfaces/cmake/export_yolo_strategy_interfaces__rosidl_generator_cppExport.cmake
-- Installing: /home/zack/work/ROS2_ws/install/yolo_strategy_interfaces/share/yolo_strategy_interfaces/cmake/export_yolo_strategy_interfaces__rosidl_typesupport_fastrtps_cppExport.cmake
-- Installing: /home/zack/work/ROS2_ws/install/yolo_strategy_interfaces/share/yolo_strategy_interfaces/cmake/export_yolo_strategy_interfaces__rosidl_typesupport_fastrtps_cppExport-noconfig.cmake
-- Installing: /home/zack/work/ROS2_ws/install/yolo_strategy_interfaces/share/yolo_strategy_interfaces/cmake/yolo_strategy_interfaces__rosidl_typesupport_introspection_cExport.cmake
-- Installing: /home/zack/work/ROS2_ws/install/yolo_strategy_interfaces/share/yolo_strategy_interfaces/cmake/yolo_strategy_interfaces__rosidl_typesupport_introspection_cExport-noconfig.cmake
-- Installing: /home/zack/work/ROS2_ws/install/yolo_strategy_interfaces/share/yolo_strategy_interfaces/cmake/yolo_strategy_interfaces__rosidl_typesupport_cExport.cmake
-- Installing: /home/zack/work/ROS2_ws/install/yolo_strategy_interfaces/share/yolo_strategy_interfaces/cmake/yolo_strategy_interfaces__rosidl_typesupport_cExport-noconfig.cmake
-- Installing: /home/zack/work/ROS2_ws/install/yolo_strategy_interfaces/share/yolo_strategy_interfaces/cmake/yolo_strategy_interfaces__rosidl_typesupport_introspection_cppExport.cmake
-- Installing: /home/zack/work/ROS2_ws/install/yolo_strategy_interfaces/share/yolo_strategy_interfaces/cmake/yolo_strategy_interfaces__rosidl_typesupport_introspection_cppExport-noconfig.cmake
-- Installing: /home/zack/work/ROS2_ws/install/yolo_strategy_interfaces/share/yolo_strategy_interfaces/cmake/yolo_strategy_interfaces__rosidl_typesupport_cppExport.cmake
-- Installing: /home/zack/work/ROS2_ws/install/yolo_strategy_interfaces/share/yolo_strategy_interfaces/cmake/yolo_strategy_interfaces__rosidl_typesupport_cppExport-noconfig.cmake
-- Installing: /home/zack/work/ROS2_ws/install/yolo_strategy_interfaces/share/yolo_strategy_interfaces/cmake/export_yolo_strategy_interfaces__rosidl_generator_pyExport.cmake
-- Installing: /home/zack/work/ROS2_ws/install/yolo_strategy_interfaces/share/yolo_strategy_interfaces/cmake/export_yolo_strategy_interfaces__rosidl_generator_pyExport-noconfig.cmake
-- Installing: /home/zack/work/ROS2_ws/install/yolo_strategy_interfaces/share/yolo_strategy_interfaces/cmake/rosidl_cmake-extras.cmake
-- Installing: /home/zack/work/ROS2_ws/install/yolo_strategy_interfaces/share/yolo_strategy_interfaces/cmake/ament_cmake_export_dependencies-extras.cmake
-- Installing: /home/zack/work/ROS2_ws/install/yolo_strategy_interfaces/share/yolo_strategy_interfaces/cmake/ament_cmake_export_include_directories-extras.cmake
-- Installing: /home/zack/work/ROS2_ws/install/yolo_strategy_interfaces/share/yolo_strategy_interfaces/cmake/ament_cmake_export_libraries-extras.cmake
-- Installing: /home/zack/work/ROS2_ws/install/yolo_strategy_interfaces/share/yolo_strategy_interfaces/cmake/ament_cmake_export_targets-extras.cmake
-- Installing: /home/zack/work/ROS2_ws/install/yolo_strategy_interfaces/share/yolo_strategy_interfaces/cmake/rosidl_cmake_export_typesupport_targets-extras.cmake
-- Installing: /home/zack/work/ROS2_ws/install/yolo_strategy_interfaces/share/yolo_strategy_interfaces/cmake/rosidl_cmake_export_typesupport_libraries-extras.cmake
-- Installing: /home/zack/work/ROS2_ws/install/yolo_strategy_interfaces/share/yolo_strategy_interfaces/cmake/yolo_strategy_interfacesConfig.cmake
-- Installing: /home/zack/work/ROS2_ws/install/yolo_strategy_interfaces/share/yolo_strategy_interfaces/cmake/yolo_strategy_interfacesConfig-version.cmake
-- Installing: /home/zack/work/ROS2_ws/install/yolo_strategy_interfaces/share/yolo_strategy_interfaces/package.xml
