[0.013s] Invoking command in '/home/zack/work/ROS2_ws/build/yolo_strategy_interfaces': CMAKE_PREFIX_PATH=${CMAKE_PREFIX_PATH}:/home/zack/work/ROS2_ws/install/py_pubsub:/home/zack/work/ROS2_ws/install/hiwin_example:/opt/ros/humble /usr/bin/cmake /home/zack/work/ROS2_ws/src/yolo_strategy_interfaces -DCMAKE_INSTALL_PREFIX=/home/zack/work/ROS2_ws/install/yolo_strategy_interfaces
[0.027s] -- Found ament_cmake: 1.3.5 (/opt/ros/humble/share/ament_cmake/cmake)
[0.138s] -- Override CMake install command with custom implementation using symlinks instead of copying resources
[0.160s] -- Found geometry_msgs: 4.2.3 (/opt/ros/humble/share/geometry_msgs/cmake)
[0.192s] -- Found rosidl_generator_c: 3.1.4 (/opt/ros/humble/share/rosidl_generator_c/cmake)
[0.194s] -- Found rosidl_adapter: 3.1.4 (/opt/ros/humble/share/rosidl_adapter/cmake)
[0.202s] -- Found rosidl_generator_cpp: 3.1.4 (/opt/ros/humble/share/rosidl_generator_cpp/cmake)
[0.218s] -- Using all available rosidl_typesupport_c: rosidl_typesupport_fastrtps_c;rosidl_typesupport_introspection_c
[0.240s] -- Using all available rosidl_typesupport_cpp: rosidl_typesupport_fastrtps_cpp;rosidl_typesupport_introspection_cpp
[0.325s] -- Found rosidl_default_generators: 1.2.0 (/opt/ros/humble/share/rosidl_default_generators/cmake)
[0.541s] -- Found ament_cmake_ros: 0.10.0 (/opt/ros/humble/share/ament_cmake_ros/cmake)
[0.828s] -- Using all available rosidl_typesupport_c: rosidl_typesupport_fastrtps_c;rosidl_typesupport_introspection_c
[0.939s] -- Using all available rosidl_typesupport_cpp: rosidl_typesupport_fastrtps_cpp;rosidl_typesupport_introspection_cpp
[0.957s] -- Found python_cmake_module: 0.10.0 (/opt/ros/humble/share/python_cmake_module/cmake)
[0.975s] -- Using PYTHON_EXECUTABLE: /usr/bin/python3
[0.975s] -- Using PYTHON_INCLUDE_DIRS: /usr/include/python3.10
[0.976s] -- Using PYTHON_LIBRARIES: /usr/lib/x86_64-linux-gnu/libpython3.10.so
[1.001s] -- Found ament_lint_auto: 0.12.6 (/opt/ros/humble/share/ament_lint_auto/cmake)
[1.014s] -- Added test 'lint_cmake' to check CMake code style
[1.015s] -- Added test 'xmllint' to check XML markup files
[1.018s] -- Configuring done
[1.044s] -- Generating done
[1.046s] -- Build files have been written to: /home/zack/work/ROS2_ws/build/yolo_strategy_interfaces
[1.053s] Invoked command in '/home/zack/work/ROS2_ws/build/yolo_strategy_interfaces' returned '0': CMAKE_PREFIX_PATH=${CMAKE_PREFIX_PATH}:/home/zack/work/ROS2_ws/install/py_pubsub:/home/zack/work/ROS2_ws/install/hiwin_example:/opt/ros/humble /usr/bin/cmake /home/zack/work/ROS2_ws/src/yolo_strategy_interfaces -DCMAKE_INSTALL_PREFIX=/home/zack/work/ROS2_ws/install/yolo_strategy_interfaces
[1.053s] Invoking command in '/home/zack/work/ROS2_ws/build/yolo_strategy_interfaces': CMAKE_PREFIX_PATH=${CMAKE_PREFIX_PATH}:/home/zack/work/ROS2_ws/install/py_pubsub:/home/zack/work/ROS2_ws/install/hiwin_example:/opt/ros/humble /usr/bin/cmake --build /home/zack/work/ROS2_ws/build/yolo_strategy_interfaces -- -j16 -l16
[1.079s] [35m[1mConsolidate compiler generated dependencies of target yolo_strategy_interfaces__rosidl_generator_c[0m
[1.084s] [  3%] Built target yolo_strategy_interfaces__cpp
[1.085s] [ 12%] Built target yolo_strategy_interfaces__rosidl_generator_c
[1.091s] [ 12%] Built target ament_cmake_python_symlink_yolo_strategy_interfaces
[1.091s] [35m[1mConsolidate compiler generated dependencies of target yolo_strategy_interfaces__rosidl_typesupport_cpp[0m
[1.091s] [35m[1mConsolidate compiler generated dependencies of target yolo_strategy_interfaces__rosidl_typesupport_fastrtps_cpp[0m
[1.092s] [35m[1mConsolidate compiler generated dependencies of target yolo_strategy_interfaces__rosidl_typesupport_introspection_cpp[0m
[1.100s] [35m[1mConsolidate compiler generated dependencies of target yolo_strategy_interfaces__rosidl_typesupport_c[0m
[1.100s] [35m[1mConsolidate compiler generated dependencies of target yolo_strategy_interfaces__rosidl_typesupport_introspection_c[0m
[1.100s] [35m[1mConsolidate compiler generated dependencies of target yolo_strategy_interfaces__rosidl_typesupport_fastrtps_c[0m
[1.103s] [ 32%] Built target yolo_strategy_interfaces__rosidl_typesupport_cpp
[1.103s] [ 32%] Built target yolo_strategy_interfaces__rosidl_typesupport_fastrtps_cpp
[1.103s] [ 41%] Built target yolo_strategy_interfaces__rosidl_typesupport_introspection_cpp
[1.108s] [ 54%] Built target yolo_strategy_interfaces__rosidl_typesupport_introspection_c
[1.108s] [ 61%] Built target yolo_strategy_interfaces__rosidl_typesupport_c
[1.111s] [ 70%] Built target yolo_strategy_interfaces__rosidl_typesupport_fastrtps_c
[1.127s] [ 70%] Built target yolo_strategy_interfaces
[1.140s] [ 74%] Built target yolo_strategy_interfaces__py
[1.147s] [35m[1mConsolidate compiler generated dependencies of target yolo_strategy_interfaces__rosidl_generator_py[0m
[1.156s] [ 80%] Built target yolo_strategy_interfaces__rosidl_generator_py
[1.163s] [35m[1mConsolidate compiler generated dependencies of target yolo_strategy_interfaces__rosidl_typesupport_introspection_c__pyext[0m
[1.163s] [35m[1mConsolidate compiler generated dependencies of target yolo_strategy_interfaces__rosidl_typesupport_c__pyext[0m
[1.163s] [35m[1mConsolidate compiler generated dependencies of target yolo_strategy_interfaces__rosidl_typesupport_fastrtps_c__pyext[0m
[1.171s] [100%] Built target yolo_strategy_interfaces__rosidl_typesupport_fastrtps_c__pyext
[1.171s] [100%] Built target yolo_strategy_interfaces__rosidl_typesupport_c__pyext
[1.172s] [100%] Built target yolo_strategy_interfaces__rosidl_typesupport_introspection_c__pyext
[1.266s] running egg_info
[1.266s] writing yolo_strategy_interfaces.egg-info/PKG-INFO
[1.266s] writing dependency_links to yolo_strategy_interfaces.egg-info/dependency_links.txt
[1.266s] writing top-level names to yolo_strategy_interfaces.egg-info/top_level.txt
[1.267s] reading manifest file 'yolo_strategy_interfaces.egg-info/SOURCES.txt'
[1.268s] writing manifest file 'yolo_strategy_interfaces.egg-info/SOURCES.txt'
[1.289s] [100%] Built target ament_cmake_python_build_yolo_strategy_interfaces_egg
[1.296s] Invoked command in '/home/zack/work/ROS2_ws/build/yolo_strategy_interfaces' returned '0': CMAKE_PREFIX_PATH=${CMAKE_PREFIX_PATH}:/home/zack/work/ROS2_ws/install/py_pubsub:/home/zack/work/ROS2_ws/install/hiwin_example:/opt/ros/humble /usr/bin/cmake --build /home/zack/work/ROS2_ws/build/yolo_strategy_interfaces -- -j16 -l16
[1.333s] Invoking command in '/home/zack/work/ROS2_ws/build/yolo_strategy_interfaces': CMAKE_PREFIX_PATH=${CMAKE_PREFIX_PATH}:/home/zack/work/ROS2_ws/install/py_pubsub:/home/zack/work/ROS2_ws/install/hiwin_example:/opt/ros/humble /usr/bin/cmake --install /home/zack/work/ROS2_ws/build/yolo_strategy_interfaces
[1.337s] -- Install configuration: "Release"
[1.337s] -- Execute custom install script
[1.338s] -- Up-to-date symlink: /home/zack/work/ROS2_ws/install/yolo_strategy_interfaces/share/ament_index/resource_index/rosidl_interfaces/yolo_strategy_interfaces
[1.338s] -- Up-to-date symlink: /home/zack/work/ROS2_ws/install/yolo_strategy_interfaces/include/yolo_strategy_interfaces/yolo_strategy_interfaces/msg/rosidl_generator_c__visibility_control.h
[1.338s] -- Up-to-date symlink: /home/zack/work/ROS2_ws/install/yolo_strategy_interfaces/include/yolo_strategy_interfaces/yolo_strategy_interfaces/srv/detail/yolo_strategy__functions.h
[1.338s] -- Up-to-date symlink: /home/zack/work/ROS2_ws/install/yolo_strategy_interfaces/include/yolo_strategy_interfaces/yolo_strategy_interfaces/srv/detail/yolo_strategy__struct.h
[1.338s] -- Up-to-date symlink: /home/zack/work/ROS2_ws/install/yolo_strategy_interfaces/include/yolo_strategy_interfaces/yolo_strategy_interfaces/srv/detail/yolo_strategy__type_support.h
[1.338s] -- Up-to-date symlink: /home/zack/work/ROS2_ws/install/yolo_strategy_interfaces/include/yolo_strategy_interfaces/yolo_strategy_interfaces/srv/yolo_strategy.h
[1.338s] -- Up-to-date symlink: /home/zack/work/ROS2_ws/install/yolo_strategy_interfaces/share/yolo_strategy_interfaces/environment/library_path.sh
[1.338s] -- Up-to-date symlink: /home/zack/work/ROS2_ws/install/yolo_strategy_interfaces/share/yolo_strategy_interfaces/environment/library_path.dsv
[1.338s] -- Up-to-date symlink: /home/zack/work/ROS2_ws/install/yolo_strategy_interfaces/include/yolo_strategy_interfaces/yolo_strategy_interfaces/msg/rosidl_typesupport_fastrtps_c__visibility_control.h
[1.338s] -- Up-to-date symlink: /home/zack/work/ROS2_ws/install/yolo_strategy_interfaces/include/yolo_strategy_interfaces/yolo_strategy_interfaces/srv/detail/yolo_strategy__rosidl_typesupport_fastrtps_c.h
[1.339s] -- Up-to-date symlink: /home/zack/work/ROS2_ws/install/yolo_strategy_interfaces/include/yolo_strategy_interfaces/yolo_strategy_interfaces/srv/detail/yolo_strategy__builder.hpp
[1.339s] -- Up-to-date symlink: /home/zack/work/ROS2_ws/install/yolo_strategy_interfaces/include/yolo_strategy_interfaces/yolo_strategy_interfaces/srv/detail/yolo_strategy__struct.hpp
[1.339s] -- Up-to-date symlink: /home/zack/work/ROS2_ws/install/yolo_strategy_interfaces/include/yolo_strategy_interfaces/yolo_strategy_interfaces/srv/detail/yolo_strategy__traits.hpp
[1.339s] -- Up-to-date symlink: /home/zack/work/ROS2_ws/install/yolo_strategy_interfaces/include/yolo_strategy_interfaces/yolo_strategy_interfaces/srv/yolo_strategy.hpp
[1.339s] -- Up-to-date symlink: /home/zack/work/ROS2_ws/install/yolo_strategy_interfaces/include/yolo_strategy_interfaces/yolo_strategy_interfaces/msg/rosidl_typesupport_fastrtps_cpp__visibility_control.h
[1.339s] -- Up-to-date symlink: /home/zack/work/ROS2_ws/install/yolo_strategy_interfaces/include/yolo_strategy_interfaces/yolo_strategy_interfaces/srv/detail/yolo_strategy__rosidl_typesupport_fastrtps_cpp.hpp
[1.339s] -- Up-to-date symlink: /home/zack/work/ROS2_ws/install/yolo_strategy_interfaces/include/yolo_strategy_interfaces/yolo_strategy_interfaces/msg/rosidl_typesupport_introspection_c__visibility_control.h
[1.339s] -- Up-to-date symlink: /home/zack/work/ROS2_ws/install/yolo_strategy_interfaces/include/yolo_strategy_interfaces/yolo_strategy_interfaces/srv/detail/yolo_strategy__rosidl_typesupport_introspection_c.h
[1.339s] -- Up-to-date symlink: /home/zack/work/ROS2_ws/install/yolo_strategy_interfaces/include/yolo_strategy_interfaces/yolo_strategy_interfaces/srv/detail/yolo_strategy__rosidl_typesupport_introspection_cpp.hpp
[1.340s] -- Up-to-date symlink: /home/zack/work/ROS2_ws/install/yolo_strategy_interfaces/share/yolo_strategy_interfaces/environment/pythonpath.sh
[1.340s] -- Up-to-date symlink: /home/zack/work/ROS2_ws/install/yolo_strategy_interfaces/share/yolo_strategy_interfaces/environment/pythonpath.dsv
[1.340s] -- Up-to-date symlink: /home/zack/work/ROS2_ws/install/yolo_strategy_interfaces/local/lib/python3.10/dist-packages/yolo_strategy_interfaces-0.0.0-py3.10.egg-info/PKG-INFO
[1.340s] -- Up-to-date symlink: /home/zack/work/ROS2_ws/install/yolo_strategy_interfaces/local/lib/python3.10/dist-packages/yolo_strategy_interfaces-0.0.0-py3.10.egg-info/SOURCES.txt
[1.340s] -- Up-to-date symlink: /home/zack/work/ROS2_ws/install/yolo_strategy_interfaces/local/lib/python3.10/dist-packages/yolo_strategy_interfaces-0.0.0-py3.10.egg-info/dependency_links.txt
[1.340s] -- Up-to-date symlink: /home/zack/work/ROS2_ws/install/yolo_strategy_interfaces/local/lib/python3.10/dist-packages/yolo_strategy_interfaces-0.0.0-py3.10.egg-info/top_level.txt
[1.341s] -- Up-to-date symlink: /home/zack/work/ROS2_ws/install/yolo_strategy_interfaces/local/lib/python3.10/dist-packages/yolo_strategy_interfaces/__init__.py
[1.341s] -- Up-to-date symlink: /home/zack/work/ROS2_ws/install/yolo_strategy_interfaces/local/lib/python3.10/dist-packages/yolo_strategy_interfaces/_yolo_strategy_interfaces_s.ep.rosidl_typesupport_c.c
[1.341s] -- Up-to-date symlink: /home/zack/work/ROS2_ws/install/yolo_strategy_interfaces/local/lib/python3.10/dist-packages/yolo_strategy_interfaces/_yolo_strategy_interfaces_s.ep.rosidl_typesupport_fastrtps_c.c
[1.341s] -- Up-to-date symlink: /home/zack/work/ROS2_ws/install/yolo_strategy_interfaces/local/lib/python3.10/dist-packages/yolo_strategy_interfaces/_yolo_strategy_interfaces_s.ep.rosidl_typesupport_introspection_c.c
[1.342s] -- Up-to-date symlink: /home/zack/work/ROS2_ws/install/yolo_strategy_interfaces/local/lib/python3.10/dist-packages/yolo_strategy_interfaces/libyolo_strategy_interfaces__rosidl_generator_py.so
[1.342s] -- Up-to-date symlink: /home/zack/work/ROS2_ws/install/yolo_strategy_interfaces/local/lib/python3.10/dist-packages/yolo_strategy_interfaces/srv/__init__.py
[1.342s] -- Up-to-date symlink: /home/zack/work/ROS2_ws/install/yolo_strategy_interfaces/local/lib/python3.10/dist-packages/yolo_strategy_interfaces/srv/_yolo_strategy.py
[1.342s] -- Up-to-date symlink: /home/zack/work/ROS2_ws/install/yolo_strategy_interfaces/local/lib/python3.10/dist-packages/yolo_strategy_interfaces/srv/_yolo_strategy_s.c
[1.342s] -- Up-to-date symlink: /home/zack/work/ROS2_ws/install/yolo_strategy_interfaces/local/lib/python3.10/dist-packages/yolo_strategy_interfaces/yolo_strategy_interfaces_s__rosidl_typesupport_c.cpython-310-x86_64-linux-gnu.so
[1.342s] -- Up-to-date symlink: /home/zack/work/ROS2_ws/install/yolo_strategy_interfaces/local/lib/python3.10/dist-packages/yolo_strategy_interfaces/yolo_strategy_interfaces_s__rosidl_typesupport_fastrtps_c.cpython-310-x86_64-linux-gnu.so
[1.342s] -- Up-to-date symlink: /home/zack/work/ROS2_ws/install/yolo_strategy_interfaces/local/lib/python3.10/dist-packages/yolo_strategy_interfaces/yolo_strategy_interfaces_s__rosidl_typesupport_introspection_c.cpython-310-x86_64-linux-gnu.so
[1.342s] -- Up-to-date symlink: /home/zack/work/ROS2_ws/install/yolo_strategy_interfaces/local/lib/python3.10/dist-packages/yolo_strategy_interfaces/yolo_strategy_interfaces_s__rosidl_typesupport_fastrtps_c.cpython-310-x86_64-linux-gnu.so
[1.342s] -- Up-to-date symlink: /home/zack/work/ROS2_ws/install/yolo_strategy_interfaces/local/lib/python3.10/dist-packages/yolo_strategy_interfaces/yolo_strategy_interfaces_s__rosidl_typesupport_introspection_c.cpython-310-x86_64-linux-gnu.so
[1.342s] -- Up-to-date symlink: /home/zack/work/ROS2_ws/install/yolo_strategy_interfaces/local/lib/python3.10/dist-packages/yolo_strategy_interfaces/yolo_strategy_interfaces_s__rosidl_typesupport_c.cpython-310-x86_64-linux-gnu.so
[1.342s] -- Up-to-date symlink: /home/zack/work/ROS2_ws/install/yolo_strategy_interfaces/share/yolo_strategy_interfaces/srv/YoloStrategy.idl
[1.342s] -- Up-to-date symlink: /home/zack/work/ROS2_ws/install/yolo_strategy_interfaces/share/yolo_strategy_interfaces/srv/YoloStrategy.srv
[1.343s] -- Up-to-date symlink: /home/zack/work/ROS2_ws/install/yolo_strategy_interfaces/share/yolo_strategy_interfaces/srv/YoloStrategy_Request.msg
[1.343s] -- Up-to-date symlink: /home/zack/work/ROS2_ws/install/yolo_strategy_interfaces/share/yolo_strategy_interfaces/srv/YoloStrategy_Response.msg
[1.343s] -- Up-to-date symlink: /home/zack/work/ROS2_ws/install/yolo_strategy_interfaces/share/ament_index/resource_index/package_run_dependencies/yolo_strategy_interfaces
[1.343s] -- Up-to-date symlink: /home/zack/work/ROS2_ws/install/yolo_strategy_interfaces/share/ament_index/resource_index/parent_prefix_path/yolo_strategy_interfaces
[1.343s] -- Up-to-date symlink: /home/zack/work/ROS2_ws/install/yolo_strategy_interfaces/share/yolo_strategy_interfaces/environment/ament_prefix_path.sh
[1.343s] -- Up-to-date symlink: /home/zack/work/ROS2_ws/install/yolo_strategy_interfaces/share/yolo_strategy_interfaces/environment/ament_prefix_path.dsv
[1.343s] -- Up-to-date symlink: /home/zack/work/ROS2_ws/install/yolo_strategy_interfaces/share/yolo_strategy_interfaces/environment/path.sh
[1.343s] -- Up-to-date symlink: /home/zack/work/ROS2_ws/install/yolo_strategy_interfaces/share/yolo_strategy_interfaces/environment/path.dsv
[1.343s] -- Up-to-date symlink: /home/zack/work/ROS2_ws/install/yolo_strategy_interfaces/share/yolo_strategy_interfaces/local_setup.bash
[1.343s] -- Up-to-date symlink: /home/zack/work/ROS2_ws/install/yolo_strategy_interfaces/share/yolo_strategy_interfaces/local_setup.sh
[1.343s] -- Up-to-date symlink: /home/zack/work/ROS2_ws/install/yolo_strategy_interfaces/share/yolo_strategy_interfaces/local_setup.zsh
[1.343s] -- Up-to-date symlink: /home/zack/work/ROS2_ws/install/yolo_strategy_interfaces/share/yolo_strategy_interfaces/local_setup.dsv
[1.343s] -- Symlinking: /home/zack/work/ROS2_ws/install/yolo_strategy_interfaces/share/yolo_strategy_interfaces/package.dsv
[1.348s] -- Up-to-date symlink: /home/zack/work/ROS2_ws/install/yolo_strategy_interfaces/share/ament_index/resource_index/packages/yolo_strategy_interfaces
[1.348s] -- Up-to-date symlink: /home/zack/work/ROS2_ws/install/yolo_strategy_interfaces/share/yolo_strategy_interfaces/cmake/rosidl_cmake-extras.cmake
[1.348s] -- Up-to-date symlink: /home/zack/work/ROS2_ws/install/yolo_strategy_interfaces/share/yolo_strategy_interfaces/cmake/ament_cmake_export_dependencies-extras.cmake
[1.348s] -- Up-to-date symlink: /home/zack/work/ROS2_ws/install/yolo_strategy_interfaces/share/yolo_strategy_interfaces/cmake/ament_cmake_export_include_directories-extras.cmake
[1.348s] -- Up-to-date symlink: /home/zack/work/ROS2_ws/install/yolo_strategy_interfaces/share/yolo_strategy_interfaces/cmake/ament_cmake_export_libraries-extras.cmake
[1.349s] -- Up-to-date symlink: /home/zack/work/ROS2_ws/install/yolo_strategy_interfaces/share/yolo_strategy_interfaces/cmake/ament_cmake_export_targets-extras.cmake
[1.349s] -- Up-to-date symlink: /home/zack/work/ROS2_ws/install/yolo_strategy_interfaces/share/yolo_strategy_interfaces/cmake/rosidl_cmake_export_typesupport_targets-extras.cmake
[1.349s] -- Up-to-date symlink: /home/zack/work/ROS2_ws/install/yolo_strategy_interfaces/share/yolo_strategy_interfaces/cmake/rosidl_cmake_export_typesupport_libraries-extras.cmake
[1.349s] -- Up-to-date symlink: /home/zack/work/ROS2_ws/install/yolo_strategy_interfaces/share/yolo_strategy_interfaces/cmake/yolo_strategy_interfacesConfig.cmake
[1.349s] -- Up-to-date symlink: /home/zack/work/ROS2_ws/install/yolo_strategy_interfaces/share/yolo_strategy_interfaces/cmake/yolo_strategy_interfacesConfig-version.cmake
[1.349s] -- Up-to-date symlink: /home/zack/work/ROS2_ws/install/yolo_strategy_interfaces/share/yolo_strategy_interfaces/package.xml
[1.349s] -- Up-to-date: /home/zack/work/ROS2_ws/install/yolo_strategy_interfaces/lib/libyolo_strategy_interfaces__rosidl_generator_c.so
[1.349s] -- Up-to-date: /home/zack/work/ROS2_ws/install/yolo_strategy_interfaces/lib/libyolo_strategy_interfaces__rosidl_typesupport_fastrtps_c.so
[1.349s] -- Up-to-date: /home/zack/work/ROS2_ws/install/yolo_strategy_interfaces/lib/libyolo_strategy_interfaces__rosidl_typesupport_fastrtps_cpp.so
[1.349s] -- Up-to-date: /home/zack/work/ROS2_ws/install/yolo_strategy_interfaces/lib/libyolo_strategy_interfaces__rosidl_typesupport_introspection_c.so
[1.349s] -- Up-to-date: /home/zack/work/ROS2_ws/install/yolo_strategy_interfaces/lib/libyolo_strategy_interfaces__rosidl_typesupport_c.so
[1.350s] -- Up-to-date: /home/zack/work/ROS2_ws/install/yolo_strategy_interfaces/lib/libyolo_strategy_interfaces__rosidl_typesupport_introspection_cpp.so
[1.350s] -- Up-to-date: /home/zack/work/ROS2_ws/install/yolo_strategy_interfaces/lib/libyolo_strategy_interfaces__rosidl_typesupport_cpp.so
[1.371s] Listing '/home/zack/work/ROS2_ws/install/yolo_strategy_interfaces/local/lib/python3.10/dist-packages/yolo_strategy_interfaces'...
[1.372s] Compiling '/home/zack/work/ROS2_ws/install/yolo_strategy_interfaces/local/lib/python3.10/dist-packages/yolo_strategy_interfaces/__init__.py'...
[1.372s] Listing '/home/zack/work/ROS2_ws/install/yolo_strategy_interfaces/local/lib/python3.10/dist-packages/yolo_strategy_interfaces/srv'...
[1.375s] -- Up-to-date: /home/zack/work/ROS2_ws/install/yolo_strategy_interfaces/lib/libyolo_strategy_interfaces__rosidl_generator_py.so
[1.375s] -- Up-to-date: /home/zack/work/ROS2_ws/install/yolo_strategy_interfaces/share/yolo_strategy_interfaces/cmake/export_yolo_strategy_interfaces__rosidl_generator_cExport.cmake
[1.375s] -- Up-to-date: /home/zack/work/ROS2_ws/install/yolo_strategy_interfaces/share/yolo_strategy_interfaces/cmake/export_yolo_strategy_interfaces__rosidl_generator_cExport-release.cmake
[1.375s] -- Up-to-date: /home/zack/work/ROS2_ws/install/yolo_strategy_interfaces/share/yolo_strategy_interfaces/cmake/export_yolo_strategy_interfaces__rosidl_typesupport_fastrtps_cExport.cmake
[1.375s] -- Up-to-date: /home/zack/work/ROS2_ws/install/yolo_strategy_interfaces/share/yolo_strategy_interfaces/cmake/export_yolo_strategy_interfaces__rosidl_typesupport_fastrtps_cExport-release.cmake
[1.376s] -- Up-to-date: /home/zack/work/ROS2_ws/install/yolo_strategy_interfaces/share/yolo_strategy_interfaces/cmake/export_yolo_strategy_interfaces__rosidl_generator_cppExport.cmake
[1.376s] -- Up-to-date: /home/zack/work/ROS2_ws/install/yolo_strategy_interfaces/share/yolo_strategy_interfaces/cmake/export_yolo_strategy_interfaces__rosidl_typesupport_fastrtps_cppExport.cmake
[1.376s] -- Up-to-date: /home/zack/work/ROS2_ws/install/yolo_strategy_interfaces/share/yolo_strategy_interfaces/cmake/export_yolo_strategy_interfaces__rosidl_typesupport_fastrtps_cppExport-release.cmake
[1.376s] -- Up-to-date: /home/zack/work/ROS2_ws/install/yolo_strategy_interfaces/share/yolo_strategy_interfaces/cmake/yolo_strategy_interfaces__rosidl_typesupport_introspection_cExport.cmake
[1.376s] -- Up-to-date: /home/zack/work/ROS2_ws/install/yolo_strategy_interfaces/share/yolo_strategy_interfaces/cmake/yolo_strategy_interfaces__rosidl_typesupport_introspection_cExport-release.cmake
[1.376s] -- Up-to-date: /home/zack/work/ROS2_ws/install/yolo_strategy_interfaces/share/yolo_strategy_interfaces/cmake/yolo_strategy_interfaces__rosidl_typesupport_cExport.cmake
[1.376s] -- Up-to-date: /home/zack/work/ROS2_ws/install/yolo_strategy_interfaces/share/yolo_strategy_interfaces/cmake/yolo_strategy_interfaces__rosidl_typesupport_cExport-release.cmake
[1.376s] -- Up-to-date: /home/zack/work/ROS2_ws/install/yolo_strategy_interfaces/share/yolo_strategy_interfaces/cmake/yolo_strategy_interfaces__rosidl_typesupport_introspection_cppExport.cmake
[1.376s] -- Up-to-date: /home/zack/work/ROS2_ws/install/yolo_strategy_interfaces/share/yolo_strategy_interfaces/cmake/yolo_strategy_interfaces__rosidl_typesupport_introspection_cppExport-release.cmake
[1.376s] -- Up-to-date: /home/zack/work/ROS2_ws/install/yolo_strategy_interfaces/share/yolo_strategy_interfaces/cmake/yolo_strategy_interfaces__rosidl_typesupport_cppExport.cmake
[1.376s] -- Up-to-date: /home/zack/work/ROS2_ws/install/yolo_strategy_interfaces/share/yolo_strategy_interfaces/cmake/yolo_strategy_interfaces__rosidl_typesupport_cppExport-release.cmake
[1.376s] -- Up-to-date: /home/zack/work/ROS2_ws/install/yolo_strategy_interfaces/share/yolo_strategy_interfaces/cmake/export_yolo_strategy_interfaces__rosidl_generator_pyExport.cmake
[1.376s] -- Up-to-date: /home/zack/work/ROS2_ws/install/yolo_strategy_interfaces/share/yolo_strategy_interfaces/cmake/export_yolo_strategy_interfaces__rosidl_generator_pyExport-release.cmake
[1.380s] Invoked command in '/home/zack/work/ROS2_ws/build/yolo_strategy_interfaces' returned '0': CMAKE_PREFIX_PATH=${CMAKE_PREFIX_PATH}:/home/zack/work/ROS2_ws/install/py_pubsub:/home/zack/work/ROS2_ws/install/hiwin_example:/opt/ros/humble /usr/bin/cmake --install /home/zack/work/ROS2_ws/build/yolo_strategy_interfaces
