[0.021s] Invoking command in '/home/zack/work/ROS2_ws/build/yolo_strategy_interfaces': CMAKE_PREFIX_PATH=${CMAKE_PREFIX_PATH}:/home/zack/work/ROS2_ws/install/py_pubsub:/home/zack/work/ROS2_ws/install/hiwin_example:/opt/ros/humble /usr/bin/cmake --build /home/zack/work/ROS2_ws/build/yolo_strategy_interfaces -- -j16 -l16
[0.112s] [  3%] Built target yolo_strategy_interfaces__cpp
[0.123s] [  6%] Built target ament_cmake_python_symlink_yolo_strategy_interfaces
[0.124s] [ 12%] Built target yolo_strategy_interfaces__rosidl_generator_c
[0.143s] [ 41%] Built target yolo_strategy_interfaces__rosidl_typesupport_cpp
[0.143s] [ 41%] Built target yolo_strategy_interfaces__rosidl_typesupport_fastrtps_cpp
[0.144s] [ 41%] Built target yolo_strategy_interfaces__rosidl_typesupport_introspection_cpp
[0.150s] [ 67%] Built target yolo_strategy_interfaces__rosidl_typesupport_introspection_c
[0.150s] [ 70%] Built target yolo_strategy_interfaces__rosidl_typesupport_c
[0.150s] [ 70%] Built target yolo_strategy_interfaces__rosidl_typesupport_fastrtps_c
[0.167s] [ 70%] Built target yolo_strategy_interfaces
[0.183s] [ 74%] Built target yolo_strategy_interfaces__py
[0.203s] [ 80%] Built target yolo_strategy_interfaces__rosidl_generator_py
[0.224s] [100%] Built target yolo_strategy_interfaces__rosidl_typesupport_fastrtps_c__pyext
[0.224s] [100%] Built target yolo_strategy_interfaces__rosidl_typesupport_c__pyext
[0.224s] [100%] Built target yolo_strategy_interfaces__rosidl_typesupport_introspection_c__pyext
[0.318s] running egg_info
[0.319s] writing yolo_strategy_interfaces.egg-info/PKG-INFO
[0.319s] writing dependency_links to yolo_strategy_interfaces.egg-info/dependency_links.txt
[0.319s] writing top-level names to yolo_strategy_interfaces.egg-info/top_level.txt
[0.321s] reading manifest file 'yolo_strategy_interfaces.egg-info/SOURCES.txt'
[0.321s] writing manifest file 'yolo_strategy_interfaces.egg-info/SOURCES.txt'
[0.355s] [100%] Built target ament_cmake_python_build_yolo_strategy_interfaces_egg
[0.365s] Invoked command in '/home/zack/work/ROS2_ws/build/yolo_strategy_interfaces' returned '0': CMAKE_PREFIX_PATH=${CMAKE_PREFIX_PATH}:/home/zack/work/ROS2_ws/install/py_pubsub:/home/zack/work/ROS2_ws/install/hiwin_example:/opt/ros/humble /usr/bin/cmake --build /home/zack/work/ROS2_ws/build/yolo_strategy_interfaces -- -j16 -l16
[0.411s] Invoking command in '/home/zack/work/ROS2_ws/build/yolo_strategy_interfaces': CMAKE_PREFIX_PATH=${CMAKE_PREFIX_PATH}:/home/zack/work/ROS2_ws/install/py_pubsub:/home/zack/work/ROS2_ws/install/hiwin_example:/opt/ros/humble /usr/bin/cmake --install /home/zack/work/ROS2_ws/build/yolo_strategy_interfaces
[0.417s] -- Install configuration: "Release"
[0.418s] -- Execute custom install script
[0.418s] -- Up-to-date symlink: /home/zack/work/ROS2_ws/install/yolo_strategy_interfaces/share/ament_index/resource_index/rosidl_interfaces/yolo_strategy_interfaces
[0.418s] -- Up-to-date symlink: /home/zack/work/ROS2_ws/install/yolo_strategy_interfaces/include/yolo_strategy_interfaces/yolo_strategy_interfaces/msg/rosidl_generator_c__visibility_control.h
[0.418s] -- Up-to-date symlink: /home/zack/work/ROS2_ws/install/yolo_strategy_interfaces/include/yolo_strategy_interfaces/yolo_strategy_interfaces/srv/detail/yolo_strategy__functions.h
[0.418s] -- Up-to-date symlink: /home/zack/work/ROS2_ws/install/yolo_strategy_interfaces/include/yolo_strategy_interfaces/yolo_strategy_interfaces/srv/detail/yolo_strategy__struct.h
[0.418s] -- Up-to-date symlink: /home/zack/work/ROS2_ws/install/yolo_strategy_interfaces/include/yolo_strategy_interfaces/yolo_strategy_interfaces/srv/detail/yolo_strategy__type_support.h
[0.418s] -- Up-to-date symlink: /home/zack/work/ROS2_ws/install/yolo_strategy_interfaces/include/yolo_strategy_interfaces/yolo_strategy_interfaces/srv/yolo_strategy.h
[0.418s] -- Up-to-date symlink: /home/zack/work/ROS2_ws/install/yolo_strategy_interfaces/share/yolo_strategy_interfaces/environment/library_path.sh
[0.418s] -- Up-to-date symlink: /home/zack/work/ROS2_ws/install/yolo_strategy_interfaces/share/yolo_strategy_interfaces/environment/library_path.dsv
[0.419s] -- Up-to-date symlink: /home/zack/work/ROS2_ws/install/yolo_strategy_interfaces/include/yolo_strategy_interfaces/yolo_strategy_interfaces/msg/rosidl_typesupport_fastrtps_c__visibility_control.h
[0.419s] -- Up-to-date symlink: /home/zack/work/ROS2_ws/install/yolo_strategy_interfaces/include/yolo_strategy_interfaces/yolo_strategy_interfaces/srv/detail/yolo_strategy__rosidl_typesupport_fastrtps_c.h
[0.419s] -- Up-to-date symlink: /home/zack/work/ROS2_ws/install/yolo_strategy_interfaces/include/yolo_strategy_interfaces/yolo_strategy_interfaces/srv/detail/yolo_strategy__builder.hpp
[0.419s] -- Up-to-date symlink: /home/zack/work/ROS2_ws/install/yolo_strategy_interfaces/include/yolo_strategy_interfaces/yolo_strategy_interfaces/srv/detail/yolo_strategy__struct.hpp
[0.419s] -- Up-to-date symlink: /home/zack/work/ROS2_ws/install/yolo_strategy_interfaces/include/yolo_strategy_interfaces/yolo_strategy_interfaces/srv/detail/yolo_strategy__traits.hpp
[0.419s] -- Up-to-date symlink: /home/zack/work/ROS2_ws/install/yolo_strategy_interfaces/include/yolo_strategy_interfaces/yolo_strategy_interfaces/srv/yolo_strategy.hpp
[0.419s] -- Up-to-date symlink: /home/zack/work/ROS2_ws/install/yolo_strategy_interfaces/include/yolo_strategy_interfaces/yolo_strategy_interfaces/msg/rosidl_typesupport_fastrtps_cpp__visibility_control.h
[0.419s] -- Up-to-date symlink: /home/zack/work/ROS2_ws/install/yolo_strategy_interfaces/include/yolo_strategy_interfaces/yolo_strategy_interfaces/srv/detail/yolo_strategy__rosidl_typesupport_fastrtps_cpp.hpp
[0.420s] -- Up-to-date symlink: /home/zack/work/ROS2_ws/install/yolo_strategy_interfaces/include/yolo_strategy_interfaces/yolo_strategy_interfaces/msg/rosidl_typesupport_introspection_c__visibility_control.h
[0.420s] -- Up-to-date symlink: /home/zack/work/ROS2_ws/install/yolo_strategy_interfaces/include/yolo_strategy_interfaces/yolo_strategy_interfaces/srv/detail/yolo_strategy__rosidl_typesupport_introspection_c.h
[0.420s] -- Up-to-date symlink: /home/zack/work/ROS2_ws/install/yolo_strategy_interfaces/include/yolo_strategy_interfaces/yolo_strategy_interfaces/srv/detail/yolo_strategy__rosidl_typesupport_introspection_cpp.hpp
[0.420s] -- Up-to-date symlink: /home/zack/work/ROS2_ws/install/yolo_strategy_interfaces/share/yolo_strategy_interfaces/environment/pythonpath.sh
[0.420s] -- Up-to-date symlink: /home/zack/work/ROS2_ws/install/yolo_strategy_interfaces/share/yolo_strategy_interfaces/environment/pythonpath.dsv
[0.420s] -- Up-to-date symlink: /home/zack/work/ROS2_ws/install/yolo_strategy_interfaces/local/lib/python3.10/dist-packages/yolo_strategy_interfaces-0.0.0-py3.10.egg-info/PKG-INFO
[0.420s] -- Up-to-date symlink: /home/zack/work/ROS2_ws/install/yolo_strategy_interfaces/local/lib/python3.10/dist-packages/yolo_strategy_interfaces-0.0.0-py3.10.egg-info/SOURCES.txt
[0.420s] -- Up-to-date symlink: /home/zack/work/ROS2_ws/install/yolo_strategy_interfaces/local/lib/python3.10/dist-packages/yolo_strategy_interfaces-0.0.0-py3.10.egg-info/dependency_links.txt
[0.420s] -- Up-to-date symlink: /home/zack/work/ROS2_ws/install/yolo_strategy_interfaces/local/lib/python3.10/dist-packages/yolo_strategy_interfaces-0.0.0-py3.10.egg-info/top_level.txt
[0.421s] -- Up-to-date symlink: /home/zack/work/ROS2_ws/install/yolo_strategy_interfaces/local/lib/python3.10/dist-packages/yolo_strategy_interfaces/__init__.py
[0.421s] -- Up-to-date symlink: /home/zack/work/ROS2_ws/install/yolo_strategy_interfaces/local/lib/python3.10/dist-packages/yolo_strategy_interfaces/_yolo_strategy_interfaces_s.ep.rosidl_typesupport_c.c
[0.421s] -- Up-to-date symlink: /home/zack/work/ROS2_ws/install/yolo_strategy_interfaces/local/lib/python3.10/dist-packages/yolo_strategy_interfaces/_yolo_strategy_interfaces_s.ep.rosidl_typesupport_fastrtps_c.c
[0.421s] -- Up-to-date symlink: /home/zack/work/ROS2_ws/install/yolo_strategy_interfaces/local/lib/python3.10/dist-packages/yolo_strategy_interfaces/_yolo_strategy_interfaces_s.ep.rosidl_typesupport_introspection_c.c
[0.421s] -- Up-to-date symlink: /home/zack/work/ROS2_ws/install/yolo_strategy_interfaces/local/lib/python3.10/dist-packages/yolo_strategy_interfaces/libyolo_strategy_interfaces__rosidl_generator_py.so
[0.421s] -- Up-to-date symlink: /home/zack/work/ROS2_ws/install/yolo_strategy_interfaces/local/lib/python3.10/dist-packages/yolo_strategy_interfaces/srv/__init__.py
[0.421s] -- Up-to-date symlink: /home/zack/work/ROS2_ws/install/yolo_strategy_interfaces/local/lib/python3.10/dist-packages/yolo_strategy_interfaces/srv/_yolo_strategy.py
[0.421s] -- Up-to-date symlink: /home/zack/work/ROS2_ws/install/yolo_strategy_interfaces/local/lib/python3.10/dist-packages/yolo_strategy_interfaces/srv/_yolo_strategy_s.c
[0.421s] -- Up-to-date symlink: /home/zack/work/ROS2_ws/install/yolo_strategy_interfaces/local/lib/python3.10/dist-packages/yolo_strategy_interfaces/yolo_strategy_interfaces_s__rosidl_typesupport_c.cpython-310-x86_64-linux-gnu.so
[0.421s] -- Up-to-date symlink: /home/zack/work/ROS2_ws/install/yolo_strategy_interfaces/local/lib/python3.10/dist-packages/yolo_strategy_interfaces/yolo_strategy_interfaces_s__rosidl_typesupport_fastrtps_c.cpython-310-x86_64-linux-gnu.so
[0.422s] -- Up-to-date symlink: /home/zack/work/ROS2_ws/install/yolo_strategy_interfaces/local/lib/python3.10/dist-packages/yolo_strategy_interfaces/yolo_strategy_interfaces_s__rosidl_typesupport_introspection_c.cpython-310-x86_64-linux-gnu.so
[0.423s] -- Up-to-date symlink: /home/zack/work/ROS2_ws/install/yolo_strategy_interfaces/local/lib/python3.10/dist-packages/yolo_strategy_interfaces/yolo_strategy_interfaces_s__rosidl_typesupport_fastrtps_c.cpython-310-x86_64-linux-gnu.so
[0.424s] -- Up-to-date symlink: /home/zack/work/ROS2_ws/install/yolo_strategy_interfaces/local/lib/python3.10/dist-packages/yolo_strategy_interfaces/yolo_strategy_interfaces_s__rosidl_typesupport_introspection_c.cpython-310-x86_64-linux-gnu.so
[0.425s] -- Up-to-date symlink: /home/zack/work/ROS2_ws/install/yolo_strategy_interfaces/local/lib/python3.10/dist-packages/yolo_strategy_interfaces/yolo_strategy_interfaces_s__rosidl_typesupport_c.cpython-310-x86_64-linux-gnu.so
[0.426s] -- Up-to-date symlink: /home/zack/work/ROS2_ws/install/yolo_strategy_interfaces/share/yolo_strategy_interfaces/srv/YoloStrategy.idl
[0.426s] -- Up-to-date symlink: /home/zack/work/ROS2_ws/install/yolo_strategy_interfaces/share/yolo_strategy_interfaces/srv/YoloStrategy.srv
[0.426s] -- Up-to-date symlink: /home/zack/work/ROS2_ws/install/yolo_strategy_interfaces/share/yolo_strategy_interfaces/srv/YoloStrategy_Request.msg
[0.426s] -- Up-to-date symlink: /home/zack/work/ROS2_ws/install/yolo_strategy_interfaces/share/yolo_strategy_interfaces/srv/YoloStrategy_Response.msg
[0.426s] -- Up-to-date symlink: /home/zack/work/ROS2_ws/install/yolo_strategy_interfaces/share/ament_index/resource_index/package_run_dependencies/yolo_strategy_interfaces
[0.427s] -- Up-to-date symlink: /home/zack/work/ROS2_ws/install/yolo_strategy_interfaces/share/ament_index/resource_index/parent_prefix_path/yolo_strategy_interfaces
[0.427s] -- Up-to-date symlink: /home/zack/work/ROS2_ws/install/yolo_strategy_interfaces/share/yolo_strategy_interfaces/environment/ament_prefix_path.sh
[0.427s] -- Up-to-date symlink: /home/zack/work/ROS2_ws/install/yolo_strategy_interfaces/share/yolo_strategy_interfaces/environment/ament_prefix_path.dsv
[0.427s] -- Up-to-date symlink: /home/zack/work/ROS2_ws/install/yolo_strategy_interfaces/share/yolo_strategy_interfaces/environment/path.sh
[0.427s] -- Up-to-date symlink: /home/zack/work/ROS2_ws/install/yolo_strategy_interfaces/share/yolo_strategy_interfaces/environment/path.dsv
[0.427s] -- Up-to-date symlink: /home/zack/work/ROS2_ws/install/yolo_strategy_interfaces/share/yolo_strategy_interfaces/local_setup.bash
[0.427s] -- Up-to-date symlink: /home/zack/work/ROS2_ws/install/yolo_strategy_interfaces/share/yolo_strategy_interfaces/local_setup.sh
[0.427s] -- Up-to-date symlink: /home/zack/work/ROS2_ws/install/yolo_strategy_interfaces/share/yolo_strategy_interfaces/local_setup.zsh
[0.427s] -- Up-to-date symlink: /home/zack/work/ROS2_ws/install/yolo_strategy_interfaces/share/yolo_strategy_interfaces/local_setup.dsv
[0.427s] -- Symlinking: /home/zack/work/ROS2_ws/install/yolo_strategy_interfaces/share/yolo_strategy_interfaces/package.dsv
[0.433s] -- Up-to-date symlink: /home/zack/work/ROS2_ws/install/yolo_strategy_interfaces/share/ament_index/resource_index/packages/yolo_strategy_interfaces
[0.433s] -- Up-to-date symlink: /home/zack/work/ROS2_ws/install/yolo_strategy_interfaces/share/yolo_strategy_interfaces/cmake/rosidl_cmake-extras.cmake
[0.433s] -- Up-to-date symlink: /home/zack/work/ROS2_ws/install/yolo_strategy_interfaces/share/yolo_strategy_interfaces/cmake/ament_cmake_export_dependencies-extras.cmake
[0.433s] -- Up-to-date symlink: /home/zack/work/ROS2_ws/install/yolo_strategy_interfaces/share/yolo_strategy_interfaces/cmake/ament_cmake_export_include_directories-extras.cmake
[0.433s] -- Up-to-date symlink: /home/zack/work/ROS2_ws/install/yolo_strategy_interfaces/share/yolo_strategy_interfaces/cmake/ament_cmake_export_libraries-extras.cmake
[0.433s] -- Up-to-date symlink: /home/zack/work/ROS2_ws/install/yolo_strategy_interfaces/share/yolo_strategy_interfaces/cmake/ament_cmake_export_targets-extras.cmake
[0.433s] -- Up-to-date symlink: /home/zack/work/ROS2_ws/install/yolo_strategy_interfaces/share/yolo_strategy_interfaces/cmake/rosidl_cmake_export_typesupport_targets-extras.cmake
[0.433s] -- Up-to-date symlink: /home/zack/work/ROS2_ws/install/yolo_strategy_interfaces/share/yolo_strategy_interfaces/cmake/rosidl_cmake_export_typesupport_libraries-extras.cmake
[0.434s] -- Up-to-date symlink: /home/zack/work/ROS2_ws/install/yolo_strategy_interfaces/share/yolo_strategy_interfaces/cmake/yolo_strategy_interfacesConfig.cmake
[0.434s] -- Up-to-date symlink: /home/zack/work/ROS2_ws/install/yolo_strategy_interfaces/share/yolo_strategy_interfaces/cmake/yolo_strategy_interfacesConfig-version.cmake
[0.434s] -- Up-to-date symlink: /home/zack/work/ROS2_ws/install/yolo_strategy_interfaces/share/yolo_strategy_interfaces/package.xml
[0.434s] -- Up-to-date: /home/zack/work/ROS2_ws/install/yolo_strategy_interfaces/lib/libyolo_strategy_interfaces__rosidl_generator_c.so
[0.435s] -- Up-to-date: /home/zack/work/ROS2_ws/install/yolo_strategy_interfaces/lib/libyolo_strategy_interfaces__rosidl_typesupport_fastrtps_c.so
[0.435s] -- Up-to-date: /home/zack/work/ROS2_ws/install/yolo_strategy_interfaces/lib/libyolo_strategy_interfaces__rosidl_typesupport_fastrtps_cpp.so
[0.436s] -- Up-to-date: /home/zack/work/ROS2_ws/install/yolo_strategy_interfaces/lib/libyolo_strategy_interfaces__rosidl_typesupport_introspection_c.so
[0.436s] -- Up-to-date: /home/zack/work/ROS2_ws/install/yolo_strategy_interfaces/lib/libyolo_strategy_interfaces__rosidl_typesupport_c.so
[0.436s] -- Up-to-date: /home/zack/work/ROS2_ws/install/yolo_strategy_interfaces/lib/libyolo_strategy_interfaces__rosidl_typesupport_introspection_cpp.so
[0.437s] -- Up-to-date: /home/zack/work/ROS2_ws/install/yolo_strategy_interfaces/lib/libyolo_strategy_interfaces__rosidl_typesupport_cpp.so
[0.459s] Listing '/home/zack/work/ROS2_ws/install/yolo_strategy_interfaces/local/lib/python3.10/dist-packages/yolo_strategy_interfaces'...
[0.459s] Listing '/home/zack/work/ROS2_ws/install/yolo_strategy_interfaces/local/lib/python3.10/dist-packages/yolo_strategy_interfaces/srv'...
[0.464s] -- Up-to-date: /home/zack/work/ROS2_ws/install/yolo_strategy_interfaces/lib/libyolo_strategy_interfaces__rosidl_generator_py.so
[0.465s] -- Up-to-date: /home/zack/work/ROS2_ws/install/yolo_strategy_interfaces/share/yolo_strategy_interfaces/cmake/export_yolo_strategy_interfaces__rosidl_generator_cExport.cmake
[0.465s] -- Up-to-date: /home/zack/work/ROS2_ws/install/yolo_strategy_interfaces/share/yolo_strategy_interfaces/cmake/export_yolo_strategy_interfaces__rosidl_generator_cExport-release.cmake
[0.465s] -- Up-to-date: /home/zack/work/ROS2_ws/install/yolo_strategy_interfaces/share/yolo_strategy_interfaces/cmake/export_yolo_strategy_interfaces__rosidl_typesupport_fastrtps_cExport.cmake
[0.465s] -- Up-to-date: /home/zack/work/ROS2_ws/install/yolo_strategy_interfaces/share/yolo_strategy_interfaces/cmake/export_yolo_strategy_interfaces__rosidl_typesupport_fastrtps_cExport-release.cmake
[0.465s] -- Up-to-date: /home/zack/work/ROS2_ws/install/yolo_strategy_interfaces/share/yolo_strategy_interfaces/cmake/export_yolo_strategy_interfaces__rosidl_generator_cppExport.cmake
[0.465s] -- Up-to-date: /home/zack/work/ROS2_ws/install/yolo_strategy_interfaces/share/yolo_strategy_interfaces/cmake/export_yolo_strategy_interfaces__rosidl_typesupport_fastrtps_cppExport.cmake
[0.466s] -- Up-to-date: /home/zack/work/ROS2_ws/install/yolo_strategy_interfaces/share/yolo_strategy_interfaces/cmake/export_yolo_strategy_interfaces__rosidl_typesupport_fastrtps_cppExport-release.cmake
[0.466s] -- Up-to-date: /home/zack/work/ROS2_ws/install/yolo_strategy_interfaces/share/yolo_strategy_interfaces/cmake/yolo_strategy_interfaces__rosidl_typesupport_introspection_cExport.cmake
[0.466s] -- Up-to-date: /home/zack/work/ROS2_ws/install/yolo_strategy_interfaces/share/yolo_strategy_interfaces/cmake/yolo_strategy_interfaces__rosidl_typesupport_introspection_cExport-release.cmake
[0.466s] -- Up-to-date: /home/zack/work/ROS2_ws/install/yolo_strategy_interfaces/share/yolo_strategy_interfaces/cmake/yolo_strategy_interfaces__rosidl_typesupport_cExport.cmake
[0.466s] -- Up-to-date: /home/zack/work/ROS2_ws/install/yolo_strategy_interfaces/share/yolo_strategy_interfaces/cmake/yolo_strategy_interfaces__rosidl_typesupport_cExport-release.cmake
[0.467s] -- Up-to-date: /home/zack/work/ROS2_ws/install/yolo_strategy_interfaces/share/yolo_strategy_interfaces/cmake/yolo_strategy_interfaces__rosidl_typesupport_introspection_cppExport.cmake
[0.467s] -- Up-to-date: /home/zack/work/ROS2_ws/install/yolo_strategy_interfaces/share/yolo_strategy_interfaces/cmake/yolo_strategy_interfaces__rosidl_typesupport_introspection_cppExport-release.cmake
[0.467s] -- Up-to-date: /home/zack/work/ROS2_ws/install/yolo_strategy_interfaces/share/yolo_strategy_interfaces/cmake/yolo_strategy_interfaces__rosidl_typesupport_cppExport.cmake
[0.467s] -- Up-to-date: /home/zack/work/ROS2_ws/install/yolo_strategy_interfaces/share/yolo_strategy_interfaces/cmake/yolo_strategy_interfaces__rosidl_typesupport_cppExport-release.cmake
[0.467s] -- Up-to-date: /home/zack/work/ROS2_ws/install/yolo_strategy_interfaces/share/yolo_strategy_interfaces/cmake/export_yolo_strategy_interfaces__rosidl_generator_pyExport.cmake
[0.467s] -- Up-to-date: /home/zack/work/ROS2_ws/install/yolo_strategy_interfaces/share/yolo_strategy_interfaces/cmake/export_yolo_strategy_interfaces__rosidl_generator_pyExport-release.cmake
[0.472s] Invoked command in '/home/zack/work/ROS2_ws/build/yolo_strategy_interfaces' returned '0': CMAKE_PREFIX_PATH=${CMAKE_PREFIX_PATH}:/home/zack/work/ROS2_ws/install/py_pubsub:/home/zack/work/ROS2_ws/install/hiwin_example:/opt/ros/humble /usr/bin/cmake --install /home/zack/work/ROS2_ws/build/yolo_strategy_interfaces
