[0.639s] Invoking command in '/home/zack/work/ROS2_ws/build/hiwin_example': PYTHONPATH=/home/zack/work/ROS2_ws/build/hiwin_example/prefix_override:/home/zack/work/ROS2_ws/install/hiwin_example/lib/python3.10/site-packages:${PYTHONPATH} /usr/bin/python3 setup.py develop --editable --build-directory /home/zack/work/ROS2_ws/build/hiwin_example/build --no-deps install_data
[0.806s] running develop
[0.806s] /usr/lib/python3/dist-packages/setuptools/command/easy_install.py:158: EasyInstallDeprecationWarning: easy_install command is deprecated. Use build and pip and other standards-based tools.
[0.806s]   warnings.warn(
[0.807s] /usr/lib/python3/dist-packages/setuptools/command/install.py:34: SetuptoolsDeprecationWarning: setup.py install is deprecated. Use build and pip and other standards-based tools.
[0.807s]   warnings.warn(
[0.914s] running egg_info
[0.915s] writing hiwin_example.egg-info/PKG-INFO
[0.915s] writing dependency_links to hiwin_example.egg-info/dependency_links.txt
[0.915s] writing entry points to hiwin_example.egg-info/entry_points.txt
[0.915s] writing requirements to hiwin_example.egg-info/requires.txt
[0.915s] writing top-level names to hiwin_example.egg-info/top_level.txt
[0.916s] reading manifest file 'hiwin_example.egg-info/SOURCES.txt'
[0.917s] writing manifest file 'hiwin_example.egg-info/SOURCES.txt'
[0.918s] running build_ext
[0.918s] Creating /home/zack/work/ROS2_ws/install/hiwin_example/lib/python3.10/site-packages/hiwin-example.egg-link (link to .)
[0.918s] Installing strategy_example script to /home/zack/work/ROS2_ws/install/hiwin_example/lib/hiwin_example
[0.919s] 
[0.919s] Installed /home/zack/work/ROS2_ws/build/hiwin_example
[0.919s] running install_data
[0.946s] Invoked command in '/home/zack/work/ROS2_ws/build/hiwin_example' returned '0': PYTHONPATH=/home/zack/work/ROS2_ws/build/hiwin_example/prefix_override:/home/zack/work/ROS2_ws/install/hiwin_example/lib/python3.10/site-packages:${PYTHONPATH} /usr/bin/python3 setup.py develop --editable --build-directory /home/zack/work/ROS2_ws/build/hiwin_example/build --no-deps install_data
