[0.694s] Invoking command in '/home/zack/work/ROS2_ws/build/py_pubsub': PYTHONPATH=/home/zack/work/ROS2_ws/build/py_pubsub/prefix_override:/home/zack/work/ROS2_ws/install/py_pubsub/lib/python3.10/site-packages:${PYTHONPATH} /usr/bin/python3 setup.py develop --editable --build-directory /home/zack/work/ROS2_ws/build/py_pubsub/build --no-deps install_data
[0.861s] running develop
[0.862s] /usr/lib/python3/dist-packages/setuptools/command/easy_install.py:158: EasyInstallDeprecationWarning: easy_install command is deprecated. Use build and pip and other standards-based tools.
[0.862s]   warnings.warn(
[0.864s] /usr/lib/python3/dist-packages/setuptools/command/install.py:34: SetuptoolsDeprecationWarning: setup.py install is deprecated. Use build and pip and other standards-based tools.
[0.864s]   warnings.warn(
[0.969s] running egg_info
[0.969s] writing py_pubsub.egg-info/PKG-INFO
[0.969s] writing dependency_links to py_pubsub.egg-info/dependency_links.txt
[0.969s] writing entry points to py_pubsub.egg-info/entry_points.txt
[0.969s] writing requirements to py_pubsub.egg-info/requires.txt
[0.969s] writing top-level names to py_pubsub.egg-info/top_level.txt
[0.971s] reading manifest file 'py_pubsub.egg-info/SOURCES.txt'
[0.972s] writing manifest file 'py_pubsub.egg-info/SOURCES.txt'
[0.973s] running build_ext
[0.973s] Creating /home/zack/work/ROS2_ws/install/py_pubsub/lib/python3.10/site-packages/py-pubsub.egg-link (link to .)
[0.973s] Installing cam_calibration script to /home/zack/work/ROS2_ws/install/py_pubsub/lib/py_pubsub
[0.974s] Installing strategy_sub script to /home/zack/work/ROS2_ws/install/py_pubsub/lib/py_pubsub
[0.974s] Installing yolo_detect script to /home/zack/work/ROS2_ws/install/py_pubsub/lib/py_pubsub
[0.974s] 
[0.974s] Installed /home/zack/work/ROS2_ws/build/py_pubsub
[0.974s] running install_data
[1.005s] Invoked command in '/home/zack/work/ROS2_ws/build/py_pubsub' returned '0': PYTHONPATH=/home/zack/work/ROS2_ws/build/py_pubsub/prefix_override:/home/zack/work/ROS2_ws/install/py_pubsub/lib/python3.10/site-packages:${PYTHONPATH} /usr/bin/python3 setup.py develop --editable --build-directory /home/zack/work/ROS2_ws/build/py_pubsub/build --no-deps install_data
