running develop
/usr/lib/python3/dist-packages/setuptools/command/easy_install.py:158: EasyInstallDeprecationWarning: easy_install command is deprecated. Use build and pip and other standards-based tools.
  warnings.warn(
/usr/lib/python3/dist-packages/setuptools/command/install.py:34: SetuptoolsDeprecationWarning: setup.py install is deprecated. Use build and pip and other standards-based tools.
  warnings.warn(
running egg_info
writing hiwin_example.egg-info/PKG-INFO
writing dependency_links to hiwin_example.egg-info/dependency_links.txt
writing entry points to hiwin_example.egg-info/entry_points.txt
writing requirements to hiwin_example.egg-info/requires.txt
writing top-level names to hiwin_example.egg-info/top_level.txt
reading manifest file 'hiwin_example.egg-info/SOURCES.txt'
writing manifest file 'hiwin_example.egg-info/SOURCES.txt'
running build_ext
Creating /home/zack/work/ROS2_ws/install/hiwin_example/lib/python3.10/site-packages/hiwin-example.egg-link (link to .)
Installing manual_calibration script to /home/zack/work/ROS2_ws/install/hiwin_example/lib/hiwin_example
Installing strategy_example script to /home/zack/work/ROS2_ws/install/hiwin_example/lib/hiwin_example
Installing verify_calibration script to /home/zack/work/ROS2_ws/install/hiwin_example/lib/hiwin_example

Installed /home/zack/work/ROS2_ws/build/hiwin_example
running install_data
