[0.510s] Invoking command in '/home/zack/work/ROS2_ws/build/py_pubsub': PYTHONPATH=/home/zack/work/ROS2_ws/build/py_pubsub/prefix_override:/home/zack/work/ROS2_ws/install/py_pubsub/lib/python3.10/site-packages:${PYTHONPATH} /usr/bin/python3 setup.py develop --editable --build-directory /home/zack/work/ROS2_ws/build/py_pubsub/build --no-deps install_data
[0.693s] running develop
[0.693s] /usr/lib/python3/dist-packages/setuptools/command/easy_install.py:158: EasyInstallDeprecationWarning: easy_install command is deprecated. Use build and pip and other standards-based tools.
[0.693s]   warnings.warn(
[0.694s] /usr/lib/python3/dist-packages/setuptools/command/install.py:34: SetuptoolsDeprecationWarning: setup.py install is deprecated. Use build and pip and other standards-based tools.
[0.694s]   warnings.warn(
[0.802s] running egg_info
[0.802s] writing py_pubsub.egg-info/PKG-INFO
[0.802s] writing dependency_links to py_pubsub.egg-info/dependency_links.txt
[0.802s] writing entry points to py_pubsub.egg-info/entry_points.txt
[0.802s] writing requirements to py_pubsub.egg-info/requires.txt
[0.802s] writing top-level names to py_pubsub.egg-info/top_level.txt
[0.803s] reading manifest file 'py_pubsub.egg-info/SOURCES.txt'
[0.804s] writing manifest file 'py_pubsub.egg-info/SOURCES.txt'
[0.805s] running build_ext
[0.805s] Creating /home/zack/work/ROS2_ws/install/py_pubsub/lib/python3.10/site-packages/py-pubsub.egg-link (link to .)
[0.806s] Installing cam_calibration script to /home/zack/work/ROS2_ws/install/py_pubsub/lib/py_pubsub
[0.806s] Installing strategy_client script to /home/zack/work/ROS2_ws/install/py_pubsub/lib/py_pubsub
[0.806s] Installing strategy_sub script to /home/zack/work/ROS2_ws/install/py_pubsub/lib/py_pubsub
[0.806s] Installing test_yolo_service script to /home/zack/work/ROS2_ws/install/py_pubsub/lib/py_pubsub
[0.806s] Installing verify_calibration script to /home/zack/work/ROS2_ws/install/py_pubsub/lib/py_pubsub
[0.806s] Installing yolo_detect script to /home/zack/work/ROS2_ws/install/py_pubsub/lib/py_pubsub
[0.807s] Installing yolo_service script to /home/zack/work/ROS2_ws/install/py_pubsub/lib/py_pubsub
[0.807s] 
[0.807s] Installed /home/zack/work/ROS2_ws/build/py_pubsub
[0.807s] running install_data
[0.835s] Invoked command in '/home/zack/work/ROS2_ws/build/py_pubsub' returned '0': PYTHONPATH=/home/zack/work/ROS2_ws/build/py_pubsub/prefix_override:/home/zack/work/ROS2_ws/install/py_pubsub/lib/python3.10/site-packages:${PYTHONPATH} /usr/bin/python3 setup.py develop --editable --build-directory /home/zack/work/ROS2_ws/build/py_pubsub/build --no-deps install_data
