[0.430s] Invoking command in '/home/zack/work/ROS2_ws/build/hiwin_example': PYTHONPATH=/home/zack/work/ROS2_ws/build/hiwin_example/prefix_override:/home/zack/work/ROS2_ws/install/hiwin_example/lib/python3.10/site-packages:${PYTHONPATH} /usr/bin/python3 setup.py develop --editable --build-directory /home/zack/work/ROS2_ws/build/hiwin_example/build --no-deps install_data
[0.596s] running develop
[0.596s] /usr/lib/python3/dist-packages/setuptools/command/easy_install.py:158: EasyInstallDeprecationWarning: easy_install command is deprecated. Use build and pip and other standards-based tools.
[0.596s]   warnings.warn(
[0.597s] /usr/lib/python3/dist-packages/setuptools/command/install.py:34: SetuptoolsDeprecationWarning: setup.py install is deprecated. Use build and pip and other standards-based tools.
[0.597s]   warnings.warn(
[0.702s] running egg_info
[0.702s] writing hiwin_example.egg-info/PKG-INFO
[0.702s] writing dependency_links to hiwin_example.egg-info/dependency_links.txt
[0.702s] writing entry points to hiwin_example.egg-info/entry_points.txt
[0.703s] writing requirements to hiwin_example.egg-info/requires.txt
[0.703s] writing top-level names to hiwin_example.egg-info/top_level.txt
[0.704s] reading manifest file 'hiwin_example.egg-info/SOURCES.txt'
[0.704s] writing manifest file 'hiwin_example.egg-info/SOURCES.txt'
[0.705s] running build_ext
[0.705s] Creating /home/zack/work/ROS2_ws/install/hiwin_example/lib/python3.10/site-packages/hiwin-example.egg-link (link to .)
[0.706s] Installing manual_calibration script to /home/zack/work/ROS2_ws/install/hiwin_example/lib/hiwin_example
[0.706s] Installing strategy_example script to /home/zack/work/ROS2_ws/install/hiwin_example/lib/hiwin_example
[0.706s] Installing verify_calibration script to /home/zack/work/ROS2_ws/install/hiwin_example/lib/hiwin_example
[0.706s] 
[0.706s] Installed /home/zack/work/ROS2_ws/build/hiwin_example
[0.706s] running install_data
[0.732s] Invoked command in '/home/zack/work/ROS2_ws/build/hiwin_example' returned '0': PYTHONPATH=/home/zack/work/ROS2_ws/build/hiwin_example/prefix_override:/home/zack/work/ROS2_ws/install/hiwin_example/lib/python3.10/site-packages:${PYTHONPATH} /usr/bin/python3 setup.py develop --editable --build-directory /home/zack/work/ROS2_ws/build/hiwin_example/build --no-deps install_data
