[0.657s] Invoking command in '/home/zack/work/ROS2_ws/build/hiwin_example': PYTHONPATH=/home/zack/work/ROS2_ws/build/hiwin_example/prefix_override:/home/zack/work/ROS2_ws/install/hiwin_example/lib/python3.10/site-packages:${PYTHONPATH} /usr/bin/python3 setup.py develop --editable --build-directory /home/zack/work/ROS2_ws/build/hiwin_example/build --no-deps install_data
[0.834s] running develop
[0.834s] /usr/lib/python3/dist-packages/setuptools/command/easy_install.py:158: EasyInstallDeprecationWarning: easy_install command is deprecated. Use build and pip and other standards-based tools.
[0.834s]   warnings.warn(
[0.835s] /usr/lib/python3/dist-packages/setuptools/command/install.py:34: SetuptoolsDeprecationWarning: setup.py install is deprecated. Use build and pip and other standards-based tools.
[0.835s]   warnings.warn(
[0.947s] running egg_info
[0.947s] writing hiwin_example.egg-info/PKG-INFO
[0.947s] writing dependency_links to hiwin_example.egg-info/dependency_links.txt
[0.948s] writing entry points to hiwin_example.egg-info/entry_points.txt
[0.948s] writing requirements to hiwin_example.egg-info/requires.txt
[0.948s] writing top-level names to hiwin_example.egg-info/top_level.txt
[0.949s] reading manifest file 'hiwin_example.egg-info/SOURCES.txt'
[0.950s] writing manifest file 'hiwin_example.egg-info/SOURCES.txt'
[0.951s] running build_ext
[0.951s] Creating /home/zack/work/ROS2_ws/install/hiwin_example/lib/python3.10/site-packages/hiwin-example.egg-link (link to .)
[0.951s] Installing pool_arm script to /home/zack/work/ROS2_ws/install/hiwin_example/lib/hiwin_example
[0.951s] Installing strategy_example script to /home/zack/work/ROS2_ws/install/hiwin_example/lib/hiwin_example
[0.951s] 
[0.952s] Installed /home/zack/work/ROS2_ws/build/hiwin_example
[0.952s] running install_data
[0.985s] Invoked command in '/home/zack/work/ROS2_ws/build/hiwin_example' returned '0': PYTHONPATH=/home/zack/work/ROS2_ws/build/hiwin_example/prefix_override:/home/zack/work/ROS2_ws/install/hiwin_example/lib/python3.10/site-packages:${PYTHONPATH} /usr/bin/python3 setup.py develop --editable --build-directory /home/zack/work/ROS2_ws/build/hiwin_example/build --no-deps install_data
