-- Found ament_cmake: 1.3.5 (/opt/ros/humble/share/ament_cmake/cmake)
-- Override CMake install command with custom implementation using symlinks instead of copying resources
-- Found ament_cmake_ros: 0.10.0 (/opt/ros/humble/share/ament_cmake_ros/cmake)
-- Found rclcpp: 16.0.4 (/opt/ros/humble/share/rclcpp/cmake)
-- Found rosidl_generator_c: 3.1.4 (/opt/ros/humble/share/rosidl_generator_c/cmake)
-- Found rosidl_adapter: 3.1.4 (/opt/ros/humble/share/rosidl_adapter/cmake)
-- Found rosidl_generator_cpp: 3.1.4 (/opt/ros/humble/share/rosidl_generator_cpp/cmake)
-- Using all available rosidl_typesupport_c: rosidl_typesupport_fastrtps_c;rosidl_typesupport_introspection_c
-- Using all available rosidl_typesupport_cpp: rosidl_typesupport_fastrtps_cpp;rosidl_typesupport_introspection_cpp
-- Found rmw_implementation_cmake: 6.1.1 (/opt/ros/humble/share/rmw_implementation_cmake/cmake)
-- Found rmw_cyclonedds_cpp: 1.3.4 (/opt/ros/humble/share/rmw_cyclonedds_cpp/cmake)
-- Using RMW implementation 'rmw_cyclonedds_cpp' as default
-- Found rclcpp_action: 16.0.4 (/opt/ros/humble/share/rclcpp_action/cmake)
-- Found rclcpp_components: 16.0.4 (/opt/ros/humble/share/rclcpp_components/cmake)
-- Found hiwin_interfaces: 0.0.0 (/home/zack/work/ROS2_ws/install/hiwin_interfaces/share/hiwin_interfaces/cmake)
-- Found ament_lint_auto: 0.12.6 (/opt/ros/humble/share/ament_lint_auto/cmake)
-- Added test 'cppcheck' to perform static code analysis on C / C++ code
-- Configured cppcheck include dirs: $<BUILD_INTERFACE:/home/zack/work/ROS2_ws/src/Hiwin_libmodbus/hiwin_libmodbus/include>
-- Configured cppcheck exclude dirs and/or files: 
-- Added test 'flake8' to check Python code syntax and style conventions
-- Added test 'lint_cmake' to check CMake code style
-- Added test 'pep257' to check Python code against some of the docstring style conventions in PEP 257
-- Added test 'uncrustify' to check C / C++ code style
-- Configured uncrustify additional arguments: 
-- Added test 'xmllint' to check XML markup files
-- Configuring done
-- Generating done
-- Build files have been written to: /home/zack/work/ROS2_ws/build/hiwin_libmodbus
[35m[1mConsolidate compiler generated dependencies of target hiwin_libmodbus[0m
[  7%] Built target ament_cmake_python_symlink_hiwin_libmodbus
[ 42%] Built target hiwin_libmodbus
running egg_info
writing hiwin_libmodbus.egg-info/PKG-INFO
writing dependency_links to hiwin_libmodbus.egg-info/dependency_links.txt
writing top-level names to hiwin_libmodbus.egg-info/top_level.txt
reading manifest file 'hiwin_libmodbus.egg-info/SOURCES.txt'
writing manifest file 'hiwin_libmodbus.egg-info/SOURCES.txt'
[ 42%] Built target ament_cmake_python_build_hiwin_libmodbus_egg
[35m[1mConsolidate compiler generated dependencies of target hiwin_libmodbus_node[0m
[35m[1mConsolidate compiler generated dependencies of target hiwin_libmodbus_ctype_wrapper[0m
[35m[1mConsolidate compiler generated dependencies of target hiwinmodbus_server[0m
[35m[1mConsolidate compiler generated dependencies of target hiwinlibmodbus_server[0m
[ 71%] Built target hiwin_libmodbus_ctype_wrapper
[ 71%] Built target hiwin_libmodbus_node
[ 92%] Built target hiwinmodbus_server
[100%] Built target hiwinlibmodbus_server
-- Install configuration: "Release"
-- Execute custom install script
-- Up-to-date symlink: /home/zack/work/ROS2_ws/install/hiwin_libmodbus/include/hiwin_libmodbus/hiwin_libmodbus.hpp
-- Up-to-date symlink: /home/zack/work/ROS2_ws/install/hiwin_libmodbus/include/hiwin_libmodbus/visibility_control.h
-- Up-to-date symlink: /home/zack/work/ROS2_ws/install/hiwin_libmodbus/lib/hiwin_libmodbus/hiwinmodbus_server
-- Up-to-date symlink: /home/zack/work/ROS2_ws/install/hiwin_libmodbus/lib/hiwin_libmodbus/hiwinlibmodbus_server
-- Up-to-date symlink: /home/zack/work/ROS2_ws/install/hiwin_libmodbus/lib/hiwin_libmodbus/hiwin_libmodbus_node
-- Up-to-date symlink: /home/zack/work/ROS2_ws/install/hiwin_libmodbus/share/hiwin_libmodbus/environment/pythonpath.sh
-- Up-to-date symlink: /home/zack/work/ROS2_ws/install/hiwin_libmodbus/share/hiwin_libmodbus/environment/pythonpath.dsv
-- Up-to-date symlink: /home/zack/work/ROS2_ws/install/hiwin_libmodbus/local/lib/python3.10/dist-packages/hiwin_libmodbus-0.0.0-py3.10.egg-info/PKG-INFO
-- Up-to-date symlink: /home/zack/work/ROS2_ws/install/hiwin_libmodbus/local/lib/python3.10/dist-packages/hiwin_libmodbus-0.0.0-py3.10.egg-info/SOURCES.txt
-- Up-to-date symlink: /home/zack/work/ROS2_ws/install/hiwin_libmodbus/local/lib/python3.10/dist-packages/hiwin_libmodbus-0.0.0-py3.10.egg-info/dependency_links.txt
-- Up-to-date symlink: /home/zack/work/ROS2_ws/install/hiwin_libmodbus/local/lib/python3.10/dist-packages/hiwin_libmodbus-0.0.0-py3.10.egg-info/top_level.txt
-- Up-to-date symlink: /home/zack/work/ROS2_ws/install/hiwin_libmodbus/local/lib/python3.10/dist-packages/hiwin_libmodbus/__init__.py
-- Up-to-date symlink: /home/zack/work/ROS2_ws/install/hiwin_libmodbus/local/lib/python3.10/dist-packages/hiwin_libmodbus/hiwin_libmodbus.py
-- Up-to-date symlink: /home/zack/work/ROS2_ws/install/hiwin_libmodbus/lib/hiwin_libmodbus/Hiwin_API_test.py
-- Up-to-date symlink: /home/zack/work/ROS2_ws/install/hiwin_libmodbus/share/hiwin_libmodbus/environment/library_path.sh
-- Up-to-date symlink: /home/zack/work/ROS2_ws/install/hiwin_libmodbus/share/hiwin_libmodbus/environment/library_path.dsv
-- Up-to-date symlink: /home/zack/work/ROS2_ws/install/hiwin_libmodbus/share/ament_index/resource_index/package_run_dependencies/hiwin_libmodbus
-- Up-to-date symlink: /home/zack/work/ROS2_ws/install/hiwin_libmodbus/share/ament_index/resource_index/parent_prefix_path/hiwin_libmodbus
-- Up-to-date symlink: /home/zack/work/ROS2_ws/install/hiwin_libmodbus/share/hiwin_libmodbus/environment/ament_prefix_path.sh
-- Up-to-date symlink: /home/zack/work/ROS2_ws/install/hiwin_libmodbus/share/hiwin_libmodbus/environment/ament_prefix_path.dsv
-- Up-to-date symlink: /home/zack/work/ROS2_ws/install/hiwin_libmodbus/share/hiwin_libmodbus/environment/path.sh
-- Up-to-date symlink: /home/zack/work/ROS2_ws/install/hiwin_libmodbus/share/hiwin_libmodbus/environment/path.dsv
-- Up-to-date symlink: /home/zack/work/ROS2_ws/install/hiwin_libmodbus/share/hiwin_libmodbus/local_setup.bash
-- Up-to-date symlink: /home/zack/work/ROS2_ws/install/hiwin_libmodbus/share/hiwin_libmodbus/local_setup.sh
-- Up-to-date symlink: /home/zack/work/ROS2_ws/install/hiwin_libmodbus/share/hiwin_libmodbus/local_setup.zsh
-- Up-to-date symlink: /home/zack/work/ROS2_ws/install/hiwin_libmodbus/share/hiwin_libmodbus/local_setup.dsv
-- Symlinking: /home/zack/work/ROS2_ws/install/hiwin_libmodbus/share/hiwin_libmodbus/package.dsv
-- Up-to-date symlink: /home/zack/work/ROS2_ws/install/hiwin_libmodbus/share/ament_index/resource_index/packages/hiwin_libmodbus
-- Up-to-date symlink: /home/zack/work/ROS2_ws/install/hiwin_libmodbus/share/hiwin_libmodbus/cmake/ament_cmake_export_include_directories-extras.cmake
-- Up-to-date symlink: /home/zack/work/ROS2_ws/install/hiwin_libmodbus/share/hiwin_libmodbus/cmake/ament_cmake_export_libraries-extras.cmake
-- Up-to-date symlink: /home/zack/work/ROS2_ws/install/hiwin_libmodbus/share/hiwin_libmodbus/cmake/ament_cmake_export_targets-extras.cmake
-- Up-to-date symlink: /home/zack/work/ROS2_ws/install/hiwin_libmodbus/share/hiwin_libmodbus/cmake/hiwin_libmodbusConfig.cmake
-- Up-to-date symlink: /home/zack/work/ROS2_ws/install/hiwin_libmodbus/share/hiwin_libmodbus/cmake/hiwin_libmodbusConfig-version.cmake
-- Up-to-date symlink: /home/zack/work/ROS2_ws/install/hiwin_libmodbus/share/hiwin_libmodbus/package.xml
-- Up-to-date: /home/zack/work/ROS2_ws/install/hiwin_libmodbus/lib/libhiwin_libmodbus.so
-- Up-to-date: /home/zack/work/ROS2_ws/install/hiwin_libmodbus/lib/libhiwin_libmodbus_ctype_wrapper.so
Listing '/home/zack/work/ROS2_ws/install/hiwin_libmodbus/local/lib/python3.10/dist-packages/hiwin_libmodbus'...
-- Up-to-date: /home/zack/work/ROS2_ws/install/hiwin_libmodbus/share/hiwin_libmodbus/cmake/export_hiwin_libmodbusExport.cmake
-- Up-to-date: /home/zack/work/ROS2_ws/install/hiwin_libmodbus/share/hiwin_libmodbus/cmake/export_hiwin_libmodbusExport-release.cmake
