-- Found ament_cmake: 1.3.5 (/opt/ros/humble/share/ament_cmake/cmake)
-- Override CMake install command with custom implementation using symlinks instead of copying resources
-- Found hiwin_libmodbus: 0.0.0 (/home/zack/work/ROS2_ws/install/hiwin_libmodbus/share/hiwin_libmodbus/cmake)
-- Found hiwin_interfaces: 0.0.0 (/home/zack/work/ROS2_ws/install/hiwin_interfaces/share/hiwin_interfaces/cmake)
-- Found rosidl_generator_c: 3.1.4 (/opt/ros/humble/share/rosidl_generator_c/cmake)
-- Found rosidl_adapter: 3.1.4 (/opt/ros/humble/share/rosidl_adapter/cmake)
-- Found rosidl_generator_cpp: 3.1.4 (/opt/ros/humble/share/rosidl_generator_cpp/cmake)
-- Using all available rosidl_typesupport_c: rosidl_typesupport_fastrtps_c;rosidl_typesupport_introspection_c
-- Using all available rosidl_typesupport_cpp: rosidl_typesupport_fastrtps_cpp;rosidl_typesupport_introspection_cpp
-- Found rclpy: 3.3.8 (/opt/ros/humble/share/rclpy/cmake)
-- Found rclcpp: 16.0.4 (/opt/ros/humble/share/rclcpp/cmake)
-- Found rmw_implementation_cmake: 6.1.1 (/opt/ros/humble/share/rmw_implementation_cmake/cmake)
-- Found rmw_cyclonedds_cpp: 1.3.4 (/opt/ros/humble/share/rmw_cyclonedds_cpp/cmake)
-- Using RMW implementation 'rmw_cyclonedds_cpp' as default
-- Found ament_lint_auto: 0.12.6 (/opt/ros/humble/share/ament_lint_auto/cmake)
-- Added test 'flake8' to check Python code syntax and style conventions
-- Added test 'lint_cmake' to check CMake code style
-- Added test 'pep257' to check Python code against some of the docstring style conventions in PEP 257
-- Added test 'xmllint' to check XML markup files
-- Configuring done
-- Generating done
-- Build files have been written to: /home/zack/work/ROS2_ws/build/hiwin_service_client
-- Install configuration: ""
-- Execute custom install script
-- Up-to-date symlink: /home/zack/work/ROS2_ws/install/hiwin_service_client/share/ament_index/resource_index/package_run_dependencies/hiwin_service_client
-- Up-to-date symlink: /home/zack/work/ROS2_ws/install/hiwin_service_client/share/ament_index/resource_index/parent_prefix_path/hiwin_service_client
-- Up-to-date symlink: /home/zack/work/ROS2_ws/install/hiwin_service_client/share/hiwin_service_client/environment/ament_prefix_path.sh
-- Up-to-date symlink: /home/zack/work/ROS2_ws/install/hiwin_service_client/share/hiwin_service_client/environment/ament_prefix_path.dsv
-- Up-to-date symlink: /home/zack/work/ROS2_ws/install/hiwin_service_client/share/hiwin_service_client/environment/path.sh
-- Up-to-date symlink: /home/zack/work/ROS2_ws/install/hiwin_service_client/share/hiwin_service_client/environment/path.dsv
-- Up-to-date symlink: /home/zack/work/ROS2_ws/install/hiwin_service_client/share/hiwin_service_client/local_setup.bash
-- Up-to-date symlink: /home/zack/work/ROS2_ws/install/hiwin_service_client/share/hiwin_service_client/local_setup.sh
-- Up-to-date symlink: /home/zack/work/ROS2_ws/install/hiwin_service_client/share/hiwin_service_client/local_setup.zsh
-- Up-to-date symlink: /home/zack/work/ROS2_ws/install/hiwin_service_client/share/hiwin_service_client/local_setup.dsv
-- Symlinking: /home/zack/work/ROS2_ws/install/hiwin_service_client/share/hiwin_service_client/package.dsv
-- Up-to-date symlink: /home/zack/work/ROS2_ws/install/hiwin_service_client/share/ament_index/resource_index/packages/hiwin_service_client
-- Up-to-date symlink: /home/zack/work/ROS2_ws/install/hiwin_service_client/share/hiwin_service_client/cmake/hiwin_service_clientConfig.cmake
-- Up-to-date symlink: /home/zack/work/ROS2_ws/install/hiwin_service_client/share/hiwin_service_client/cmake/hiwin_service_clientConfig-version.cmake
-- Up-to-date symlink: /home/zack/work/ROS2_ws/install/hiwin_service_client/share/hiwin_service_client/package.xml
