[0.717s] Invoking command in '/home/zack/work/ROS2_ws/build/hiwin_example': PYTHONPATH=/home/zack/work/ROS2_ws/build/hiwin_example/prefix_override:/home/zack/work/ROS2_ws/install/hiwin_example/lib/python3.10/site-packages:${PYTHONPATH} /usr/bin/python3 setup.py develop --editable --build-directory /home/zack/work/ROS2_ws/build/hiwin_example/build --no-deps install_data
[0.917s] running develop
[0.917s] /usr/lib/python3/dist-packages/setuptools/command/easy_install.py:158: EasyInstallDeprecationWarning: easy_install command is deprecated. Use build and pip and other standards-based tools.
[0.917s]   warnings.warn(
[0.918s] /usr/lib/python3/dist-packages/setuptools/command/install.py:34: SetuptoolsDeprecationWarning: setup.py install is deprecated. Use build and pip and other standards-based tools.
[0.919s]   warnings.warn(
[1.037s] running egg_info
[1.037s] writing hiwin_example.egg-info/PKG-INFO
[1.037s] writing dependency_links to hiwin_example.egg-info/dependency_links.txt
[1.037s] writing entry points to hiwin_example.egg-info/entry_points.txt
[1.037s] writing requirements to hiwin_example.egg-info/requires.txt
[1.037s] writing top-level names to hiwin_example.egg-info/top_level.txt
[1.039s] reading manifest file 'hiwin_example.egg-info/SOURCES.txt'
[1.040s] writing manifest file 'hiwin_example.egg-info/SOURCES.txt'
[1.041s] running build_ext
[1.041s] Creating /home/zack/work/ROS2_ws/install/hiwin_example/lib/python3.10/site-packages/hiwin-example.egg-link (link to .)
[1.043s] Installing manual_calibration script to /home/zack/work/ROS2_ws/install/hiwin_example/lib/hiwin_example
[1.043s] Installing strategy_example script to /home/zack/work/ROS2_ws/install/hiwin_example/lib/hiwin_example
[1.043s] Installing verify_calibration script to /home/zack/work/ROS2_ws/install/hiwin_example/lib/hiwin_example
[1.043s] 
[1.043s] Installed /home/zack/work/ROS2_ws/build/hiwin_example
[1.043s] running install_data
[1.088s] Invoked command in '/home/zack/work/ROS2_ws/build/hiwin_example' returned '0': PYTHONPATH=/home/zack/work/ROS2_ws/build/hiwin_example/prefix_override:/home/zack/work/ROS2_ws/install/hiwin_example/lib/python3.10/site-packages:${PYTHONPATH} /usr/bin/python3 setup.py develop --editable --build-directory /home/zack/work/ROS2_ws/build/hiwin_example/build --no-deps install_data
