[0.577s] Invoking command in '/home/zack/work/ROS2_ws/build/hiwin_example': PYTHONPATH=/home/zack/work/ROS2_ws/build/hiwin_example/prefix_override:/home/zack/work/ROS2_ws/install/hiwin_example/lib/python3.10/site-packages:${PYTHONPATH} /usr/bin/python3 setup.py develop --editable --build-directory /home/zack/work/ROS2_ws/build/hiwin_example/build --no-deps install_data
[0.746s] running develop
[0.746s] /usr/lib/python3/dist-packages/setuptools/command/easy_install.py:158: EasyInstallDeprecationWarning: easy_install command is deprecated. Use build and pip and other standards-based tools.
[0.746s]   warnings.warn(
[0.747s] /usr/lib/python3/dist-packages/setuptools/command/install.py:34: SetuptoolsDeprecationWarning: setup.py install is deprecated. Use build and pip and other standards-based tools.
[0.747s]   warnings.warn(
[0.852s] running egg_info
[0.852s] writing hiwin_example.egg-info/PKG-INFO
[0.853s] writing dependency_links to hiwin_example.egg-info/dependency_links.txt
[0.853s] writing entry points to hiwin_example.egg-info/entry_points.txt
[0.853s] writing requirements to hiwin_example.egg-info/requires.txt
[0.853s] writing top-level names to hiwin_example.egg-info/top_level.txt
[0.855s] reading manifest file 'hiwin_example.egg-info/SOURCES.txt'
[0.855s] writing manifest file 'hiwin_example.egg-info/SOURCES.txt'
[0.856s] running build_ext
[0.856s] Creating /home/zack/work/ROS2_ws/install/hiwin_example/lib/python3.10/site-packages/hiwin-example.egg-link (link to .)
[0.857s] Installing manual_calibration script to /home/zack/work/ROS2_ws/install/hiwin_example/lib/hiwin_example
[0.857s] Installing strategy_example script to /home/zack/work/ROS2_ws/install/hiwin_example/lib/hiwin_example
[0.857s] Installing verify_calibration script to /home/zack/work/ROS2_ws/install/hiwin_example/lib/hiwin_example
[0.857s] 
[0.857s] Installed /home/zack/work/ROS2_ws/build/hiwin_example
[0.857s] running install_data
[0.891s] Invoked command in '/home/zack/work/ROS2_ws/build/hiwin_example' returned '0': PYTHONPATH=/home/zack/work/ROS2_ws/build/hiwin_example/prefix_override:/home/zack/work/ROS2_ws/install/hiwin_example/lib/python3.10/site-packages:${PYTHONPATH} /usr/bin/python3 setup.py develop --editable --build-directory /home/zack/work/ROS2_ws/build/hiwin_example/build --no-deps install_data
