[0.013s] Invoking command in '/home/zack/work/ROS2_ws/build/yolo_strategy_interfaces': CMAKE_PREFIX_PATH=${CMAKE_PREFIX_PATH}:/home/zack/work/ROS2_ws/install/py_pubsub:/home/zack/work/ROS2_ws/install/hiwin_example:/opt/ros/humble /usr/bin/cmake /home/zack/work/ROS2_ws/src/yolo_strategy_interfaces -DAMENT_CMAKE_SYMLINK_INSTALL=1 -DCMAKE_INSTALL_PREFIX=/home/zack/work/ROS2_ws/install/yolo_strategy_interfaces
[0.055s] -- The C compiler identification is GNU 11.3.0
[0.099s] -- The CXX compiler identification is GNU 11.3.0
[0.104s] -- Detecting C compiler ABI info
[0.155s] -- Detecting C compiler ABI info - done
[0.160s] -- Check for working C compiler: /usr/bin/cc - skipped
[0.160s] -- Detecting C compile features
[0.161s] -- Detecting C compile features - done
[0.163s] -- Detecting CXX compiler ABI info
[0.222s] -- Detecting CXX compiler ABI info - done
[0.226s] -- Check for working CXX compiler: /usr/bin/c++ - skipped
[0.226s] -- Detecting CXX compile features
[0.227s] -- Detecting CXX compile features - done
[0.230s] -- Found ament_cmake: 1.3.5 (/opt/ros/humble/share/ament_cmake/cmake)
[0.354s] -- Found Python3: /usr/bin/python3.10 (found version "3.10.6") found components: Interpreter 
[0.400s] -- Override CMake install command with custom implementation using symlinks instead of copying resources
[0.425s] -- Found geometry_msgs: 4.2.3 (/opt/ros/humble/share/geometry_msgs/cmake)
[0.455s] -- Found rosidl_generator_c: 3.1.4 (/opt/ros/humble/share/rosidl_generator_c/cmake)
[0.459s] -- Found rosidl_adapter: 3.1.4 (/opt/ros/humble/share/rosidl_adapter/cmake)
[0.466s] -- Found rosidl_generator_cpp: 3.1.4 (/opt/ros/humble/share/rosidl_generator_cpp/cmake)
[0.477s] -- Using all available rosidl_typesupport_c: rosidl_typesupport_fastrtps_c;rosidl_typesupport_introspection_c
[0.491s] -- Using all available rosidl_typesupport_cpp: rosidl_typesupport_fastrtps_cpp;rosidl_typesupport_introspection_cpp
[0.576s] -- Found rosidl_default_generators: 1.2.0 (/opt/ros/humble/share/rosidl_default_generators/cmake)
[0.779s] -- Found ament_cmake_ros: 0.10.0 (/opt/ros/humble/share/ament_cmake_ros/cmake)
[1.078s] -- Using all available rosidl_typesupport_c: rosidl_typesupport_fastrtps_c;rosidl_typesupport_introspection_c
[1.188s] -- Using all available rosidl_typesupport_cpp: rosidl_typesupport_fastrtps_cpp;rosidl_typesupport_introspection_cpp
[1.203s] -- Found PythonInterp: /usr/bin/python3 (found suitable version "3.10.6", minimum required is "3.6") 
[1.204s] -- Found python_cmake_module: 0.10.0 (/opt/ros/humble/share/python_cmake_module/cmake)
[1.223s] -- Found PythonLibs: /usr/lib/x86_64-linux-gnu/libpython3.10.so (found suitable version "3.10.6", minimum required is "3.5") 
[1.223s] -- Using PYTHON_EXECUTABLE: /usr/bin/python3
[1.223s] -- Using PYTHON_INCLUDE_DIRS: /usr/include/python3.10
[1.223s] -- Using PYTHON_LIBRARIES: /usr/lib/x86_64-linux-gnu/libpython3.10.so
[1.239s] -- Found PythonExtra: .so  
[1.278s] -- Found ament_lint_auto: 0.12.6 (/opt/ros/humble/share/ament_lint_auto/cmake)
[1.293s] -- Added test 'lint_cmake' to check CMake code style
[1.294s] -- Added test 'xmllint' to check XML markup files
[1.296s] -- Configuring done
[1.316s] -- Generating done
[1.318s] -- Build files have been written to: /home/zack/work/ROS2_ws/build/yolo_strategy_interfaces
[1.329s] Invoked command in '/home/zack/work/ROS2_ws/build/yolo_strategy_interfaces' returned '0': CMAKE_PREFIX_PATH=${CMAKE_PREFIX_PATH}:/home/zack/work/ROS2_ws/install/py_pubsub:/home/zack/work/ROS2_ws/install/hiwin_example:/opt/ros/humble /usr/bin/cmake /home/zack/work/ROS2_ws/src/yolo_strategy_interfaces -DAMENT_CMAKE_SYMLINK_INSTALL=1 -DCMAKE_INSTALL_PREFIX=/home/zack/work/ROS2_ws/install/yolo_strategy_interfaces
[1.331s] Invoking command in '/home/zack/work/ROS2_ws/build/yolo_strategy_interfaces': CMAKE_PREFIX_PATH=${CMAKE_PREFIX_PATH}:/home/zack/work/ROS2_ws/install/py_pubsub:/home/zack/work/ROS2_ws/install/hiwin_example:/opt/ros/humble /usr/bin/cmake --build /home/zack/work/ROS2_ws/build/yolo_strategy_interfaces -- -j16 -l16
[1.364s] [  3%] [34m[1mGenerating C code for ROS interfaces[0m
[1.370s] [  6%] [34m[1mGenerating C++ code for ROS interfaces[0m
[1.376s] [  6%] Built target ament_cmake_python_symlink_yolo_strategy_interfaces
[1.548s] running egg_info
[1.549s] creating yolo_strategy_interfaces.egg-info
[1.549s] writing yolo_strategy_interfaces.egg-info/PKG-INFO
[1.549s] writing dependency_links to yolo_strategy_interfaces.egg-info/dependency_links.txt
[1.549s] writing top-level names to yolo_strategy_interfaces.egg-info/top_level.txt
[1.550s] writing manifest file 'yolo_strategy_interfaces.egg-info/SOURCES.txt'
[1.551s] reading manifest file 'yolo_strategy_interfaces.egg-info/SOURCES.txt'
[1.551s] writing manifest file 'yolo_strategy_interfaces.egg-info/SOURCES.txt'
[1.558s] [  6%] Built target yolo_strategy_interfaces__cpp
[1.559s] [  9%] [32mBuilding C object CMakeFiles/yolo_strategy_interfaces__rosidl_generator_c.dir/rosidl_generator_c/yolo_strategy_interfaces/srv/detail/yolo_strategy__functions.c.o[0m
[1.566s] [ 19%] [34m[1mGenerating C++ type support for eProsima Fast-RTPS[0m
[1.566s] [ 19%] [34m[1mGenerating C++ introspection for ROS interfaces[0m
[1.566s] [ 19%] [34m[1mGenerating C++ type support dispatch for ROS interfaces[0m
[1.594s] [ 19%] Built target ament_cmake_python_build_yolo_strategy_interfaces_egg
[1.601s] [ 22%] [32m[1mLinking C shared library libyolo_strategy_interfaces__rosidl_generator_c.so[0m
[1.631s] [ 22%] Built target yolo_strategy_interfaces__rosidl_generator_c
[1.638s] [ 32%] [34m[1mGenerating C type support dispatch for ROS interfaces[0m
[1.638s] [ 32%] [34m[1mGenerating C type support for eProsima Fast-RTPS[0m
[1.639s] [ 32%] [34m[1mGenerating C introspection for ROS interfaces[0m
[1.741s] [ 35%] [32mBuilding CXX object CMakeFiles/yolo_strategy_interfaces__rosidl_typesupport_cpp.dir/rosidl_typesupport_cpp/yolo_strategy_interfaces/srv/yolo_strategy__type_support.cpp.o[0m
[1.759s] [ 38%] [32mBuilding CXX object CMakeFiles/yolo_strategy_interfaces__rosidl_typesupport_introspection_cpp.dir/rosidl_typesupport_introspection_cpp/yolo_strategy_interfaces/srv/detail/yolo_strategy__type_support.cpp.o[0m
[1.766s] [ 41%] [32mBuilding CXX object CMakeFiles/yolo_strategy_interfaces__rosidl_typesupport_fastrtps_cpp.dir/rosidl_typesupport_fastrtps_cpp/yolo_strategy_interfaces/srv/detail/dds_fastrtps/yolo_strategy__type_support.cpp.o[0m
[1.815s] [ 45%] [32mBuilding CXX object CMakeFiles/yolo_strategy_interfaces__rosidl_typesupport_c.dir/rosidl_typesupport_c/yolo_strategy_interfaces/srv/yolo_strategy__type_support.cpp.o[0m
[1.841s] [ 51%] [32mBuilding C object CMakeFiles/yolo_strategy_interfaces__rosidl_typesupport_introspection_c.dir/rosidl_typesupport_introspection_c/yolo_strategy_interfaces/srv/detail/yolo_strategy__type_support.c.o[0m
[1.841s] [ 51%] [32mBuilding CXX object CMakeFiles/yolo_strategy_interfaces__rosidl_typesupport_fastrtps_c.dir/rosidl_typesupport_fastrtps_c/yolo_strategy_interfaces/srv/detail/yolo_strategy__type_support_c.cpp.o[0m
[1.842s] [ 54%] [32m[1mLinking CXX shared library libyolo_strategy_interfaces__rosidl_typesupport_c.so[0m
[1.870s] [ 58%] [32m[1mLinking C shared library libyolo_strategy_interfaces__rosidl_typesupport_introspection_c.so[0m
[1.871s] [ 58%] Built target yolo_strategy_interfaces__rosidl_typesupport_c
[1.893s] [ 58%] Built target yolo_strategy_interfaces__rosidl_typesupport_introspection_c
[1.950s] [ 61%] [32m[1mLinking CXX shared library libyolo_strategy_interfaces__rosidl_typesupport_cpp.so[0m
[1.980s] [ 61%] Built target yolo_strategy_interfaces__rosidl_typesupport_cpp
[2.069s] [ 64%] [32m[1mLinking CXX shared library libyolo_strategy_interfaces__rosidl_typesupport_introspection_cpp.so[0m
[2.089s] [ 67%] [32m[1mLinking CXX shared library libyolo_strategy_interfaces__rosidl_typesupport_fastrtps_c.so[0m
[2.097s] [ 70%] [32m[1mLinking CXX shared library libyolo_strategy_interfaces__rosidl_typesupport_fastrtps_cpp.so[0m
[2.145s] [ 70%] Built target yolo_strategy_interfaces__rosidl_typesupport_introspection_cpp
[2.167s] [ 70%] Built target yolo_strategy_interfaces__rosidl_typesupport_fastrtps_c
[2.168s] [ 70%] Built target yolo_strategy_interfaces__rosidl_typesupport_fastrtps_cpp
[2.182s] [ 70%] Built target yolo_strategy_interfaces
[2.197s] [ 74%] [34m[1mGenerating Python code for ROS interfaces[0m
[2.424s] [ 74%] Built target yolo_strategy_interfaces__py
[2.439s] [ 77%] [32mBuilding C object CMakeFiles/yolo_strategy_interfaces__rosidl_generator_py.dir/rosidl_generator_py/yolo_strategy_interfaces/srv/_yolo_strategy_s.c.o[0m
[2.509s] [ 80%] [32m[1mLinking C shared library rosidl_generator_py/yolo_strategy_interfaces/libyolo_strategy_interfaces__rosidl_generator_py.so[0m
[2.541s] [ 80%] Built target yolo_strategy_interfaces__rosidl_generator_py
[2.555s] [ 90%] [32mBuilding C object CMakeFiles/yolo_strategy_interfaces__rosidl_typesupport_introspection_c__pyext.dir/rosidl_generator_py/yolo_strategy_interfaces/_yolo_strategy_interfaces_s.ep.rosidl_typesupport_introspection_c.c.o[0m
[2.555s] [ 90%] [32mBuilding C object CMakeFiles/yolo_strategy_interfaces__rosidl_typesupport_c__pyext.dir/rosidl_generator_py/yolo_strategy_interfaces/_yolo_strategy_interfaces_s.ep.rosidl_typesupport_c.c.o[0m
[2.555s] [ 90%] [32mBuilding C object CMakeFiles/yolo_strategy_interfaces__rosidl_typesupport_fastrtps_c__pyext.dir/rosidl_generator_py/yolo_strategy_interfaces/_yolo_strategy_interfaces_s.ep.rosidl_typesupport_fastrtps_c.c.o[0m
[2.622s] [100%] [32m[1mLinking C shared library rosidl_generator_py/yolo_strategy_interfaces/yolo_strategy_interfaces_s__rosidl_typesupport_introspection_c.cpython-310-x86_64-linux-gnu.so[0m
[2.623s] [100%] [32m[1mLinking C shared library rosidl_generator_py/yolo_strategy_interfaces/yolo_strategy_interfaces_s__rosidl_typesupport_c.cpython-310-x86_64-linux-gnu.so[0m
[2.623s] [100%] [32m[1mLinking C shared library rosidl_generator_py/yolo_strategy_interfaces/yolo_strategy_interfaces_s__rosidl_typesupport_fastrtps_c.cpython-310-x86_64-linux-gnu.so[0m
[2.652s] [100%] Built target yolo_strategy_interfaces__rosidl_typesupport_introspection_c__pyext
[2.652s] [100%] Built target yolo_strategy_interfaces__rosidl_typesupport_c__pyext
[2.652s] [100%] Built target yolo_strategy_interfaces__rosidl_typesupport_fastrtps_c__pyext
[2.660s] Invoked command in '/home/zack/work/ROS2_ws/build/yolo_strategy_interfaces' returned '0': CMAKE_PREFIX_PATH=${CMAKE_PREFIX_PATH}:/home/zack/work/ROS2_ws/install/py_pubsub:/home/zack/work/ROS2_ws/install/hiwin_example:/opt/ros/humble /usr/bin/cmake --build /home/zack/work/ROS2_ws/build/yolo_strategy_interfaces -- -j16 -l16
[2.714s] Invoking command in '/home/zack/work/ROS2_ws/build/yolo_strategy_interfaces': CMAKE_PREFIX_PATH=${CMAKE_PREFIX_PATH}:/home/zack/work/ROS2_ws/install/py_pubsub:/home/zack/work/ROS2_ws/install/hiwin_example:/opt/ros/humble /usr/bin/cmake --install /home/zack/work/ROS2_ws/build/yolo_strategy_interfaces
[2.721s] -- Install configuration: ""
[2.721s] -- Execute custom install script
[2.721s] -- Symlinking: /home/zack/work/ROS2_ws/install/yolo_strategy_interfaces/share/ament_index/resource_index/rosidl_interfaces/yolo_strategy_interfaces
[2.727s] -- Symlinking: /home/zack/work/ROS2_ws/install/yolo_strategy_interfaces/include/yolo_strategy_interfaces/yolo_strategy_interfaces/msg/rosidl_generator_c__visibility_control.h
[2.733s] -- Symlinking: /home/zack/work/ROS2_ws/install/yolo_strategy_interfaces/include/yolo_strategy_interfaces/yolo_strategy_interfaces/srv/detail/yolo_strategy__functions.h
[2.739s] -- Symlinking: /home/zack/work/ROS2_ws/install/yolo_strategy_interfaces/include/yolo_strategy_interfaces/yolo_strategy_interfaces/srv/detail/yolo_strategy__struct.h
[2.744s] -- Symlinking: /home/zack/work/ROS2_ws/install/yolo_strategy_interfaces/include/yolo_strategy_interfaces/yolo_strategy_interfaces/srv/detail/yolo_strategy__type_support.h
[2.749s] -- Symlinking: /home/zack/work/ROS2_ws/install/yolo_strategy_interfaces/include/yolo_strategy_interfaces/yolo_strategy_interfaces/srv/yolo_strategy.h
[2.754s] -- Symlinking: /home/zack/work/ROS2_ws/install/yolo_strategy_interfaces/share/yolo_strategy_interfaces/environment/library_path.sh
[2.759s] -- Symlinking: /home/zack/work/ROS2_ws/install/yolo_strategy_interfaces/share/yolo_strategy_interfaces/environment/library_path.dsv
[2.764s] -- Symlinking: /home/zack/work/ROS2_ws/install/yolo_strategy_interfaces/include/yolo_strategy_interfaces/yolo_strategy_interfaces/msg/rosidl_typesupport_fastrtps_c__visibility_control.h
[2.769s] -- Symlinking: /home/zack/work/ROS2_ws/install/yolo_strategy_interfaces/include/yolo_strategy_interfaces/yolo_strategy_interfaces/srv/detail/yolo_strategy__rosidl_typesupport_fastrtps_c.h
[2.774s] -- Symlinking: /home/zack/work/ROS2_ws/install/yolo_strategy_interfaces/include/yolo_strategy_interfaces/yolo_strategy_interfaces/srv/detail/yolo_strategy__builder.hpp
[2.778s] -- Symlinking: /home/zack/work/ROS2_ws/install/yolo_strategy_interfaces/include/yolo_strategy_interfaces/yolo_strategy_interfaces/srv/detail/yolo_strategy__struct.hpp
[2.783s] -- Symlinking: /home/zack/work/ROS2_ws/install/yolo_strategy_interfaces/include/yolo_strategy_interfaces/yolo_strategy_interfaces/srv/detail/yolo_strategy__traits.hpp
[2.788s] -- Symlinking: /home/zack/work/ROS2_ws/install/yolo_strategy_interfaces/include/yolo_strategy_interfaces/yolo_strategy_interfaces/srv/yolo_strategy.hpp
[2.793s] -- Symlinking: /home/zack/work/ROS2_ws/install/yolo_strategy_interfaces/include/yolo_strategy_interfaces/yolo_strategy_interfaces/msg/rosidl_typesupport_fastrtps_cpp__visibility_control.h
[2.797s] -- Symlinking: /home/zack/work/ROS2_ws/install/yolo_strategy_interfaces/include/yolo_strategy_interfaces/yolo_strategy_interfaces/srv/detail/yolo_strategy__rosidl_typesupport_fastrtps_cpp.hpp
[2.802s] -- Symlinking: /home/zack/work/ROS2_ws/install/yolo_strategy_interfaces/include/yolo_strategy_interfaces/yolo_strategy_interfaces/msg/rosidl_typesupport_introspection_c__visibility_control.h
[2.807s] -- Symlinking: /home/zack/work/ROS2_ws/install/yolo_strategy_interfaces/include/yolo_strategy_interfaces/yolo_strategy_interfaces/srv/detail/yolo_strategy__rosidl_typesupport_introspection_c.h
[2.812s] -- Symlinking: /home/zack/work/ROS2_ws/install/yolo_strategy_interfaces/include/yolo_strategy_interfaces/yolo_strategy_interfaces/srv/detail/yolo_strategy__rosidl_typesupport_introspection_cpp.hpp
[2.817s] -- Symlinking: /home/zack/work/ROS2_ws/install/yolo_strategy_interfaces/share/yolo_strategy_interfaces/environment/pythonpath.sh
[2.822s] -- Symlinking: /home/zack/work/ROS2_ws/install/yolo_strategy_interfaces/share/yolo_strategy_interfaces/environment/pythonpath.dsv
[2.827s] -- Symlinking: /home/zack/work/ROS2_ws/install/yolo_strategy_interfaces/local/lib/python3.10/dist-packages/yolo_strategy_interfaces-0.0.0-py3.10.egg-info/PKG-INFO
[2.833s] -- Symlinking: /home/zack/work/ROS2_ws/install/yolo_strategy_interfaces/local/lib/python3.10/dist-packages/yolo_strategy_interfaces-0.0.0-py3.10.egg-info/SOURCES.txt
[2.838s] -- Symlinking: /home/zack/work/ROS2_ws/install/yolo_strategy_interfaces/local/lib/python3.10/dist-packages/yolo_strategy_interfaces-0.0.0-py3.10.egg-info/dependency_links.txt
[2.843s] -- Symlinking: /home/zack/work/ROS2_ws/install/yolo_strategy_interfaces/local/lib/python3.10/dist-packages/yolo_strategy_interfaces-0.0.0-py3.10.egg-info/top_level.txt
[2.848s] -- Symlinking: /home/zack/work/ROS2_ws/install/yolo_strategy_interfaces/local/lib/python3.10/dist-packages/yolo_strategy_interfaces/__init__.py
[2.854s] -- Symlinking: /home/zack/work/ROS2_ws/install/yolo_strategy_interfaces/local/lib/python3.10/dist-packages/yolo_strategy_interfaces/_yolo_strategy_interfaces_s.ep.rosidl_typesupport_c.c
[2.858s] -- Symlinking: /home/zack/work/ROS2_ws/install/yolo_strategy_interfaces/local/lib/python3.10/dist-packages/yolo_strategy_interfaces/_yolo_strategy_interfaces_s.ep.rosidl_typesupport_fastrtps_c.c
[2.863s] -- Symlinking: /home/zack/work/ROS2_ws/install/yolo_strategy_interfaces/local/lib/python3.10/dist-packages/yolo_strategy_interfaces/_yolo_strategy_interfaces_s.ep.rosidl_typesupport_introspection_c.c
[2.868s] -- Symlinking: /home/zack/work/ROS2_ws/install/yolo_strategy_interfaces/local/lib/python3.10/dist-packages/yolo_strategy_interfaces/libyolo_strategy_interfaces__rosidl_generator_py.so
[2.872s] -- Symlinking: /home/zack/work/ROS2_ws/install/yolo_strategy_interfaces/local/lib/python3.10/dist-packages/yolo_strategy_interfaces/srv/__init__.py
[2.877s] -- Symlinking: /home/zack/work/ROS2_ws/install/yolo_strategy_interfaces/local/lib/python3.10/dist-packages/yolo_strategy_interfaces/srv/_yolo_strategy.py
[2.881s] -- Symlinking: /home/zack/work/ROS2_ws/install/yolo_strategy_interfaces/local/lib/python3.10/dist-packages/yolo_strategy_interfaces/srv/_yolo_strategy_s.c
[2.886s] -- Symlinking: /home/zack/work/ROS2_ws/install/yolo_strategy_interfaces/local/lib/python3.10/dist-packages/yolo_strategy_interfaces/yolo_strategy_interfaces_s__rosidl_typesupport_c.cpython-310-x86_64-linux-gnu.so
[2.891s] -- Symlinking: /home/zack/work/ROS2_ws/install/yolo_strategy_interfaces/local/lib/python3.10/dist-packages/yolo_strategy_interfaces/yolo_strategy_interfaces_s__rosidl_typesupport_fastrtps_c.cpython-310-x86_64-linux-gnu.so
[2.895s] -- Symlinking: /home/zack/work/ROS2_ws/install/yolo_strategy_interfaces/local/lib/python3.10/dist-packages/yolo_strategy_interfaces/yolo_strategy_interfaces_s__rosidl_typesupport_introspection_c.cpython-310-x86_64-linux-gnu.so
[2.900s] -- Up-to-date symlink: /home/zack/work/ROS2_ws/install/yolo_strategy_interfaces/local/lib/python3.10/dist-packages/yolo_strategy_interfaces/yolo_strategy_interfaces_s__rosidl_typesupport_fastrtps_c.cpython-310-x86_64-linux-gnu.so
[2.900s] -- Up-to-date symlink: /home/zack/work/ROS2_ws/install/yolo_strategy_interfaces/local/lib/python3.10/dist-packages/yolo_strategy_interfaces/yolo_strategy_interfaces_s__rosidl_typesupport_introspection_c.cpython-310-x86_64-linux-gnu.so
[2.900s] -- Up-to-date symlink: /home/zack/work/ROS2_ws/install/yolo_strategy_interfaces/local/lib/python3.10/dist-packages/yolo_strategy_interfaces/yolo_strategy_interfaces_s__rosidl_typesupport_c.cpython-310-x86_64-linux-gnu.so
[2.901s] -- Symlinking: /home/zack/work/ROS2_ws/install/yolo_strategy_interfaces/share/yolo_strategy_interfaces/srv/YoloStrategy.idl
[2.905s] -- Symlinking: /home/zack/work/ROS2_ws/install/yolo_strategy_interfaces/share/yolo_strategy_interfaces/srv/YoloStrategy.srv
[2.910s] -- Symlinking: /home/zack/work/ROS2_ws/install/yolo_strategy_interfaces/share/yolo_strategy_interfaces/srv/YoloStrategy_Request.msg
[2.915s] -- Symlinking: /home/zack/work/ROS2_ws/install/yolo_strategy_interfaces/share/yolo_strategy_interfaces/srv/YoloStrategy_Response.msg
[2.920s] -- Symlinking: /home/zack/work/ROS2_ws/install/yolo_strategy_interfaces/share/ament_index/resource_index/package_run_dependencies/yolo_strategy_interfaces
[2.924s] -- Symlinking: /home/zack/work/ROS2_ws/install/yolo_strategy_interfaces/share/ament_index/resource_index/parent_prefix_path/yolo_strategy_interfaces
[2.930s] -- Symlinking: /home/zack/work/ROS2_ws/install/yolo_strategy_interfaces/share/yolo_strategy_interfaces/environment/ament_prefix_path.sh
[2.935s] -- Symlinking: /home/zack/work/ROS2_ws/install/yolo_strategy_interfaces/share/yolo_strategy_interfaces/environment/ament_prefix_path.dsv
[2.940s] -- Symlinking: /home/zack/work/ROS2_ws/install/yolo_strategy_interfaces/share/yolo_strategy_interfaces/environment/path.sh
[2.945s] -- Symlinking: /home/zack/work/ROS2_ws/install/yolo_strategy_interfaces/share/yolo_strategy_interfaces/environment/path.dsv
[2.949s] -- Symlinking: /home/zack/work/ROS2_ws/install/yolo_strategy_interfaces/share/yolo_strategy_interfaces/local_setup.bash
[2.954s] -- Symlinking: /home/zack/work/ROS2_ws/install/yolo_strategy_interfaces/share/yolo_strategy_interfaces/local_setup.sh
[2.958s] -- Symlinking: /home/zack/work/ROS2_ws/install/yolo_strategy_interfaces/share/yolo_strategy_interfaces/local_setup.zsh
[2.963s] -- Symlinking: /home/zack/work/ROS2_ws/install/yolo_strategy_interfaces/share/yolo_strategy_interfaces/local_setup.dsv
[2.967s] -- Symlinking: /home/zack/work/ROS2_ws/install/yolo_strategy_interfaces/share/yolo_strategy_interfaces/package.dsv
[2.971s] -- Symlinking: /home/zack/work/ROS2_ws/install/yolo_strategy_interfaces/share/ament_index/resource_index/packages/yolo_strategy_interfaces
[2.976s] -- Symlinking: /home/zack/work/ROS2_ws/install/yolo_strategy_interfaces/share/yolo_strategy_interfaces/cmake/rosidl_cmake-extras.cmake
[2.981s] -- Symlinking: /home/zack/work/ROS2_ws/install/yolo_strategy_interfaces/share/yolo_strategy_interfaces/cmake/ament_cmake_export_dependencies-extras.cmake
[2.985s] -- Symlinking: /home/zack/work/ROS2_ws/install/yolo_strategy_interfaces/share/yolo_strategy_interfaces/cmake/ament_cmake_export_include_directories-extras.cmake
[2.988s] -- Symlinking: /home/zack/work/ROS2_ws/install/yolo_strategy_interfaces/share/yolo_strategy_interfaces/cmake/ament_cmake_export_libraries-extras.cmake
[2.993s] -- Symlinking: /home/zack/work/ROS2_ws/install/yolo_strategy_interfaces/share/yolo_strategy_interfaces/cmake/ament_cmake_export_targets-extras.cmake
[2.998s] -- Symlinking: /home/zack/work/ROS2_ws/install/yolo_strategy_interfaces/share/yolo_strategy_interfaces/cmake/rosidl_cmake_export_typesupport_targets-extras.cmake
[3.002s] -- Symlinking: /home/zack/work/ROS2_ws/install/yolo_strategy_interfaces/share/yolo_strategy_interfaces/cmake/rosidl_cmake_export_typesupport_libraries-extras.cmake
[3.007s] -- Symlinking: /home/zack/work/ROS2_ws/install/yolo_strategy_interfaces/share/yolo_strategy_interfaces/cmake/yolo_strategy_interfacesConfig.cmake
[3.011s] -- Symlinking: /home/zack/work/ROS2_ws/install/yolo_strategy_interfaces/share/yolo_strategy_interfaces/cmake/yolo_strategy_interfacesConfig-version.cmake
[3.016s] -- Symlinking: /home/zack/work/ROS2_ws/install/yolo_strategy_interfaces/share/yolo_strategy_interfaces/package.xml
[3.020s] -- Installing: /home/zack/work/ROS2_ws/install/yolo_strategy_interfaces/lib/libyolo_strategy_interfaces__rosidl_generator_c.so
[3.021s] -- Set runtime path of "/home/zack/work/ROS2_ws/install/yolo_strategy_interfaces/lib/libyolo_strategy_interfaces__rosidl_generator_c.so" to ""
[3.021s] -- Installing: /home/zack/work/ROS2_ws/install/yolo_strategy_interfaces/lib/libyolo_strategy_interfaces__rosidl_typesupport_fastrtps_c.so
[3.021s] -- Set runtime path of "/home/zack/work/ROS2_ws/install/yolo_strategy_interfaces/lib/libyolo_strategy_interfaces__rosidl_typesupport_fastrtps_c.so" to ""
[3.021s] -- Installing: /home/zack/work/ROS2_ws/install/yolo_strategy_interfaces/lib/libyolo_strategy_interfaces__rosidl_typesupport_fastrtps_cpp.so
[3.021s] -- Set runtime path of "/home/zack/work/ROS2_ws/install/yolo_strategy_interfaces/lib/libyolo_strategy_interfaces__rosidl_typesupport_fastrtps_cpp.so" to ""
[3.021s] -- Installing: /home/zack/work/ROS2_ws/install/yolo_strategy_interfaces/lib/libyolo_strategy_interfaces__rosidl_typesupport_introspection_c.so
[3.022s] -- Set runtime path of "/home/zack/work/ROS2_ws/install/yolo_strategy_interfaces/lib/libyolo_strategy_interfaces__rosidl_typesupport_introspection_c.so" to ""
[3.022s] -- Installing: /home/zack/work/ROS2_ws/install/yolo_strategy_interfaces/lib/libyolo_strategy_interfaces__rosidl_typesupport_c.so
[3.022s] -- Set runtime path of "/home/zack/work/ROS2_ws/install/yolo_strategy_interfaces/lib/libyolo_strategy_interfaces__rosidl_typesupport_c.so" to ""
[3.022s] -- Installing: /home/zack/work/ROS2_ws/install/yolo_strategy_interfaces/lib/libyolo_strategy_interfaces__rosidl_typesupport_introspection_cpp.so
[3.022s] -- Set runtime path of "/home/zack/work/ROS2_ws/install/yolo_strategy_interfaces/lib/libyolo_strategy_interfaces__rosidl_typesupport_introspection_cpp.so" to ""
[3.022s] -- Installing: /home/zack/work/ROS2_ws/install/yolo_strategy_interfaces/lib/libyolo_strategy_interfaces__rosidl_typesupport_cpp.so
[3.022s] -- Set runtime path of "/home/zack/work/ROS2_ws/install/yolo_strategy_interfaces/lib/libyolo_strategy_interfaces__rosidl_typesupport_cpp.so" to ""
[3.046s] Listing '/home/zack/work/ROS2_ws/install/yolo_strategy_interfaces/local/lib/python3.10/dist-packages/yolo_strategy_interfaces'...
[3.046s] Compiling '/home/zack/work/ROS2_ws/install/yolo_strategy_interfaces/local/lib/python3.10/dist-packages/yolo_strategy_interfaces/__init__.py'...
[3.046s] Listing '/home/zack/work/ROS2_ws/install/yolo_strategy_interfaces/local/lib/python3.10/dist-packages/yolo_strategy_interfaces/srv'...
[3.046s] Compiling '/home/zack/work/ROS2_ws/install/yolo_strategy_interfaces/local/lib/python3.10/dist-packages/yolo_strategy_interfaces/srv/__init__.py'...
[3.046s] Compiling '/home/zack/work/ROS2_ws/install/yolo_strategy_interfaces/local/lib/python3.10/dist-packages/yolo_strategy_interfaces/srv/_yolo_strategy.py'...
[3.049s] -- Installing: /home/zack/work/ROS2_ws/install/yolo_strategy_interfaces/lib/libyolo_strategy_interfaces__rosidl_generator_py.so
[3.050s] -- Set runtime path of "/home/zack/work/ROS2_ws/install/yolo_strategy_interfaces/lib/libyolo_strategy_interfaces__rosidl_generator_py.so" to ""
[3.050s] -- Installing: /home/zack/work/ROS2_ws/install/yolo_strategy_interfaces/share/yolo_strategy_interfaces/cmake/export_yolo_strategy_interfaces__rosidl_generator_cExport.cmake
[3.050s] -- Installing: /home/zack/work/ROS2_ws/install/yolo_strategy_interfaces/share/yolo_strategy_interfaces/cmake/export_yolo_strategy_interfaces__rosidl_generator_cExport-noconfig.cmake
[3.050s] -- Installing: /home/zack/work/ROS2_ws/install/yolo_strategy_interfaces/share/yolo_strategy_interfaces/cmake/export_yolo_strategy_interfaces__rosidl_typesupport_fastrtps_cExport.cmake
[3.050s] -- Installing: /home/zack/work/ROS2_ws/install/yolo_strategy_interfaces/share/yolo_strategy_interfaces/cmake/export_yolo_strategy_interfaces__rosidl_typesupport_fastrtps_cExport-noconfig.cmake
[3.050s] -- Installing: /home/zack/work/ROS2_ws/install/yolo_strategy_interfaces/share/yolo_strategy_interfaces/cmake/export_yolo_strategy_interfaces__rosidl_generator_cppExport.cmake
[3.050s] -- Installing: /home/zack/work/ROS2_ws/install/yolo_strategy_interfaces/share/yolo_strategy_interfaces/cmake/export_yolo_strategy_interfaces__rosidl_typesupport_fastrtps_cppExport.cmake
[3.051s] -- Installing: /home/zack/work/ROS2_ws/install/yolo_strategy_interfaces/share/yolo_strategy_interfaces/cmake/export_yolo_strategy_interfaces__rosidl_typesupport_fastrtps_cppExport-noconfig.cmake
[3.051s] -- Installing: /home/zack/work/ROS2_ws/install/yolo_strategy_interfaces/share/yolo_strategy_interfaces/cmake/yolo_strategy_interfaces__rosidl_typesupport_introspection_cExport.cmake
[3.051s] -- Installing: /home/zack/work/ROS2_ws/install/yolo_strategy_interfaces/share/yolo_strategy_interfaces/cmake/yolo_strategy_interfaces__rosidl_typesupport_introspection_cExport-noconfig.cmake
[3.051s] -- Installing: /home/zack/work/ROS2_ws/install/yolo_strategy_interfaces/share/yolo_strategy_interfaces/cmake/yolo_strategy_interfaces__rosidl_typesupport_cExport.cmake
[3.051s] -- Installing: /home/zack/work/ROS2_ws/install/yolo_strategy_interfaces/share/yolo_strategy_interfaces/cmake/yolo_strategy_interfaces__rosidl_typesupport_cExport-noconfig.cmake
[3.052s] -- Installing: /home/zack/work/ROS2_ws/install/yolo_strategy_interfaces/share/yolo_strategy_interfaces/cmake/yolo_strategy_interfaces__rosidl_typesupport_introspection_cppExport.cmake
[3.052s] -- Installing: /home/zack/work/ROS2_ws/install/yolo_strategy_interfaces/share/yolo_strategy_interfaces/cmake/yolo_strategy_interfaces__rosidl_typesupport_introspection_cppExport-noconfig.cmake
[3.052s] -- Installing: /home/zack/work/ROS2_ws/install/yolo_strategy_interfaces/share/yolo_strategy_interfaces/cmake/yolo_strategy_interfaces__rosidl_typesupport_cppExport.cmake
[3.052s] -- Installing: /home/zack/work/ROS2_ws/install/yolo_strategy_interfaces/share/yolo_strategy_interfaces/cmake/yolo_strategy_interfaces__rosidl_typesupport_cppExport-noconfig.cmake
[3.052s] -- Installing: /home/zack/work/ROS2_ws/install/yolo_strategy_interfaces/share/yolo_strategy_interfaces/cmake/export_yolo_strategy_interfaces__rosidl_generator_pyExport.cmake
[3.053s] -- Installing: /home/zack/work/ROS2_ws/install/yolo_strategy_interfaces/share/yolo_strategy_interfaces/cmake/export_yolo_strategy_interfaces__rosidl_generator_pyExport-noconfig.cmake
[3.060s] Invoked command in '/home/zack/work/ROS2_ws/build/yolo_strategy_interfaces' returned '0': CMAKE_PREFIX_PATH=${CMAKE_PREFIX_PATH}:/home/zack/work/ROS2_ws/install/py_pubsub:/home/zack/work/ROS2_ws/install/hiwin_example:/opt/ros/humble /usr/bin/cmake --install /home/zack/work/ROS2_ws/build/yolo_strategy_interfaces
