[0.008s] Invoking command in '/home/zack/work/ROS2_ws/build/hiwin_libmodbus': CMAKE_PREFIX_PATH=/home/zack/work/ROS2_ws/install/hiwin_interfaces:/home/zack/work/ROS2_ws/install/yolo_strategy_interfaces:/home/zack/work/ROS2_ws/install/hiwin_service_client:/home/zack/work/ROS2_ws/install/hiwin_libmodbus:/home/zack/work/ROS2_ws/install/py_pubsub:/home/zack/work/ROS2_ws/install/hiwin_example:/opt/ros/humble LD_LIBRARY_PATH=/home/zack/work/ROS2_ws/install/hiwin_interfaces/lib:/home/zack/work/ROS2_ws/install/yolo_strategy_interfaces/lib:/home/zack/work/ROS2_ws/install/hiwin_libmodbus/lib:/opt/ros/humble/opt/rviz_ogre_vendor/lib:/opt/ros/humble/lib/x86_64-linux-gnu:/opt/ros/humble/lib:/usr/local/nvidia/lib:/usr/local/nvidia/lib64 /usr/bin/cmake --build /home/zack/work/ROS2_ws/build/hiwin_libmodbus -- -j16 -l16
[0.054s] [ 42%] Built target hiwin_libmodbus
[0.054s] [ 42%] Built target ament_cmake_python_symlink_hiwin_libmodbus
[0.068s] [ 71%] Built target hiwin_libmodbus_ctype_wrapper
[0.068s] [ 71%] Built target hiwin_libmodbus_node
[0.076s] [100%] Built target hiwinlibmodbus_server
[0.077s] [100%] Built target hiwinmodbus_server
[0.227s] running egg_info
[0.228s] writing hiwin_libmodbus.egg-info/PKG-INFO
[0.228s] writing dependency_links to hiwin_libmodbus.egg-info/dependency_links.txt
[0.228s] writing top-level names to hiwin_libmodbus.egg-info/top_level.txt
[0.229s] reading manifest file 'hiwin_libmodbus.egg-info/SOURCES.txt'
[0.230s] writing manifest file 'hiwin_libmodbus.egg-info/SOURCES.txt'
[0.251s] [100%] Built target ament_cmake_python_build_hiwin_libmodbus_egg
[0.258s] Invoked command in '/home/zack/work/ROS2_ws/build/hiwin_libmodbus' returned '0': CMAKE_PREFIX_PATH=/home/zack/work/ROS2_ws/install/hiwin_interfaces:/home/zack/work/ROS2_ws/install/yolo_strategy_interfaces:/home/zack/work/ROS2_ws/install/hiwin_service_client:/home/zack/work/ROS2_ws/install/hiwin_libmodbus:/home/zack/work/ROS2_ws/install/py_pubsub:/home/zack/work/ROS2_ws/install/hiwin_example:/opt/ros/humble LD_LIBRARY_PATH=/home/zack/work/ROS2_ws/install/hiwin_interfaces/lib:/home/zack/work/ROS2_ws/install/yolo_strategy_interfaces/lib:/home/zack/work/ROS2_ws/install/hiwin_libmodbus/lib:/opt/ros/humble/opt/rviz_ogre_vendor/lib:/opt/ros/humble/lib/x86_64-linux-gnu:/opt/ros/humble/lib:/usr/local/nvidia/lib:/usr/local/nvidia/lib64 /usr/bin/cmake --build /home/zack/work/ROS2_ws/build/hiwin_libmodbus -- -j16 -l16
[0.291s] Invoking command in '/home/zack/work/ROS2_ws/build/hiwin_libmodbus': CMAKE_PREFIX_PATH=/home/zack/work/ROS2_ws/install/hiwin_interfaces:/home/zack/work/ROS2_ws/install/yolo_strategy_interfaces:/home/zack/work/ROS2_ws/install/hiwin_service_client:/home/zack/work/ROS2_ws/install/hiwin_libmodbus:/home/zack/work/ROS2_ws/install/py_pubsub:/home/zack/work/ROS2_ws/install/hiwin_example:/opt/ros/humble LD_LIBRARY_PATH=/home/zack/work/ROS2_ws/install/hiwin_interfaces/lib:/home/zack/work/ROS2_ws/install/yolo_strategy_interfaces/lib:/home/zack/work/ROS2_ws/install/hiwin_libmodbus/lib:/opt/ros/humble/opt/rviz_ogre_vendor/lib:/opt/ros/humble/lib/x86_64-linux-gnu:/opt/ros/humble/lib:/usr/local/nvidia/lib:/usr/local/nvidia/lib64 /usr/bin/cmake --install /home/zack/work/ROS2_ws/build/hiwin_libmodbus
[0.295s] -- Install configuration: ""
[0.296s] -- Execute custom install script
[0.296s] -- Up-to-date symlink: /home/zack/work/ROS2_ws/install/hiwin_libmodbus/include/hiwin_libmodbus/hiwin_libmodbus.hpp
[0.296s] -- Up-to-date symlink: /home/zack/work/ROS2_ws/install/hiwin_libmodbus/include/hiwin_libmodbus/visibility_control.h
[0.297s] -- Up-to-date symlink: /home/zack/work/ROS2_ws/install/hiwin_libmodbus/lib/hiwin_libmodbus/hiwinmodbus_server
[0.297s] -- Up-to-date symlink: /home/zack/work/ROS2_ws/install/hiwin_libmodbus/lib/hiwin_libmodbus/hiwinlibmodbus_server
[0.297s] -- Up-to-date symlink: /home/zack/work/ROS2_ws/install/hiwin_libmodbus/lib/hiwin_libmodbus/hiwin_libmodbus_node
[0.298s] -- Up-to-date symlink: /home/zack/work/ROS2_ws/install/hiwin_libmodbus/share/hiwin_libmodbus/environment/pythonpath.sh
[0.298s] -- Up-to-date symlink: /home/zack/work/ROS2_ws/install/hiwin_libmodbus/share/hiwin_libmodbus/environment/pythonpath.dsv
[0.299s] -- Up-to-date symlink: /home/zack/work/ROS2_ws/install/hiwin_libmodbus/local/lib/python3.10/dist-packages/hiwin_libmodbus-0.0.0-py3.10.egg-info/PKG-INFO
[0.299s] -- Up-to-date symlink: /home/zack/work/ROS2_ws/install/hiwin_libmodbus/local/lib/python3.10/dist-packages/hiwin_libmodbus-0.0.0-py3.10.egg-info/SOURCES.txt
[0.299s] -- Up-to-date symlink: /home/zack/work/ROS2_ws/install/hiwin_libmodbus/local/lib/python3.10/dist-packages/hiwin_libmodbus-0.0.0-py3.10.egg-info/dependency_links.txt
[0.299s] -- Up-to-date symlink: /home/zack/work/ROS2_ws/install/hiwin_libmodbus/local/lib/python3.10/dist-packages/hiwin_libmodbus-0.0.0-py3.10.egg-info/top_level.txt
[0.299s] -- Up-to-date symlink: /home/zack/work/ROS2_ws/install/hiwin_libmodbus/local/lib/python3.10/dist-packages/hiwin_libmodbus/__init__.py
[0.299s] -- Up-to-date symlink: /home/zack/work/ROS2_ws/install/hiwin_libmodbus/local/lib/python3.10/dist-packages/hiwin_libmodbus/hiwin_libmodbus.py
[0.300s] -- Up-to-date symlink: /home/zack/work/ROS2_ws/install/hiwin_libmodbus/lib/hiwin_libmodbus/Hiwin_API_test.py
[0.300s] -- Up-to-date symlink: /home/zack/work/ROS2_ws/install/hiwin_libmodbus/share/hiwin_libmodbus/environment/library_path.sh
[0.300s] -- Up-to-date symlink: /home/zack/work/ROS2_ws/install/hiwin_libmodbus/share/hiwin_libmodbus/environment/library_path.dsv
[0.300s] -- Up-to-date symlink: /home/zack/work/ROS2_ws/install/hiwin_libmodbus/share/ament_index/resource_index/package_run_dependencies/hiwin_libmodbus
[0.300s] -- Up-to-date symlink: /home/zack/work/ROS2_ws/install/hiwin_libmodbus/share/ament_index/resource_index/parent_prefix_path/hiwin_libmodbus
[0.300s] -- Up-to-date symlink: /home/zack/work/ROS2_ws/install/hiwin_libmodbus/share/hiwin_libmodbus/environment/ament_prefix_path.sh
[0.301s] -- Up-to-date symlink: /home/zack/work/ROS2_ws/install/hiwin_libmodbus/share/hiwin_libmodbus/environment/ament_prefix_path.dsv
[0.301s] -- Up-to-date symlink: /home/zack/work/ROS2_ws/install/hiwin_libmodbus/share/hiwin_libmodbus/environment/path.sh
[0.301s] -- Up-to-date symlink: /home/zack/work/ROS2_ws/install/hiwin_libmodbus/share/hiwin_libmodbus/environment/path.dsv
[0.301s] -- Up-to-date symlink: /home/zack/work/ROS2_ws/install/hiwin_libmodbus/share/hiwin_libmodbus/local_setup.bash
[0.301s] -- Up-to-date symlink: /home/zack/work/ROS2_ws/install/hiwin_libmodbus/share/hiwin_libmodbus/local_setup.sh
[0.301s] -- Up-to-date symlink: /home/zack/work/ROS2_ws/install/hiwin_libmodbus/share/hiwin_libmodbus/local_setup.zsh
[0.301s] -- Up-to-date symlink: /home/zack/work/ROS2_ws/install/hiwin_libmodbus/share/hiwin_libmodbus/local_setup.dsv
[0.301s] -- Symlinking: /home/zack/work/ROS2_ws/install/hiwin_libmodbus/share/hiwin_libmodbus/package.dsv
[0.308s] -- Up-to-date symlink: /home/zack/work/ROS2_ws/install/hiwin_libmodbus/share/ament_index/resource_index/packages/hiwin_libmodbus
[0.308s] -- Up-to-date symlink: /home/zack/work/ROS2_ws/install/hiwin_libmodbus/share/hiwin_libmodbus/cmake/ament_cmake_export_include_directories-extras.cmake
[0.309s] -- Up-to-date symlink: /home/zack/work/ROS2_ws/install/hiwin_libmodbus/share/hiwin_libmodbus/cmake/ament_cmake_export_libraries-extras.cmake
[0.309s] -- Up-to-date symlink: /home/zack/work/ROS2_ws/install/hiwin_libmodbus/share/hiwin_libmodbus/cmake/ament_cmake_export_targets-extras.cmake
[0.309s] -- Up-to-date symlink: /home/zack/work/ROS2_ws/install/hiwin_libmodbus/share/hiwin_libmodbus/cmake/hiwin_libmodbusConfig.cmake
[0.309s] -- Up-to-date symlink: /home/zack/work/ROS2_ws/install/hiwin_libmodbus/share/hiwin_libmodbus/cmake/hiwin_libmodbusConfig-version.cmake
[0.309s] -- Up-to-date symlink: /home/zack/work/ROS2_ws/install/hiwin_libmodbus/share/hiwin_libmodbus/package.xml
[0.310s] -- Up-to-date: /home/zack/work/ROS2_ws/install/hiwin_libmodbus/lib/libhiwin_libmodbus.so
[0.311s] -- Up-to-date: /home/zack/work/ROS2_ws/install/hiwin_libmodbus/lib/libhiwin_libmodbus_ctype_wrapper.so
[0.332s] Listing '/home/zack/work/ROS2_ws/install/hiwin_libmodbus/local/lib/python3.10/dist-packages/hiwin_libmodbus'...
[0.336s] -- Up-to-date: /home/zack/work/ROS2_ws/install/hiwin_libmodbus/share/hiwin_libmodbus/cmake/export_hiwin_libmodbusExport.cmake
[0.337s] -- Up-to-date: /home/zack/work/ROS2_ws/install/hiwin_libmodbus/share/hiwin_libmodbus/cmake/export_hiwin_libmodbusExport-noconfig.cmake
[0.341s] Invoked command in '/home/zack/work/ROS2_ws/build/hiwin_libmodbus' returned '0': CMAKE_PREFIX_PATH=/home/zack/work/ROS2_ws/install/hiwin_interfaces:/home/zack/work/ROS2_ws/install/yolo_strategy_interfaces:/home/zack/work/ROS2_ws/install/hiwin_service_client:/home/zack/work/ROS2_ws/install/hiwin_libmodbus:/home/zack/work/ROS2_ws/install/py_pubsub:/home/zack/work/ROS2_ws/install/hiwin_example:/opt/ros/humble LD_LIBRARY_PATH=/home/zack/work/ROS2_ws/install/hiwin_interfaces/lib:/home/zack/work/ROS2_ws/install/yolo_strategy_interfaces/lib:/home/zack/work/ROS2_ws/install/hiwin_libmodbus/lib:/opt/ros/humble/opt/rviz_ogre_vendor/lib:/opt/ros/humble/lib/x86_64-linux-gnu:/opt/ros/humble/lib:/usr/local/nvidia/lib:/usr/local/nvidia/lib64 /usr/bin/cmake --install /home/zack/work/ROS2_ws/build/hiwin_libmodbus
