[0.023s] Invoking command in '/home/zack/work/ROS2_ws/build/hiwin_interfaces': CMAKE_PREFIX_PATH=/opt/ros/humble /usr/bin/cmake --build /home/zack/work/ROS2_ws/build/hiwin_interfaces -- -j16 -l16
[0.122s] [  2%] Built target hiwin_interfaces__cpp
[0.132s] [  5%] Built target ament_cmake_python_symlink_hiwin_interfaces
[0.132s] [ 12%] Built target hiwin_interfaces__rosidl_generator_c
[0.156s] [ 61%] Built target hiwin_interfaces__rosidl_typesupport_cpp
[0.156s] [ 61%] Built target hiwin_interfaces__rosidl_typesupport_c
[0.156s] [ 61%] Built target hiwin_interfaces__rosidl_typesupport_fastrtps_cpp
[0.156s] [ 61%] Built target hiwin_interfaces__rosidl_typesupport_introspection_cpp
[0.156s] [ 64%] Built target hiwin_interfaces__rosidl_typesupport_introspection_c
[0.156s] [ 74%] Built target hiwin_interfaces__rosidl_typesupport_fastrtps_c
[0.172s] [ 74%] Built target hiwin_interfaces
[0.189s] [ 76%] Built target hiwin_interfaces__py
[0.211s] [ 84%] Built target hiwin_interfaces__rosidl_generator_py
[0.230s] [100%] Built target hiwin_interfaces__rosidl_typesupport_c__pyext
[0.230s] [100%] Built target hiwin_interfaces__rosidl_typesupport_introspection_c__pyext
[0.230s] [100%] Built target hiwin_interfaces__rosidl_typesupport_fastrtps_c__pyext
[0.322s] running egg_info
[0.323s] writing hiwin_interfaces.egg-info/PKG-INFO
[0.323s] writing dependency_links to hiwin_interfaces.egg-info/dependency_links.txt
[0.323s] writing top-level names to hiwin_interfaces.egg-info/top_level.txt
[0.324s] reading manifest file 'hiwin_interfaces.egg-info/SOURCES.txt'
[0.325s] writing manifest file 'hiwin_interfaces.egg-info/SOURCES.txt'
[0.359s] [100%] Built target ament_cmake_python_build_hiwin_interfaces_egg
[0.368s] Invoked command in '/home/zack/work/ROS2_ws/build/hiwin_interfaces' returned '0': CMAKE_PREFIX_PATH=/opt/ros/humble /usr/bin/cmake --build /home/zack/work/ROS2_ws/build/hiwin_interfaces -- -j16 -l16
[0.406s] Invoking command in '/home/zack/work/ROS2_ws/build/hiwin_interfaces': CMAKE_PREFIX_PATH=/opt/ros/humble /usr/bin/cmake --install /home/zack/work/ROS2_ws/build/hiwin_interfaces
[0.411s] -- Install configuration: "Release"
[0.411s] -- Execute custom install script
[0.412s] -- Up-to-date symlink: /home/zack/work/ROS2_ws/install/hiwin_interfaces/share/ament_index/resource_index/rosidl_interfaces/hiwin_interfaces
[0.413s] -- Up-to-date symlink: /home/zack/work/ROS2_ws/install/hiwin_interfaces/include/hiwin_interfaces/hiwin_interfaces/msg/rosidl_generator_c__visibility_control.h
[0.414s] -- Up-to-date symlink: /home/zack/work/ROS2_ws/install/hiwin_interfaces/include/hiwin_interfaces/hiwin_interfaces/srv/detail/hiwinmodbus__functions.h
[0.414s] -- Up-to-date symlink: /home/zack/work/ROS2_ws/install/hiwin_interfaces/include/hiwin_interfaces/hiwin_interfaces/srv/detail/hiwinmodbus__struct.h
[0.414s] -- Up-to-date symlink: /home/zack/work/ROS2_ws/install/hiwin_interfaces/include/hiwin_interfaces/hiwin_interfaces/srv/detail/hiwinmodbus__type_support.h
[0.414s] -- Up-to-date symlink: /home/zack/work/ROS2_ws/install/hiwin_interfaces/include/hiwin_interfaces/hiwin_interfaces/srv/detail/robot_command__functions.h
[0.414s] -- Up-to-date symlink: /home/zack/work/ROS2_ws/install/hiwin_interfaces/include/hiwin_interfaces/hiwin_interfaces/srv/detail/robot_command__struct.h
[0.414s] -- Up-to-date symlink: /home/zack/work/ROS2_ws/install/hiwin_interfaces/include/hiwin_interfaces/hiwin_interfaces/srv/detail/robot_command__type_support.h
[0.415s] -- Up-to-date symlink: /home/zack/work/ROS2_ws/install/hiwin_interfaces/include/hiwin_interfaces/hiwin_interfaces/srv/hiwinmodbus.h
[0.415s] -- Up-to-date symlink: /home/zack/work/ROS2_ws/install/hiwin_interfaces/include/hiwin_interfaces/hiwin_interfaces/srv/robot_command.h
[0.415s] -- Up-to-date symlink: /home/zack/work/ROS2_ws/install/hiwin_interfaces/share/hiwin_interfaces/environment/library_path.sh
[0.415s] -- Up-to-date symlink: /home/zack/work/ROS2_ws/install/hiwin_interfaces/share/hiwin_interfaces/environment/library_path.dsv
[0.416s] -- Up-to-date symlink: /home/zack/work/ROS2_ws/install/hiwin_interfaces/include/hiwin_interfaces/hiwin_interfaces/msg/rosidl_typesupport_fastrtps_c__visibility_control.h
[0.416s] -- Up-to-date symlink: /home/zack/work/ROS2_ws/install/hiwin_interfaces/include/hiwin_interfaces/hiwin_interfaces/srv/detail/hiwinmodbus__rosidl_typesupport_fastrtps_c.h
[0.416s] -- Up-to-date symlink: /home/zack/work/ROS2_ws/install/hiwin_interfaces/include/hiwin_interfaces/hiwin_interfaces/srv/detail/robot_command__rosidl_typesupport_fastrtps_c.h
[0.417s] -- Up-to-date symlink: /home/zack/work/ROS2_ws/install/hiwin_interfaces/include/hiwin_interfaces/hiwin_interfaces/srv/detail/hiwinmodbus__builder.hpp
[0.417s] -- Up-to-date symlink: /home/zack/work/ROS2_ws/install/hiwin_interfaces/include/hiwin_interfaces/hiwin_interfaces/srv/detail/hiwinmodbus__struct.hpp
[0.417s] -- Up-to-date symlink: /home/zack/work/ROS2_ws/install/hiwin_interfaces/include/hiwin_interfaces/hiwin_interfaces/srv/detail/hiwinmodbus__traits.hpp
[0.417s] -- Up-to-date symlink: /home/zack/work/ROS2_ws/install/hiwin_interfaces/include/hiwin_interfaces/hiwin_interfaces/srv/detail/robot_command__builder.hpp
[0.417s] -- Up-to-date symlink: /home/zack/work/ROS2_ws/install/hiwin_interfaces/include/hiwin_interfaces/hiwin_interfaces/srv/detail/robot_command__struct.hpp
[0.417s] -- Up-to-date symlink: /home/zack/work/ROS2_ws/install/hiwin_interfaces/include/hiwin_interfaces/hiwin_interfaces/srv/detail/robot_command__traits.hpp
[0.418s] -- Up-to-date symlink: /home/zack/work/ROS2_ws/install/hiwin_interfaces/include/hiwin_interfaces/hiwin_interfaces/srv/hiwinmodbus.hpp
[0.418s] -- Up-to-date symlink: /home/zack/work/ROS2_ws/install/hiwin_interfaces/include/hiwin_interfaces/hiwin_interfaces/srv/robot_command.hpp
[0.418s] -- Up-to-date symlink: /home/zack/work/ROS2_ws/install/hiwin_interfaces/include/hiwin_interfaces/hiwin_interfaces/msg/rosidl_typesupport_fastrtps_cpp__visibility_control.h
[0.418s] -- Up-to-date symlink: /home/zack/work/ROS2_ws/install/hiwin_interfaces/include/hiwin_interfaces/hiwin_interfaces/srv/detail/hiwinmodbus__rosidl_typesupport_fastrtps_cpp.hpp
[0.419s] -- Up-to-date symlink: /home/zack/work/ROS2_ws/install/hiwin_interfaces/include/hiwin_interfaces/hiwin_interfaces/srv/detail/robot_command__rosidl_typesupport_fastrtps_cpp.hpp
[0.419s] -- Up-to-date symlink: /home/zack/work/ROS2_ws/install/hiwin_interfaces/include/hiwin_interfaces/hiwin_interfaces/msg/rosidl_typesupport_introspection_c__visibility_control.h
[0.419s] -- Up-to-date symlink: /home/zack/work/ROS2_ws/install/hiwin_interfaces/include/hiwin_interfaces/hiwin_interfaces/srv/detail/hiwinmodbus__rosidl_typesupport_introspection_c.h
[0.419s] -- Up-to-date symlink: /home/zack/work/ROS2_ws/install/hiwin_interfaces/include/hiwin_interfaces/hiwin_interfaces/srv/detail/robot_command__rosidl_typesupport_introspection_c.h
[0.419s] -- Up-to-date symlink: /home/zack/work/ROS2_ws/install/hiwin_interfaces/include/hiwin_interfaces/hiwin_interfaces/srv/detail/hiwinmodbus__rosidl_typesupport_introspection_cpp.hpp
[0.420s] -- Up-to-date symlink: /home/zack/work/ROS2_ws/install/hiwin_interfaces/include/hiwin_interfaces/hiwin_interfaces/srv/detail/robot_command__rosidl_typesupport_introspection_cpp.hpp
[0.420s] -- Up-to-date symlink: /home/zack/work/ROS2_ws/install/hiwin_interfaces/share/hiwin_interfaces/environment/pythonpath.sh
[0.420s] -- Up-to-date symlink: /home/zack/work/ROS2_ws/install/hiwin_interfaces/share/hiwin_interfaces/environment/pythonpath.dsv
[0.421s] -- Up-to-date symlink: /home/zack/work/ROS2_ws/install/hiwin_interfaces/local/lib/python3.10/dist-packages/hiwin_interfaces-0.0.0-py3.10.egg-info/PKG-INFO
[0.421s] -- Up-to-date symlink: /home/zack/work/ROS2_ws/install/hiwin_interfaces/local/lib/python3.10/dist-packages/hiwin_interfaces-0.0.0-py3.10.egg-info/SOURCES.txt
[0.421s] -- Up-to-date symlink: /home/zack/work/ROS2_ws/install/hiwin_interfaces/local/lib/python3.10/dist-packages/hiwin_interfaces-0.0.0-py3.10.egg-info/dependency_links.txt
[0.421s] -- Up-to-date symlink: /home/zack/work/ROS2_ws/install/hiwin_interfaces/local/lib/python3.10/dist-packages/hiwin_interfaces-0.0.0-py3.10.egg-info/top_level.txt
[0.422s] -- Up-to-date symlink: /home/zack/work/ROS2_ws/install/hiwin_interfaces/local/lib/python3.10/dist-packages/hiwin_interfaces/__init__.py
[0.422s] -- Up-to-date symlink: /home/zack/work/ROS2_ws/install/hiwin_interfaces/local/lib/python3.10/dist-packages/hiwin_interfaces/_hiwin_interfaces_s.ep.rosidl_typesupport_c.c
[0.422s] -- Up-to-date symlink: /home/zack/work/ROS2_ws/install/hiwin_interfaces/local/lib/python3.10/dist-packages/hiwin_interfaces/_hiwin_interfaces_s.ep.rosidl_typesupport_fastrtps_c.c
[0.422s] -- Up-to-date symlink: /home/zack/work/ROS2_ws/install/hiwin_interfaces/local/lib/python3.10/dist-packages/hiwin_interfaces/_hiwin_interfaces_s.ep.rosidl_typesupport_introspection_c.c
[0.422s] -- Up-to-date symlink: /home/zack/work/ROS2_ws/install/hiwin_interfaces/local/lib/python3.10/dist-packages/hiwin_interfaces/hiwin_interfaces_s__rosidl_typesupport_c.cpython-310-x86_64-linux-gnu.so
[0.423s] -- Up-to-date symlink: /home/zack/work/ROS2_ws/install/hiwin_interfaces/local/lib/python3.10/dist-packages/hiwin_interfaces/hiwin_interfaces_s__rosidl_typesupport_fastrtps_c.cpython-310-x86_64-linux-gnu.so
[0.423s] -- Up-to-date symlink: /home/zack/work/ROS2_ws/install/hiwin_interfaces/local/lib/python3.10/dist-packages/hiwin_interfaces/hiwin_interfaces_s__rosidl_typesupport_introspection_c.cpython-310-x86_64-linux-gnu.so
[0.423s] -- Up-to-date symlink: /home/zack/work/ROS2_ws/install/hiwin_interfaces/local/lib/python3.10/dist-packages/hiwin_interfaces/libhiwin_interfaces__rosidl_generator_py.so
[0.423s] -- Up-to-date symlink: /home/zack/work/ROS2_ws/install/hiwin_interfaces/local/lib/python3.10/dist-packages/hiwin_interfaces/srv/__init__.py
[0.423s] -- Up-to-date symlink: /home/zack/work/ROS2_ws/install/hiwin_interfaces/local/lib/python3.10/dist-packages/hiwin_interfaces/srv/_hiwinmodbus.py
[0.424s] -- Up-to-date symlink: /home/zack/work/ROS2_ws/install/hiwin_interfaces/local/lib/python3.10/dist-packages/hiwin_interfaces/srv/_hiwinmodbus_s.c
[0.424s] -- Up-to-date symlink: /home/zack/work/ROS2_ws/install/hiwin_interfaces/local/lib/python3.10/dist-packages/hiwin_interfaces/srv/_robot_command.py
[0.424s] -- Up-to-date symlink: /home/zack/work/ROS2_ws/install/hiwin_interfaces/local/lib/python3.10/dist-packages/hiwin_interfaces/srv/_robot_command_s.c
[0.424s] -- Up-to-date symlink: /home/zack/work/ROS2_ws/install/hiwin_interfaces/local/lib/python3.10/dist-packages/hiwin_interfaces/hiwin_interfaces_s__rosidl_typesupport_fastrtps_c.cpython-310-x86_64-linux-gnu.so
[0.425s] -- Up-to-date symlink: /home/zack/work/ROS2_ws/install/hiwin_interfaces/local/lib/python3.10/dist-packages/hiwin_interfaces/hiwin_interfaces_s__rosidl_typesupport_introspection_c.cpython-310-x86_64-linux-gnu.so
[0.425s] -- Up-to-date symlink: /home/zack/work/ROS2_ws/install/hiwin_interfaces/local/lib/python3.10/dist-packages/hiwin_interfaces/hiwin_interfaces_s__rosidl_typesupport_c.cpython-310-x86_64-linux-gnu.so
[0.425s] -- Up-to-date symlink: /home/zack/work/ROS2_ws/install/hiwin_interfaces/share/hiwin_interfaces/srv/Hiwinmodbus.idl
[0.426s] -- Up-to-date symlink: /home/zack/work/ROS2_ws/install/hiwin_interfaces/share/hiwin_interfaces/srv/RobotCommand.idl
[0.426s] -- Up-to-date symlink: /home/zack/work/ROS2_ws/install/hiwin_interfaces/share/hiwin_interfaces/srv/Hiwinmodbus.srv
[0.426s] -- Up-to-date symlink: /home/zack/work/ROS2_ws/install/hiwin_interfaces/share/hiwin_interfaces/srv/Hiwinmodbus_Request.msg
[0.426s] -- Up-to-date symlink: /home/zack/work/ROS2_ws/install/hiwin_interfaces/share/hiwin_interfaces/srv/Hiwinmodbus_Response.msg
[0.426s] -- Up-to-date symlink: /home/zack/work/ROS2_ws/install/hiwin_interfaces/share/hiwin_interfaces/srv/RobotCommand.srv
[0.427s] -- Up-to-date symlink: /home/zack/work/ROS2_ws/install/hiwin_interfaces/share/hiwin_interfaces/srv/RobotCommand_Request.msg
[0.427s] -- Up-to-date symlink: /home/zack/work/ROS2_ws/install/hiwin_interfaces/share/hiwin_interfaces/srv/RobotCommand_Response.msg
[0.427s] -- Up-to-date symlink: /home/zack/work/ROS2_ws/install/hiwin_interfaces/share/ament_index/resource_index/package_run_dependencies/hiwin_interfaces
[0.427s] -- Up-to-date symlink: /home/zack/work/ROS2_ws/install/hiwin_interfaces/share/ament_index/resource_index/parent_prefix_path/hiwin_interfaces
[0.428s] -- Up-to-date symlink: /home/zack/work/ROS2_ws/install/hiwin_interfaces/share/hiwin_interfaces/environment/ament_prefix_path.sh
[0.428s] -- Up-to-date symlink: /home/zack/work/ROS2_ws/install/hiwin_interfaces/share/hiwin_interfaces/environment/ament_prefix_path.dsv
[0.428s] -- Up-to-date symlink: /home/zack/work/ROS2_ws/install/hiwin_interfaces/share/hiwin_interfaces/environment/path.sh
[0.428s] -- Up-to-date symlink: /home/zack/work/ROS2_ws/install/hiwin_interfaces/share/hiwin_interfaces/environment/path.dsv
[0.428s] -- Up-to-date symlink: /home/zack/work/ROS2_ws/install/hiwin_interfaces/share/hiwin_interfaces/local_setup.bash
[0.429s] -- Up-to-date symlink: /home/zack/work/ROS2_ws/install/hiwin_interfaces/share/hiwin_interfaces/local_setup.sh
[0.429s] -- Up-to-date symlink: /home/zack/work/ROS2_ws/install/hiwin_interfaces/share/hiwin_interfaces/local_setup.zsh
[0.429s] -- Up-to-date symlink: /home/zack/work/ROS2_ws/install/hiwin_interfaces/share/hiwin_interfaces/local_setup.dsv
[0.429s] -- Symlinking: /home/zack/work/ROS2_ws/install/hiwin_interfaces/share/hiwin_interfaces/package.dsv
[0.435s] -- Up-to-date symlink: /home/zack/work/ROS2_ws/install/hiwin_interfaces/share/ament_index/resource_index/packages/hiwin_interfaces
[0.435s] -- Up-to-date symlink: /home/zack/work/ROS2_ws/install/hiwin_interfaces/share/hiwin_interfaces/cmake/rosidl_cmake-extras.cmake
[0.435s] -- Up-to-date symlink: /home/zack/work/ROS2_ws/install/hiwin_interfaces/share/hiwin_interfaces/cmake/ament_cmake_export_dependencies-extras.cmake
[0.436s] -- Up-to-date symlink: /home/zack/work/ROS2_ws/install/hiwin_interfaces/share/hiwin_interfaces/cmake/ament_cmake_export_include_directories-extras.cmake
[0.436s] -- Up-to-date symlink: /home/zack/work/ROS2_ws/install/hiwin_interfaces/share/hiwin_interfaces/cmake/ament_cmake_export_libraries-extras.cmake
[0.436s] -- Up-to-date symlink: /home/zack/work/ROS2_ws/install/hiwin_interfaces/share/hiwin_interfaces/cmake/ament_cmake_export_targets-extras.cmake
[0.436s] -- Up-to-date symlink: /home/zack/work/ROS2_ws/install/hiwin_interfaces/share/hiwin_interfaces/cmake/rosidl_cmake_export_typesupport_targets-extras.cmake
[0.436s] -- Up-to-date symlink: /home/zack/work/ROS2_ws/install/hiwin_interfaces/share/hiwin_interfaces/cmake/rosidl_cmake_export_typesupport_libraries-extras.cmake
[0.436s] -- Up-to-date symlink: /home/zack/work/ROS2_ws/install/hiwin_interfaces/share/hiwin_interfaces/cmake/hiwin_interfacesConfig.cmake
[0.437s] -- Up-to-date symlink: /home/zack/work/ROS2_ws/install/hiwin_interfaces/share/hiwin_interfaces/cmake/hiwin_interfacesConfig-version.cmake
[0.437s] -- Up-to-date symlink: /home/zack/work/ROS2_ws/install/hiwin_interfaces/share/hiwin_interfaces/package.xml
[0.438s] -- Up-to-date: /home/zack/work/ROS2_ws/install/hiwin_interfaces/lib/libhiwin_interfaces__rosidl_generator_c.so
[0.439s] -- Up-to-date: /home/zack/work/ROS2_ws/install/hiwin_interfaces/lib/libhiwin_interfaces__rosidl_typesupport_fastrtps_c.so
[0.439s] -- Up-to-date: /home/zack/work/ROS2_ws/install/hiwin_interfaces/lib/libhiwin_interfaces__rosidl_typesupport_fastrtps_cpp.so
[0.439s] -- Up-to-date: /home/zack/work/ROS2_ws/install/hiwin_interfaces/lib/libhiwin_interfaces__rosidl_typesupport_introspection_c.so
[0.440s] -- Up-to-date: /home/zack/work/ROS2_ws/install/hiwin_interfaces/lib/libhiwin_interfaces__rosidl_typesupport_c.so
[0.440s] -- Up-to-date: /home/zack/work/ROS2_ws/install/hiwin_interfaces/lib/libhiwin_interfaces__rosidl_typesupport_introspection_cpp.so
[0.441s] -- Up-to-date: /home/zack/work/ROS2_ws/install/hiwin_interfaces/lib/libhiwin_interfaces__rosidl_typesupport_cpp.so
[0.461s] Listing '/home/zack/work/ROS2_ws/install/hiwin_interfaces/local/lib/python3.10/dist-packages/hiwin_interfaces'...
[0.461s] Listing '/home/zack/work/ROS2_ws/install/hiwin_interfaces/local/lib/python3.10/dist-packages/hiwin_interfaces/srv'...
[0.465s] -- Up-to-date: /home/zack/work/ROS2_ws/install/hiwin_interfaces/lib/libhiwin_interfaces__rosidl_generator_py.so
[0.466s] -- Up-to-date: /home/zack/work/ROS2_ws/install/hiwin_interfaces/share/hiwin_interfaces/cmake/export_hiwin_interfaces__rosidl_generator_cExport.cmake
[0.466s] -- Up-to-date: /home/zack/work/ROS2_ws/install/hiwin_interfaces/share/hiwin_interfaces/cmake/export_hiwin_interfaces__rosidl_generator_cExport-release.cmake
[0.466s] -- Up-to-date: /home/zack/work/ROS2_ws/install/hiwin_interfaces/share/hiwin_interfaces/cmake/export_hiwin_interfaces__rosidl_typesupport_fastrtps_cExport.cmake
[0.467s] -- Up-to-date: /home/zack/work/ROS2_ws/install/hiwin_interfaces/share/hiwin_interfaces/cmake/export_hiwin_interfaces__rosidl_typesupport_fastrtps_cExport-release.cmake
[0.467s] -- Up-to-date: /home/zack/work/ROS2_ws/install/hiwin_interfaces/share/hiwin_interfaces/cmake/export_hiwin_interfaces__rosidl_generator_cppExport.cmake
[0.467s] -- Up-to-date: /home/zack/work/ROS2_ws/install/hiwin_interfaces/share/hiwin_interfaces/cmake/export_hiwin_interfaces__rosidl_typesupport_fastrtps_cppExport.cmake
[0.467s] -- Up-to-date: /home/zack/work/ROS2_ws/install/hiwin_interfaces/share/hiwin_interfaces/cmake/export_hiwin_interfaces__rosidl_typesupport_fastrtps_cppExport-release.cmake
[0.467s] -- Up-to-date: /home/zack/work/ROS2_ws/install/hiwin_interfaces/share/hiwin_interfaces/cmake/hiwin_interfaces__rosidl_typesupport_introspection_cExport.cmake
[0.467s] -- Up-to-date: /home/zack/work/ROS2_ws/install/hiwin_interfaces/share/hiwin_interfaces/cmake/hiwin_interfaces__rosidl_typesupport_introspection_cExport-release.cmake
[0.468s] -- Up-to-date: /home/zack/work/ROS2_ws/install/hiwin_interfaces/share/hiwin_interfaces/cmake/hiwin_interfaces__rosidl_typesupport_cExport.cmake
[0.468s] -- Up-to-date: /home/zack/work/ROS2_ws/install/hiwin_interfaces/share/hiwin_interfaces/cmake/hiwin_interfaces__rosidl_typesupport_cExport-release.cmake
[0.468s] -- Up-to-date: /home/zack/work/ROS2_ws/install/hiwin_interfaces/share/hiwin_interfaces/cmake/hiwin_interfaces__rosidl_typesupport_introspection_cppExport.cmake
[0.468s] -- Up-to-date: /home/zack/work/ROS2_ws/install/hiwin_interfaces/share/hiwin_interfaces/cmake/hiwin_interfaces__rosidl_typesupport_introspection_cppExport-release.cmake
[0.468s] -- Up-to-date: /home/zack/work/ROS2_ws/install/hiwin_interfaces/share/hiwin_interfaces/cmake/hiwin_interfaces__rosidl_typesupport_cppExport.cmake
[0.468s] -- Up-to-date: /home/zack/work/ROS2_ws/install/hiwin_interfaces/share/hiwin_interfaces/cmake/hiwin_interfaces__rosidl_typesupport_cppExport-release.cmake
[0.468s] -- Up-to-date: /home/zack/work/ROS2_ws/install/hiwin_interfaces/share/hiwin_interfaces/cmake/export_hiwin_interfaces__rosidl_generator_pyExport.cmake
[0.468s] -- Up-to-date: /home/zack/work/ROS2_ws/install/hiwin_interfaces/share/hiwin_interfaces/cmake/export_hiwin_interfaces__rosidl_generator_pyExport-release.cmake
[0.486s] Invoked command in '/home/zack/work/ROS2_ws/build/hiwin_interfaces' returned '0': CMAKE_PREFIX_PATH=/opt/ros/humble /usr/bin/cmake --install /home/zack/work/ROS2_ws/build/hiwin_interfaces
