[0.008s] Invoking command in '/home/zack/work/ROS2_ws/build/hiwin_service_client': AMENT_PREFIX_PATH=/home/zack/work/ROS2_ws/install/hiwin_libmodbus:/home/zack/work/ROS2_ws/install/hiwin_interfaces:${AMENT_PREFIX_PATH} CMAKE_PREFIX_PATH=/home/zack/work/ROS2_ws/install/hiwin_libmodbus:/home/zack/work/ROS2_ws/install/hiwin_interfaces:/opt/ros/humble LD_LIBRARY_PATH=/home/zack/work/ROS2_ws/install/hiwin_libmodbus/lib:/home/zack/work/ROS2_ws/install/hiwin_interfaces/lib:${LD_LIBRARY_PATH} PYTHONPATH=/home/zack/work/ROS2_ws/install/hiwin_libmodbus/local/lib/python3.10/dist-packages:/home/zack/work/ROS2_ws/install/hiwin_interfaces/local/lib/python3.10/dist-packages:${PYTHONPATH} /usr/bin/cmake /home/zack/work/ROS2_ws/src/Hiwin_libmodbus/hiwin_service_client -DAMENT_CMAKE_SYMLINK_INSTALL=1 -DCMAKE_INSTALL_PREFIX=/home/zack/work/ROS2_ws/install/hiwin_service_client
[0.015s] -- Found ament_cmake: 1.3.5 (/opt/ros/humble/share/ament_cmake/cmake)
[0.101s] -- Override CMake install command with custom implementation using symlinks instead of copying resources
[0.107s] -- Found hiwin_libmodbus: 0.0.0 (/home/zack/work/ROS2_ws/install/hiwin_libmodbus/share/hiwin_libmodbus/cmake)
[0.108s] -- Found hiwin_interfaces: 0.0.0 (/home/zack/work/ROS2_ws/install/hiwin_interfaces/share/hiwin_interfaces/cmake)
[0.125s] -- Found rosidl_generator_c: 3.1.4 (/opt/ros/humble/share/rosidl_generator_c/cmake)
[0.126s] -- Found rosidl_adapter: 3.1.4 (/opt/ros/humble/share/rosidl_adapter/cmake)
[0.130s] -- Found rosidl_generator_cpp: 3.1.4 (/opt/ros/humble/share/rosidl_generator_cpp/cmake)
[0.137s] -- Using all available rosidl_typesupport_c: rosidl_typesupport_fastrtps_c;rosidl_typesupport_introspection_c
[0.146s] -- Using all available rosidl_typesupport_cpp: rosidl_typesupport_fastrtps_cpp;rosidl_typesupport_introspection_cpp
[0.272s] -- Found rclpy: 3.3.8 (/opt/ros/humble/share/rclpy/cmake)
[0.273s] -- Found rclcpp: 16.0.4 (/opt/ros/humble/share/rclcpp/cmake)
[0.302s] -- Found rmw_implementation_cmake: 6.1.1 (/opt/ros/humble/share/rmw_implementation_cmake/cmake)
[0.303s] -- Found rmw_cyclonedds_cpp: 1.3.4 (/opt/ros/humble/share/rmw_cyclonedds_cpp/cmake)
[0.321s] -- Using RMW implementation 'rmw_cyclonedds_cpp' as default
[0.400s] -- Found ament_lint_auto: 0.12.6 (/opt/ros/humble/share/ament_lint_auto/cmake)
[0.445s] -- Added test 'flake8' to check Python code syntax and style conventions
[0.445s] -- Added test 'lint_cmake' to check CMake code style
[0.446s] -- Added test 'pep257' to check Python code against some of the docstring style conventions in PEP 257
[0.446s] -- Added test 'xmllint' to check XML markup files
[0.446s] -- Configuring done
[0.450s] -- Generating done
[0.451s] -- Build files have been written to: /home/zack/work/ROS2_ws/build/hiwin_service_client
[0.455s] Invoked command in '/home/zack/work/ROS2_ws/build/hiwin_service_client' returned '0': AMENT_PREFIX_PATH=/home/zack/work/ROS2_ws/install/hiwin_libmodbus:/home/zack/work/ROS2_ws/install/hiwin_interfaces:${AMENT_PREFIX_PATH} CMAKE_PREFIX_PATH=/home/zack/work/ROS2_ws/install/hiwin_libmodbus:/home/zack/work/ROS2_ws/install/hiwin_interfaces:/opt/ros/humble LD_LIBRARY_PATH=/home/zack/work/ROS2_ws/install/hiwin_libmodbus/lib:/home/zack/work/ROS2_ws/install/hiwin_interfaces/lib:${LD_LIBRARY_PATH} PYTHONPATH=/home/zack/work/ROS2_ws/install/hiwin_libmodbus/local/lib/python3.10/dist-packages:/home/zack/work/ROS2_ws/install/hiwin_interfaces/local/lib/python3.10/dist-packages:${PYTHONPATH} /usr/bin/cmake /home/zack/work/ROS2_ws/src/Hiwin_libmodbus/hiwin_service_client -DAMENT_CMAKE_SYMLINK_INSTALL=1 -DCMAKE_INSTALL_PREFIX=/home/zack/work/ROS2_ws/install/hiwin_service_client
[0.456s] Invoking command in '/home/zack/work/ROS2_ws/build/hiwin_service_client': AMENT_PREFIX_PATH=/home/zack/work/ROS2_ws/install/hiwin_libmodbus:/home/zack/work/ROS2_ws/install/hiwin_interfaces:${AMENT_PREFIX_PATH} CMAKE_PREFIX_PATH=/home/zack/work/ROS2_ws/install/hiwin_libmodbus:/home/zack/work/ROS2_ws/install/hiwin_interfaces:/opt/ros/humble LD_LIBRARY_PATH=/home/zack/work/ROS2_ws/install/hiwin_libmodbus/lib:/home/zack/work/ROS2_ws/install/hiwin_interfaces/lib:${LD_LIBRARY_PATH} PYTHONPATH=/home/zack/work/ROS2_ws/install/hiwin_libmodbus/local/lib/python3.10/dist-packages:/home/zack/work/ROS2_ws/install/hiwin_interfaces/local/lib/python3.10/dist-packages:${PYTHONPATH} /usr/bin/cmake --build /home/zack/work/ROS2_ws/build/hiwin_service_client -- -j16 -l16
[0.483s] Invoked command in '/home/zack/work/ROS2_ws/build/hiwin_service_client' returned '0': AMENT_PREFIX_PATH=/home/zack/work/ROS2_ws/install/hiwin_libmodbus:/home/zack/work/ROS2_ws/install/hiwin_interfaces:${AMENT_PREFIX_PATH} CMAKE_PREFIX_PATH=/home/zack/work/ROS2_ws/install/hiwin_libmodbus:/home/zack/work/ROS2_ws/install/hiwin_interfaces:/opt/ros/humble LD_LIBRARY_PATH=/home/zack/work/ROS2_ws/install/hiwin_libmodbus/lib:/home/zack/work/ROS2_ws/install/hiwin_interfaces/lib:${LD_LIBRARY_PATH} PYTHONPATH=/home/zack/work/ROS2_ws/install/hiwin_libmodbus/local/lib/python3.10/dist-packages:/home/zack/work/ROS2_ws/install/hiwin_interfaces/local/lib/python3.10/dist-packages:${PYTHONPATH} /usr/bin/cmake --build /home/zack/work/ROS2_ws/build/hiwin_service_client -- -j16 -l16
[0.498s] Invoking command in '/home/zack/work/ROS2_ws/build/hiwin_service_client': AMENT_PREFIX_PATH=/home/zack/work/ROS2_ws/install/hiwin_libmodbus:/home/zack/work/ROS2_ws/install/hiwin_interfaces:${AMENT_PREFIX_PATH} CMAKE_PREFIX_PATH=/home/zack/work/ROS2_ws/install/hiwin_libmodbus:/home/zack/work/ROS2_ws/install/hiwin_interfaces:/opt/ros/humble LD_LIBRARY_PATH=/home/zack/work/ROS2_ws/install/hiwin_libmodbus/lib:/home/zack/work/ROS2_ws/install/hiwin_interfaces/lib:${LD_LIBRARY_PATH} PYTHONPATH=/home/zack/work/ROS2_ws/install/hiwin_libmodbus/local/lib/python3.10/dist-packages:/home/zack/work/ROS2_ws/install/hiwin_interfaces/local/lib/python3.10/dist-packages:${PYTHONPATH} /usr/bin/cmake --install /home/zack/work/ROS2_ws/build/hiwin_service_client
[0.502s] -- Install configuration: "Release"
[0.502s] -- Execute custom install script
[0.503s] -- Up-to-date symlink: /home/zack/work/ROS2_ws/install/hiwin_service_client/share/ament_index/resource_index/package_run_dependencies/hiwin_service_client
[0.503s] -- Up-to-date symlink: /home/zack/work/ROS2_ws/install/hiwin_service_client/share/ament_index/resource_index/parent_prefix_path/hiwin_service_client
[0.503s] -- Up-to-date symlink: /home/zack/work/ROS2_ws/install/hiwin_service_client/share/hiwin_service_client/environment/ament_prefix_path.sh
[0.503s] -- Up-to-date symlink: /home/zack/work/ROS2_ws/install/hiwin_service_client/share/hiwin_service_client/environment/ament_prefix_path.dsv
[0.503s] -- Up-to-date symlink: /home/zack/work/ROS2_ws/install/hiwin_service_client/share/hiwin_service_client/environment/path.sh
[0.503s] -- Up-to-date symlink: /home/zack/work/ROS2_ws/install/hiwin_service_client/share/hiwin_service_client/environment/path.dsv
[0.503s] -- Up-to-date symlink: /home/zack/work/ROS2_ws/install/hiwin_service_client/share/hiwin_service_client/local_setup.bash
[0.503s] -- Up-to-date symlink: /home/zack/work/ROS2_ws/install/hiwin_service_client/share/hiwin_service_client/local_setup.sh
[0.503s] -- Up-to-date symlink: /home/zack/work/ROS2_ws/install/hiwin_service_client/share/hiwin_service_client/local_setup.zsh
[0.503s] -- Up-to-date symlink: /home/zack/work/ROS2_ws/install/hiwin_service_client/share/hiwin_service_client/local_setup.dsv
[0.504s] -- Symlinking: /home/zack/work/ROS2_ws/install/hiwin_service_client/share/hiwin_service_client/package.dsv
[0.509s] -- Up-to-date symlink: /home/zack/work/ROS2_ws/install/hiwin_service_client/share/ament_index/resource_index/packages/hiwin_service_client
[0.509s] -- Up-to-date symlink: /home/zack/work/ROS2_ws/install/hiwin_service_client/share/hiwin_service_client/cmake/hiwin_service_clientConfig.cmake
[0.509s] -- Up-to-date symlink: /home/zack/work/ROS2_ws/install/hiwin_service_client/share/hiwin_service_client/cmake/hiwin_service_clientConfig-version.cmake
[0.509s] -- Up-to-date symlink: /home/zack/work/ROS2_ws/install/hiwin_service_client/share/hiwin_service_client/package.xml
[0.512s] Invoked command in '/home/zack/work/ROS2_ws/build/hiwin_service_client' returned '0': AMENT_PREFIX_PATH=/home/zack/work/ROS2_ws/install/hiwin_libmodbus:/home/zack/work/ROS2_ws/install/hiwin_interfaces:${AMENT_PREFIX_PATH} CMAKE_PREFIX_PATH=/home/zack/work/ROS2_ws/install/hiwin_libmodbus:/home/zack/work/ROS2_ws/install/hiwin_interfaces:/opt/ros/humble LD_LIBRARY_PATH=/home/zack/work/ROS2_ws/install/hiwin_libmodbus/lib:/home/zack/work/ROS2_ws/install/hiwin_interfaces/lib:${LD_LIBRARY_PATH} PYTHONPATH=/home/zack/work/ROS2_ws/install/hiwin_libmodbus/local/lib/python3.10/dist-packages:/home/zack/work/ROS2_ws/install/hiwin_interfaces/local/lib/python3.10/dist-packages:${PYTHONPATH} /usr/bin/cmake --install /home/zack/work/ROS2_ws/build/hiwin_service_client
