[0.485s] Invoking command in '/home/zack/work/ROS2_ws/build/py_pubsub': AMENT_PREFIX_PATH=/home/zack/work/ROS2_ws/install/yolo_strategy_interfaces:${AMENT_PREFIX_PATH} CMAKE_PREFIX_PATH=/home/zack/work/ROS2_ws/install/yolo_strategy_interfaces LD_LIBRARY_PATH=/home/zack/work/ROS2_ws/install/yolo_strategy_interfaces/lib:${LD_LIBRARY_PATH} PYTHONPATH=/home/zack/work/ROS2_ws/build/py_pubsub/prefix_override:/home/zack/work/ROS2_ws/install/py_pubsub/lib/python3.10/site-packages:/home/zack/work/ROS2_ws/install/yolo_strategy_interfaces/local/lib/python3.10/dist-packages:${PYTHONPATH} /usr/bin/python3 setup.py develop --editable --build-directory /home/zack/work/ROS2_ws/build/py_pubsub/build --no-deps install_data
[0.668s] running develop
[0.668s] /usr/lib/python3/dist-packages/setuptools/command/easy_install.py:158: EasyInstallDeprecationWarning: easy_install command is deprecated. Use build and pip and other standards-based tools.
[0.668s]   warnings.warn(
[0.670s] /usr/lib/python3/dist-packages/setuptools/command/install.py:34: SetuptoolsDeprecationWarning: setup.py install is deprecated. Use build and pip and other standards-based tools.
[0.670s]   warnings.warn(
[0.776s] running egg_info
[0.777s] writing py_pubsub.egg-info/PKG-INFO
[0.777s] writing dependency_links to py_pubsub.egg-info/dependency_links.txt
[0.777s] writing entry points to py_pubsub.egg-info/entry_points.txt
[0.777s] writing requirements to py_pubsub.egg-info/requires.txt
[0.777s] writing top-level names to py_pubsub.egg-info/top_level.txt
[0.778s] reading manifest file 'py_pubsub.egg-info/SOURCES.txt'
[0.779s] writing manifest file 'py_pubsub.egg-info/SOURCES.txt'
[0.780s] running build_ext
[0.780s] Creating /home/zack/work/ROS2_ws/install/py_pubsub/lib/python3.10/site-packages/py-pubsub.egg-link (link to .)
[0.780s] Installing cam_calibration script to /home/zack/work/ROS2_ws/install/py_pubsub/lib/py_pubsub
[0.780s] Installing strategy_client script to /home/zack/work/ROS2_ws/install/py_pubsub/lib/py_pubsub
[0.781s] Installing strategy_sub script to /home/zack/work/ROS2_ws/install/py_pubsub/lib/py_pubsub
[0.781s] Installing test_yolo_service script to /home/zack/work/ROS2_ws/install/py_pubsub/lib/py_pubsub
[0.781s] Installing yolo_detect script to /home/zack/work/ROS2_ws/install/py_pubsub/lib/py_pubsub
[0.781s] Installing yolo_service script to /home/zack/work/ROS2_ws/install/py_pubsub/lib/py_pubsub
[0.781s] 
[0.781s] Installed /home/zack/work/ROS2_ws/build/py_pubsub
[0.781s] running install_data
[0.800s] Invoked command in '/home/zack/work/ROS2_ws/build/py_pubsub' returned '0': AMENT_PREFIX_PATH=/home/zack/work/ROS2_ws/install/yolo_strategy_interfaces:${AMENT_PREFIX_PATH} CMAKE_PREFIX_PATH=/home/zack/work/ROS2_ws/install/yolo_strategy_interfaces LD_LIBRARY_PATH=/home/zack/work/ROS2_ws/install/yolo_strategy_interfaces/lib:${LD_LIBRARY_PATH} PYTHONPATH=/home/zack/work/ROS2_ws/build/py_pubsub/prefix_override:/home/zack/work/ROS2_ws/install/py_pubsub/lib/python3.10/site-packages:/home/zack/work/ROS2_ws/install/yolo_strategy_interfaces/local/lib/python3.10/dist-packages:${PYTHONPATH} /usr/bin/python3 setup.py develop --editable --build-directory /home/zack/work/ROS2_ws/build/py_pubsub/build --no-deps install_data
