[0.403s] Invoking command in '/home/zack/work/ROS2_ws/build/py_pubsub': PYTHONPATH=/home/zack/work/ROS2_ws/build/py_pubsub/prefix_override:/home/zack/work/ROS2_ws/install/py_pubsub/lib/python3.10/site-packages:${PYTHONPATH} /usr/bin/python3 setup.py develop --uninstall --editable --build-directory /home/zack/work/ROS2_ws/build/py_pubsub/build
[0.581s] running develop
[0.582s] /usr/lib/python3/dist-packages/setuptools/command/easy_install.py:158: EasyInstallDeprecationWarning: easy_install command is deprecated. Use build and pip and other standards-based tools.
[0.582s]   warnings.warn(
[0.583s] /usr/lib/python3/dist-packages/setuptools/command/install.py:34: SetuptoolsDeprecationWarning: setup.py install is deprecated. Use build and pip and other standards-based tools.
[0.583s]   warnings.warn(
[0.709s] Invoked command in '/home/zack/work/ROS2_ws/build/py_pubsub' returned '0': PYTHONPATH=/home/zack/work/ROS2_ws/build/py_pubsub/prefix_override:/home/zack/work/ROS2_ws/install/py_pubsub/lib/python3.10/site-packages:${PYTHONPATH} /usr/bin/python3 setup.py develop --uninstall --editable --build-directory /home/zack/work/ROS2_ws/build/py_pubsub/build
[0.712s] Invoking command in '/home/zack/work/ROS2_ws/src/py_pubsub': PYTHONPATH=/home/zack/work/ROS2_ws/build/py_pubsub/prefix_override:/home/zack/work/ROS2_ws/install/py_pubsub/lib/python3.10/site-packages:${PYTHONPATH} /usr/bin/python3 setup.py egg_info --egg-base ../../build/py_pubsub build --build-base /home/zack/work/ROS2_ws/build/py_pubsub/build install --record /home/zack/work/ROS2_ws/build/py_pubsub/install.log --single-version-externally-managed
[0.861s] running egg_info
[0.861s] writing ../../build/py_pubsub/py_pubsub.egg-info/PKG-INFO
[0.861s] writing dependency_links to ../../build/py_pubsub/py_pubsub.egg-info/dependency_links.txt
[0.861s] writing entry points to ../../build/py_pubsub/py_pubsub.egg-info/entry_points.txt
[0.861s] writing requirements to ../../build/py_pubsub/py_pubsub.egg-info/requires.txt
[0.861s] writing top-level names to ../../build/py_pubsub/py_pubsub.egg-info/top_level.txt
[0.862s] reading manifest file '../../build/py_pubsub/py_pubsub.egg-info/SOURCES.txt'
[0.863s] writing manifest file '../../build/py_pubsub/py_pubsub.egg-info/SOURCES.txt'
[0.863s] running build
[0.863s] running build_py
[0.863s] copying py_pubsub/publisher_member_function.py -> /home/zack/work/ROS2_ws/build/py_pubsub/build/lib/py_pubsub
[0.863s] running install
[0.863s] /usr/lib/python3/dist-packages/setuptools/command/install.py:34: SetuptoolsDeprecationWarning: setup.py install is deprecated. Use build and pip and other standards-based tools.
[0.863s]   warnings.warn(
[0.864s] running install_lib
[0.864s] copying /home/zack/work/ROS2_ws/build/py_pubsub/build/lib/py_pubsub/publisher_member_function.py -> /home/zack/work/ROS2_ws/install/py_pubsub/lib/python3.10/site-packages/py_pubsub
[0.864s] byte-compiling /home/zack/work/ROS2_ws/install/py_pubsub/lib/python3.10/site-packages/py_pubsub/publisher_member_function.py to publisher_member_function.cpython-310.pyc
[0.865s] running install_data
[0.865s] running install_egg_info
[0.866s] removing '/home/zack/work/ROS2_ws/install/py_pubsub/lib/python3.10/site-packages/py_pubsub-0.0.0-py3.10.egg-info' (and everything under it)
[0.866s] Copying ../../build/py_pubsub/py_pubsub.egg-info to /home/zack/work/ROS2_ws/install/py_pubsub/lib/python3.10/site-packages/py_pubsub-0.0.0-py3.10.egg-info
[0.867s] running install_scripts
[0.880s] Installing strategy_sub script to /home/zack/work/ROS2_ws/install/py_pubsub/lib/py_pubsub
[0.880s] Installing talker script to /home/zack/work/ROS2_ws/install/py_pubsub/lib/py_pubsub
[0.881s] writing list of installed files to '/home/zack/work/ROS2_ws/build/py_pubsub/install.log'
[0.899s] Invoked command in '/home/zack/work/ROS2_ws/src/py_pubsub' returned '0': PYTHONPATH=/home/zack/work/ROS2_ws/build/py_pubsub/prefix_override:/home/zack/work/ROS2_ws/install/py_pubsub/lib/python3.10/site-packages:${PYTHONPATH} /usr/bin/python3 setup.py egg_info --egg-base ../../build/py_pubsub build --build-base /home/zack/work/ROS2_ws/build/py_pubsub/build install --record /home/zack/work/ROS2_ws/build/py_pubsub/install.log --single-version-externally-managed
