[0.713s] Invoking command in '/home/zack/work/ROS2_ws/build/hiwin_example': PYTHONPATH=/home/zack/work/ROS2_ws/build/hiwin_example/prefix_override:/home/zack/work/ROS2_ws/install/hiwin_example/lib/python3.10/site-packages:${PYTHONPATH} /usr/bin/python3 setup.py develop --editable --build-directory /home/zack/work/ROS2_ws/build/hiwin_example/build --no-deps install_data
[0.910s] running develop
[0.910s] /usr/lib/python3/dist-packages/setuptools/command/easy_install.py:158: EasyInstallDeprecationWarning: easy_install command is deprecated. Use build and pip and other standards-based tools.
[0.910s]   warnings.warn(
[0.911s] /usr/lib/python3/dist-packages/setuptools/command/install.py:34: SetuptoolsDeprecationWarning: setup.py install is deprecated. Use build and pip and other standards-based tools.
[0.911s]   warnings.warn(
[1.033s] running egg_info
[1.033s] writing hiwin_example.egg-info/PKG-INFO
[1.033s] writing dependency_links to hiwin_example.egg-info/dependency_links.txt
[1.033s] writing entry points to hiwin_example.egg-info/entry_points.txt
[1.034s] writing requirements to hiwin_example.egg-info/requires.txt
[1.034s] writing top-level names to hiwin_example.egg-info/top_level.txt
[1.035s] reading manifest file 'hiwin_example.egg-info/SOURCES.txt'
[1.035s] writing manifest file 'hiwin_example.egg-info/SOURCES.txt'
[1.036s] running build_ext
[1.036s] Creating /home/zack/work/ROS2_ws/install/hiwin_example/lib/python3.10/site-packages/hiwin-example.egg-link (link to .)
[1.037s] Installing manual_calibration script to /home/zack/work/ROS2_ws/install/hiwin_example/lib/hiwin_example
[1.037s] Installing strategy_example script to /home/zack/work/ROS2_ws/install/hiwin_example/lib/hiwin_example
[1.037s] Installing verify_calibration script to /home/zack/work/ROS2_ws/install/hiwin_example/lib/hiwin_example
[1.037s] 
[1.037s] Installed /home/zack/work/ROS2_ws/build/hiwin_example
[1.037s] running install_data
[1.066s] Invoked command in '/home/zack/work/ROS2_ws/build/hiwin_example' returned '0': PYTHONPATH=/home/zack/work/ROS2_ws/build/hiwin_example/prefix_override:/home/zack/work/ROS2_ws/install/hiwin_example/lib/python3.10/site-packages:${PYTHONPATH} /usr/bin/python3 setup.py develop --editable --build-directory /home/zack/work/ROS2_ws/build/hiwin_example/build --no-deps install_data
