[0.007s] Invoking command in '/home/zack/work/ROS2_ws/build/hiwin_libmodbus': AMENT_PREFIX_PATH=/home/zack/work/ROS2_ws/install/hiwin_interfaces:${AMENT_PREFIX_PATH} CMAKE_PREFIX_PATH=/home/zack/work/ROS2_ws/install/hiwin_interfaces:/opt/ros/humble LD_LIBRARY_PATH=/home/zack/work/ROS2_ws/install/hiwin_interfaces/lib:${LD_LIBRARY_PATH} PYTHONPATH=/home/zack/work/ROS2_ws/install/hiwin_interfaces/local/lib/python3.10/dist-packages:${PYTHONPATH} /usr/bin/cmake /home/zack/work/ROS2_ws/src/Hiwin_libmodbus/hiwin_libmodbus -DAMENT_CMAKE_SYMLINK_INSTALL=1 -DCMAKE_INSTALL_PREFIX=/home/zack/work/ROS2_ws/install/hiwin_libmodbus
[0.013s] [0mLibmodbus path dir = /home/zack/work/ROS2_ws/src/Hiwin_libmodbus/libmodbus[0m
[0.014s] -- Found ament_cmake: 1.3.5 (/opt/ros/humble/share/ament_cmake/cmake)
[0.100s] -- Override CMake install command with custom implementation using symlinks instead of copying resources
[0.105s] -- Found ament_cmake_ros: 0.10.0 (/opt/ros/humble/share/ament_cmake_ros/cmake)
[0.107s] -- Found rclcpp: 16.0.4 (/opt/ros/humble/share/rclcpp/cmake)
[0.126s] -- Found rosidl_generator_c: 3.1.4 (/opt/ros/humble/share/rosidl_generator_c/cmake)
[0.127s] -- Found rosidl_adapter: 3.1.4 (/opt/ros/humble/share/rosidl_adapter/cmake)
[0.131s] -- Found rosidl_generator_cpp: 3.1.4 (/opt/ros/humble/share/rosidl_generator_cpp/cmake)
[0.138s] -- Using all available rosidl_typesupport_c: rosidl_typesupport_fastrtps_c;rosidl_typesupport_introspection_c
[0.147s] -- Using all available rosidl_typesupport_cpp: rosidl_typesupport_fastrtps_cpp;rosidl_typesupport_introspection_cpp
[0.183s] -- Found rmw_implementation_cmake: 6.1.1 (/opt/ros/humble/share/rmw_implementation_cmake/cmake)
[0.184s] -- Found rmw_cyclonedds_cpp: 1.3.4 (/opt/ros/humble/share/rmw_cyclonedds_cpp/cmake)
[0.202s] -- Using RMW implementation 'rmw_cyclonedds_cpp' as default
[0.301s] -- Found rclcpp_action: 16.0.4 (/opt/ros/humble/share/rclcpp_action/cmake)
[0.357s] -- Found rclcpp_components: 16.0.4 (/opt/ros/humble/share/rclcpp_components/cmake)
[0.394s] -- Found hiwin_interfaces: 0.0.0 (/home/zack/work/ROS2_ws/install/hiwin_interfaces/share/hiwin_interfaces/cmake)
[0.511s] -- Found ament_lint_auto: 0.12.6 (/opt/ros/humble/share/ament_lint_auto/cmake)
[0.558s] -- Added test 'cppcheck' to perform static code analysis on C / C++ code
[0.558s] -- Configured cppcheck include dirs: $<BUILD_INTERFACE:/home/zack/work/ROS2_ws/src/Hiwin_libmodbus/hiwin_libmodbus/include>
[0.558s] -- Configured cppcheck exclude dirs and/or files: 
[0.558s] -- Added test 'flake8' to check Python code syntax and style conventions
[0.558s] -- Added test 'lint_cmake' to check CMake code style
[0.558s] -- Added test 'pep257' to check Python code against some of the docstring style conventions in PEP 257
[0.559s] -- Added test 'uncrustify' to check C / C++ code style
[0.559s] -- Configured uncrustify additional arguments: 
[0.559s] -- Added test 'xmllint' to check XML markup files
[0.560s] -- Configuring done
[0.574s] -- Generating done
[0.575s] -- Build files have been written to: /home/zack/work/ROS2_ws/build/hiwin_libmodbus
[0.581s] Invoked command in '/home/zack/work/ROS2_ws/build/hiwin_libmodbus' returned '0': AMENT_PREFIX_PATH=/home/zack/work/ROS2_ws/install/hiwin_interfaces:${AMENT_PREFIX_PATH} CMAKE_PREFIX_PATH=/home/zack/work/ROS2_ws/install/hiwin_interfaces:/opt/ros/humble LD_LIBRARY_PATH=/home/zack/work/ROS2_ws/install/hiwin_interfaces/lib:${LD_LIBRARY_PATH} PYTHONPATH=/home/zack/work/ROS2_ws/install/hiwin_interfaces/local/lib/python3.10/dist-packages:${PYTHONPATH} /usr/bin/cmake /home/zack/work/ROS2_ws/src/Hiwin_libmodbus/hiwin_libmodbus -DAMENT_CMAKE_SYMLINK_INSTALL=1 -DCMAKE_INSTALL_PREFIX=/home/zack/work/ROS2_ws/install/hiwin_libmodbus
[0.582s] Invoking command in '/home/zack/work/ROS2_ws/build/hiwin_libmodbus': AMENT_PREFIX_PATH=/home/zack/work/ROS2_ws/install/hiwin_interfaces:${AMENT_PREFIX_PATH} CMAKE_PREFIX_PATH=/home/zack/work/ROS2_ws/install/hiwin_interfaces:/opt/ros/humble LD_LIBRARY_PATH=/home/zack/work/ROS2_ws/install/hiwin_interfaces/lib:${LD_LIBRARY_PATH} PYTHONPATH=/home/zack/work/ROS2_ws/install/hiwin_interfaces/local/lib/python3.10/dist-packages:${PYTHONPATH} /usr/bin/cmake --build /home/zack/work/ROS2_ws/build/hiwin_libmodbus -- -j16 -l16
[0.612s] [35m[1mConsolidate compiler generated dependencies of target hiwin_libmodbus[0m
[0.622s] [ 42%] Built target hiwin_libmodbus
[0.622s] [ 42%] Built target ament_cmake_python_symlink_hiwin_libmodbus
[0.628s] [35m[1mConsolidate compiler generated dependencies of target hiwin_libmodbus_node[0m
[0.628s] [35m[1mConsolidate compiler generated dependencies of target hiwin_libmodbus_ctype_wrapper[0m
[0.628s] [35m[1mConsolidate compiler generated dependencies of target hiwinlibmodbus_server[0m
[0.628s] [35m[1mConsolidate compiler generated dependencies of target hiwinmodbus_server[0m
[0.634s] [ 57%] Built target hiwin_libmodbus_node
[0.635s] [ 71%] Built target hiwin_libmodbus_ctype_wrapper
[0.639s] [100%] Built target hiwinmodbus_server
[0.639s] [100%] Built target hiwinlibmodbus_server
[0.775s] running egg_info
[0.775s] writing hiwin_libmodbus.egg-info/PKG-INFO
[0.775s] writing dependency_links to hiwin_libmodbus.egg-info/dependency_links.txt
[0.775s] writing top-level names to hiwin_libmodbus.egg-info/top_level.txt
[0.776s] reading manifest file 'hiwin_libmodbus.egg-info/SOURCES.txt'
[0.777s] writing manifest file 'hiwin_libmodbus.egg-info/SOURCES.txt'
[0.796s] [100%] Built target ament_cmake_python_build_hiwin_libmodbus_egg
[0.803s] Invoked command in '/home/zack/work/ROS2_ws/build/hiwin_libmodbus' returned '0': AMENT_PREFIX_PATH=/home/zack/work/ROS2_ws/install/hiwin_interfaces:${AMENT_PREFIX_PATH} CMAKE_PREFIX_PATH=/home/zack/work/ROS2_ws/install/hiwin_interfaces:/opt/ros/humble LD_LIBRARY_PATH=/home/zack/work/ROS2_ws/install/hiwin_interfaces/lib:${LD_LIBRARY_PATH} PYTHONPATH=/home/zack/work/ROS2_ws/install/hiwin_interfaces/local/lib/python3.10/dist-packages:${PYTHONPATH} /usr/bin/cmake --build /home/zack/work/ROS2_ws/build/hiwin_libmodbus -- -j16 -l16
[0.830s] Invoking command in '/home/zack/work/ROS2_ws/build/hiwin_libmodbus': AMENT_PREFIX_PATH=/home/zack/work/ROS2_ws/install/hiwin_interfaces:${AMENT_PREFIX_PATH} CMAKE_PREFIX_PATH=/home/zack/work/ROS2_ws/install/hiwin_interfaces:/opt/ros/humble LD_LIBRARY_PATH=/home/zack/work/ROS2_ws/install/hiwin_interfaces/lib:${LD_LIBRARY_PATH} PYTHONPATH=/home/zack/work/ROS2_ws/install/hiwin_interfaces/local/lib/python3.10/dist-packages:${PYTHONPATH} /usr/bin/cmake --install /home/zack/work/ROS2_ws/build/hiwin_libmodbus
[0.835s] -- Install configuration: "Release"
[0.835s] -- Execute custom install script
[0.835s] -- Up-to-date symlink: /home/zack/work/ROS2_ws/install/hiwin_libmodbus/include/hiwin_libmodbus/hiwin_libmodbus.hpp
[0.835s] -- Up-to-date symlink: /home/zack/work/ROS2_ws/install/hiwin_libmodbus/include/hiwin_libmodbus/visibility_control.h
[0.836s] -- Up-to-date symlink: /home/zack/work/ROS2_ws/install/hiwin_libmodbus/lib/hiwin_libmodbus/hiwinmodbus_server
[0.836s] -- Up-to-date symlink: /home/zack/work/ROS2_ws/install/hiwin_libmodbus/lib/hiwin_libmodbus/hiwinlibmodbus_server
[0.836s] -- Up-to-date symlink: /home/zack/work/ROS2_ws/install/hiwin_libmodbus/lib/hiwin_libmodbus/hiwin_libmodbus_node
[0.836s] -- Up-to-date symlink: /home/zack/work/ROS2_ws/install/hiwin_libmodbus/share/hiwin_libmodbus/environment/pythonpath.sh
[0.836s] -- Up-to-date symlink: /home/zack/work/ROS2_ws/install/hiwin_libmodbus/share/hiwin_libmodbus/environment/pythonpath.dsv
[0.836s] -- Up-to-date symlink: /home/zack/work/ROS2_ws/install/hiwin_libmodbus/local/lib/python3.10/dist-packages/hiwin_libmodbus-0.0.0-py3.10.egg-info/PKG-INFO
[0.836s] -- Up-to-date symlink: /home/zack/work/ROS2_ws/install/hiwin_libmodbus/local/lib/python3.10/dist-packages/hiwin_libmodbus-0.0.0-py3.10.egg-info/SOURCES.txt
[0.836s] -- Up-to-date symlink: /home/zack/work/ROS2_ws/install/hiwin_libmodbus/local/lib/python3.10/dist-packages/hiwin_libmodbus-0.0.0-py3.10.egg-info/dependency_links.txt
[0.836s] -- Up-to-date symlink: /home/zack/work/ROS2_ws/install/hiwin_libmodbus/local/lib/python3.10/dist-packages/hiwin_libmodbus-0.0.0-py3.10.egg-info/top_level.txt
[0.836s] -- Up-to-date symlink: /home/zack/work/ROS2_ws/install/hiwin_libmodbus/local/lib/python3.10/dist-packages/hiwin_libmodbus/__init__.py
[0.837s] -- Up-to-date symlink: /home/zack/work/ROS2_ws/install/hiwin_libmodbus/local/lib/python3.10/dist-packages/hiwin_libmodbus/hiwin_libmodbus.py
[0.837s] -- Up-to-date symlink: /home/zack/work/ROS2_ws/install/hiwin_libmodbus/lib/hiwin_libmodbus/Hiwin_API_test.py
[0.837s] -- Up-to-date symlink: /home/zack/work/ROS2_ws/install/hiwin_libmodbus/share/hiwin_libmodbus/environment/library_path.sh
[0.837s] -- Up-to-date symlink: /home/zack/work/ROS2_ws/install/hiwin_libmodbus/share/hiwin_libmodbus/environment/library_path.dsv
[0.837s] -- Up-to-date symlink: /home/zack/work/ROS2_ws/install/hiwin_libmodbus/share/ament_index/resource_index/package_run_dependencies/hiwin_libmodbus
[0.837s] -- Up-to-date symlink: /home/zack/work/ROS2_ws/install/hiwin_libmodbus/share/ament_index/resource_index/parent_prefix_path/hiwin_libmodbus
[0.837s] -- Up-to-date symlink: /home/zack/work/ROS2_ws/install/hiwin_libmodbus/share/hiwin_libmodbus/environment/ament_prefix_path.sh
[0.837s] -- Up-to-date symlink: /home/zack/work/ROS2_ws/install/hiwin_libmodbus/share/hiwin_libmodbus/environment/ament_prefix_path.dsv
[0.837s] -- Up-to-date symlink: /home/zack/work/ROS2_ws/install/hiwin_libmodbus/share/hiwin_libmodbus/environment/path.sh
[0.837s] -- Up-to-date symlink: /home/zack/work/ROS2_ws/install/hiwin_libmodbus/share/hiwin_libmodbus/environment/path.dsv
[0.838s] -- Up-to-date symlink: /home/zack/work/ROS2_ws/install/hiwin_libmodbus/share/hiwin_libmodbus/local_setup.bash
[0.838s] -- Up-to-date symlink: /home/zack/work/ROS2_ws/install/hiwin_libmodbus/share/hiwin_libmodbus/local_setup.sh
[0.838s] -- Up-to-date symlink: /home/zack/work/ROS2_ws/install/hiwin_libmodbus/share/hiwin_libmodbus/local_setup.zsh
[0.838s] -- Up-to-date symlink: /home/zack/work/ROS2_ws/install/hiwin_libmodbus/share/hiwin_libmodbus/local_setup.dsv
[0.838s] -- Symlinking: /home/zack/work/ROS2_ws/install/hiwin_libmodbus/share/hiwin_libmodbus/package.dsv
[0.843s] -- Up-to-date symlink: /home/zack/work/ROS2_ws/install/hiwin_libmodbus/share/ament_index/resource_index/packages/hiwin_libmodbus
[0.843s] -- Up-to-date symlink: /home/zack/work/ROS2_ws/install/hiwin_libmodbus/share/hiwin_libmodbus/cmake/ament_cmake_export_include_directories-extras.cmake
[0.843s] -- Up-to-date symlink: /home/zack/work/ROS2_ws/install/hiwin_libmodbus/share/hiwin_libmodbus/cmake/ament_cmake_export_libraries-extras.cmake
[0.843s] -- Up-to-date symlink: /home/zack/work/ROS2_ws/install/hiwin_libmodbus/share/hiwin_libmodbus/cmake/ament_cmake_export_targets-extras.cmake
[0.844s] -- Up-to-date symlink: /home/zack/work/ROS2_ws/install/hiwin_libmodbus/share/hiwin_libmodbus/cmake/hiwin_libmodbusConfig.cmake
[0.844s] -- Up-to-date symlink: /home/zack/work/ROS2_ws/install/hiwin_libmodbus/share/hiwin_libmodbus/cmake/hiwin_libmodbusConfig-version.cmake
[0.844s] -- Up-to-date symlink: /home/zack/work/ROS2_ws/install/hiwin_libmodbus/share/hiwin_libmodbus/package.xml
[0.844s] -- Up-to-date: /home/zack/work/ROS2_ws/install/hiwin_libmodbus/lib/libhiwin_libmodbus.so
[0.844s] -- Up-to-date: /home/zack/work/ROS2_ws/install/hiwin_libmodbus/lib/libhiwin_libmodbus_ctype_wrapper.so
[0.862s] Listing '/home/zack/work/ROS2_ws/install/hiwin_libmodbus/local/lib/python3.10/dist-packages/hiwin_libmodbus'...
[0.865s] -- Up-to-date: /home/zack/work/ROS2_ws/install/hiwin_libmodbus/share/hiwin_libmodbus/cmake/export_hiwin_libmodbusExport.cmake
[0.865s] -- Up-to-date: /home/zack/work/ROS2_ws/install/hiwin_libmodbus/share/hiwin_libmodbus/cmake/export_hiwin_libmodbusExport-release.cmake
[0.867s] Invoked command in '/home/zack/work/ROS2_ws/build/hiwin_libmodbus' returned '0': AMENT_PREFIX_PATH=/home/zack/work/ROS2_ws/install/hiwin_interfaces:${AMENT_PREFIX_PATH} CMAKE_PREFIX_PATH=/home/zack/work/ROS2_ws/install/hiwin_interfaces:/opt/ros/humble LD_LIBRARY_PATH=/home/zack/work/ROS2_ws/install/hiwin_interfaces/lib:${LD_LIBRARY_PATH} PYTHONPATH=/home/zack/work/ROS2_ws/install/hiwin_interfaces/local/lib/python3.10/dist-packages:${PYTHONPATH} /usr/bin/cmake --install /home/zack/work/ROS2_ws/build/hiwin_libmodbus
