[0.368s] Invoking command in '/home/zack/work/ROS2_ws/build/yolo_strategy_interfaces': CMAKE_PREFIX_PATH=${CMAKE_PREFIX_PATH}:/home/zack/work/ROS2_ws/install/py_pubsub:/home/zack/work/ROS2_ws/install/hiwin_example:/opt/ros/humble /usr/bin/cmake --build /home/zack/work/ROS2_ws/build/yolo_strategy_interfaces -- -j16 -l16
[0.384s] -- Found ament_cmake: 1.3.5 (/opt/ros/humble/share/ament_cmake/cmake)
[0.479s] -- Override CMake install command with custom implementation using symlinks instead of copying resources
[0.483s] -- Found geometry_msgs: 4.2.3 (/opt/ros/humble/share/geometry_msgs/cmake)
[0.500s] -- Found rosidl_generator_c: 3.1.4 (/opt/ros/humble/share/rosidl_generator_c/cmake)
[0.502s] -- Found rosidl_adapter: 3.1.4 (/opt/ros/humble/share/rosidl_adapter/cmake)
[0.505s] -- Found rosidl_generator_cpp: 3.1.4 (/opt/ros/humble/share/rosidl_generator_cpp/cmake)
[0.512s] -- Using all available rosidl_typesupport_c: rosidl_typesupport_fastrtps_c;rosidl_typesupport_introspection_c
[0.523s] -- Using all available rosidl_typesupport_cpp: rosidl_typesupport_fastrtps_cpp;rosidl_typesupport_introspection_cpp
[0.597s] -- Found rosidl_default_generators: 1.2.0 (/opt/ros/humble/share/rosidl_default_generators/cmake)
[0.791s] -- Found ament_cmake_ros: 0.10.0 (/opt/ros/humble/share/ament_cmake_ros/cmake)
[1.086s] -- Using all available rosidl_typesupport_c: rosidl_typesupport_fastrtps_c;rosidl_typesupport_introspection_c
[1.190s] -- Using all available rosidl_typesupport_cpp: rosidl_typesupport_fastrtps_cpp;rosidl_typesupport_introspection_cpp
[1.207s] -- Found python_cmake_module: 0.10.0 (/opt/ros/humble/share/python_cmake_module/cmake)
[1.222s] -- Using PYTHON_EXECUTABLE: /usr/bin/python3
[1.222s] -- Using PYTHON_INCLUDE_DIRS: /usr/include/python3.10
[1.222s] -- Using PYTHON_LIBRARIES: /usr/lib/x86_64-linux-gnu/libpython3.10.so
[1.246s] -- Found ament_lint_auto: 0.12.6 (/opt/ros/humble/share/ament_lint_auto/cmake)
[1.252s] -- Added test 'lint_cmake' to check CMake code style
[1.253s] -- Added test 'xmllint' to check XML markup files
[1.254s] -- Configuring done
[1.274s] -- Generating done
[1.276s] -- Build files have been written to: /home/zack/work/ROS2_ws/build/yolo_strategy_interfaces
[1.294s] [  3%] [34m[1mGenerating C code for ROS interfaces[0m
[1.299s] failed to create symbolic link '/home/zack/work/ROS2_ws/build/yolo_strategy_interfaces/ament_cmake_python/yolo_strategy_interfaces/yolo_strategy_interfaces' because existing path cannot be removed: Is a directory
[1.299s] gmake[2]: *** [CMakeFiles/ament_cmake_python_symlink_yolo_strategy_interfaces.dir/build.make:70: CMakeFiles/ament_cmake_python_symlink_yolo_strategy_interfaces] Error 1
[1.300s] gmake[1]: *** [CMakeFiles/Makefile2:421: CMakeFiles/ament_cmake_python_symlink_yolo_strategy_interfaces.dir/all] Error 2
[1.300s] gmake[1]: *** Waiting for unfinished jobs....
[1.300s] [  6%] [34m[1mGenerating C++ code for ROS interfaces[0m
[1.468s] [35m[1mConsolidate compiler generated dependencies of target yolo_strategy_interfaces__rosidl_generator_c[0m
[1.473s] [  6%] Built target yolo_strategy_interfaces__cpp
[1.476s] [  9%] [32mBuilding C object CMakeFiles/yolo_strategy_interfaces__rosidl_generator_c.dir/rosidl_generator_c/yolo_strategy_interfaces/srv/detail/yolo_strategy__functions.c.o[0m
[1.512s] [ 12%] [32m[1mLinking C shared library libyolo_strategy_interfaces__rosidl_generator_c.so[0m
[1.536s] [ 12%] Built target yolo_strategy_interfaces__rosidl_generator_c
[1.536s] gmake: *** [Makefile:146: all] Error 2
[1.538s] Invoked command in '/home/zack/work/ROS2_ws/build/yolo_strategy_interfaces' returned '2': CMAKE_PREFIX_PATH=${CMAKE_PREFIX_PATH}:/home/zack/work/ROS2_ws/install/py_pubsub:/home/zack/work/ROS2_ws/install/hiwin_example:/opt/ros/humble /usr/bin/cmake --build /home/zack/work/ROS2_ws/build/yolo_strategy_interfaces -- -j16 -l16
