[0.022s] Invoking command in '/home/zack/work/ROS2_ws/build/hiwin_interfaces': CMAKE_PREFIX_PATH=${CMAKE_PREFIX_PATH}:/home/zack/work/ROS2_ws/install/py_pubsub:/home/zack/work/ROS2_ws/install/hiwin_example:/opt/ros/humble /usr/bin/cmake /home/zack/work/ROS2_ws/src/Hiwin_libmodbus/hiwin_interfaces -DAMENT_CMAKE_SYMLINK_INSTALL=1 -DCMAKE_INSTALL_PREFIX=/home/zack/work/ROS2_ws/install/hiwin_interfaces
[0.052s] -- Found ament_cmake: 1.3.5 (/opt/ros/humble/share/ament_cmake/cmake)
[0.155s] -- Override CMake install command with custom implementation using symlinks instead of copying resources
[0.168s] -- Found geometry_msgs: 4.2.3 (/opt/ros/humble/share/geometry_msgs/cmake)
[0.195s] -- Found rosidl_generator_c: 3.1.4 (/opt/ros/humble/share/rosidl_generator_c/cmake)
[0.198s] -- Found rosidl_adapter: 3.1.4 (/opt/ros/humble/share/rosidl_adapter/cmake)
[0.205s] -- Found rosidl_generator_cpp: 3.1.4 (/opt/ros/humble/share/rosidl_generator_cpp/cmake)
[0.214s] -- Using all available rosidl_typesupport_c: rosidl_typesupport_fastrtps_c;rosidl_typesupport_introspection_c
[0.228s] -- Using all available rosidl_typesupport_cpp: rosidl_typesupport_fastrtps_cpp;rosidl_typesupport_introspection_cpp
[0.310s] -- Found rosidl_default_generators: 1.2.0 (/opt/ros/humble/share/rosidl_default_generators/cmake)
[0.521s] -- Found ament_cmake_ros: 0.10.0 (/opt/ros/humble/share/ament_cmake_ros/cmake)
[0.808s] -- Using all available rosidl_typesupport_c: rosidl_typesupport_fastrtps_c;rosidl_typesupport_introspection_c
[0.918s] -- Using all available rosidl_typesupport_cpp: rosidl_typesupport_fastrtps_cpp;rosidl_typesupport_introspection_cpp
[0.933s] -- Found python_cmake_module: 0.10.0 (/opt/ros/humble/share/python_cmake_module/cmake)
[0.949s] -- Using PYTHON_EXECUTABLE: /usr/bin/python3
[0.949s] -- Using PYTHON_INCLUDE_DIRS: /usr/include/python3.10
[0.949s] -- Using PYTHON_LIBRARIES: /usr/lib/x86_64-linux-gnu/libpython3.10.so
[0.974s] -- Found ament_lint_auto: 0.12.6 (/opt/ros/humble/share/ament_lint_auto/cmake)
[0.981s] -- Added test 'lint_cmake' to check CMake code style
[0.982s] -- Added test 'xmllint' to check XML markup files
[0.984s] -- Configuring done
[1.017s] -- Generating done
[1.018s] -- Build files have been written to: /home/zack/work/ROS2_ws/build/hiwin_interfaces
[1.023s] Invoked command in '/home/zack/work/ROS2_ws/build/hiwin_interfaces' returned '0': CMAKE_PREFIX_PATH=${CMAKE_PREFIX_PATH}:/home/zack/work/ROS2_ws/install/py_pubsub:/home/zack/work/ROS2_ws/install/hiwin_example:/opt/ros/humble /usr/bin/cmake /home/zack/work/ROS2_ws/src/Hiwin_libmodbus/hiwin_interfaces -DAMENT_CMAKE_SYMLINK_INSTALL=1 -DCMAKE_INSTALL_PREFIX=/home/zack/work/ROS2_ws/install/hiwin_interfaces
[1.025s] Invoking command in '/home/zack/work/ROS2_ws/build/hiwin_interfaces': CMAKE_PREFIX_PATH=${CMAKE_PREFIX_PATH}:/home/zack/work/ROS2_ws/install/py_pubsub:/home/zack/work/ROS2_ws/install/hiwin_example:/opt/ros/humble /usr/bin/cmake --build /home/zack/work/ROS2_ws/build/hiwin_interfaces -- -j16 -l16
[1.048s] [35m[1mConsolidate compiler generated dependencies of target hiwin_interfaces__rosidl_generator_c[0m
[1.052s] [  2%] Built target hiwin_interfaces__cpp
[1.058s] [  5%] Built target ament_cmake_python_symlink_hiwin_interfaces
[1.058s] [ 12%] Built target hiwin_interfaces__rosidl_generator_c
[1.059s] [35m[1mConsolidate compiler generated dependencies of target hiwin_interfaces__rosidl_typesupport_introspection_cpp[0m
[1.059s] [35m[1mConsolidate compiler generated dependencies of target hiwin_interfaces__rosidl_typesupport_cpp[0m
[1.060s] [35m[1mConsolidate compiler generated dependencies of target hiwin_interfaces__rosidl_typesupport_fastrtps_cpp[0m
[1.067s] [ 28%] Built target hiwin_interfaces__rosidl_typesupport_introspection_cpp
[1.067s] [ 33%] Built target hiwin_interfaces__rosidl_typesupport_cpp
[1.070s] [ 43%] Built target hiwin_interfaces__rosidl_typesupport_fastrtps_cpp
[1.074s] [35m[1mConsolidate compiler generated dependencies of target hiwin_interfaces__rosidl_typesupport_c[0m
[1.074s] [35m[1mConsolidate compiler generated dependencies of target hiwin_interfaces__rosidl_typesupport_introspection_c[0m
[1.074s] [35m[1mConsolidate compiler generated dependencies of target hiwin_interfaces__rosidl_typesupport_fastrtps_c[0m
[1.081s] [ 64%] Built target hiwin_interfaces__rosidl_typesupport_c
[1.081s] [ 64%] Built target hiwin_interfaces__rosidl_typesupport_introspection_c
[1.082s] [ 74%] Built target hiwin_interfaces__rosidl_typesupport_fastrtps_c
[1.094s] [ 74%] Built target hiwin_interfaces
[1.110s] [ 76%] Built target hiwin_interfaces__py
[1.119s] [35m[1mConsolidate compiler generated dependencies of target hiwin_interfaces__rosidl_generator_py[0m
[1.130s] [ 84%] Built target hiwin_interfaces__rosidl_generator_py
[1.137s] [35m[1mConsolidate compiler generated dependencies of target hiwin_interfaces__rosidl_typesupport_introspection_c__pyext[0m
[1.137s] [35m[1mConsolidate compiler generated dependencies of target hiwin_interfaces__rosidl_typesupport_c__pyext[0m
[1.138s] [35m[1mConsolidate compiler generated dependencies of target hiwin_interfaces__rosidl_typesupport_fastrtps_c__pyext[0m
[1.146s] [ 97%] Built target hiwin_interfaces__rosidl_typesupport_c__pyext
[1.146s] [ 97%] Built target hiwin_interfaces__rosidl_typesupport_fastrtps_c__pyext
[1.147s] [100%] Built target hiwin_interfaces__rosidl_typesupport_introspection_c__pyext
[1.235s] running egg_info
[1.236s] writing hiwin_interfaces.egg-info/PKG-INFO
[1.236s] writing dependency_links to hiwin_interfaces.egg-info/dependency_links.txt
[1.237s] writing top-level names to hiwin_interfaces.egg-info/top_level.txt
[1.238s] reading manifest file 'hiwin_interfaces.egg-info/SOURCES.txt'
[1.238s] writing manifest file 'hiwin_interfaces.egg-info/SOURCES.txt'
[1.260s] [100%] Built target ament_cmake_python_build_hiwin_interfaces_egg
[1.266s] Invoked command in '/home/zack/work/ROS2_ws/build/hiwin_interfaces' returned '0': CMAKE_PREFIX_PATH=${CMAKE_PREFIX_PATH}:/home/zack/work/ROS2_ws/install/py_pubsub:/home/zack/work/ROS2_ws/install/hiwin_example:/opt/ros/humble /usr/bin/cmake --build /home/zack/work/ROS2_ws/build/hiwin_interfaces -- -j16 -l16
[1.310s] Invoking command in '/home/zack/work/ROS2_ws/build/hiwin_interfaces': CMAKE_PREFIX_PATH=${CMAKE_PREFIX_PATH}:/home/zack/work/ROS2_ws/install/py_pubsub:/home/zack/work/ROS2_ws/install/hiwin_example:/opt/ros/humble /usr/bin/cmake --install /home/zack/work/ROS2_ws/build/hiwin_interfaces
[1.312s] -- Install configuration: "Release"
[1.313s] -- Execute custom install script
[1.313s] -- Up-to-date symlink: /home/zack/work/ROS2_ws/install/hiwin_interfaces/share/ament_index/resource_index/rosidl_interfaces/hiwin_interfaces
[1.313s] -- Up-to-date symlink: /home/zack/work/ROS2_ws/install/hiwin_interfaces/include/hiwin_interfaces/hiwin_interfaces/msg/rosidl_generator_c__visibility_control.h
[1.313s] -- Up-to-date symlink: /home/zack/work/ROS2_ws/install/hiwin_interfaces/include/hiwin_interfaces/hiwin_interfaces/srv/detail/hiwinmodbus__functions.h
[1.313s] -- Up-to-date symlink: /home/zack/work/ROS2_ws/install/hiwin_interfaces/include/hiwin_interfaces/hiwin_interfaces/srv/detail/hiwinmodbus__struct.h
[1.313s] -- Up-to-date symlink: /home/zack/work/ROS2_ws/install/hiwin_interfaces/include/hiwin_interfaces/hiwin_interfaces/srv/detail/hiwinmodbus__type_support.h
[1.313s] -- Up-to-date symlink: /home/zack/work/ROS2_ws/install/hiwin_interfaces/include/hiwin_interfaces/hiwin_interfaces/srv/detail/robot_command__functions.h
[1.314s] -- Up-to-date symlink: /home/zack/work/ROS2_ws/install/hiwin_interfaces/include/hiwin_interfaces/hiwin_interfaces/srv/detail/robot_command__struct.h
[1.314s] -- Up-to-date symlink: /home/zack/work/ROS2_ws/install/hiwin_interfaces/include/hiwin_interfaces/hiwin_interfaces/srv/detail/robot_command__type_support.h
[1.314s] -- Up-to-date symlink: /home/zack/work/ROS2_ws/install/hiwin_interfaces/include/hiwin_interfaces/hiwin_interfaces/srv/hiwinmodbus.h
[1.314s] -- Up-to-date symlink: /home/zack/work/ROS2_ws/install/hiwin_interfaces/include/hiwin_interfaces/hiwin_interfaces/srv/robot_command.h
[1.314s] -- Up-to-date symlink: /home/zack/work/ROS2_ws/install/hiwin_interfaces/share/hiwin_interfaces/environment/library_path.sh
[1.314s] -- Up-to-date symlink: /home/zack/work/ROS2_ws/install/hiwin_interfaces/share/hiwin_interfaces/environment/library_path.dsv
[1.314s] -- Up-to-date symlink: /home/zack/work/ROS2_ws/install/hiwin_interfaces/include/hiwin_interfaces/hiwin_interfaces/msg/rosidl_typesupport_fastrtps_c__visibility_control.h
[1.314s] -- Up-to-date symlink: /home/zack/work/ROS2_ws/install/hiwin_interfaces/include/hiwin_interfaces/hiwin_interfaces/srv/detail/hiwinmodbus__rosidl_typesupport_fastrtps_c.h
[1.314s] -- Up-to-date symlink: /home/zack/work/ROS2_ws/install/hiwin_interfaces/include/hiwin_interfaces/hiwin_interfaces/srv/detail/robot_command__rosidl_typesupport_fastrtps_c.h
[1.314s] -- Up-to-date symlink: /home/zack/work/ROS2_ws/install/hiwin_interfaces/include/hiwin_interfaces/hiwin_interfaces/srv/detail/hiwinmodbus__builder.hpp
[1.315s] -- Up-to-date symlink: /home/zack/work/ROS2_ws/install/hiwin_interfaces/include/hiwin_interfaces/hiwin_interfaces/srv/detail/hiwinmodbus__struct.hpp
[1.315s] -- Up-to-date symlink: /home/zack/work/ROS2_ws/install/hiwin_interfaces/include/hiwin_interfaces/hiwin_interfaces/srv/detail/hiwinmodbus__traits.hpp
[1.315s] -- Up-to-date symlink: /home/zack/work/ROS2_ws/install/hiwin_interfaces/include/hiwin_interfaces/hiwin_interfaces/srv/detail/robot_command__builder.hpp
[1.315s] -- Up-to-date symlink: /home/zack/work/ROS2_ws/install/hiwin_interfaces/include/hiwin_interfaces/hiwin_interfaces/srv/detail/robot_command__struct.hpp
[1.315s] -- Up-to-date symlink: /home/zack/work/ROS2_ws/install/hiwin_interfaces/include/hiwin_interfaces/hiwin_interfaces/srv/detail/robot_command__traits.hpp
[1.315s] -- Up-to-date symlink: /home/zack/work/ROS2_ws/install/hiwin_interfaces/include/hiwin_interfaces/hiwin_interfaces/srv/hiwinmodbus.hpp
[1.315s] -- Up-to-date symlink: /home/zack/work/ROS2_ws/install/hiwin_interfaces/include/hiwin_interfaces/hiwin_interfaces/srv/robot_command.hpp
[1.315s] -- Up-to-date symlink: /home/zack/work/ROS2_ws/install/hiwin_interfaces/include/hiwin_interfaces/hiwin_interfaces/msg/rosidl_typesupport_fastrtps_cpp__visibility_control.h
[1.315s] -- Up-to-date symlink: /home/zack/work/ROS2_ws/install/hiwin_interfaces/include/hiwin_interfaces/hiwin_interfaces/srv/detail/hiwinmodbus__rosidl_typesupport_fastrtps_cpp.hpp
[1.315s] -- Up-to-date symlink: /home/zack/work/ROS2_ws/install/hiwin_interfaces/include/hiwin_interfaces/hiwin_interfaces/srv/detail/robot_command__rosidl_typesupport_fastrtps_cpp.hpp
[1.315s] -- Up-to-date symlink: /home/zack/work/ROS2_ws/install/hiwin_interfaces/include/hiwin_interfaces/hiwin_interfaces/msg/rosidl_typesupport_introspection_c__visibility_control.h
[1.316s] -- Up-to-date symlink: /home/zack/work/ROS2_ws/install/hiwin_interfaces/include/hiwin_interfaces/hiwin_interfaces/srv/detail/hiwinmodbus__rosidl_typesupport_introspection_c.h
[1.316s] -- Up-to-date symlink: /home/zack/work/ROS2_ws/install/hiwin_interfaces/include/hiwin_interfaces/hiwin_interfaces/srv/detail/robot_command__rosidl_typesupport_introspection_c.h
[1.316s] -- Up-to-date symlink: /home/zack/work/ROS2_ws/install/hiwin_interfaces/include/hiwin_interfaces/hiwin_interfaces/srv/detail/hiwinmodbus__rosidl_typesupport_introspection_cpp.hpp
[1.316s] -- Up-to-date symlink: /home/zack/work/ROS2_ws/install/hiwin_interfaces/include/hiwin_interfaces/hiwin_interfaces/srv/detail/robot_command__rosidl_typesupport_introspection_cpp.hpp
[1.316s] -- Up-to-date symlink: /home/zack/work/ROS2_ws/install/hiwin_interfaces/share/hiwin_interfaces/environment/pythonpath.sh
[1.316s] -- Up-to-date symlink: /home/zack/work/ROS2_ws/install/hiwin_interfaces/share/hiwin_interfaces/environment/pythonpath.dsv
[1.316s] -- Up-to-date symlink: /home/zack/work/ROS2_ws/install/hiwin_interfaces/local/lib/python3.10/dist-packages/hiwin_interfaces-0.0.0-py3.10.egg-info/PKG-INFO
[1.316s] -- Up-to-date symlink: /home/zack/work/ROS2_ws/install/hiwin_interfaces/local/lib/python3.10/dist-packages/hiwin_interfaces-0.0.0-py3.10.egg-info/SOURCES.txt
[1.316s] -- Up-to-date symlink: /home/zack/work/ROS2_ws/install/hiwin_interfaces/local/lib/python3.10/dist-packages/hiwin_interfaces-0.0.0-py3.10.egg-info/dependency_links.txt
[1.316s] -- Up-to-date symlink: /home/zack/work/ROS2_ws/install/hiwin_interfaces/local/lib/python3.10/dist-packages/hiwin_interfaces-0.0.0-py3.10.egg-info/top_level.txt
[1.317s] -- Up-to-date symlink: /home/zack/work/ROS2_ws/install/hiwin_interfaces/local/lib/python3.10/dist-packages/hiwin_interfaces/__init__.py
[1.317s] -- Up-to-date symlink: /home/zack/work/ROS2_ws/install/hiwin_interfaces/local/lib/python3.10/dist-packages/hiwin_interfaces/_hiwin_interfaces_s.ep.rosidl_typesupport_c.c
[1.317s] -- Up-to-date symlink: /home/zack/work/ROS2_ws/install/hiwin_interfaces/local/lib/python3.10/dist-packages/hiwin_interfaces/_hiwin_interfaces_s.ep.rosidl_typesupport_fastrtps_c.c
[1.317s] -- Up-to-date symlink: /home/zack/work/ROS2_ws/install/hiwin_interfaces/local/lib/python3.10/dist-packages/hiwin_interfaces/_hiwin_interfaces_s.ep.rosidl_typesupport_introspection_c.c
[1.317s] -- Up-to-date symlink: /home/zack/work/ROS2_ws/install/hiwin_interfaces/local/lib/python3.10/dist-packages/hiwin_interfaces/hiwin_interfaces_s__rosidl_typesupport_c.cpython-310-x86_64-linux-gnu.so
[1.317s] -- Up-to-date symlink: /home/zack/work/ROS2_ws/install/hiwin_interfaces/local/lib/python3.10/dist-packages/hiwin_interfaces/hiwin_interfaces_s__rosidl_typesupport_fastrtps_c.cpython-310-x86_64-linux-gnu.so
[1.317s] -- Up-to-date symlink: /home/zack/work/ROS2_ws/install/hiwin_interfaces/local/lib/python3.10/dist-packages/hiwin_interfaces/hiwin_interfaces_s__rosidl_typesupport_introspection_c.cpython-310-x86_64-linux-gnu.so
[1.317s] -- Up-to-date symlink: /home/zack/work/ROS2_ws/install/hiwin_interfaces/local/lib/python3.10/dist-packages/hiwin_interfaces/libhiwin_interfaces__rosidl_generator_py.so
[1.317s] -- Up-to-date symlink: /home/zack/work/ROS2_ws/install/hiwin_interfaces/local/lib/python3.10/dist-packages/hiwin_interfaces/srv/__init__.py
[1.317s] -- Up-to-date symlink: /home/zack/work/ROS2_ws/install/hiwin_interfaces/local/lib/python3.10/dist-packages/hiwin_interfaces/srv/_hiwinmodbus.py
[1.317s] -- Up-to-date symlink: /home/zack/work/ROS2_ws/install/hiwin_interfaces/local/lib/python3.10/dist-packages/hiwin_interfaces/srv/_hiwinmodbus_s.c
[1.318s] -- Up-to-date symlink: /home/zack/work/ROS2_ws/install/hiwin_interfaces/local/lib/python3.10/dist-packages/hiwin_interfaces/srv/_robot_command.py
[1.318s] -- Up-to-date symlink: /home/zack/work/ROS2_ws/install/hiwin_interfaces/local/lib/python3.10/dist-packages/hiwin_interfaces/srv/_robot_command_s.c
[1.318s] -- Up-to-date symlink: /home/zack/work/ROS2_ws/install/hiwin_interfaces/local/lib/python3.10/dist-packages/hiwin_interfaces/hiwin_interfaces_s__rosidl_typesupport_fastrtps_c.cpython-310-x86_64-linux-gnu.so
[1.318s] -- Up-to-date symlink: /home/zack/work/ROS2_ws/install/hiwin_interfaces/local/lib/python3.10/dist-packages/hiwin_interfaces/hiwin_interfaces_s__rosidl_typesupport_introspection_c.cpython-310-x86_64-linux-gnu.so
[1.318s] -- Up-to-date symlink: /home/zack/work/ROS2_ws/install/hiwin_interfaces/local/lib/python3.10/dist-packages/hiwin_interfaces/hiwin_interfaces_s__rosidl_typesupport_c.cpython-310-x86_64-linux-gnu.so
[1.318s] -- Up-to-date symlink: /home/zack/work/ROS2_ws/install/hiwin_interfaces/share/hiwin_interfaces/srv/Hiwinmodbus.idl
[1.318s] -- Up-to-date symlink: /home/zack/work/ROS2_ws/install/hiwin_interfaces/share/hiwin_interfaces/srv/RobotCommand.idl
[1.318s] -- Up-to-date symlink: /home/zack/work/ROS2_ws/install/hiwin_interfaces/share/hiwin_interfaces/srv/Hiwinmodbus.srv
[1.318s] -- Up-to-date symlink: /home/zack/work/ROS2_ws/install/hiwin_interfaces/share/hiwin_interfaces/srv/Hiwinmodbus_Request.msg
[1.318s] -- Up-to-date symlink: /home/zack/work/ROS2_ws/install/hiwin_interfaces/share/hiwin_interfaces/srv/Hiwinmodbus_Response.msg
[1.318s] -- Up-to-date symlink: /home/zack/work/ROS2_ws/install/hiwin_interfaces/share/hiwin_interfaces/srv/RobotCommand.srv
[1.318s] -- Up-to-date symlink: /home/zack/work/ROS2_ws/install/hiwin_interfaces/share/hiwin_interfaces/srv/RobotCommand_Request.msg
[1.318s] -- Up-to-date symlink: /home/zack/work/ROS2_ws/install/hiwin_interfaces/share/hiwin_interfaces/srv/RobotCommand_Response.msg
[1.319s] -- Up-to-date symlink: /home/zack/work/ROS2_ws/install/hiwin_interfaces/share/ament_index/resource_index/package_run_dependencies/hiwin_interfaces
[1.319s] -- Up-to-date symlink: /home/zack/work/ROS2_ws/install/hiwin_interfaces/share/ament_index/resource_index/parent_prefix_path/hiwin_interfaces
[1.319s] -- Up-to-date symlink: /home/zack/work/ROS2_ws/install/hiwin_interfaces/share/hiwin_interfaces/environment/ament_prefix_path.sh
[1.319s] -- Up-to-date symlink: /home/zack/work/ROS2_ws/install/hiwin_interfaces/share/hiwin_interfaces/environment/ament_prefix_path.dsv
[1.319s] -- Up-to-date symlink: /home/zack/work/ROS2_ws/install/hiwin_interfaces/share/hiwin_interfaces/environment/path.sh
[1.319s] -- Up-to-date symlink: /home/zack/work/ROS2_ws/install/hiwin_interfaces/share/hiwin_interfaces/environment/path.dsv
[1.319s] -- Up-to-date symlink: /home/zack/work/ROS2_ws/install/hiwin_interfaces/share/hiwin_interfaces/local_setup.bash
[1.319s] -- Up-to-date symlink: /home/zack/work/ROS2_ws/install/hiwin_interfaces/share/hiwin_interfaces/local_setup.sh
[1.319s] -- Up-to-date symlink: /home/zack/work/ROS2_ws/install/hiwin_interfaces/share/hiwin_interfaces/local_setup.zsh
[1.319s] -- Up-to-date symlink: /home/zack/work/ROS2_ws/install/hiwin_interfaces/share/hiwin_interfaces/local_setup.dsv
[1.319s] -- Symlinking: /home/zack/work/ROS2_ws/install/hiwin_interfaces/share/hiwin_interfaces/package.dsv
[1.325s] -- Up-to-date symlink: /home/zack/work/ROS2_ws/install/hiwin_interfaces/share/ament_index/resource_index/packages/hiwin_interfaces
[1.325s] -- Up-to-date symlink: /home/zack/work/ROS2_ws/install/hiwin_interfaces/share/hiwin_interfaces/cmake/rosidl_cmake-extras.cmake
[1.325s] -- Up-to-date symlink: /home/zack/work/ROS2_ws/install/hiwin_interfaces/share/hiwin_interfaces/cmake/ament_cmake_export_dependencies-extras.cmake
[1.325s] -- Up-to-date symlink: /home/zack/work/ROS2_ws/install/hiwin_interfaces/share/hiwin_interfaces/cmake/ament_cmake_export_include_directories-extras.cmake
[1.325s] -- Up-to-date symlink: /home/zack/work/ROS2_ws/install/hiwin_interfaces/share/hiwin_interfaces/cmake/ament_cmake_export_libraries-extras.cmake
[1.325s] -- Up-to-date symlink: /home/zack/work/ROS2_ws/install/hiwin_interfaces/share/hiwin_interfaces/cmake/ament_cmake_export_targets-extras.cmake
[1.325s] -- Up-to-date symlink: /home/zack/work/ROS2_ws/install/hiwin_interfaces/share/hiwin_interfaces/cmake/rosidl_cmake_export_typesupport_targets-extras.cmake
[1.326s] -- Up-to-date symlink: /home/zack/work/ROS2_ws/install/hiwin_interfaces/share/hiwin_interfaces/cmake/rosidl_cmake_export_typesupport_libraries-extras.cmake
[1.326s] -- Up-to-date symlink: /home/zack/work/ROS2_ws/install/hiwin_interfaces/share/hiwin_interfaces/cmake/hiwin_interfacesConfig.cmake
[1.326s] -- Up-to-date symlink: /home/zack/work/ROS2_ws/install/hiwin_interfaces/share/hiwin_interfaces/cmake/hiwin_interfacesConfig-version.cmake
[1.326s] -- Up-to-date symlink: /home/zack/work/ROS2_ws/install/hiwin_interfaces/share/hiwin_interfaces/package.xml
[1.326s] -- Up-to-date: /home/zack/work/ROS2_ws/install/hiwin_interfaces/lib/libhiwin_interfaces__rosidl_generator_c.so
[1.326s] -- Up-to-date: /home/zack/work/ROS2_ws/install/hiwin_interfaces/lib/libhiwin_interfaces__rosidl_typesupport_fastrtps_c.so
[1.327s] -- Up-to-date: /home/zack/work/ROS2_ws/install/hiwin_interfaces/lib/libhiwin_interfaces__rosidl_typesupport_fastrtps_cpp.so
[1.327s] -- Up-to-date: /home/zack/work/ROS2_ws/install/hiwin_interfaces/lib/libhiwin_interfaces__rosidl_typesupport_introspection_c.so
[1.328s] -- Up-to-date: /home/zack/work/ROS2_ws/install/hiwin_interfaces/lib/libhiwin_interfaces__rosidl_typesupport_c.so
[1.328s] -- Up-to-date: /home/zack/work/ROS2_ws/install/hiwin_interfaces/lib/libhiwin_interfaces__rosidl_typesupport_introspection_cpp.so
[1.328s] -- Up-to-date: /home/zack/work/ROS2_ws/install/hiwin_interfaces/lib/libhiwin_interfaces__rosidl_typesupport_cpp.so
[1.350s] Listing '/home/zack/work/ROS2_ws/install/hiwin_interfaces/local/lib/python3.10/dist-packages/hiwin_interfaces'...
[1.350s] Compiling '/home/zack/work/ROS2_ws/install/hiwin_interfaces/local/lib/python3.10/dist-packages/hiwin_interfaces/__init__.py'...
[1.350s] Listing '/home/zack/work/ROS2_ws/install/hiwin_interfaces/local/lib/python3.10/dist-packages/hiwin_interfaces/srv'...
[1.352s] -- Up-to-date: /home/zack/work/ROS2_ws/install/hiwin_interfaces/lib/libhiwin_interfaces__rosidl_generator_py.so
[1.352s] -- Up-to-date: /home/zack/work/ROS2_ws/install/hiwin_interfaces/share/hiwin_interfaces/cmake/export_hiwin_interfaces__rosidl_generator_cExport.cmake
[1.353s] -- Up-to-date: /home/zack/work/ROS2_ws/install/hiwin_interfaces/share/hiwin_interfaces/cmake/export_hiwin_interfaces__rosidl_generator_cExport-release.cmake
[1.353s] -- Up-to-date: /home/zack/work/ROS2_ws/install/hiwin_interfaces/share/hiwin_interfaces/cmake/export_hiwin_interfaces__rosidl_typesupport_fastrtps_cExport.cmake
[1.353s] -- Up-to-date: /home/zack/work/ROS2_ws/install/hiwin_interfaces/share/hiwin_interfaces/cmake/export_hiwin_interfaces__rosidl_typesupport_fastrtps_cExport-release.cmake
[1.354s] -- Up-to-date: /home/zack/work/ROS2_ws/install/hiwin_interfaces/share/hiwin_interfaces/cmake/export_hiwin_interfaces__rosidl_generator_cppExport.cmake
[1.354s] -- Up-to-date: /home/zack/work/ROS2_ws/install/hiwin_interfaces/share/hiwin_interfaces/cmake/export_hiwin_interfaces__rosidl_typesupport_fastrtps_cppExport.cmake
[1.354s] -- Up-to-date: /home/zack/work/ROS2_ws/install/hiwin_interfaces/share/hiwin_interfaces/cmake/export_hiwin_interfaces__rosidl_typesupport_fastrtps_cppExport-release.cmake
[1.354s] -- Up-to-date: /home/zack/work/ROS2_ws/install/hiwin_interfaces/share/hiwin_interfaces/cmake/hiwin_interfaces__rosidl_typesupport_introspection_cExport.cmake
[1.354s] -- Up-to-date: /home/zack/work/ROS2_ws/install/hiwin_interfaces/share/hiwin_interfaces/cmake/hiwin_interfaces__rosidl_typesupport_introspection_cExport-release.cmake
[1.354s] -- Up-to-date: /home/zack/work/ROS2_ws/install/hiwin_interfaces/share/hiwin_interfaces/cmake/hiwin_interfaces__rosidl_typesupport_cExport.cmake
[1.354s] -- Up-to-date: /home/zack/work/ROS2_ws/install/hiwin_interfaces/share/hiwin_interfaces/cmake/hiwin_interfaces__rosidl_typesupport_cExport-release.cmake
[1.354s] -- Up-to-date: /home/zack/work/ROS2_ws/install/hiwin_interfaces/share/hiwin_interfaces/cmake/hiwin_interfaces__rosidl_typesupport_introspection_cppExport.cmake
[1.354s] -- Up-to-date: /home/zack/work/ROS2_ws/install/hiwin_interfaces/share/hiwin_interfaces/cmake/hiwin_interfaces__rosidl_typesupport_introspection_cppExport-release.cmake
[1.354s] -- Up-to-date: /home/zack/work/ROS2_ws/install/hiwin_interfaces/share/hiwin_interfaces/cmake/hiwin_interfaces__rosidl_typesupport_cppExport.cmake
[1.354s] -- Up-to-date: /home/zack/work/ROS2_ws/install/hiwin_interfaces/share/hiwin_interfaces/cmake/hiwin_interfaces__rosidl_typesupport_cppExport-release.cmake
[1.354s] -- Up-to-date: /home/zack/work/ROS2_ws/install/hiwin_interfaces/share/hiwin_interfaces/cmake/export_hiwin_interfaces__rosidl_generator_pyExport.cmake
[1.354s] -- Up-to-date: /home/zack/work/ROS2_ws/install/hiwin_interfaces/share/hiwin_interfaces/cmake/export_hiwin_interfaces__rosidl_generator_pyExport-release.cmake
[1.360s] Invoked command in '/home/zack/work/ROS2_ws/build/hiwin_interfaces' returned '0': CMAKE_PREFIX_PATH=${CMAKE_PREFIX_PATH}:/home/zack/work/ROS2_ws/install/py_pubsub:/home/zack/work/ROS2_ws/install/hiwin_example:/opt/ros/humble /usr/bin/cmake --install /home/zack/work/ROS2_ws/build/hiwin_interfaces
