[0.440s] Invoking command in '/home/zack/work/ROS2_ws/build/py_pubsub': PYTHONPATH=/home/zack/work/ROS2_ws/build/py_pubsub/prefix_override:/home/zack/work/ROS2_ws/install/py_pubsub/lib/python3.10/site-packages:${PYTHONPATH} /usr/bin/python3 setup.py develop --editable --build-directory /home/zack/work/ROS2_ws/build/py_pubsub/build --no-deps install_data
[0.608s] running develop
[0.608s] /usr/lib/python3/dist-packages/setuptools/command/easy_install.py:158: EasyInstallDeprecationWarning: easy_install command is deprecated. Use build and pip and other standards-based tools.
[0.608s]   warnings.warn(
[0.609s] /usr/lib/python3/dist-packages/setuptools/command/install.py:34: SetuptoolsDeprecationWarning: setup.py install is deprecated. Use build and pip and other standards-based tools.
[0.609s]   warnings.warn(
[0.716s] running egg_info
[0.716s] writing py_pubsub.egg-info/PKG-INFO
[0.717s] writing dependency_links to py_pubsub.egg-info/dependency_links.txt
[0.717s] writing entry points to py_pubsub.egg-info/entry_points.txt
[0.717s] writing requirements to py_pubsub.egg-info/requires.txt
[0.717s] writing top-level names to py_pubsub.egg-info/top_level.txt
[0.719s] reading manifest file 'py_pubsub.egg-info/SOURCES.txt'
[0.719s] writing manifest file 'py_pubsub.egg-info/SOURCES.txt'
[0.720s] running build_ext
[0.720s] Creating /home/zack/work/ROS2_ws/install/py_pubsub/lib/python3.10/site-packages/py-pubsub.egg-link (link to .)
[0.721s] Installing cam_calibration script to /home/zack/work/ROS2_ws/install/py_pubsub/lib/py_pubsub
[0.721s] Installing strategy_client script to /home/zack/work/ROS2_ws/install/py_pubsub/lib/py_pubsub
[0.721s] Installing strategy_sub script to /home/zack/work/ROS2_ws/install/py_pubsub/lib/py_pubsub
[0.721s] Installing test_yolo_service script to /home/zack/work/ROS2_ws/install/py_pubsub/lib/py_pubsub
[0.722s] Installing verify_calibration script to /home/zack/work/ROS2_ws/install/py_pubsub/lib/py_pubsub
[0.722s] Installing yolo_detect script to /home/zack/work/ROS2_ws/install/py_pubsub/lib/py_pubsub
[0.722s] Installing yolo_service script to /home/zack/work/ROS2_ws/install/py_pubsub/lib/py_pubsub
[0.722s] 
[0.722s] Installed /home/zack/work/ROS2_ws/build/py_pubsub
[0.722s] running install_data
[0.754s] Invoked command in '/home/zack/work/ROS2_ws/build/py_pubsub' returned '0': PYTHONPATH=/home/zack/work/ROS2_ws/build/py_pubsub/prefix_override:/home/zack/work/ROS2_ws/install/py_pubsub/lib/python3.10/site-packages:${PYTHONPATH} /usr/bin/python3 setup.py develop --editable --build-directory /home/zack/work/ROS2_ws/build/py_pubsub/build --no-deps install_data
