[0.015s] Invoking command in '/home/zack/work/ROS2_ws/build/yolo_strategy_interfaces': CMAKE_PREFIX_PATH=${CMAKE_PREFIX_PATH}:/home/zack/work/ROS2_ws/install/py_pubsub:/home/zack/work/ROS2_ws/install/hiwin_example:/opt/ros/humble /usr/bin/cmake /home/zack/work/ROS2_ws/src/yolo_strategy_interfaces -DAMENT_CMAKE_SYMLINK_INSTALL=1 -DCMAKE_INSTALL_PREFIX=/home/zack/work/ROS2_ws/install/yolo_strategy_interfaces
[0.022s] -- Found ament_cmake: 1.3.5 (/opt/ros/humble/share/ament_cmake/cmake)
[0.120s] -- Override CMake install command with custom implementation using symlinks instead of copying resources
[0.127s] -- Found geometry_msgs: 4.2.3 (/opt/ros/humble/share/geometry_msgs/cmake)
[0.153s] -- Found rosidl_generator_c: 3.1.4 (/opt/ros/humble/share/rosidl_generator_c/cmake)
[0.155s] -- Found rosidl_adapter: 3.1.4 (/opt/ros/humble/share/rosidl_adapter/cmake)
[0.162s] -- Found rosidl_generator_cpp: 3.1.4 (/opt/ros/humble/share/rosidl_generator_cpp/cmake)
[0.170s] -- Using all available rosidl_typesupport_c: rosidl_typesupport_fastrtps_c;rosidl_typesupport_introspection_c
[0.179s] -- Using all available rosidl_typesupport_cpp: rosidl_typesupport_fastrtps_cpp;rosidl_typesupport_introspection_cpp
[0.252s] -- Found rosidl_default_generators: 1.2.0 (/opt/ros/humble/share/rosidl_default_generators/cmake)
[0.447s] -- Found ament_cmake_ros: 0.10.0 (/opt/ros/humble/share/ament_cmake_ros/cmake)
[0.723s] -- Using all available rosidl_typesupport_c: rosidl_typesupport_fastrtps_c;rosidl_typesupport_introspection_c
[0.839s] -- Using all available rosidl_typesupport_cpp: rosidl_typesupport_fastrtps_cpp;rosidl_typesupport_introspection_cpp
[0.856s] -- Found python_cmake_module: 0.10.0 (/opt/ros/humble/share/python_cmake_module/cmake)
[0.872s] -- Using PYTHON_EXECUTABLE: /usr/bin/python3
[0.872s] -- Using PYTHON_INCLUDE_DIRS: /usr/include/python3.10
[0.872s] -- Using PYTHON_LIBRARIES: /usr/lib/x86_64-linux-gnu/libpython3.10.so
[0.896s] -- Found ament_lint_auto: 0.12.6 (/opt/ros/humble/share/ament_lint_auto/cmake)
[0.902s] -- Added test 'lint_cmake' to check CMake code style
[0.903s] -- Added test 'xmllint' to check XML markup files
[0.904s] -- Configuring done
[0.925s] -- Generating done
[0.927s] -- Build files have been written to: /home/zack/work/ROS2_ws/build/yolo_strategy_interfaces
[0.934s] Invoked command in '/home/zack/work/ROS2_ws/build/yolo_strategy_interfaces' returned '0': CMAKE_PREFIX_PATH=${CMAKE_PREFIX_PATH}:/home/zack/work/ROS2_ws/install/py_pubsub:/home/zack/work/ROS2_ws/install/hiwin_example:/opt/ros/humble /usr/bin/cmake /home/zack/work/ROS2_ws/src/yolo_strategy_interfaces -DAMENT_CMAKE_SYMLINK_INSTALL=1 -DCMAKE_INSTALL_PREFIX=/home/zack/work/ROS2_ws/install/yolo_strategy_interfaces
[0.936s] Invoking command in '/home/zack/work/ROS2_ws/build/yolo_strategy_interfaces': CMAKE_PREFIX_PATH=${CMAKE_PREFIX_PATH}:/home/zack/work/ROS2_ws/install/py_pubsub:/home/zack/work/ROS2_ws/install/hiwin_example:/opt/ros/humble /usr/bin/cmake --build /home/zack/work/ROS2_ws/build/yolo_strategy_interfaces -- -j16 -l16
[0.962s] [35m[1mConsolidate compiler generated dependencies of target yolo_strategy_interfaces__rosidl_generator_c[0m
[0.968s] [ 12%] Built target yolo_strategy_interfaces__rosidl_generator_c
[0.968s] [ 12%] Built target yolo_strategy_interfaces__cpp
[0.974s] [ 12%] Built target ament_cmake_python_symlink_yolo_strategy_interfaces
[0.975s] [35m[1mConsolidate compiler generated dependencies of target yolo_strategy_interfaces__rosidl_typesupport_introspection_c[0m
[0.975s] [35m[1mConsolidate compiler generated dependencies of target yolo_strategy_interfaces__rosidl_typesupport_introspection_cpp[0m
[0.975s] [35m[1mConsolidate compiler generated dependencies of target yolo_strategy_interfaces__rosidl_typesupport_fastrtps_c[0m
[0.976s] [35m[1mConsolidate compiler generated dependencies of target yolo_strategy_interfaces__rosidl_typesupport_c[0m
[0.982s] [35m[1mConsolidate compiler generated dependencies of target yolo_strategy_interfaces__rosidl_typesupport_cpp[0m
[0.983s] [35m[1mConsolidate compiler generated dependencies of target yolo_strategy_interfaces__rosidl_typesupport_fastrtps_cpp[0m
[0.983s] [ 22%] Built target yolo_strategy_interfaces__rosidl_typesupport_c
[0.983s] [ 32%] Built target yolo_strategy_interfaces__rosidl_typesupport_introspection_c
[0.983s] [ 41%] Built target yolo_strategy_interfaces__rosidl_typesupport_introspection_cpp
[0.986s] [ 51%] Built target yolo_strategy_interfaces__rosidl_typesupport_fastrtps_c
[0.990s] [ 70%] Built target yolo_strategy_interfaces__rosidl_typesupport_fastrtps_cpp
[0.990s] [ 70%] Built target yolo_strategy_interfaces__rosidl_typesupport_cpp
[1.004s] [ 70%] Built target yolo_strategy_interfaces
[1.019s] [ 74%] Built target yolo_strategy_interfaces__py
[1.027s] [35m[1mConsolidate compiler generated dependencies of target yolo_strategy_interfaces__rosidl_generator_py[0m
[1.036s] [ 80%] Built target yolo_strategy_interfaces__rosidl_generator_py
[1.044s] [35m[1mConsolidate compiler generated dependencies of target yolo_strategy_interfaces__rosidl_typesupport_c__pyext[0m
[1.044s] [35m[1mConsolidate compiler generated dependencies of target yolo_strategy_interfaces__rosidl_typesupport_fastrtps_c__pyext[0m
[1.044s] [35m[1mConsolidate compiler generated dependencies of target yolo_strategy_interfaces__rosidl_typesupport_introspection_c__pyext[0m
[1.053s] [100%] Built target yolo_strategy_interfaces__rosidl_typesupport_c__pyext
[1.053s] [100%] Built target yolo_strategy_interfaces__rosidl_typesupport_fastrtps_c__pyext
[1.053s] [100%] Built target yolo_strategy_interfaces__rosidl_typesupport_introspection_c__pyext
[1.148s] running egg_info
[1.148s] writing yolo_strategy_interfaces.egg-info/PKG-INFO
[1.148s] writing dependency_links to yolo_strategy_interfaces.egg-info/dependency_links.txt
[1.148s] writing top-level names to yolo_strategy_interfaces.egg-info/top_level.txt
[1.150s] reading manifest file 'yolo_strategy_interfaces.egg-info/SOURCES.txt'
[1.150s] writing manifest file 'yolo_strategy_interfaces.egg-info/SOURCES.txt'
[1.172s] [100%] Built target ament_cmake_python_build_yolo_strategy_interfaces_egg
[1.180s] Invoked command in '/home/zack/work/ROS2_ws/build/yolo_strategy_interfaces' returned '0': CMAKE_PREFIX_PATH=${CMAKE_PREFIX_PATH}:/home/zack/work/ROS2_ws/install/py_pubsub:/home/zack/work/ROS2_ws/install/hiwin_example:/opt/ros/humble /usr/bin/cmake --build /home/zack/work/ROS2_ws/build/yolo_strategy_interfaces -- -j16 -l16
[1.218s] Invoking command in '/home/zack/work/ROS2_ws/build/yolo_strategy_interfaces': CMAKE_PREFIX_PATH=${CMAKE_PREFIX_PATH}:/home/zack/work/ROS2_ws/install/py_pubsub:/home/zack/work/ROS2_ws/install/hiwin_example:/opt/ros/humble /usr/bin/cmake --install /home/zack/work/ROS2_ws/build/yolo_strategy_interfaces
[1.223s] -- Install configuration: "Release"
[1.223s] -- Execute custom install script
[1.224s] -- Up-to-date symlink: /home/zack/work/ROS2_ws/install/yolo_strategy_interfaces/share/ament_index/resource_index/rosidl_interfaces/yolo_strategy_interfaces
[1.224s] -- Up-to-date symlink: /home/zack/work/ROS2_ws/install/yolo_strategy_interfaces/include/yolo_strategy_interfaces/yolo_strategy_interfaces/msg/rosidl_generator_c__visibility_control.h
[1.225s] -- Up-to-date symlink: /home/zack/work/ROS2_ws/install/yolo_strategy_interfaces/include/yolo_strategy_interfaces/yolo_strategy_interfaces/srv/detail/yolo_strategy__functions.h
[1.225s] -- Up-to-date symlink: /home/zack/work/ROS2_ws/install/yolo_strategy_interfaces/include/yolo_strategy_interfaces/yolo_strategy_interfaces/srv/detail/yolo_strategy__struct.h
[1.225s] -- Up-to-date symlink: /home/zack/work/ROS2_ws/install/yolo_strategy_interfaces/include/yolo_strategy_interfaces/yolo_strategy_interfaces/srv/detail/yolo_strategy__type_support.h
[1.225s] -- Up-to-date symlink: /home/zack/work/ROS2_ws/install/yolo_strategy_interfaces/include/yolo_strategy_interfaces/yolo_strategy_interfaces/srv/yolo_strategy.h
[1.225s] -- Up-to-date symlink: /home/zack/work/ROS2_ws/install/yolo_strategy_interfaces/share/yolo_strategy_interfaces/environment/library_path.sh
[1.225s] -- Up-to-date symlink: /home/zack/work/ROS2_ws/install/yolo_strategy_interfaces/share/yolo_strategy_interfaces/environment/library_path.dsv
[1.225s] -- Up-to-date symlink: /home/zack/work/ROS2_ws/install/yolo_strategy_interfaces/include/yolo_strategy_interfaces/yolo_strategy_interfaces/msg/rosidl_typesupport_fastrtps_c__visibility_control.h
[1.225s] -- Up-to-date symlink: /home/zack/work/ROS2_ws/install/yolo_strategy_interfaces/include/yolo_strategy_interfaces/yolo_strategy_interfaces/srv/detail/yolo_strategy__rosidl_typesupport_fastrtps_c.h
[1.225s] -- Up-to-date symlink: /home/zack/work/ROS2_ws/install/yolo_strategy_interfaces/include/yolo_strategy_interfaces/yolo_strategy_interfaces/srv/detail/yolo_strategy__builder.hpp
[1.225s] -- Up-to-date symlink: /home/zack/work/ROS2_ws/install/yolo_strategy_interfaces/include/yolo_strategy_interfaces/yolo_strategy_interfaces/srv/detail/yolo_strategy__struct.hpp
[1.225s] -- Up-to-date symlink: /home/zack/work/ROS2_ws/install/yolo_strategy_interfaces/include/yolo_strategy_interfaces/yolo_strategy_interfaces/srv/detail/yolo_strategy__traits.hpp
[1.225s] -- Up-to-date symlink: /home/zack/work/ROS2_ws/install/yolo_strategy_interfaces/include/yolo_strategy_interfaces/yolo_strategy_interfaces/srv/yolo_strategy.hpp
[1.225s] -- Up-to-date symlink: /home/zack/work/ROS2_ws/install/yolo_strategy_interfaces/include/yolo_strategy_interfaces/yolo_strategy_interfaces/msg/rosidl_typesupport_fastrtps_cpp__visibility_control.h
[1.225s] -- Up-to-date symlink: /home/zack/work/ROS2_ws/install/yolo_strategy_interfaces/include/yolo_strategy_interfaces/yolo_strategy_interfaces/srv/detail/yolo_strategy__rosidl_typesupport_fastrtps_cpp.hpp
[1.225s] -- Up-to-date symlink: /home/zack/work/ROS2_ws/install/yolo_strategy_interfaces/include/yolo_strategy_interfaces/yolo_strategy_interfaces/msg/rosidl_typesupport_introspection_c__visibility_control.h
[1.225s] -- Up-to-date symlink: /home/zack/work/ROS2_ws/install/yolo_strategy_interfaces/include/yolo_strategy_interfaces/yolo_strategy_interfaces/srv/detail/yolo_strategy__rosidl_typesupport_introspection_c.h
[1.225s] -- Up-to-date symlink: /home/zack/work/ROS2_ws/install/yolo_strategy_interfaces/include/yolo_strategy_interfaces/yolo_strategy_interfaces/srv/detail/yolo_strategy__rosidl_typesupport_introspection_cpp.hpp
[1.225s] -- Up-to-date symlink: /home/zack/work/ROS2_ws/install/yolo_strategy_interfaces/share/yolo_strategy_interfaces/environment/pythonpath.sh
[1.225s] -- Up-to-date symlink: /home/zack/work/ROS2_ws/install/yolo_strategy_interfaces/share/yolo_strategy_interfaces/environment/pythonpath.dsv
[1.225s] -- Up-to-date symlink: /home/zack/work/ROS2_ws/install/yolo_strategy_interfaces/local/lib/python3.10/dist-packages/yolo_strategy_interfaces-0.0.0-py3.10.egg-info/PKG-INFO
[1.226s] -- Up-to-date symlink: /home/zack/work/ROS2_ws/install/yolo_strategy_interfaces/local/lib/python3.10/dist-packages/yolo_strategy_interfaces-0.0.0-py3.10.egg-info/SOURCES.txt
[1.226s] -- Up-to-date symlink: /home/zack/work/ROS2_ws/install/yolo_strategy_interfaces/local/lib/python3.10/dist-packages/yolo_strategy_interfaces-0.0.0-py3.10.egg-info/dependency_links.txt
[1.226s] -- Up-to-date symlink: /home/zack/work/ROS2_ws/install/yolo_strategy_interfaces/local/lib/python3.10/dist-packages/yolo_strategy_interfaces-0.0.0-py3.10.egg-info/top_level.txt
[1.226s] -- Up-to-date symlink: /home/zack/work/ROS2_ws/install/yolo_strategy_interfaces/local/lib/python3.10/dist-packages/yolo_strategy_interfaces/__init__.py
[1.226s] -- Up-to-date symlink: /home/zack/work/ROS2_ws/install/yolo_strategy_interfaces/local/lib/python3.10/dist-packages/yolo_strategy_interfaces/_yolo_strategy_interfaces_s.ep.rosidl_typesupport_c.c
[1.226s] -- Up-to-date symlink: /home/zack/work/ROS2_ws/install/yolo_strategy_interfaces/local/lib/python3.10/dist-packages/yolo_strategy_interfaces/_yolo_strategy_interfaces_s.ep.rosidl_typesupport_fastrtps_c.c
[1.226s] -- Up-to-date symlink: /home/zack/work/ROS2_ws/install/yolo_strategy_interfaces/local/lib/python3.10/dist-packages/yolo_strategy_interfaces/_yolo_strategy_interfaces_s.ep.rosidl_typesupport_introspection_c.c
[1.226s] -- Up-to-date symlink: /home/zack/work/ROS2_ws/install/yolo_strategy_interfaces/local/lib/python3.10/dist-packages/yolo_strategy_interfaces/libyolo_strategy_interfaces__rosidl_generator_py.so
[1.226s] -- Up-to-date symlink: /home/zack/work/ROS2_ws/install/yolo_strategy_interfaces/local/lib/python3.10/dist-packages/yolo_strategy_interfaces/srv/__init__.py
[1.226s] -- Up-to-date symlink: /home/zack/work/ROS2_ws/install/yolo_strategy_interfaces/local/lib/python3.10/dist-packages/yolo_strategy_interfaces/srv/_yolo_strategy.py
[1.226s] -- Up-to-date symlink: /home/zack/work/ROS2_ws/install/yolo_strategy_interfaces/local/lib/python3.10/dist-packages/yolo_strategy_interfaces/srv/_yolo_strategy_s.c
[1.226s] -- Up-to-date symlink: /home/zack/work/ROS2_ws/install/yolo_strategy_interfaces/local/lib/python3.10/dist-packages/yolo_strategy_interfaces/yolo_strategy_interfaces_s__rosidl_typesupport_c.cpython-310-x86_64-linux-gnu.so
[1.226s] -- Up-to-date symlink: /home/zack/work/ROS2_ws/install/yolo_strategy_interfaces/local/lib/python3.10/dist-packages/yolo_strategy_interfaces/yolo_strategy_interfaces_s__rosidl_typesupport_fastrtps_c.cpython-310-x86_64-linux-gnu.so
[1.227s] -- Up-to-date symlink: /home/zack/work/ROS2_ws/install/yolo_strategy_interfaces/local/lib/python3.10/dist-packages/yolo_strategy_interfaces/yolo_strategy_interfaces_s__rosidl_typesupport_introspection_c.cpython-310-x86_64-linux-gnu.so
[1.227s] -- Up-to-date symlink: /home/zack/work/ROS2_ws/install/yolo_strategy_interfaces/local/lib/python3.10/dist-packages/yolo_strategy_interfaces/yolo_strategy_interfaces_s__rosidl_typesupport_fastrtps_c.cpython-310-x86_64-linux-gnu.so
[1.227s] -- Up-to-date symlink: /home/zack/work/ROS2_ws/install/yolo_strategy_interfaces/local/lib/python3.10/dist-packages/yolo_strategy_interfaces/yolo_strategy_interfaces_s__rosidl_typesupport_introspection_c.cpython-310-x86_64-linux-gnu.so
[1.227s] -- Up-to-date symlink: /home/zack/work/ROS2_ws/install/yolo_strategy_interfaces/local/lib/python3.10/dist-packages/yolo_strategy_interfaces/yolo_strategy_interfaces_s__rosidl_typesupport_c.cpython-310-x86_64-linux-gnu.so
[1.227s] -- Up-to-date symlink: /home/zack/work/ROS2_ws/install/yolo_strategy_interfaces/share/yolo_strategy_interfaces/srv/YoloStrategy.idl
[1.227s] -- Up-to-date symlink: /home/zack/work/ROS2_ws/install/yolo_strategy_interfaces/share/yolo_strategy_interfaces/srv/YoloStrategy.srv
[1.228s] -- Up-to-date symlink: /home/zack/work/ROS2_ws/install/yolo_strategy_interfaces/share/yolo_strategy_interfaces/srv/YoloStrategy_Request.msg
[1.228s] -- Up-to-date symlink: /home/zack/work/ROS2_ws/install/yolo_strategy_interfaces/share/yolo_strategy_interfaces/srv/YoloStrategy_Response.msg
[1.228s] -- Up-to-date symlink: /home/zack/work/ROS2_ws/install/yolo_strategy_interfaces/share/ament_index/resource_index/package_run_dependencies/yolo_strategy_interfaces
[1.228s] -- Up-to-date symlink: /home/zack/work/ROS2_ws/install/yolo_strategy_interfaces/share/ament_index/resource_index/parent_prefix_path/yolo_strategy_interfaces
[1.228s] -- Up-to-date symlink: /home/zack/work/ROS2_ws/install/yolo_strategy_interfaces/share/yolo_strategy_interfaces/environment/ament_prefix_path.sh
[1.228s] -- Up-to-date symlink: /home/zack/work/ROS2_ws/install/yolo_strategy_interfaces/share/yolo_strategy_interfaces/environment/ament_prefix_path.dsv
[1.228s] -- Up-to-date symlink: /home/zack/work/ROS2_ws/install/yolo_strategy_interfaces/share/yolo_strategy_interfaces/environment/path.sh
[1.228s] -- Up-to-date symlink: /home/zack/work/ROS2_ws/install/yolo_strategy_interfaces/share/yolo_strategy_interfaces/environment/path.dsv
[1.228s] -- Up-to-date symlink: /home/zack/work/ROS2_ws/install/yolo_strategy_interfaces/share/yolo_strategy_interfaces/local_setup.bash
[1.228s] -- Up-to-date symlink: /home/zack/work/ROS2_ws/install/yolo_strategy_interfaces/share/yolo_strategy_interfaces/local_setup.sh
[1.228s] -- Up-to-date symlink: /home/zack/work/ROS2_ws/install/yolo_strategy_interfaces/share/yolo_strategy_interfaces/local_setup.zsh
[1.229s] -- Up-to-date symlink: /home/zack/work/ROS2_ws/install/yolo_strategy_interfaces/share/yolo_strategy_interfaces/local_setup.dsv
[1.229s] -- Symlinking: /home/zack/work/ROS2_ws/install/yolo_strategy_interfaces/share/yolo_strategy_interfaces/package.dsv
[1.234s] -- Up-to-date symlink: /home/zack/work/ROS2_ws/install/yolo_strategy_interfaces/share/ament_index/resource_index/packages/yolo_strategy_interfaces
[1.235s] -- Up-to-date symlink: /home/zack/work/ROS2_ws/install/yolo_strategy_interfaces/share/yolo_strategy_interfaces/cmake/rosidl_cmake-extras.cmake
[1.235s] -- Up-to-date symlink: /home/zack/work/ROS2_ws/install/yolo_strategy_interfaces/share/yolo_strategy_interfaces/cmake/ament_cmake_export_dependencies-extras.cmake
[1.235s] -- Up-to-date symlink: /home/zack/work/ROS2_ws/install/yolo_strategy_interfaces/share/yolo_strategy_interfaces/cmake/ament_cmake_export_include_directories-extras.cmake
[1.235s] -- Up-to-date symlink: /home/zack/work/ROS2_ws/install/yolo_strategy_interfaces/share/yolo_strategy_interfaces/cmake/ament_cmake_export_libraries-extras.cmake
[1.235s] -- Up-to-date symlink: /home/zack/work/ROS2_ws/install/yolo_strategy_interfaces/share/yolo_strategy_interfaces/cmake/ament_cmake_export_targets-extras.cmake
[1.235s] -- Up-to-date symlink: /home/zack/work/ROS2_ws/install/yolo_strategy_interfaces/share/yolo_strategy_interfaces/cmake/rosidl_cmake_export_typesupport_targets-extras.cmake
[1.236s] -- Up-to-date symlink: /home/zack/work/ROS2_ws/install/yolo_strategy_interfaces/share/yolo_strategy_interfaces/cmake/rosidl_cmake_export_typesupport_libraries-extras.cmake
[1.236s] -- Up-to-date symlink: /home/zack/work/ROS2_ws/install/yolo_strategy_interfaces/share/yolo_strategy_interfaces/cmake/yolo_strategy_interfacesConfig.cmake
[1.236s] -- Up-to-date symlink: /home/zack/work/ROS2_ws/install/yolo_strategy_interfaces/share/yolo_strategy_interfaces/cmake/yolo_strategy_interfacesConfig-version.cmake
[1.236s] -- Up-to-date symlink: /home/zack/work/ROS2_ws/install/yolo_strategy_interfaces/share/yolo_strategy_interfaces/package.xml
[1.236s] -- Up-to-date: /home/zack/work/ROS2_ws/install/yolo_strategy_interfaces/lib/libyolo_strategy_interfaces__rosidl_generator_c.so
[1.236s] -- Up-to-date: /home/zack/work/ROS2_ws/install/yolo_strategy_interfaces/lib/libyolo_strategy_interfaces__rosidl_typesupport_fastrtps_c.so
[1.236s] -- Up-to-date: /home/zack/work/ROS2_ws/install/yolo_strategy_interfaces/lib/libyolo_strategy_interfaces__rosidl_typesupport_fastrtps_cpp.so
[1.236s] -- Up-to-date: /home/zack/work/ROS2_ws/install/yolo_strategy_interfaces/lib/libyolo_strategy_interfaces__rosidl_typesupport_introspection_c.so
[1.236s] -- Up-to-date: /home/zack/work/ROS2_ws/install/yolo_strategy_interfaces/lib/libyolo_strategy_interfaces__rosidl_typesupport_c.so
[1.237s] -- Up-to-date: /home/zack/work/ROS2_ws/install/yolo_strategy_interfaces/lib/libyolo_strategy_interfaces__rosidl_typesupport_introspection_cpp.so
[1.237s] -- Up-to-date: /home/zack/work/ROS2_ws/install/yolo_strategy_interfaces/lib/libyolo_strategy_interfaces__rosidl_typesupport_cpp.so
[1.259s] Listing '/home/zack/work/ROS2_ws/install/yolo_strategy_interfaces/local/lib/python3.10/dist-packages/yolo_strategy_interfaces'...
[1.259s] Compiling '/home/zack/work/ROS2_ws/install/yolo_strategy_interfaces/local/lib/python3.10/dist-packages/yolo_strategy_interfaces/__init__.py'...
[1.259s] Listing '/home/zack/work/ROS2_ws/install/yolo_strategy_interfaces/local/lib/python3.10/dist-packages/yolo_strategy_interfaces/srv'...
[1.261s] -- Up-to-date: /home/zack/work/ROS2_ws/install/yolo_strategy_interfaces/lib/libyolo_strategy_interfaces__rosidl_generator_py.so
[1.261s] -- Up-to-date: /home/zack/work/ROS2_ws/install/yolo_strategy_interfaces/share/yolo_strategy_interfaces/cmake/export_yolo_strategy_interfaces__rosidl_generator_cExport.cmake
[1.261s] -- Up-to-date: /home/zack/work/ROS2_ws/install/yolo_strategy_interfaces/share/yolo_strategy_interfaces/cmake/export_yolo_strategy_interfaces__rosidl_generator_cExport-release.cmake
[1.261s] -- Up-to-date: /home/zack/work/ROS2_ws/install/yolo_strategy_interfaces/share/yolo_strategy_interfaces/cmake/export_yolo_strategy_interfaces__rosidl_typesupport_fastrtps_cExport.cmake
[1.261s] -- Up-to-date: /home/zack/work/ROS2_ws/install/yolo_strategy_interfaces/share/yolo_strategy_interfaces/cmake/export_yolo_strategy_interfaces__rosidl_typesupport_fastrtps_cExport-release.cmake
[1.262s] -- Up-to-date: /home/zack/work/ROS2_ws/install/yolo_strategy_interfaces/share/yolo_strategy_interfaces/cmake/export_yolo_strategy_interfaces__rosidl_generator_cppExport.cmake
[1.262s] -- Up-to-date: /home/zack/work/ROS2_ws/install/yolo_strategy_interfaces/share/yolo_strategy_interfaces/cmake/export_yolo_strategy_interfaces__rosidl_typesupport_fastrtps_cppExport.cmake
[1.262s] -- Up-to-date: /home/zack/work/ROS2_ws/install/yolo_strategy_interfaces/share/yolo_strategy_interfaces/cmake/export_yolo_strategy_interfaces__rosidl_typesupport_fastrtps_cppExport-release.cmake
[1.262s] -- Up-to-date: /home/zack/work/ROS2_ws/install/yolo_strategy_interfaces/share/yolo_strategy_interfaces/cmake/yolo_strategy_interfaces__rosidl_typesupport_introspection_cExport.cmake
[1.262s] -- Up-to-date: /home/zack/work/ROS2_ws/install/yolo_strategy_interfaces/share/yolo_strategy_interfaces/cmake/yolo_strategy_interfaces__rosidl_typesupport_introspection_cExport-release.cmake
[1.262s] -- Up-to-date: /home/zack/work/ROS2_ws/install/yolo_strategy_interfaces/share/yolo_strategy_interfaces/cmake/yolo_strategy_interfaces__rosidl_typesupport_cExport.cmake
[1.262s] -- Up-to-date: /home/zack/work/ROS2_ws/install/yolo_strategy_interfaces/share/yolo_strategy_interfaces/cmake/yolo_strategy_interfaces__rosidl_typesupport_cExport-release.cmake
[1.262s] -- Up-to-date: /home/zack/work/ROS2_ws/install/yolo_strategy_interfaces/share/yolo_strategy_interfaces/cmake/yolo_strategy_interfaces__rosidl_typesupport_introspection_cppExport.cmake
[1.262s] -- Up-to-date: /home/zack/work/ROS2_ws/install/yolo_strategy_interfaces/share/yolo_strategy_interfaces/cmake/yolo_strategy_interfaces__rosidl_typesupport_introspection_cppExport-release.cmake
[1.262s] -- Up-to-date: /home/zack/work/ROS2_ws/install/yolo_strategy_interfaces/share/yolo_strategy_interfaces/cmake/yolo_strategy_interfaces__rosidl_typesupport_cppExport.cmake
[1.262s] -- Up-to-date: /home/zack/work/ROS2_ws/install/yolo_strategy_interfaces/share/yolo_strategy_interfaces/cmake/yolo_strategy_interfaces__rosidl_typesupport_cppExport-release.cmake
[1.262s] -- Up-to-date: /home/zack/work/ROS2_ws/install/yolo_strategy_interfaces/share/yolo_strategy_interfaces/cmake/export_yolo_strategy_interfaces__rosidl_generator_pyExport.cmake
[1.263s] -- Up-to-date: /home/zack/work/ROS2_ws/install/yolo_strategy_interfaces/share/yolo_strategy_interfaces/cmake/export_yolo_strategy_interfaces__rosidl_generator_pyExport-release.cmake
[1.265s] Invoked command in '/home/zack/work/ROS2_ws/build/yolo_strategy_interfaces' returned '0': CMAKE_PREFIX_PATH=${CMAKE_PREFIX_PATH}:/home/zack/work/ROS2_ws/install/py_pubsub:/home/zack/work/ROS2_ws/install/hiwin_example:/opt/ros/humble /usr/bin/cmake --install /home/zack/work/ROS2_ws/build/yolo_strategy_interfaces
