[0.014s] Invoking command in '/home/zack/work/ROS2_ws/build/yolo_strategy_interfaces': CMAKE_PREFIX_PATH=${CMAKE_PREFIX_PATH}:/home/zack/work/ROS2_ws/install/py_pubsub:/home/zack/work/ROS2_ws/install/hiwin_example:/opt/ros/humble /usr/bin/cmake --build /home/zack/work/ROS2_ws/build/yolo_strategy_interfaces -- -j16 -l16
[0.042s] [  3%] Built target yolo_strategy_interfaces__cpp
[0.043s] [ 12%] Built target yolo_strategy_interfaces__rosidl_generator_c
[0.047s] [ 12%] Built target ament_cmake_python_symlink_yolo_strategy_interfaces
[0.058s] [ 32%] Built target yolo_strategy_interfaces__rosidl_typesupport_cpp
[0.058s] [ 35%] Built target yolo_strategy_interfaces__rosidl_typesupport_introspection_cpp
[0.058s] [ 41%] Built target yolo_strategy_interfaces__rosidl_typesupport_fastrtps_cpp
[0.058s] [ 51%] Built target yolo_strategy_interfaces__rosidl_typesupport_c
[0.058s] [ 61%] Built target yolo_strategy_interfaces__rosidl_typesupport_introspection_c
[0.060s] [ 70%] Built target yolo_strategy_interfaces__rosidl_typesupport_fastrtps_c
[0.072s] [ 70%] Built target yolo_strategy_interfaces
[0.084s] [ 74%] Built target yolo_strategy_interfaces__py
[0.096s] [ 80%] Built target yolo_strategy_interfaces__rosidl_generator_py
[0.109s] [ 87%] Built target yolo_strategy_interfaces__rosidl_typesupport_fastrtps_c__pyext
[0.109s] [ 93%] Built target yolo_strategy_interfaces__rosidl_typesupport_c__pyext
[0.110s] [100%] Built target yolo_strategy_interfaces__rosidl_typesupport_introspection_c__pyext
[0.214s] running egg_info
[0.215s] writing yolo_strategy_interfaces.egg-info/PKG-INFO
[0.215s] writing dependency_links to yolo_strategy_interfaces.egg-info/dependency_links.txt
[0.215s] writing top-level names to yolo_strategy_interfaces.egg-info/top_level.txt
[0.216s] reading manifest file 'yolo_strategy_interfaces.egg-info/SOURCES.txt'
[0.217s] writing manifest file 'yolo_strategy_interfaces.egg-info/SOURCES.txt'
[0.238s] [100%] Built target ament_cmake_python_build_yolo_strategy_interfaces_egg
[0.245s] Invoked command in '/home/zack/work/ROS2_ws/build/yolo_strategy_interfaces' returned '0': CMAKE_PREFIX_PATH=${CMAKE_PREFIX_PATH}:/home/zack/work/ROS2_ws/install/py_pubsub:/home/zack/work/ROS2_ws/install/hiwin_example:/opt/ros/humble /usr/bin/cmake --build /home/zack/work/ROS2_ws/build/yolo_strategy_interfaces -- -j16 -l16
[0.284s] Invoking command in '/home/zack/work/ROS2_ws/build/yolo_strategy_interfaces': CMAKE_PREFIX_PATH=${CMAKE_PREFIX_PATH}:/home/zack/work/ROS2_ws/install/py_pubsub:/home/zack/work/ROS2_ws/install/hiwin_example:/opt/ros/humble /usr/bin/cmake --install /home/zack/work/ROS2_ws/build/yolo_strategy_interfaces
[0.288s] -- Install configuration: "Release"
[0.288s] -- Execute custom install script
[0.289s] -- Up-to-date symlink: /home/zack/work/ROS2_ws/install/yolo_strategy_interfaces/share/ament_index/resource_index/rosidl_interfaces/yolo_strategy_interfaces
[0.289s] -- Up-to-date symlink: /home/zack/work/ROS2_ws/install/yolo_strategy_interfaces/include/yolo_strategy_interfaces/yolo_strategy_interfaces/msg/rosidl_generator_c__visibility_control.h
[0.289s] -- Up-to-date symlink: /home/zack/work/ROS2_ws/install/yolo_strategy_interfaces/include/yolo_strategy_interfaces/yolo_strategy_interfaces/srv/detail/yolo_strategy__functions.h
[0.289s] -- Up-to-date symlink: /home/zack/work/ROS2_ws/install/yolo_strategy_interfaces/include/yolo_strategy_interfaces/yolo_strategy_interfaces/srv/detail/yolo_strategy__struct.h
[0.289s] -- Up-to-date symlink: /home/zack/work/ROS2_ws/install/yolo_strategy_interfaces/include/yolo_strategy_interfaces/yolo_strategy_interfaces/srv/detail/yolo_strategy__type_support.h
[0.289s] -- Up-to-date symlink: /home/zack/work/ROS2_ws/install/yolo_strategy_interfaces/include/yolo_strategy_interfaces/yolo_strategy_interfaces/srv/yolo_strategy.h
[0.289s] -- Up-to-date symlink: /home/zack/work/ROS2_ws/install/yolo_strategy_interfaces/share/yolo_strategy_interfaces/environment/library_path.sh
[0.290s] -- Up-to-date symlink: /home/zack/work/ROS2_ws/install/yolo_strategy_interfaces/share/yolo_strategy_interfaces/environment/library_path.dsv
[0.290s] -- Up-to-date symlink: /home/zack/work/ROS2_ws/install/yolo_strategy_interfaces/include/yolo_strategy_interfaces/yolo_strategy_interfaces/msg/rosidl_typesupport_fastrtps_c__visibility_control.h
[0.290s] -- Up-to-date symlink: /home/zack/work/ROS2_ws/install/yolo_strategy_interfaces/include/yolo_strategy_interfaces/yolo_strategy_interfaces/srv/detail/yolo_strategy__rosidl_typesupport_fastrtps_c.h
[0.290s] -- Up-to-date symlink: /home/zack/work/ROS2_ws/install/yolo_strategy_interfaces/include/yolo_strategy_interfaces/yolo_strategy_interfaces/srv/detail/yolo_strategy__builder.hpp
[0.290s] -- Up-to-date symlink: /home/zack/work/ROS2_ws/install/yolo_strategy_interfaces/include/yolo_strategy_interfaces/yolo_strategy_interfaces/srv/detail/yolo_strategy__struct.hpp
[0.290s] -- Up-to-date symlink: /home/zack/work/ROS2_ws/install/yolo_strategy_interfaces/include/yolo_strategy_interfaces/yolo_strategy_interfaces/srv/detail/yolo_strategy__traits.hpp
[0.290s] -- Up-to-date symlink: /home/zack/work/ROS2_ws/install/yolo_strategy_interfaces/include/yolo_strategy_interfaces/yolo_strategy_interfaces/srv/yolo_strategy.hpp
[0.290s] -- Up-to-date symlink: /home/zack/work/ROS2_ws/install/yolo_strategy_interfaces/include/yolo_strategy_interfaces/yolo_strategy_interfaces/msg/rosidl_typesupport_fastrtps_cpp__visibility_control.h
[0.290s] -- Up-to-date symlink: /home/zack/work/ROS2_ws/install/yolo_strategy_interfaces/include/yolo_strategy_interfaces/yolo_strategy_interfaces/srv/detail/yolo_strategy__rosidl_typesupport_fastrtps_cpp.hpp
[0.290s] -- Up-to-date symlink: /home/zack/work/ROS2_ws/install/yolo_strategy_interfaces/include/yolo_strategy_interfaces/yolo_strategy_interfaces/msg/rosidl_typesupport_introspection_c__visibility_control.h
[0.290s] -- Up-to-date symlink: /home/zack/work/ROS2_ws/install/yolo_strategy_interfaces/include/yolo_strategy_interfaces/yolo_strategy_interfaces/srv/detail/yolo_strategy__rosidl_typesupport_introspection_c.h
[0.291s] -- Up-to-date symlink: /home/zack/work/ROS2_ws/install/yolo_strategy_interfaces/include/yolo_strategy_interfaces/yolo_strategy_interfaces/srv/detail/yolo_strategy__rosidl_typesupport_introspection_cpp.hpp
[0.291s] -- Up-to-date symlink: /home/zack/work/ROS2_ws/install/yolo_strategy_interfaces/share/yolo_strategy_interfaces/environment/pythonpath.sh
[0.291s] -- Up-to-date symlink: /home/zack/work/ROS2_ws/install/yolo_strategy_interfaces/share/yolo_strategy_interfaces/environment/pythonpath.dsv
[0.291s] -- Up-to-date symlink: /home/zack/work/ROS2_ws/install/yolo_strategy_interfaces/local/lib/python3.10/dist-packages/yolo_strategy_interfaces-0.0.0-py3.10.egg-info/PKG-INFO
[0.291s] -- Up-to-date symlink: /home/zack/work/ROS2_ws/install/yolo_strategy_interfaces/local/lib/python3.10/dist-packages/yolo_strategy_interfaces-0.0.0-py3.10.egg-info/SOURCES.txt
[0.291s] -- Up-to-date symlink: /home/zack/work/ROS2_ws/install/yolo_strategy_interfaces/local/lib/python3.10/dist-packages/yolo_strategy_interfaces-0.0.0-py3.10.egg-info/dependency_links.txt
[0.291s] -- Up-to-date symlink: /home/zack/work/ROS2_ws/install/yolo_strategy_interfaces/local/lib/python3.10/dist-packages/yolo_strategy_interfaces-0.0.0-py3.10.egg-info/top_level.txt
[0.291s] -- Up-to-date symlink: /home/zack/work/ROS2_ws/install/yolo_strategy_interfaces/local/lib/python3.10/dist-packages/yolo_strategy_interfaces/__init__.py
[0.292s] -- Up-to-date symlink: /home/zack/work/ROS2_ws/install/yolo_strategy_interfaces/local/lib/python3.10/dist-packages/yolo_strategy_interfaces/_yolo_strategy_interfaces_s.ep.rosidl_typesupport_c.c
[0.292s] -- Up-to-date symlink: /home/zack/work/ROS2_ws/install/yolo_strategy_interfaces/local/lib/python3.10/dist-packages/yolo_strategy_interfaces/_yolo_strategy_interfaces_s.ep.rosidl_typesupport_fastrtps_c.c
[0.292s] -- Up-to-date symlink: /home/zack/work/ROS2_ws/install/yolo_strategy_interfaces/local/lib/python3.10/dist-packages/yolo_strategy_interfaces/_yolo_strategy_interfaces_s.ep.rosidl_typesupport_introspection_c.c
[0.292s] -- Up-to-date symlink: /home/zack/work/ROS2_ws/install/yolo_strategy_interfaces/local/lib/python3.10/dist-packages/yolo_strategy_interfaces/libyolo_strategy_interfaces__rosidl_generator_py.so
[0.292s] -- Up-to-date symlink: /home/zack/work/ROS2_ws/install/yolo_strategy_interfaces/local/lib/python3.10/dist-packages/yolo_strategy_interfaces/srv/__init__.py
[0.292s] -- Up-to-date symlink: /home/zack/work/ROS2_ws/install/yolo_strategy_interfaces/local/lib/python3.10/dist-packages/yolo_strategy_interfaces/srv/_yolo_strategy.py
[0.292s] -- Up-to-date symlink: /home/zack/work/ROS2_ws/install/yolo_strategy_interfaces/local/lib/python3.10/dist-packages/yolo_strategy_interfaces/srv/_yolo_strategy_s.c
[0.292s] -- Up-to-date symlink: /home/zack/work/ROS2_ws/install/yolo_strategy_interfaces/local/lib/python3.10/dist-packages/yolo_strategy_interfaces/yolo_strategy_interfaces_s__rosidl_typesupport_c.cpython-310-x86_64-linux-gnu.so
[0.292s] -- Up-to-date symlink: /home/zack/work/ROS2_ws/install/yolo_strategy_interfaces/local/lib/python3.10/dist-packages/yolo_strategy_interfaces/yolo_strategy_interfaces_s__rosidl_typesupport_fastrtps_c.cpython-310-x86_64-linux-gnu.so
[0.292s] -- Up-to-date symlink: /home/zack/work/ROS2_ws/install/yolo_strategy_interfaces/local/lib/python3.10/dist-packages/yolo_strategy_interfaces/yolo_strategy_interfaces_s__rosidl_typesupport_introspection_c.cpython-310-x86_64-linux-gnu.so
[0.293s] -- Up-to-date symlink: /home/zack/work/ROS2_ws/install/yolo_strategy_interfaces/local/lib/python3.10/dist-packages/yolo_strategy_interfaces/yolo_strategy_interfaces_s__rosidl_typesupport_fastrtps_c.cpython-310-x86_64-linux-gnu.so
[0.293s] -- Up-to-date symlink: /home/zack/work/ROS2_ws/install/yolo_strategy_interfaces/local/lib/python3.10/dist-packages/yolo_strategy_interfaces/yolo_strategy_interfaces_s__rosidl_typesupport_introspection_c.cpython-310-x86_64-linux-gnu.so
[0.293s] -- Up-to-date symlink: /home/zack/work/ROS2_ws/install/yolo_strategy_interfaces/local/lib/python3.10/dist-packages/yolo_strategy_interfaces/yolo_strategy_interfaces_s__rosidl_typesupport_c.cpython-310-x86_64-linux-gnu.so
[0.293s] -- Up-to-date symlink: /home/zack/work/ROS2_ws/install/yolo_strategy_interfaces/share/yolo_strategy_interfaces/srv/YoloStrategy.idl
[0.293s] -- Up-to-date symlink: /home/zack/work/ROS2_ws/install/yolo_strategy_interfaces/share/yolo_strategy_interfaces/srv/YoloStrategy.srv
[0.293s] -- Up-to-date symlink: /home/zack/work/ROS2_ws/install/yolo_strategy_interfaces/share/yolo_strategy_interfaces/srv/YoloStrategy_Request.msg
[0.293s] -- Up-to-date symlink: /home/zack/work/ROS2_ws/install/yolo_strategy_interfaces/share/yolo_strategy_interfaces/srv/YoloStrategy_Response.msg
[0.294s] -- Up-to-date symlink: /home/zack/work/ROS2_ws/install/yolo_strategy_interfaces/share/ament_index/resource_index/package_run_dependencies/yolo_strategy_interfaces
[0.294s] -- Up-to-date symlink: /home/zack/work/ROS2_ws/install/yolo_strategy_interfaces/share/ament_index/resource_index/parent_prefix_path/yolo_strategy_interfaces
[0.294s] -- Up-to-date symlink: /home/zack/work/ROS2_ws/install/yolo_strategy_interfaces/share/yolo_strategy_interfaces/environment/ament_prefix_path.sh
[0.295s] -- Up-to-date symlink: /home/zack/work/ROS2_ws/install/yolo_strategy_interfaces/share/yolo_strategy_interfaces/environment/ament_prefix_path.dsv
[0.295s] -- Up-to-date symlink: /home/zack/work/ROS2_ws/install/yolo_strategy_interfaces/share/yolo_strategy_interfaces/environment/path.sh
[0.295s] -- Up-to-date symlink: /home/zack/work/ROS2_ws/install/yolo_strategy_interfaces/share/yolo_strategy_interfaces/environment/path.dsv
[0.295s] -- Up-to-date symlink: /home/zack/work/ROS2_ws/install/yolo_strategy_interfaces/share/yolo_strategy_interfaces/local_setup.bash
[0.295s] -- Up-to-date symlink: /home/zack/work/ROS2_ws/install/yolo_strategy_interfaces/share/yolo_strategy_interfaces/local_setup.sh
[0.295s] -- Up-to-date symlink: /home/zack/work/ROS2_ws/install/yolo_strategy_interfaces/share/yolo_strategy_interfaces/local_setup.zsh
[0.295s] -- Up-to-date symlink: /home/zack/work/ROS2_ws/install/yolo_strategy_interfaces/share/yolo_strategy_interfaces/local_setup.dsv
[0.296s] -- Symlinking: /home/zack/work/ROS2_ws/install/yolo_strategy_interfaces/share/yolo_strategy_interfaces/package.dsv
[0.299s] -- Up-to-date symlink: /home/zack/work/ROS2_ws/install/yolo_strategy_interfaces/share/ament_index/resource_index/packages/yolo_strategy_interfaces
[0.299s] -- Up-to-date symlink: /home/zack/work/ROS2_ws/install/yolo_strategy_interfaces/share/yolo_strategy_interfaces/cmake/rosidl_cmake-extras.cmake
[0.299s] -- Up-to-date symlink: /home/zack/work/ROS2_ws/install/yolo_strategy_interfaces/share/yolo_strategy_interfaces/cmake/ament_cmake_export_dependencies-extras.cmake
[0.301s] -- Up-to-date symlink: /home/zack/work/ROS2_ws/install/yolo_strategy_interfaces/share/yolo_strategy_interfaces/cmake/ament_cmake_export_include_directories-extras.cmake
[0.301s] -- Up-to-date symlink: /home/zack/work/ROS2_ws/install/yolo_strategy_interfaces/share/yolo_strategy_interfaces/cmake/ament_cmake_export_libraries-extras.cmake
[0.301s] -- Up-to-date symlink: /home/zack/work/ROS2_ws/install/yolo_strategy_interfaces/share/yolo_strategy_interfaces/cmake/ament_cmake_export_targets-extras.cmake
[0.301s] -- Up-to-date symlink: /home/zack/work/ROS2_ws/install/yolo_strategy_interfaces/share/yolo_strategy_interfaces/cmake/rosidl_cmake_export_typesupport_targets-extras.cmake
[0.301s] -- Up-to-date symlink: /home/zack/work/ROS2_ws/install/yolo_strategy_interfaces/share/yolo_strategy_interfaces/cmake/rosidl_cmake_export_typesupport_libraries-extras.cmake
[0.302s] -- Up-to-date symlink: /home/zack/work/ROS2_ws/install/yolo_strategy_interfaces/share/yolo_strategy_interfaces/cmake/yolo_strategy_interfacesConfig.cmake
[0.302s] -- Up-to-date symlink: /home/zack/work/ROS2_ws/install/yolo_strategy_interfaces/share/yolo_strategy_interfaces/cmake/yolo_strategy_interfacesConfig-version.cmake
[0.302s] -- Up-to-date symlink: /home/zack/work/ROS2_ws/install/yolo_strategy_interfaces/share/yolo_strategy_interfaces/package.xml
[0.302s] -- Up-to-date: /home/zack/work/ROS2_ws/install/yolo_strategy_interfaces/lib/libyolo_strategy_interfaces__rosidl_generator_c.so
[0.302s] -- Up-to-date: /home/zack/work/ROS2_ws/install/yolo_strategy_interfaces/lib/libyolo_strategy_interfaces__rosidl_typesupport_fastrtps_c.so
[0.303s] -- Up-to-date: /home/zack/work/ROS2_ws/install/yolo_strategy_interfaces/lib/libyolo_strategy_interfaces__rosidl_typesupport_fastrtps_cpp.so
[0.303s] -- Up-to-date: /home/zack/work/ROS2_ws/install/yolo_strategy_interfaces/lib/libyolo_strategy_interfaces__rosidl_typesupport_introspection_c.so
[0.303s] -- Up-to-date: /home/zack/work/ROS2_ws/install/yolo_strategy_interfaces/lib/libyolo_strategy_interfaces__rosidl_typesupport_c.so
[0.303s] -- Up-to-date: /home/zack/work/ROS2_ws/install/yolo_strategy_interfaces/lib/libyolo_strategy_interfaces__rosidl_typesupport_introspection_cpp.so
[0.303s] -- Up-to-date: /home/zack/work/ROS2_ws/install/yolo_strategy_interfaces/lib/libyolo_strategy_interfaces__rosidl_typesupport_cpp.so
[0.321s] Listing '/home/zack/work/ROS2_ws/install/yolo_strategy_interfaces/local/lib/python3.10/dist-packages/yolo_strategy_interfaces'...
[0.322s] Listing '/home/zack/work/ROS2_ws/install/yolo_strategy_interfaces/local/lib/python3.10/dist-packages/yolo_strategy_interfaces/srv'...
[0.324s] -- Up-to-date: /home/zack/work/ROS2_ws/install/yolo_strategy_interfaces/lib/libyolo_strategy_interfaces__rosidl_generator_py.so
[0.324s] -- Up-to-date: /home/zack/work/ROS2_ws/install/yolo_strategy_interfaces/share/yolo_strategy_interfaces/cmake/export_yolo_strategy_interfaces__rosidl_generator_cExport.cmake
[0.325s] -- Up-to-date: /home/zack/work/ROS2_ws/install/yolo_strategy_interfaces/share/yolo_strategy_interfaces/cmake/export_yolo_strategy_interfaces__rosidl_generator_cExport-release.cmake
[0.325s] -- Up-to-date: /home/zack/work/ROS2_ws/install/yolo_strategy_interfaces/share/yolo_strategy_interfaces/cmake/export_yolo_strategy_interfaces__rosidl_typesupport_fastrtps_cExport.cmake
[0.325s] -- Up-to-date: /home/zack/work/ROS2_ws/install/yolo_strategy_interfaces/share/yolo_strategy_interfaces/cmake/export_yolo_strategy_interfaces__rosidl_typesupport_fastrtps_cExport-release.cmake
[0.325s] -- Up-to-date: /home/zack/work/ROS2_ws/install/yolo_strategy_interfaces/share/yolo_strategy_interfaces/cmake/export_yolo_strategy_interfaces__rosidl_generator_cppExport.cmake
[0.325s] -- Up-to-date: /home/zack/work/ROS2_ws/install/yolo_strategy_interfaces/share/yolo_strategy_interfaces/cmake/export_yolo_strategy_interfaces__rosidl_typesupport_fastrtps_cppExport.cmake
[0.325s] -- Up-to-date: /home/zack/work/ROS2_ws/install/yolo_strategy_interfaces/share/yolo_strategy_interfaces/cmake/export_yolo_strategy_interfaces__rosidl_typesupport_fastrtps_cppExport-release.cmake
[0.325s] -- Up-to-date: /home/zack/work/ROS2_ws/install/yolo_strategy_interfaces/share/yolo_strategy_interfaces/cmake/yolo_strategy_interfaces__rosidl_typesupport_introspection_cExport.cmake
[0.325s] -- Up-to-date: /home/zack/work/ROS2_ws/install/yolo_strategy_interfaces/share/yolo_strategy_interfaces/cmake/yolo_strategy_interfaces__rosidl_typesupport_introspection_cExport-release.cmake
[0.325s] -- Up-to-date: /home/zack/work/ROS2_ws/install/yolo_strategy_interfaces/share/yolo_strategy_interfaces/cmake/yolo_strategy_interfaces__rosidl_typesupport_cExport.cmake
[0.325s] -- Up-to-date: /home/zack/work/ROS2_ws/install/yolo_strategy_interfaces/share/yolo_strategy_interfaces/cmake/yolo_strategy_interfaces__rosidl_typesupport_cExport-release.cmake
[0.325s] -- Up-to-date: /home/zack/work/ROS2_ws/install/yolo_strategy_interfaces/share/yolo_strategy_interfaces/cmake/yolo_strategy_interfaces__rosidl_typesupport_introspection_cppExport.cmake
[0.326s] -- Up-to-date: /home/zack/work/ROS2_ws/install/yolo_strategy_interfaces/share/yolo_strategy_interfaces/cmake/yolo_strategy_interfaces__rosidl_typesupport_introspection_cppExport-release.cmake
[0.326s] -- Up-to-date: /home/zack/work/ROS2_ws/install/yolo_strategy_interfaces/share/yolo_strategy_interfaces/cmake/yolo_strategy_interfaces__rosidl_typesupport_cppExport.cmake
[0.326s] -- Up-to-date: /home/zack/work/ROS2_ws/install/yolo_strategy_interfaces/share/yolo_strategy_interfaces/cmake/yolo_strategy_interfaces__rosidl_typesupport_cppExport-release.cmake
[0.326s] -- Up-to-date: /home/zack/work/ROS2_ws/install/yolo_strategy_interfaces/share/yolo_strategy_interfaces/cmake/export_yolo_strategy_interfaces__rosidl_generator_pyExport.cmake
[0.326s] -- Up-to-date: /home/zack/work/ROS2_ws/install/yolo_strategy_interfaces/share/yolo_strategy_interfaces/cmake/export_yolo_strategy_interfaces__rosidl_generator_pyExport-release.cmake
[0.327s] Invoked command in '/home/zack/work/ROS2_ws/build/yolo_strategy_interfaces' returned '0': CMAKE_PREFIX_PATH=${CMAKE_PREFIX_PATH}:/home/zack/work/ROS2_ws/install/py_pubsub:/home/zack/work/ROS2_ws/install/hiwin_example:/opt/ros/humble /usr/bin/cmake --install /home/zack/work/ROS2_ws/build/yolo_strategy_interfaces
