[  2%] Built target hiwin_interfaces__cpp
[ 12%] Built target hiwin_interfaces__rosidl_generator_c
[ 12%] Built target ament_cmake_python_symlink_hiwin_interfaces
[ 46%] Built target hiwin_interfaces__rosidl_typesupport_introspection_c
[ 46%] Built target hiwin_interfaces__rosidl_typesupport_fastrtps_c
[ 46%] Built target hiwin_interfaces__rosidl_typesupport_cpp
[ 53%] Built target hiwin_interfaces__rosidl_typesupport_c
[ 64%] Built target hiwin_interfaces__rosidl_typesupport_fastrtps_cpp
[ 74%] Built target hiwin_interfaces__rosidl_typesupport_introspection_cpp
[ 74%] Built target hiwin_interfaces
[ 76%] Built target hiwin_interfaces__py
[ 84%] Built target hiwin_interfaces__rosidl_generator_py
[ 97%] Built target hiwin_interfaces__rosidl_typesupport_fastrtps_c__pyext
[ 97%] Built target hiwin_interfaces__rosidl_typesupport_introspection_c__pyext
[100%] Built target hiwin_interfaces__rosidl_typesupport_c__pyext
running egg_info
writing hiwin_interfaces.egg-info/PKG-INFO
writing dependency_links to hiwin_interfaces.egg-info/dependency_links.txt
writing top-level names to hiwin_interfaces.egg-info/top_level.txt
reading manifest file 'hiwin_interfaces.egg-info/SOURCES.txt'
writing manifest file 'hiwin_interfaces.egg-info/SOURCES.txt'
[100%] Built target ament_cmake_python_build_hiwin_interfaces_egg
