[0.019s] Invoking command in '/home/zack/work/ROS2_ws/build/hiwin_interfaces': CMAKE_PREFIX_PATH=${CMAKE_PREFIX_PATH}:/home/zack/work/ROS2_ws/install/py_pubsub:/home/zack/work/ROS2_ws/install/hiwin_example:/opt/ros/humble /usr/bin/cmake --build /home/zack/work/ROS2_ws/build/hiwin_interfaces -- -j16 -l16
[0.051s] [  2%] Built target hiwin_interfaces__cpp
[0.051s] [ 12%] Built target hiwin_interfaces__rosidl_generator_c
[0.058s] [ 12%] Built target ament_cmake_python_symlink_hiwin_interfaces
[0.066s] [ 46%] Built target hiwin_interfaces__rosidl_typesupport_introspection_c
[0.066s] [ 46%] Built target hiwin_interfaces__rosidl_typesupport_fastrtps_c
[0.066s] [ 46%] Built target hiwin_interfaces__rosidl_typesupport_cpp
[0.066s] [ 53%] Built target hiwin_interfaces__rosidl_typesupport_c
[0.067s] [ 64%] Built target hiwin_interfaces__rosidl_typesupport_fastrtps_cpp
[0.067s] [ 74%] Built target hiwin_interfaces__rosidl_typesupport_introspection_cpp
[0.078s] [ 74%] Built target hiwin_interfaces
[0.093s] [ 76%] Built target hiwin_interfaces__py
[0.110s] [ 84%] Built target hiwin_interfaces__rosidl_generator_py
[0.125s] [ 97%] Built target hiwin_interfaces__rosidl_typesupport_fastrtps_c__pyext
[0.125s] [ 97%] Built target hiwin_interfaces__rosidl_typesupport_introspection_c__pyext
[0.125s] [100%] Built target hiwin_interfaces__rosidl_typesupport_c__pyext
[0.226s] running egg_info
[0.226s] writing hiwin_interfaces.egg-info/PKG-INFO
[0.227s] writing dependency_links to hiwin_interfaces.egg-info/dependency_links.txt
[0.227s] writing top-level names to hiwin_interfaces.egg-info/top_level.txt
[0.228s] reading manifest file 'hiwin_interfaces.egg-info/SOURCES.txt'
[0.228s] writing manifest file 'hiwin_interfaces.egg-info/SOURCES.txt'
[0.254s] [100%] Built target ament_cmake_python_build_hiwin_interfaces_egg
[0.262s] Invoked command in '/home/zack/work/ROS2_ws/build/hiwin_interfaces' returned '0': CMAKE_PREFIX_PATH=${CMAKE_PREFIX_PATH}:/home/zack/work/ROS2_ws/install/py_pubsub:/home/zack/work/ROS2_ws/install/hiwin_example:/opt/ros/humble /usr/bin/cmake --build /home/zack/work/ROS2_ws/build/hiwin_interfaces -- -j16 -l16
