[0.745s] Invoking command in '/home/zack/work/ROS2_ws/build/py_pubsub': PYTHONPATH=/home/zack/work/ROS2_ws/build/py_pubsub/prefix_override:/home/zack/work/ROS2_ws/install/py_pubsub/lib/python3.10/site-packages:${PYTHONPATH} /usr/bin/python3 setup.py develop --editable --build-directory /home/zack/work/ROS2_ws/build/py_pubsub/build --no-deps install_data
[0.922s] running develop
[0.922s] /usr/lib/python3/dist-packages/setuptools/command/easy_install.py:158: EasyInstallDeprecationWarning: easy_install command is deprecated. Use build and pip and other standards-based tools.
[0.922s]   warnings.warn(
[0.923s] /usr/lib/python3/dist-packages/setuptools/command/install.py:34: SetuptoolsDeprecationWarning: setup.py install is deprecated. Use build and pip and other standards-based tools.
[0.923s]   warnings.warn(
[1.036s] running egg_info
[1.036s] writing py_pubsub.egg-info/PKG-INFO
[1.036s] writing dependency_links to py_pubsub.egg-info/dependency_links.txt
[1.036s] writing entry points to py_pubsub.egg-info/entry_points.txt
[1.036s] writing requirements to py_pubsub.egg-info/requires.txt
[1.036s] writing top-level names to py_pubsub.egg-info/top_level.txt
[1.038s] reading manifest file 'py_pubsub.egg-info/SOURCES.txt'
[1.038s] writing manifest file 'py_pubsub.egg-info/SOURCES.txt'
[1.040s] running build_ext
[1.040s] Creating /home/zack/work/ROS2_ws/install/py_pubsub/lib/python3.10/site-packages/py-pubsub.egg-link (link to .)
[1.040s] Installing strategy_sub script to /home/zack/work/ROS2_ws/install/py_pubsub/lib/py_pubsub
[1.041s] Installing yolo_detect script to /home/zack/work/ROS2_ws/install/py_pubsub/lib/py_pubsub
[1.041s] 
[1.041s] Installed /home/zack/work/ROS2_ws/build/py_pubsub
[1.041s] running install_data
[1.103s] Invoked command in '/home/zack/work/ROS2_ws/build/py_pubsub' returned '0': PYTHONPATH=/home/zack/work/ROS2_ws/build/py_pubsub/prefix_override:/home/zack/work/ROS2_ws/install/py_pubsub/lib/python3.10/site-packages:${PYTHONPATH} /usr/bin/python3 setup.py develop --editable --build-directory /home/zack/work/ROS2_ws/build/py_pubsub/build --no-deps install_data
