[0.009s] Invoking command in '/home/zack/work/ROS2_ws/build/hiwin_service_client': AMENT_PREFIX_PATH=/home/zack/work/ROS2_ws/install/hiwin_libmodbus:/home/zack/work/ROS2_ws/install/hiwin_interfaces:${AMENT_PREFIX_PATH} CMAKE_PREFIX_PATH=/home/zack/work/ROS2_ws/install/hiwin_libmodbus:/home/zack/work/ROS2_ws/install/hiwin_interfaces:/opt/ros/humble LD_LIBRARY_PATH=/home/zack/work/ROS2_ws/install/hiwin_libmodbus/lib:/home/zack/work/ROS2_ws/install/hiwin_interfaces/lib:${LD_LIBRARY_PATH} PYTHONPATH=/home/zack/work/ROS2_ws/install/hiwin_libmodbus/local/lib/python3.10/dist-packages:/home/zack/work/ROS2_ws/install/hiwin_interfaces/local/lib/python3.10/dist-packages:${PYTHONPATH} /usr/bin/cmake /home/zack/work/ROS2_ws/src/Hiwin_libmodbus/hiwin_service_client -DAMENT_CMAKE_SYMLINK_INSTALL=1 -DCMAKE_INSTALL_PREFIX=/home/zack/work/ROS2_ws/install/hiwin_service_client
[0.045s] -- The C compiler identification is GNU 11.3.0
[0.081s] -- The CXX compiler identification is GNU 11.3.0
[0.086s] -- Detecting C compiler ABI info
[0.131s] -- Detecting C compiler ABI info - done
[0.135s] -- Check for working C compiler: /usr/bin/cc - skipped
[0.135s] -- Detecting C compile features
[0.135s] -- Detecting C compile features - done
[0.137s] -- Detecting CXX compiler ABI info
[0.187s] -- Detecting CXX compiler ABI info - done
[0.192s] -- Check for working CXX compiler: /usr/bin/c++ - skipped
[0.192s] -- Detecting CXX compile features
[0.193s] -- Detecting CXX compile features - done
[0.195s] -- Found ament_cmake: 1.3.5 (/opt/ros/humble/share/ament_cmake/cmake)
[0.299s] -- Found Python3: /usr/bin/python3.10 (found version "3.10.6") found components: Interpreter 
[0.336s] -- Override CMake install command with custom implementation using symlinks instead of copying resources
[0.356s] -- Found hiwin_libmodbus: 0.0.0 (/home/zack/work/ROS2_ws/install/hiwin_libmodbus/share/hiwin_libmodbus/cmake)
[0.357s] -- Found hiwin_interfaces: 0.0.0 (/home/zack/work/ROS2_ws/install/hiwin_interfaces/share/hiwin_interfaces/cmake)
[0.385s] -- Found rosidl_generator_c: 3.1.4 (/opt/ros/humble/share/rosidl_generator_c/cmake)
[0.389s] -- Found rosidl_adapter: 3.1.4 (/opt/ros/humble/share/rosidl_adapter/cmake)
[0.395s] -- Found rosidl_generator_cpp: 3.1.4 (/opt/ros/humble/share/rosidl_generator_cpp/cmake)
[0.404s] -- Using all available rosidl_typesupport_c: rosidl_typesupport_fastrtps_c;rosidl_typesupport_introspection_c
[0.416s] -- Using all available rosidl_typesupport_cpp: rosidl_typesupport_fastrtps_cpp;rosidl_typesupport_introspection_cpp
[0.547s] -- Found rclpy: 3.3.8 (/opt/ros/humble/share/rclpy/cmake)
[0.550s] -- Found rclcpp: 16.0.4 (/opt/ros/humble/share/rclcpp/cmake)
[0.590s] -- Found rmw_implementation_cmake: 6.1.1 (/opt/ros/humble/share/rmw_implementation_cmake/cmake)
[0.592s] -- Found rmw_cyclonedds_cpp: 1.3.4 (/opt/ros/humble/share/rmw_cyclonedds_cpp/cmake)
[0.613s] -- Using RMW implementation 'rmw_cyclonedds_cpp' as default
[0.619s] -- Looking for pthread.h
[0.670s] -- Looking for pthread.h - found
[0.670s] -- Performing Test CMAKE_HAVE_LIBC_PTHREAD
[0.718s] -- Performing Test CMAKE_HAVE_LIBC_PTHREAD - Success
[0.719s] -- Found Threads: TRUE  
[0.801s] -- Found ament_lint_auto: 0.12.6 (/opt/ros/humble/share/ament_lint_auto/cmake)
[0.851s] -- Added test 'flake8' to check Python code syntax and style conventions
[0.851s] -- Added test 'lint_cmake' to check CMake code style
[0.852s] -- Added test 'pep257' to check Python code against some of the docstring style conventions in PEP 257
[0.852s] -- Added test 'xmllint' to check XML markup files
[0.853s] -- Configuring done
[0.856s] -- Generating done
[0.857s] -- Build files have been written to: /home/zack/work/ROS2_ws/build/hiwin_service_client
[0.862s] Invoked command in '/home/zack/work/ROS2_ws/build/hiwin_service_client' returned '0': AMENT_PREFIX_PATH=/home/zack/work/ROS2_ws/install/hiwin_libmodbus:/home/zack/work/ROS2_ws/install/hiwin_interfaces:${AMENT_PREFIX_PATH} CMAKE_PREFIX_PATH=/home/zack/work/ROS2_ws/install/hiwin_libmodbus:/home/zack/work/ROS2_ws/install/hiwin_interfaces:/opt/ros/humble LD_LIBRARY_PATH=/home/zack/work/ROS2_ws/install/hiwin_libmodbus/lib:/home/zack/work/ROS2_ws/install/hiwin_interfaces/lib:${LD_LIBRARY_PATH} PYTHONPATH=/home/zack/work/ROS2_ws/install/hiwin_libmodbus/local/lib/python3.10/dist-packages:/home/zack/work/ROS2_ws/install/hiwin_interfaces/local/lib/python3.10/dist-packages:${PYTHONPATH} /usr/bin/cmake /home/zack/work/ROS2_ws/src/Hiwin_libmodbus/hiwin_service_client -DAMENT_CMAKE_SYMLINK_INSTALL=1 -DCMAKE_INSTALL_PREFIX=/home/zack/work/ROS2_ws/install/hiwin_service_client
[0.863s] Invoking command in '/home/zack/work/ROS2_ws/build/hiwin_service_client': AMENT_PREFIX_PATH=/home/zack/work/ROS2_ws/install/hiwin_libmodbus:/home/zack/work/ROS2_ws/install/hiwin_interfaces:${AMENT_PREFIX_PATH} CMAKE_PREFIX_PATH=/home/zack/work/ROS2_ws/install/hiwin_libmodbus:/home/zack/work/ROS2_ws/install/hiwin_interfaces:/opt/ros/humble LD_LIBRARY_PATH=/home/zack/work/ROS2_ws/install/hiwin_libmodbus/lib:/home/zack/work/ROS2_ws/install/hiwin_interfaces/lib:${LD_LIBRARY_PATH} PYTHONPATH=/home/zack/work/ROS2_ws/install/hiwin_libmodbus/local/lib/python3.10/dist-packages:/home/zack/work/ROS2_ws/install/hiwin_interfaces/local/lib/python3.10/dist-packages:${PYTHONPATH} /usr/bin/cmake --build /home/zack/work/ROS2_ws/build/hiwin_service_client -- -j16 -l16
[0.889s] Invoked command in '/home/zack/work/ROS2_ws/build/hiwin_service_client' returned '0': AMENT_PREFIX_PATH=/home/zack/work/ROS2_ws/install/hiwin_libmodbus:/home/zack/work/ROS2_ws/install/hiwin_interfaces:${AMENT_PREFIX_PATH} CMAKE_PREFIX_PATH=/home/zack/work/ROS2_ws/install/hiwin_libmodbus:/home/zack/work/ROS2_ws/install/hiwin_interfaces:/opt/ros/humble LD_LIBRARY_PATH=/home/zack/work/ROS2_ws/install/hiwin_libmodbus/lib:/home/zack/work/ROS2_ws/install/hiwin_interfaces/lib:${LD_LIBRARY_PATH} PYTHONPATH=/home/zack/work/ROS2_ws/install/hiwin_libmodbus/local/lib/python3.10/dist-packages:/home/zack/work/ROS2_ws/install/hiwin_interfaces/local/lib/python3.10/dist-packages:${PYTHONPATH} /usr/bin/cmake --build /home/zack/work/ROS2_ws/build/hiwin_service_client -- -j16 -l16
[0.906s] Invoking command in '/home/zack/work/ROS2_ws/build/hiwin_service_client': AMENT_PREFIX_PATH=/home/zack/work/ROS2_ws/install/hiwin_libmodbus:/home/zack/work/ROS2_ws/install/hiwin_interfaces:${AMENT_PREFIX_PATH} CMAKE_PREFIX_PATH=/home/zack/work/ROS2_ws/install/hiwin_libmodbus:/home/zack/work/ROS2_ws/install/hiwin_interfaces:/opt/ros/humble LD_LIBRARY_PATH=/home/zack/work/ROS2_ws/install/hiwin_libmodbus/lib:/home/zack/work/ROS2_ws/install/hiwin_interfaces/lib:${LD_LIBRARY_PATH} PYTHONPATH=/home/zack/work/ROS2_ws/install/hiwin_libmodbus/local/lib/python3.10/dist-packages:/home/zack/work/ROS2_ws/install/hiwin_interfaces/local/lib/python3.10/dist-packages:${PYTHONPATH} /usr/bin/cmake --install /home/zack/work/ROS2_ws/build/hiwin_service_client
[0.910s] -- Install configuration: ""
[0.910s] -- Execute custom install script
[0.910s] -- Symlinking: /home/zack/work/ROS2_ws/install/hiwin_service_client/share/ament_index/resource_index/package_run_dependencies/hiwin_service_client
[0.915s] -- Symlinking: /home/zack/work/ROS2_ws/install/hiwin_service_client/share/ament_index/resource_index/parent_prefix_path/hiwin_service_client
[0.919s] -- Symlinking: /home/zack/work/ROS2_ws/install/hiwin_service_client/share/hiwin_service_client/environment/ament_prefix_path.sh
[0.924s] -- Symlinking: /home/zack/work/ROS2_ws/install/hiwin_service_client/share/hiwin_service_client/environment/ament_prefix_path.dsv
[0.929s] -- Symlinking: /home/zack/work/ROS2_ws/install/hiwin_service_client/share/hiwin_service_client/environment/path.sh
[0.933s] -- Symlinking: /home/zack/work/ROS2_ws/install/hiwin_service_client/share/hiwin_service_client/environment/path.dsv
[0.937s] -- Symlinking: /home/zack/work/ROS2_ws/install/hiwin_service_client/share/hiwin_service_client/local_setup.bash
[0.943s] -- Symlinking: /home/zack/work/ROS2_ws/install/hiwin_service_client/share/hiwin_service_client/local_setup.sh
[0.947s] -- Symlinking: /home/zack/work/ROS2_ws/install/hiwin_service_client/share/hiwin_service_client/local_setup.zsh
[0.952s] -- Symlinking: /home/zack/work/ROS2_ws/install/hiwin_service_client/share/hiwin_service_client/local_setup.dsv
[0.956s] -- Symlinking: /home/zack/work/ROS2_ws/install/hiwin_service_client/share/hiwin_service_client/package.dsv
[0.961s] -- Symlinking: /home/zack/work/ROS2_ws/install/hiwin_service_client/share/ament_index/resource_index/packages/hiwin_service_client
[0.966s] -- Symlinking: /home/zack/work/ROS2_ws/install/hiwin_service_client/share/hiwin_service_client/cmake/hiwin_service_clientConfig.cmake
[0.970s] -- Symlinking: /home/zack/work/ROS2_ws/install/hiwin_service_client/share/hiwin_service_client/cmake/hiwin_service_clientConfig-version.cmake
[0.975s] -- Symlinking: /home/zack/work/ROS2_ws/install/hiwin_service_client/share/hiwin_service_client/package.xml
[0.982s] Invoked command in '/home/zack/work/ROS2_ws/build/hiwin_service_client' returned '0': AMENT_PREFIX_PATH=/home/zack/work/ROS2_ws/install/hiwin_libmodbus:/home/zack/work/ROS2_ws/install/hiwin_interfaces:${AMENT_PREFIX_PATH} CMAKE_PREFIX_PATH=/home/zack/work/ROS2_ws/install/hiwin_libmodbus:/home/zack/work/ROS2_ws/install/hiwin_interfaces:/opt/ros/humble LD_LIBRARY_PATH=/home/zack/work/ROS2_ws/install/hiwin_libmodbus/lib:/home/zack/work/ROS2_ws/install/hiwin_interfaces/lib:${LD_LIBRARY_PATH} PYTHONPATH=/home/zack/work/ROS2_ws/install/hiwin_libmodbus/local/lib/python3.10/dist-packages:/home/zack/work/ROS2_ws/install/hiwin_interfaces/local/lib/python3.10/dist-packages:${PYTHONPATH} /usr/bin/cmake --install /home/zack/work/ROS2_ws/build/hiwin_service_client
