[0.008s] Invoking command in '/home/zack/work/ROS2_ws/build/hiwin_service_client': CMAKE_PREFIX_PATH=/home/zack/work/ROS2_ws/install/hiwin_libmodbus:/home/zack/work/ROS2_ws/install/hiwin_interfaces:/home/zack/work/ROS2_ws/install/yolo_strategy_interfaces:/home/zack/work/ROS2_ws/install/hiwin_service_client:/home/zack/work/ROS2_ws/install/py_pubsub:/home/zack/work/ROS2_ws/install/hiwin_example:/opt/ros/humble LD_LIBRARY_PATH=/home/zack/work/ROS2_ws/install/hiwin_libmodbus/lib:/home/zack/work/ROS2_ws/install/hiwin_interfaces/lib:/home/zack/work/ROS2_ws/install/yolo_strategy_interfaces/lib:/opt/ros/humble/opt/rviz_ogre_vendor/lib:/opt/ros/humble/lib/x86_64-linux-gnu:/opt/ros/humble/lib:/usr/local/nvidia/lib:/usr/local/nvidia/lib64 /usr/bin/cmake --build /home/zack/work/ROS2_ws/build/hiwin_service_client -- -j16 -l16
[0.035s] Invoked command in '/home/zack/work/ROS2_ws/build/hiwin_service_client' returned '0': CMAKE_PREFIX_PATH=/home/zack/work/ROS2_ws/install/hiwin_libmodbus:/home/zack/work/ROS2_ws/install/hiwin_interfaces:/home/zack/work/ROS2_ws/install/yolo_strategy_interfaces:/home/zack/work/ROS2_ws/install/hiwin_service_client:/home/zack/work/ROS2_ws/install/py_pubsub:/home/zack/work/ROS2_ws/install/hiwin_example:/opt/ros/humble LD_LIBRARY_PATH=/home/zack/work/ROS2_ws/install/hiwin_libmodbus/lib:/home/zack/work/ROS2_ws/install/hiwin_interfaces/lib:/home/zack/work/ROS2_ws/install/yolo_strategy_interfaces/lib:/opt/ros/humble/opt/rviz_ogre_vendor/lib:/opt/ros/humble/lib/x86_64-linux-gnu:/opt/ros/humble/lib:/usr/local/nvidia/lib:/usr/local/nvidia/lib64 /usr/bin/cmake --build /home/zack/work/ROS2_ws/build/hiwin_service_client -- -j16 -l16
[0.050s] Invoking command in '/home/zack/work/ROS2_ws/build/hiwin_service_client': CMAKE_PREFIX_PATH=/home/zack/work/ROS2_ws/install/hiwin_libmodbus:/home/zack/work/ROS2_ws/install/hiwin_interfaces:/home/zack/work/ROS2_ws/install/yolo_strategy_interfaces:/home/zack/work/ROS2_ws/install/hiwin_service_client:/home/zack/work/ROS2_ws/install/py_pubsub:/home/zack/work/ROS2_ws/install/hiwin_example:/opt/ros/humble LD_LIBRARY_PATH=/home/zack/work/ROS2_ws/install/hiwin_libmodbus/lib:/home/zack/work/ROS2_ws/install/hiwin_interfaces/lib:/home/zack/work/ROS2_ws/install/yolo_strategy_interfaces/lib:/opt/ros/humble/opt/rviz_ogre_vendor/lib:/opt/ros/humble/lib/x86_64-linux-gnu:/opt/ros/humble/lib:/usr/local/nvidia/lib:/usr/local/nvidia/lib64 /usr/bin/cmake --install /home/zack/work/ROS2_ws/build/hiwin_service_client
[0.055s] -- Install configuration: "Release"
[0.055s] -- Execute custom install script
[0.055s] -- Up-to-date symlink: /home/zack/work/ROS2_ws/install/hiwin_service_client/share/ament_index/resource_index/package_run_dependencies/hiwin_service_client
[0.055s] -- Up-to-date symlink: /home/zack/work/ROS2_ws/install/hiwin_service_client/share/ament_index/resource_index/parent_prefix_path/hiwin_service_client
[0.056s] -- Up-to-date symlink: /home/zack/work/ROS2_ws/install/hiwin_service_client/share/hiwin_service_client/environment/ament_prefix_path.sh
[0.056s] -- Up-to-date symlink: /home/zack/work/ROS2_ws/install/hiwin_service_client/share/hiwin_service_client/environment/ament_prefix_path.dsv
[0.056s] -- Up-to-date symlink: /home/zack/work/ROS2_ws/install/hiwin_service_client/share/hiwin_service_client/environment/path.sh
[0.056s] -- Up-to-date symlink: /home/zack/work/ROS2_ws/install/hiwin_service_client/share/hiwin_service_client/environment/path.dsv
[0.056s] -- Up-to-date symlink: /home/zack/work/ROS2_ws/install/hiwin_service_client/share/hiwin_service_client/local_setup.bash
[0.056s] -- Up-to-date symlink: /home/zack/work/ROS2_ws/install/hiwin_service_client/share/hiwin_service_client/local_setup.sh
[0.056s] -- Up-to-date symlink: /home/zack/work/ROS2_ws/install/hiwin_service_client/share/hiwin_service_client/local_setup.zsh
[0.056s] -- Up-to-date symlink: /home/zack/work/ROS2_ws/install/hiwin_service_client/share/hiwin_service_client/local_setup.dsv
[0.056s] -- Symlinking: /home/zack/work/ROS2_ws/install/hiwin_service_client/share/hiwin_service_client/package.dsv
[0.062s] -- Up-to-date symlink: /home/zack/work/ROS2_ws/install/hiwin_service_client/share/ament_index/resource_index/packages/hiwin_service_client
[0.062s] -- Up-to-date symlink: /home/zack/work/ROS2_ws/install/hiwin_service_client/share/hiwin_service_client/cmake/hiwin_service_clientConfig.cmake
[0.062s] -- Up-to-date symlink: /home/zack/work/ROS2_ws/install/hiwin_service_client/share/hiwin_service_client/cmake/hiwin_service_clientConfig-version.cmake
[0.062s] -- Up-to-date symlink: /home/zack/work/ROS2_ws/install/hiwin_service_client/share/hiwin_service_client/package.xml
[0.065s] Invoked command in '/home/zack/work/ROS2_ws/build/hiwin_service_client' returned '0': CMAKE_PREFIX_PATH=/home/zack/work/ROS2_ws/install/hiwin_libmodbus:/home/zack/work/ROS2_ws/install/hiwin_interfaces:/home/zack/work/ROS2_ws/install/yolo_strategy_interfaces:/home/zack/work/ROS2_ws/install/hiwin_service_client:/home/zack/work/ROS2_ws/install/py_pubsub:/home/zack/work/ROS2_ws/install/hiwin_example:/opt/ros/humble LD_LIBRARY_PATH=/home/zack/work/ROS2_ws/install/hiwin_libmodbus/lib:/home/zack/work/ROS2_ws/install/hiwin_interfaces/lib:/home/zack/work/ROS2_ws/install/yolo_strategy_interfaces/lib:/opt/ros/humble/opt/rviz_ogre_vendor/lib:/opt/ros/humble/lib/x86_64-linux-gnu:/opt/ros/humble/lib:/usr/local/nvidia/lib:/usr/local/nvidia/lib64 /usr/bin/cmake --install /home/zack/work/ROS2_ws/build/hiwin_service_client
