[0.784s] Invoking command in '/home/zack/work/ROS2_ws/build/hiwin_example': PYTHONPATH=/home/zack/work/ROS2_ws/build/hiwin_example/prefix_override:/home/zack/work/ROS2_ws/install/hiwin_example/lib/python3.10/site-packages:${PYTHONPATH} /usr/bin/python3 setup.py develop --editable --build-directory /home/zack/work/ROS2_ws/build/hiwin_example/build --no-deps install_data
[0.975s] running develop
[0.976s] /usr/lib/python3/dist-packages/setuptools/command/easy_install.py:158: EasyInstallDeprecationWarning: easy_install command is deprecated. Use build and pip and other standards-based tools.
[0.976s]   warnings.warn(
[0.977s] /usr/lib/python3/dist-packages/setuptools/command/install.py:34: SetuptoolsDeprecationWarning: setup.py install is deprecated. Use build and pip and other standards-based tools.
[0.977s]   warnings.warn(
[1.091s] running egg_info
[1.092s] writing hiwin_example.egg-info/PKG-INFO
[1.092s] writing dependency_links to hiwin_example.egg-info/dependency_links.txt
[1.092s] writing entry points to hiwin_example.egg-info/entry_points.txt
[1.092s] writing requirements to hiwin_example.egg-info/requires.txt
[1.092s] writing top-level names to hiwin_example.egg-info/top_level.txt
[1.094s] reading manifest file 'hiwin_example.egg-info/SOURCES.txt'
[1.095s] writing manifest file 'hiwin_example.egg-info/SOURCES.txt'
[1.096s] running build_ext
[1.096s] Creating /home/zack/work/ROS2_ws/install/hiwin_example/lib/python3.10/site-packages/hiwin-example.egg-link (link to .)
[1.096s] Installing manual_calibration script to /home/zack/work/ROS2_ws/install/hiwin_example/lib/hiwin_example
[1.097s] Installing strategy_example script to /home/zack/work/ROS2_ws/install/hiwin_example/lib/hiwin_example
[1.097s] Installing verify_calibration script to /home/zack/work/ROS2_ws/install/hiwin_example/lib/hiwin_example
[1.097s] 
[1.097s] Installed /home/zack/work/ROS2_ws/build/hiwin_example
[1.097s] running install_data
[1.143s] Invoked command in '/home/zack/work/ROS2_ws/build/hiwin_example' returned '0': PYTHONPATH=/home/zack/work/ROS2_ws/build/hiwin_example/prefix_override:/home/zack/work/ROS2_ws/install/hiwin_example/lib/python3.10/site-packages:${PYTHONPATH} /usr/bin/python3 setup.py develop --editable --build-directory /home/zack/work/ROS2_ws/build/hiwin_example/build --no-deps install_data
