[ 35%] [32mBuilding CXX object CMakeFiles/hiwin_libmodbus.dir/src/hiwin_libmodbus.cpp.o[0m
[ 35%] [32mBuilding C object CMakeFiles/hiwin_libmodbus.dir/home/zack/work/ROS2_ws/src/Hiwin_libmodbus/libmodbus/src/modbus-tcp.c.o[0m
[ 35%] [32mBuilding C object CMakeFiles/hiwin_libmodbus.dir/home/zack/work/ROS2_ws/src/Hiwin_libmodbus/libmodbus/src/modbus-rtu.c.o[0m
[ 35%] [32mBuilding C object CMakeFiles/hiwin_libmodbus.dir/home/zack/work/ROS2_ws/src/Hiwin_libmodbus/libmodbus/src/modbus.c.o[0m
[ 35%] [32mBuilding C object CMakeFiles/hiwin_libmodbus.dir/home/zack/work/ROS2_ws/src/Hiwin_libmodbus/libmodbus/src/modbus-data.c.o[0m
[ 35%] Built target ament_cmake_python_symlink_hiwin_libmodbus
running egg_info
writing hiwin_libmodbus.egg-info/PKG-INFO
writing dependency_links to hiwin_libmodbus.egg-info/dependency_links.txt
writing top-level names to hiwin_libmodbus.egg-info/top_level.txt
reading manifest file 'hiwin_libmodbus.egg-info/SOURCES.txt'
writing manifest file 'hiwin_libmodbus.egg-info/SOURCES.txt'
[ 35%] Built target ament_cmake_python_build_hiwin_libmodbus_egg
[ 42%] [32m[1mLinking CXX shared library libhiwin_libmodbus.so[0m
[ 42%] Built target hiwin_libmodbus
[35m[1mConsolidate compiler generated dependencies of target hiwin_libmodbus_node[0m
[35m[1mConsolidate compiler generated dependencies of target hiwin_libmodbus_ctype_wrapper[0m
[35m[1mConsolidate compiler generated dependencies of target hiwinlibmodbus_server[0m
[35m[1mConsolidate compiler generated dependencies of target hiwinmodbus_server[0m
[ 57%] [32mBuilding CXX object CMakeFiles/hiwin_libmodbus_ctype_wrapper.dir/src/hiwin_libmodbus_ctype_wrapper.cpp.o[0m
[ 57%] [32mBuilding CXX object CMakeFiles/hiwin_libmodbus_node.dir/src/hiwin_libmodbus_node.cpp.o[0m
[ 71%] [32mBuilding CXX object CMakeFiles/hiwinmodbus_server.dir/src/hiwinmodbus_server.cpp.o[0m
[ 71%] [32mBuilding CXX object CMakeFiles/hiwinlibmodbus_server.dir/src/hiwinlibmodbus_server.cpp.o[0m
[ 78%] [32m[1mLinking CXX executable hiwin_libmodbus_node[0m
[ 78%] Built target hiwin_libmodbus_node
[ 85%] [32m[1mLinking CXX shared library libhiwin_libmodbus_ctype_wrapper.so[0m
[ 85%] Built target hiwin_libmodbus_ctype_wrapper
[ 92%] [32m[1mLinking CXX executable hiwinmodbus_server[0m
[100%] [32m[1mLinking CXX executable hiwinlibmodbus_server[0m
[100%] Built target hiwinmodbus_server
[100%] Built target hiwinlibmodbus_server
-- Install configuration: "Release"
-- Execute custom install script
-- Up-to-date symlink: /home/zack/work/ROS2_ws/install/hiwin_libmodbus/include/hiwin_libmodbus/hiwin_libmodbus.hpp
-- Up-to-date symlink: /home/zack/work/ROS2_ws/install/hiwin_libmodbus/include/hiwin_libmodbus/visibility_control.h
-- Up-to-date symlink: /home/zack/work/ROS2_ws/install/hiwin_libmodbus/lib/hiwin_libmodbus/hiwinmodbus_server
-- Up-to-date symlink: /home/zack/work/ROS2_ws/install/hiwin_libmodbus/lib/hiwin_libmodbus/hiwinlibmodbus_server
-- Up-to-date symlink: /home/zack/work/ROS2_ws/install/hiwin_libmodbus/lib/hiwin_libmodbus/hiwin_libmodbus_node
-- Up-to-date symlink: /home/zack/work/ROS2_ws/install/hiwin_libmodbus/share/hiwin_libmodbus/environment/pythonpath.sh
-- Up-to-date symlink: /home/zack/work/ROS2_ws/install/hiwin_libmodbus/share/hiwin_libmodbus/environment/pythonpath.dsv
-- Up-to-date symlink: /home/zack/work/ROS2_ws/install/hiwin_libmodbus/local/lib/python3.10/dist-packages/hiwin_libmodbus-0.0.0-py3.10.egg-info/PKG-INFO
-- Up-to-date symlink: /home/zack/work/ROS2_ws/install/hiwin_libmodbus/local/lib/python3.10/dist-packages/hiwin_libmodbus-0.0.0-py3.10.egg-info/SOURCES.txt
-- Up-to-date symlink: /home/zack/work/ROS2_ws/install/hiwin_libmodbus/local/lib/python3.10/dist-packages/hiwin_libmodbus-0.0.0-py3.10.egg-info/dependency_links.txt
-- Up-to-date symlink: /home/zack/work/ROS2_ws/install/hiwin_libmodbus/local/lib/python3.10/dist-packages/hiwin_libmodbus-0.0.0-py3.10.egg-info/top_level.txt
-- Up-to-date symlink: /home/zack/work/ROS2_ws/install/hiwin_libmodbus/local/lib/python3.10/dist-packages/hiwin_libmodbus/__init__.py
-- Up-to-date symlink: /home/zack/work/ROS2_ws/install/hiwin_libmodbus/local/lib/python3.10/dist-packages/hiwin_libmodbus/hiwin_libmodbus.py
-- Up-to-date symlink: /home/zack/work/ROS2_ws/install/hiwin_libmodbus/lib/hiwin_libmodbus/Hiwin_API_test.py
-- Up-to-date symlink: /home/zack/work/ROS2_ws/install/hiwin_libmodbus/share/hiwin_libmodbus/environment/library_path.sh
-- Up-to-date symlink: /home/zack/work/ROS2_ws/install/hiwin_libmodbus/share/hiwin_libmodbus/environment/library_path.dsv
-- Up-to-date symlink: /home/zack/work/ROS2_ws/install/hiwin_libmodbus/share/ament_index/resource_index/package_run_dependencies/hiwin_libmodbus
-- Up-to-date symlink: /home/zack/work/ROS2_ws/install/hiwin_libmodbus/share/ament_index/resource_index/parent_prefix_path/hiwin_libmodbus
-- Up-to-date symlink: /home/zack/work/ROS2_ws/install/hiwin_libmodbus/share/hiwin_libmodbus/environment/ament_prefix_path.sh
-- Up-to-date symlink: /home/zack/work/ROS2_ws/install/hiwin_libmodbus/share/hiwin_libmodbus/environment/ament_prefix_path.dsv
-- Up-to-date symlink: /home/zack/work/ROS2_ws/install/hiwin_libmodbus/share/hiwin_libmodbus/environment/path.sh
-- Up-to-date symlink: /home/zack/work/ROS2_ws/install/hiwin_libmodbus/share/hiwin_libmodbus/environment/path.dsv
-- Up-to-date symlink: /home/zack/work/ROS2_ws/install/hiwin_libmodbus/share/hiwin_libmodbus/local_setup.bash
-- Up-to-date symlink: /home/zack/work/ROS2_ws/install/hiwin_libmodbus/share/hiwin_libmodbus/local_setup.sh
-- Up-to-date symlink: /home/zack/work/ROS2_ws/install/hiwin_libmodbus/share/hiwin_libmodbus/local_setup.zsh
-- Up-to-date symlink: /home/zack/work/ROS2_ws/install/hiwin_libmodbus/share/hiwin_libmodbus/local_setup.dsv
-- Symlinking: /home/zack/work/ROS2_ws/install/hiwin_libmodbus/share/hiwin_libmodbus/package.dsv
-- Up-to-date symlink: /home/zack/work/ROS2_ws/install/hiwin_libmodbus/share/ament_index/resource_index/packages/hiwin_libmodbus
-- Up-to-date symlink: /home/zack/work/ROS2_ws/install/hiwin_libmodbus/share/hiwin_libmodbus/cmake/ament_cmake_export_include_directories-extras.cmake
-- Up-to-date symlink: /home/zack/work/ROS2_ws/install/hiwin_libmodbus/share/hiwin_libmodbus/cmake/ament_cmake_export_libraries-extras.cmake
-- Up-to-date symlink: /home/zack/work/ROS2_ws/install/hiwin_libmodbus/share/hiwin_libmodbus/cmake/ament_cmake_export_targets-extras.cmake
-- Up-to-date symlink: /home/zack/work/ROS2_ws/install/hiwin_libmodbus/share/hiwin_libmodbus/cmake/hiwin_libmodbusConfig.cmake
-- Up-to-date symlink: /home/zack/work/ROS2_ws/install/hiwin_libmodbus/share/hiwin_libmodbus/cmake/hiwin_libmodbusConfig-version.cmake
-- Up-to-date symlink: /home/zack/work/ROS2_ws/install/hiwin_libmodbus/share/hiwin_libmodbus/package.xml
-- Installing: /home/zack/work/ROS2_ws/install/hiwin_libmodbus/lib/libhiwin_libmodbus.so
-- Installing: /home/zack/work/ROS2_ws/install/hiwin_libmodbus/lib/libhiwin_libmodbus_ctype_wrapper.so
-- Set runtime path of "/home/zack/work/ROS2_ws/install/hiwin_libmodbus/lib/libhiwin_libmodbus_ctype_wrapper.so" to ""
Listing '/home/zack/work/ROS2_ws/install/hiwin_libmodbus/local/lib/python3.10/dist-packages/hiwin_libmodbus'...
Compiling '/home/zack/work/ROS2_ws/install/hiwin_libmodbus/local/lib/python3.10/dist-packages/hiwin_libmodbus/__init__.py'...
Compiling '/home/zack/work/ROS2_ws/install/hiwin_libmodbus/local/lib/python3.10/dist-packages/hiwin_libmodbus/hiwin_libmodbus.py'...
-- Up-to-date: /home/zack/work/ROS2_ws/install/hiwin_libmodbus/share/hiwin_libmodbus/cmake/export_hiwin_libmodbusExport.cmake
-- Installing: /home/zack/work/ROS2_ws/install/hiwin_libmodbus/share/hiwin_libmodbus/cmake/export_hiwin_libmodbusExport-release.cmake
