[0.596s] Invoking command in '/home/zack/work/ROS2_ws/build/hiwin_example': PYTHONPATH=/home/zack/work/ROS2_ws/build/hiwin_example/prefix_override:/home/zack/work/ROS2_ws/install/hiwin_example/lib/python3.10/site-packages:${PYTHONPATH} /usr/bin/python3 setup.py develop --uninstall --editable --build-directory /home/zack/work/ROS2_ws/build/hiwin_example/build
[0.773s] running develop
[0.773s] /usr/lib/python3/dist-packages/setuptools/command/easy_install.py:158: EasyInstallDeprecationWarning: easy_install command is deprecated. Use build and pip and other standards-based tools.
[0.773s]   warnings.warn(
[0.774s] /usr/lib/python3/dist-packages/setuptools/command/install.py:34: SetuptoolsDeprecationWarning: setup.py install is deprecated. Use build and pip and other standards-based tools.
[0.774s]   warnings.warn(
[0.917s] Invoked command in '/home/zack/work/ROS2_ws/build/hiwin_example' returned '0': PYTHONPATH=/home/zack/work/ROS2_ws/build/hiwin_example/prefix_override:/home/zack/work/ROS2_ws/install/hiwin_example/lib/python3.10/site-packages:${PYTHONPATH} /usr/bin/python3 setup.py develop --uninstall --editable --build-directory /home/zack/work/ROS2_ws/build/hiwin_example/build
[0.918s] Invoking command in '/home/zack/work/ROS2_ws/src/Hiwin_libmodbus/hiwin_example': PYTHONPATH=/home/zack/work/ROS2_ws/build/hiwin_example/prefix_override:/home/zack/work/ROS2_ws/install/hiwin_example/lib/python3.10/site-packages:${PYTHONPATH} /usr/bin/python3 setup.py egg_info --egg-base ../../../build/hiwin_example build --build-base /home/zack/work/ROS2_ws/build/hiwin_example/build install --record /home/zack/work/ROS2_ws/build/hiwin_example/install.log --single-version-externally-managed
[1.082s] running egg_info
[1.082s] writing ../../../build/hiwin_example/hiwin_example.egg-info/PKG-INFO
[1.083s] writing dependency_links to ../../../build/hiwin_example/hiwin_example.egg-info/dependency_links.txt
[1.083s] writing entry points to ../../../build/hiwin_example/hiwin_example.egg-info/entry_points.txt
[1.083s] writing requirements to ../../../build/hiwin_example/hiwin_example.egg-info/requires.txt
[1.083s] writing top-level names to ../../../build/hiwin_example/hiwin_example.egg-info/top_level.txt
[1.083s] reading manifest file '../../../build/hiwin_example/hiwin_example.egg-info/SOURCES.txt'
[1.084s] writing manifest file '../../../build/hiwin_example/hiwin_example.egg-info/SOURCES.txt'
[1.084s] running build
[1.084s] running build_py
[1.084s] running install
[1.085s] /usr/lib/python3/dist-packages/setuptools/command/install.py:34: SetuptoolsDeprecationWarning: setup.py install is deprecated. Use build and pip and other standards-based tools.
[1.085s]   warnings.warn(
[1.085s] running install_lib
[1.086s] running install_data
[1.086s] running install_egg_info
[1.087s] removing '/home/zack/work/ROS2_ws/install/hiwin_example/lib/python3.10/site-packages/hiwin_example-0.0.0-py3.10.egg-info' (and everything under it)
[1.087s] Copying ../../../build/hiwin_example/hiwin_example.egg-info to /home/zack/work/ROS2_ws/install/hiwin_example/lib/python3.10/site-packages/hiwin_example-0.0.0-py3.10.egg-info
[1.088s] running install_scripts
[1.103s] Installing manual_calibration script to /home/zack/work/ROS2_ws/install/hiwin_example/lib/hiwin_example
[1.103s] Installing strategy_example script to /home/zack/work/ROS2_ws/install/hiwin_example/lib/hiwin_example
[1.103s] Installing verify_calibration script to /home/zack/work/ROS2_ws/install/hiwin_example/lib/hiwin_example
[1.103s] writing list of installed files to '/home/zack/work/ROS2_ws/build/hiwin_example/install.log'
[1.126s] Invoked command in '/home/zack/work/ROS2_ws/src/Hiwin_libmodbus/hiwin_example' returned '0': PYTHONPATH=/home/zack/work/ROS2_ws/build/hiwin_example/prefix_override:/home/zack/work/ROS2_ws/install/hiwin_example/lib/python3.10/site-packages:${PYTHONPATH} /usr/bin/python3 setup.py egg_info --egg-base ../../../build/hiwin_example build --build-base /home/zack/work/ROS2_ws/build/hiwin_example/build install --record /home/zack/work/ROS2_ws/build/hiwin_example/install.log --single-version-externally-managed
