[0.569s] Invoking command in '/home/zack/work/ROS2_ws/build/hiwin_example': PYTHONPATH=/home/zack/work/ROS2_ws/build/hiwin_example/prefix_override:/home/zack/work/ROS2_ws/install/hiwin_example/lib/python3.10/site-packages:${PYTHONPATH} /usr/bin/python3 setup.py develop --editable --build-directory /home/zack/work/ROS2_ws/build/hiwin_example/build --no-deps install_data
[0.764s] running develop
[0.765s] /usr/lib/python3/dist-packages/setuptools/command/easy_install.py:158: EasyInstallDeprecationWarning: easy_install command is deprecated. Use build and pip and other standards-based tools.
[0.765s]   warnings.warn(
[0.766s] /usr/lib/python3/dist-packages/setuptools/command/install.py:34: SetuptoolsDeprecationWarning: setup.py install is deprecated. Use build and pip and other standards-based tools.
[0.766s]   warnings.warn(
[0.880s] running egg_info
[0.881s] writing hiwin_example.egg-info/PKG-INFO
[0.881s] writing dependency_links to hiwin_example.egg-info/dependency_links.txt
[0.881s] writing entry points to hiwin_example.egg-info/entry_points.txt
[0.881s] writing requirements to hiwin_example.egg-info/requires.txt
[0.881s] writing top-level names to hiwin_example.egg-info/top_level.txt
[0.884s] reading manifest file 'hiwin_example.egg-info/SOURCES.txt'
[0.884s] writing manifest file 'hiwin_example.egg-info/SOURCES.txt'
[0.886s] running build_ext
[0.886s] Creating /home/zack/work/ROS2_ws/install/hiwin_example/lib/python3.10/site-packages/hiwin-example.egg-link (link to .)
[0.886s] Installing manual_calibration script to /home/zack/work/ROS2_ws/install/hiwin_example/lib/hiwin_example
[0.887s] Installing strategy_example script to /home/zack/work/ROS2_ws/install/hiwin_example/lib/hiwin_example
[0.887s] Installing verify_calibration script to /home/zack/work/ROS2_ws/install/hiwin_example/lib/hiwin_example
[0.887s] 
[0.887s] Installed /home/zack/work/ROS2_ws/build/hiwin_example
[0.887s] running install_data
[0.927s] Invoked command in '/home/zack/work/ROS2_ws/build/hiwin_example' returned '0': PYTHONPATH=/home/zack/work/ROS2_ws/build/hiwin_example/prefix_override:/home/zack/work/ROS2_ws/install/hiwin_example/lib/python3.10/site-packages:${PYTHONPATH} /usr/bin/python3 setup.py develop --editable --build-directory /home/zack/work/ROS2_ws/build/hiwin_example/build --no-deps install_data
