[0.573s] Invoking command in '/home/zack/work/ROS2_ws/build/hiwin_example': PYTHONPATH=/home/zack/work/ROS2_ws/build/hiwin_example/prefix_override:/home/zack/work/ROS2_ws/install/hiwin_example/lib/python3.10/site-packages:${PYTHONPATH} /usr/bin/python3 setup.py develop --uninstall --editable --build-directory /home/zack/work/ROS2_ws/build/hiwin_example/build
[0.757s] running develop
[0.757s] /usr/lib/python3/dist-packages/setuptools/command/easy_install.py:158: EasyInstallDeprecationWarning: easy_install command is deprecated. Use build and pip and other standards-based tools.
[0.758s]   warnings.warn(
[0.759s] /usr/lib/python3/dist-packages/setuptools/command/install.py:34: SetuptoolsDeprecationWarning: setup.py install is deprecated. Use build and pip and other standards-based tools.
[0.759s]   warnings.warn(
[0.875s] Removing /home/zack/work/ROS2_ws/install/hiwin_example/lib/python3.10/site-packages/hiwin-example.egg-link (link to .)
[0.916s] Invoked command in '/home/zack/work/ROS2_ws/build/hiwin_example' returned '0': PYTHONPATH=/home/zack/work/ROS2_ws/build/hiwin_example/prefix_override:/home/zack/work/ROS2_ws/install/hiwin_example/lib/python3.10/site-packages:${PYTHONPATH} /usr/bin/python3 setup.py develop --uninstall --editable --build-directory /home/zack/work/ROS2_ws/build/hiwin_example/build
[0.917s] Invoking command in '/home/zack/work/ROS2_ws/src/Hiwin_libmodbus/hiwin_example': PYTHONPATH=/home/zack/work/ROS2_ws/build/hiwin_example/prefix_override:/home/zack/work/ROS2_ws/install/hiwin_example/lib/python3.10/site-packages:${PYTHONPATH} /usr/bin/python3 setup.py egg_info --egg-base ../../../build/hiwin_example build --build-base /home/zack/work/ROS2_ws/build/hiwin_example/build install --record /home/zack/work/ROS2_ws/build/hiwin_example/install.log --single-version-externally-managed
[1.089s] running egg_info
[1.090s] writing ../../../build/hiwin_example/hiwin_example.egg-info/PKG-INFO
[1.090s] writing dependency_links to ../../../build/hiwin_example/hiwin_example.egg-info/dependency_links.txt
[1.090s] writing entry points to ../../../build/hiwin_example/hiwin_example.egg-info/entry_points.txt
[1.090s] writing requirements to ../../../build/hiwin_example/hiwin_example.egg-info/requires.txt
[1.090s] writing top-level names to ../../../build/hiwin_example/hiwin_example.egg-info/top_level.txt
[1.091s] reading manifest file '../../../build/hiwin_example/hiwin_example.egg-info/SOURCES.txt'
[1.092s] writing manifest file '../../../build/hiwin_example/hiwin_example.egg-info/SOURCES.txt'
[1.092s] running build
[1.092s] running build_py
[1.092s] copying hiwin_example/YoloDetector.py -> /home/zack/work/ROS2_ws/build/hiwin_example/build/lib/hiwin_example
[1.092s] copying hiwin_example/strategy_example.py -> /home/zack/work/ROS2_ws/build/hiwin_example/build/lib/hiwin_example
[1.092s] copying hiwin_example/__init__.py -> /home/zack/work/ROS2_ws/build/hiwin_example/build/lib/hiwin_example
[1.093s] copying hiwin_example/YoloDetector_class_node.py -> /home/zack/work/ROS2_ws/build/hiwin_example/build/lib/hiwin_example
[1.093s] running install
[1.093s] /usr/lib/python3/dist-packages/setuptools/command/install.py:34: SetuptoolsDeprecationWarning: setup.py install is deprecated. Use build and pip and other standards-based tools.
[1.093s]   warnings.warn(
[1.093s] running install_lib
[1.093s] creating /home/zack/work/ROS2_ws/install/hiwin_example/lib/python3.10/site-packages/hiwin_example
[1.094s] copying /home/zack/work/ROS2_ws/build/hiwin_example/build/lib/hiwin_example/YoloDetector.py -> /home/zack/work/ROS2_ws/install/hiwin_example/lib/python3.10/site-packages/hiwin_example
[1.094s] copying /home/zack/work/ROS2_ws/build/hiwin_example/build/lib/hiwin_example/strategy_example.py -> /home/zack/work/ROS2_ws/install/hiwin_example/lib/python3.10/site-packages/hiwin_example
[1.094s] copying /home/zack/work/ROS2_ws/build/hiwin_example/build/lib/hiwin_example/__init__.py -> /home/zack/work/ROS2_ws/install/hiwin_example/lib/python3.10/site-packages/hiwin_example
[1.094s] copying /home/zack/work/ROS2_ws/build/hiwin_example/build/lib/hiwin_example/YoloDetector_class_node.py -> /home/zack/work/ROS2_ws/install/hiwin_example/lib/python3.10/site-packages/hiwin_example
[1.094s] byte-compiling /home/zack/work/ROS2_ws/install/hiwin_example/lib/python3.10/site-packages/hiwin_example/YoloDetector.py to YoloDetector.cpython-310.pyc
[1.095s] byte-compiling /home/zack/work/ROS2_ws/install/hiwin_example/lib/python3.10/site-packages/hiwin_example/strategy_example.py to strategy_example.cpython-310.pyc
[1.096s] byte-compiling /home/zack/work/ROS2_ws/install/hiwin_example/lib/python3.10/site-packages/hiwin_example/__init__.py to __init__.cpython-310.pyc
[1.096s] byte-compiling /home/zack/work/ROS2_ws/install/hiwin_example/lib/python3.10/site-packages/hiwin_example/YoloDetector_class_node.py to YoloDetector_class_node.cpython-310.pyc
[1.096s] running install_data
[1.097s] copying resource/hiwin_example -> /home/zack/work/ROS2_ws/install/hiwin_example/share/ament_index/resource_index/packages
[1.097s] copying package.xml -> /home/zack/work/ROS2_ws/install/hiwin_example/share/hiwin_example
[1.097s] running install_egg_info
[1.098s] Copying ../../../build/hiwin_example/hiwin_example.egg-info to /home/zack/work/ROS2_ws/install/hiwin_example/lib/python3.10/site-packages/hiwin_example-0.0.0-py3.10.egg-info
[1.099s] running install_scripts
[1.116s] Installing strategy_example script to /home/zack/work/ROS2_ws/install/hiwin_example/lib/hiwin_example
[1.116s] writing list of installed files to '/home/zack/work/ROS2_ws/build/hiwin_example/install.log'
[1.166s] Invoked command in '/home/zack/work/ROS2_ws/src/Hiwin_libmodbus/hiwin_example' returned '0': PYTHONPATH=/home/zack/work/ROS2_ws/build/hiwin_example/prefix_override:/home/zack/work/ROS2_ws/install/hiwin_example/lib/python3.10/site-packages:${PYTHONPATH} /usr/bin/python3 setup.py egg_info --egg-base ../../../build/hiwin_example build --build-base /home/zack/work/ROS2_ws/build/hiwin_example/build install --record /home/zack/work/ROS2_ws/build/hiwin_example/install.log --single-version-externally-managed
