running develop
/usr/lib/python3/dist-packages/setuptools/command/easy_install.py:158: EasyInstallDeprecationWarning: easy_install command is deprecated. Use build and pip and other standards-based tools.
  warnings.warn(
/usr/lib/python3/dist-packages/setuptools/command/install.py:34: SetuptoolsDeprecationWarning: setup.py install is deprecated. Use build and pip and other standards-based tools.
  warnings.warn(
running egg_info
writing py_pubsub.egg-info/PKG-INFO
writing dependency_links to py_pubsub.egg-info/dependency_links.txt
writing entry points to py_pubsub.egg-info/entry_points.txt
writing requirements to py_pubsub.egg-info/requires.txt
writing top-level names to py_pubsub.egg-info/top_level.txt
reading manifest file 'py_pubsub.egg-info/SOURCES.txt'
writing manifest file 'py_pubsub.egg-info/SOURCES.txt'
running build_ext
Creating /home/zack/work/ROS2_ws/install/py_pubsub/lib/python3.10/site-packages/py-pubsub.egg-link (link to .)
Installing cam_calibration script to /home/zack/work/ROS2_ws/install/py_pubsub/lib/py_pubsub
Installing strategy_client script to /home/zack/work/ROS2_ws/install/py_pubsub/lib/py_pubsub
Installing strategy_sub script to /home/zack/work/ROS2_ws/install/py_pubsub/lib/py_pubsub
Installing yolo_detect script to /home/zack/work/ROS2_ws/install/py_pubsub/lib/py_pubsub
Installing yolo_service script to /home/zack/work/ROS2_ws/install/py_pubsub/lib/py_pubsub

Installed /home/zack/work/ROS2_ws/build/py_pubsub
running install_data
copying package.xml -> /home/zack/work/ROS2_ws/install/py_pubsub/share/py_pubsub
