[0.643s] Invoking command in '/home/zack/work/ROS2_ws/build/py_pubsub': PYTHONPATH=/home/zack/work/ROS2_ws/build/py_pubsub/prefix_override:/home/zack/work/ROS2_ws/install/py_pubsub/lib/python3.10/site-packages:${PYTHONPATH} /usr/bin/python3 setup.py develop --editable --build-directory /home/zack/work/ROS2_ws/build/py_pubsub/build --no-deps install_data
[0.814s] running develop
[0.814s] /usr/lib/python3/dist-packages/setuptools/command/easy_install.py:158: EasyInstallDeprecationWarning: easy_install command is deprecated. Use build and pip and other standards-based tools.
[0.814s]   warnings.warn(
[0.815s] /usr/lib/python3/dist-packages/setuptools/command/install.py:34: SetuptoolsDeprecationWarning: setup.py install is deprecated. Use build and pip and other standards-based tools.
[0.815s]   warnings.warn(
[0.924s] running egg_info
[0.924s] writing py_pubsub.egg-info/PKG-INFO
[0.924s] writing dependency_links to py_pubsub.egg-info/dependency_links.txt
[0.924s] writing entry points to py_pubsub.egg-info/entry_points.txt
[0.924s] writing requirements to py_pubsub.egg-info/requires.txt
[0.924s] writing top-level names to py_pubsub.egg-info/top_level.txt
[0.926s] reading manifest file 'py_pubsub.egg-info/SOURCES.txt'
[0.926s] writing manifest file 'py_pubsub.egg-info/SOURCES.txt'
[0.927s] running build_ext
[0.927s] Creating /home/zack/work/ROS2_ws/install/py_pubsub/lib/python3.10/site-packages/py-pubsub.egg-link (link to .)
[0.928s] Installing cam_calibration script to /home/zack/work/ROS2_ws/install/py_pubsub/lib/py_pubsub
[0.928s] Installing strategy_client script to /home/zack/work/ROS2_ws/install/py_pubsub/lib/py_pubsub
[0.928s] Installing strategy_sub script to /home/zack/work/ROS2_ws/install/py_pubsub/lib/py_pubsub
[0.928s] Installing yolo_detect script to /home/zack/work/ROS2_ws/install/py_pubsub/lib/py_pubsub
[0.928s] Installing yolo_service script to /home/zack/work/ROS2_ws/install/py_pubsub/lib/py_pubsub
[0.928s] 
[0.928s] Installed /home/zack/work/ROS2_ws/build/py_pubsub
[0.928s] running install_data
[0.929s] copying package.xml -> /home/zack/work/ROS2_ws/install/py_pubsub/share/py_pubsub
[0.962s] Invoked command in '/home/zack/work/ROS2_ws/build/py_pubsub' returned '0': PYTHONPATH=/home/zack/work/ROS2_ws/build/py_pubsub/prefix_override:/home/zack/work/ROS2_ws/install/py_pubsub/lib/python3.10/site-packages:${PYTHONPATH} /usr/bin/python3 setup.py develop --editable --build-directory /home/zack/work/ROS2_ws/build/py_pubsub/build --no-deps install_data
