running develop
/usr/lib/python3/dist-packages/setuptools/command/easy_install.py:158: EasyInstallDeprecationWarning: easy_install command is deprecated. Use build and pip and other standards-based tools.
  warnings.warn(
/usr/lib/python3/dist-packages/setuptools/command/install.py:34: SetuptoolsDeprecationWarning: setup.py install is deprecated. Use build and pip and other standards-based tools.
  warnings.warn(
running egg_info
writing ../../../build/hiwin_example/hiwin_example.egg-info/PKG-INFO
writing dependency_links to ../../../build/hiwin_example/hiwin_example.egg-info/dependency_links.txt
writing entry points to ../../../build/hiwin_example/hiwin_example.egg-info/entry_points.txt
writing requirements to ../../../build/hiwin_example/hiwin_example.egg-info/requires.txt
writing top-level names to ../../../build/hiwin_example/hiwin_example.egg-info/top_level.txt
reading manifest file '../../../build/hiwin_example/hiwin_example.egg-info/SOURCES.txt'
writing manifest file '../../../build/hiwin_example/hiwin_example.egg-info/SOURCES.txt'
running build
running build_py
/usr/lib/python3/dist-packages/setuptools/command/install.py:34: SetuptoolsDeprecationWarning: setup.py install is deprecated. Use build and pip and other standards-based tools.
  warnings.warn(
running install
running install_lib
running install_data
running install_egg_info
removing '/home/zack/work/ROS2_ws/install/hiwin_example/lib/python3.10/site-packages/hiwin_example-0.0.0-py3.10.egg-info' (and everything under it)
Copying ../../../build/hiwin_example/hiwin_example.egg-info to /home/zack/work/ROS2_ws/install/hiwin_example/lib/python3.10/site-packages/hiwin_example-0.0.0-py3.10.egg-info
running install_scripts
Installing strategy_example script to /home/zack/work/ROS2_ws/install/hiwin_example/lib/hiwin_example
writing list of installed files to '/home/zack/work/ROS2_ws/build/hiwin_example/install.log'
