[0.657s] Invoking command in '/home/zack/work/ROS2_ws/build/hiwin_example': PYTHONPATH=/home/zack/work/ROS2_ws/build/hiwin_example/prefix_override:/home/zack/work/ROS2_ws/install/hiwin_example/lib/python3.10/site-packages:${PYTHONPATH} /usr/bin/python3 setup.py develop --uninstall --editable --build-directory /home/zack/work/ROS2_ws/build/hiwin_example/build
[0.859s] running develop
[0.859s] /usr/lib/python3/dist-packages/setuptools/command/easy_install.py:158: EasyInstallDeprecationWarning: easy_install command is deprecated. Use build and pip and other standards-based tools.
[0.859s]   warnings.warn(
[0.861s] /usr/lib/python3/dist-packages/setuptools/command/install.py:34: SetuptoolsDeprecationWarning: setup.py install is deprecated. Use build and pip and other standards-based tools.
[0.861s]   warnings.warn(
[1.044s] Invoked command in '/home/zack/work/ROS2_ws/build/hiwin_example' returned '0': PYTHONPATH=/home/zack/work/ROS2_ws/build/hiwin_example/prefix_override:/home/zack/work/ROS2_ws/install/hiwin_example/lib/python3.10/site-packages:${PYTHONPATH} /usr/bin/python3 setup.py develop --uninstall --editable --build-directory /home/zack/work/ROS2_ws/build/hiwin_example/build
[1.045s] Invoking command in '/home/zack/work/ROS2_ws/src/Hiwin_libmodbus/hiwin_example': PYTHONPATH=/home/zack/work/ROS2_ws/build/hiwin_example/prefix_override:/home/zack/work/ROS2_ws/install/hiwin_example/lib/python3.10/site-packages:${PYTHONPATH} /usr/bin/python3 setup.py egg_info --egg-base ../../../build/hiwin_example build --build-base /home/zack/work/ROS2_ws/build/hiwin_example/build install --record /home/zack/work/ROS2_ws/build/hiwin_example/install.log --single-version-externally-managed
[1.259s] running egg_info
[1.260s] writing ../../../build/hiwin_example/hiwin_example.egg-info/PKG-INFO
[1.260s] writing dependency_links to ../../../build/hiwin_example/hiwin_example.egg-info/dependency_links.txt
[1.260s] writing entry points to ../../../build/hiwin_example/hiwin_example.egg-info/entry_points.txt
[1.260s] writing requirements to ../../../build/hiwin_example/hiwin_example.egg-info/requires.txt
[1.260s] writing top-level names to ../../../build/hiwin_example/hiwin_example.egg-info/top_level.txt
[1.262s] reading manifest file '../../../build/hiwin_example/hiwin_example.egg-info/SOURCES.txt'
[1.263s] writing manifest file '../../../build/hiwin_example/hiwin_example.egg-info/SOURCES.txt'
[1.263s] running build
[1.263s] running build_py
[1.263s] /usr/lib/python3/dist-packages/setuptools/command/install.py:34: SetuptoolsDeprecationWarning: setup.py install is deprecated. Use build and pip and other standards-based tools.
[1.264s]   warnings.warn(
[1.264s] running install
[1.264s] running install_lib
[1.265s] running install_data
[1.266s] running install_egg_info
[1.268s] removing '/home/zack/work/ROS2_ws/install/hiwin_example/lib/python3.10/site-packages/hiwin_example-0.0.0-py3.10.egg-info' (and everything under it)
[1.269s] Copying ../../../build/hiwin_example/hiwin_example.egg-info to /home/zack/work/ROS2_ws/install/hiwin_example/lib/python3.10/site-packages/hiwin_example-0.0.0-py3.10.egg-info
[1.270s] running install_scripts
[1.293s] Installing strategy_example script to /home/zack/work/ROS2_ws/install/hiwin_example/lib/hiwin_example
[1.294s] writing list of installed files to '/home/zack/work/ROS2_ws/build/hiwin_example/install.log'
[1.388s] Invoked command in '/home/zack/work/ROS2_ws/src/Hiwin_libmodbus/hiwin_example' returned '0': PYTHONPATH=/home/zack/work/ROS2_ws/build/hiwin_example/prefix_override:/home/zack/work/ROS2_ws/install/hiwin_example/lib/python3.10/site-packages:${PYTHONPATH} /usr/bin/python3 setup.py egg_info --egg-base ../../../build/hiwin_example build --build-base /home/zack/work/ROS2_ws/build/hiwin_example/build install --record /home/zack/work/ROS2_ws/build/hiwin_example/install.log --single-version-externally-managed
