running develop
/usr/lib/python3/dist-packages/setuptools/command/easy_install.py:158: EasyInstallDeprecationWarning: easy_install command is deprecated. Use build and pip and other standards-based tools.
  warnings.warn(
/usr/lib/python3/dist-packages/setuptools/command/install.py:34: SetuptoolsDeprecationWarning: setup.py install is deprecated. Use build and pip and other standards-based tools.
  warnings.warn(
Removing /home/zack/work/ROS2_ws/install/py_pubsub/lib/python3.10/site-packages/py-pubsub.egg-link (link to .)
running egg_info
writing ../../build/py_pubsub/py_pubsub.egg-info/PKG-INFO
writing dependency_links to ../../build/py_pubsub/py_pubsub.egg-info/dependency_links.txt
writing entry points to ../../build/py_pubsub/py_pubsub.egg-info/entry_points.txt
writing requirements to ../../build/py_pubsub/py_pubsub.egg-info/requires.txt
writing top-level names to ../../build/py_pubsub/py_pubsub.egg-info/top_level.txt
reading manifest file '../../build/py_pubsub/py_pubsub.egg-info/SOURCES.txt'
writing manifest file '../../build/py_pubsub/py_pubsub.egg-info/SOURCES.txt'
running build
running build_py
copying py_pubsub/strategy_client.py -> /home/zack/work/ROS2_ws/build/py_pubsub/build/lib/py_pubsub
running install
/usr/lib/python3/dist-packages/setuptools/command/install.py:34: SetuptoolsDeprecationWarning: setup.py install is deprecated. Use build and pip and other standards-based tools.
  warnings.warn(
running install_lib
creating /home/zack/work/ROS2_ws/install/py_pubsub/lib/python3.10/site-packages/py_pubsub
copying /home/zack/work/ROS2_ws/build/py_pubsub/build/lib/py_pubsub/output_clickpoint.py -> /home/zack/work/ROS2_ws/install/py_pubsub/lib/python3.10/site-packages/py_pubsub
copying /home/zack/work/ROS2_ws/build/py_pubsub/build/lib/py_pubsub/strategy_client.py -> /home/zack/work/ROS2_ws/install/py_pubsub/lib/python3.10/site-packages/py_pubsub
copying /home/zack/work/ROS2_ws/build/py_pubsub/build/lib/py_pubsub/yolo_service.py -> /home/zack/work/ROS2_ws/install/py_pubsub/lib/python3.10/site-packages/py_pubsub
copying /home/zack/work/ROS2_ws/build/py_pubsub/build/lib/py_pubsub/test_yoloservice_client.py -> /home/zack/work/ROS2_ws/install/py_pubsub/lib/python3.10/site-packages/py_pubsub
copying /home/zack/work/ROS2_ws/build/py_pubsub/build/lib/py_pubsub/pool_strategy.py -> /home/zack/work/ROS2_ws/install/py_pubsub/lib/python3.10/site-packages/py_pubsub
copying /home/zack/work/ROS2_ws/build/py_pubsub/build/lib/py_pubsub/publisher_member_function.py -> /home/zack/work/ROS2_ws/install/py_pubsub/lib/python3.10/site-packages/py_pubsub
copying /home/zack/work/ROS2_ws/build/py_pubsub/build/lib/py_pubsub/strategy_sub.py -> /home/zack/work/ROS2_ws/install/py_pubsub/lib/python3.10/site-packages/py_pubsub
copying /home/zack/work/ROS2_ws/build/py_pubsub/build/lib/py_pubsub/testrealsense.py -> /home/zack/work/ROS2_ws/install/py_pubsub/lib/python3.10/site-packages/py_pubsub
copying /home/zack/work/ROS2_ws/build/py_pubsub/build/lib/py_pubsub/__init__.py -> /home/zack/work/ROS2_ws/install/py_pubsub/lib/python3.10/site-packages/py_pubsub
copying /home/zack/work/ROS2_ws/build/py_pubsub/build/lib/py_pubsub/darknet.py -> /home/zack/work/ROS2_ws/install/py_pubsub/lib/python3.10/site-packages/py_pubsub
copying /home/zack/work/ROS2_ws/build/py_pubsub/build/lib/py_pubsub/verify_calibration.py -> /home/zack/work/ROS2_ws/install/py_pubsub/lib/python3.10/site-packages/py_pubsub
copying /home/zack/work/ROS2_ws/build/py_pubsub/build/lib/py_pubsub/YOLO_Detect.py -> /home/zack/work/ROS2_ws/install/py_pubsub/lib/python3.10/site-packages/py_pubsub
copying /home/zack/work/ROS2_ws/build/py_pubsub/build/lib/py_pubsub/cam_cali.py -> /home/zack/work/ROS2_ws/install/py_pubsub/lib/python3.10/site-packages/py_pubsub
copying /home/zack/work/ROS2_ws/build/py_pubsub/build/lib/py_pubsub/cv2_test.py -> /home/zack/work/ROS2_ws/install/py_pubsub/lib/python3.10/site-packages/py_pubsub
byte-compiling /home/zack/work/ROS2_ws/install/py_pubsub/lib/python3.10/site-packages/py_pubsub/output_clickpoint.py to output_clickpoint.cpython-310.pyc
byte-compiling /home/zack/work/ROS2_ws/install/py_pubsub/lib/python3.10/site-packages/py_pubsub/strategy_client.py to strategy_client.cpython-310.pyc
byte-compiling /home/zack/work/ROS2_ws/install/py_pubsub/lib/python3.10/site-packages/py_pubsub/yolo_service.py to yolo_service.cpython-310.pyc
byte-compiling /home/zack/work/ROS2_ws/install/py_pubsub/lib/python3.10/site-packages/py_pubsub/test_yoloservice_client.py to test_yoloservice_client.cpython-310.pyc
byte-compiling /home/zack/work/ROS2_ws/install/py_pubsub/lib/python3.10/site-packages/py_pubsub/pool_strategy.py to pool_strategy.cpython-310.pyc
byte-compiling /home/zack/work/ROS2_ws/install/py_pubsub/lib/python3.10/site-packages/py_pubsub/publisher_member_function.py to publisher_member_function.cpython-310.pyc
byte-compiling /home/zack/work/ROS2_ws/install/py_pubsub/lib/python3.10/site-packages/py_pubsub/strategy_sub.py to strategy_sub.cpython-310.pyc
byte-compiling /home/zack/work/ROS2_ws/install/py_pubsub/lib/python3.10/site-packages/py_pubsub/testrealsense.py to testrealsense.cpython-310.pyc
byte-compiling /home/zack/work/ROS2_ws/install/py_pubsub/lib/python3.10/site-packages/py_pubsub/__init__.py to __init__.cpython-310.pyc
byte-compiling /home/zack/work/ROS2_ws/install/py_pubsub/lib/python3.10/site-packages/py_pubsub/darknet.py to darknet.cpython-310.pyc
byte-compiling /home/zack/work/ROS2_ws/install/py_pubsub/lib/python3.10/site-packages/py_pubsub/verify_calibration.py to verify_calibration.cpython-310.pyc
byte-compiling /home/zack/work/ROS2_ws/install/py_pubsub/lib/python3.10/site-packages/py_pubsub/YOLO_Detect.py to YOLO_Detect.cpython-310.pyc
byte-compiling /home/zack/work/ROS2_ws/install/py_pubsub/lib/python3.10/site-packages/py_pubsub/cam_cali.py to cam_cali.cpython-310.pyc
byte-compiling /home/zack/work/ROS2_ws/install/py_pubsub/lib/python3.10/site-packages/py_pubsub/cv2_test.py to cv2_test.cpython-310.pyc
running install_data
running install_egg_info
Copying ../../build/py_pubsub/py_pubsub.egg-info to /home/zack/work/ROS2_ws/install/py_pubsub/lib/python3.10/site-packages/py_pubsub-0.0.0-py3.10.egg-info
running install_scripts
Installing cam_calibration script to /home/zack/work/ROS2_ws/install/py_pubsub/lib/py_pubsub
Installing strategy_client script to /home/zack/work/ROS2_ws/install/py_pubsub/lib/py_pubsub
Installing strategy_sub script to /home/zack/work/ROS2_ws/install/py_pubsub/lib/py_pubsub
Installing test_yolo_service script to /home/zack/work/ROS2_ws/install/py_pubsub/lib/py_pubsub
Installing verify_calibration script to /home/zack/work/ROS2_ws/install/py_pubsub/lib/py_pubsub
Installing yolo_detect script to /home/zack/work/ROS2_ws/install/py_pubsub/lib/py_pubsub
Installing yolo_service script to /home/zack/work/ROS2_ws/install/py_pubsub/lib/py_pubsub
writing list of installed files to '/home/zack/work/ROS2_ws/build/py_pubsub/install.log'
