[0.433s] Invoking command in '/home/zack/work/ROS2_ws/build/py_pubsub': PYTHONPATH=/home/zack/work/ROS2_ws/build/py_pubsub/prefix_override:/home/zack/work/ROS2_ws/install/py_pubsub/lib/python3.10/site-packages:${PYTHONPATH} /usr/bin/python3 setup.py develop --uninstall --editable --build-directory /home/zack/work/ROS2_ws/build/py_pubsub/build
[0.602s] /usr/lib/python3/dist-packages/setuptools/command/easy_install.py:158: EasyInstallDeprecationWarning: easy_install command is deprecated. Use build and pip and other standards-based tools.
[0.602s]   warnings.warn(
[0.602s] /usr/lib/python3/dist-packages/setuptools/command/install.py:34: SetuptoolsDeprecationWarning: setup.py install is deprecated. Use build and pip and other standards-based tools.
[0.602s]   warnings.warn(
[0.602s] running develop
[0.706s] Removing /home/zack/work/ROS2_ws/install/py_pubsub/lib/python3.10/site-packages/py-pubsub.egg-link (link to .)
[0.725s] Invoked command in '/home/zack/work/ROS2_ws/build/py_pubsub' returned '0': PYTHONPATH=/home/zack/work/ROS2_ws/build/py_pubsub/prefix_override:/home/zack/work/ROS2_ws/install/py_pubsub/lib/python3.10/site-packages:${PYTHONPATH} /usr/bin/python3 setup.py develop --uninstall --editable --build-directory /home/zack/work/ROS2_ws/build/py_pubsub/build
[0.726s] Invoking command in '/home/zack/work/ROS2_ws/src/py_pubsub': PYTHONPATH=/home/zack/work/ROS2_ws/build/py_pubsub/prefix_override:/home/zack/work/ROS2_ws/install/py_pubsub/lib/python3.10/site-packages:${PYTHONPATH} /usr/bin/python3 setup.py egg_info --egg-base ../../build/py_pubsub build --build-base /home/zack/work/ROS2_ws/build/py_pubsub/build install --record /home/zack/work/ROS2_ws/build/py_pubsub/install.log --single-version-externally-managed
[0.884s] running egg_info
[0.884s] writing ../../build/py_pubsub/py_pubsub.egg-info/PKG-INFO
[0.885s] writing dependency_links to ../../build/py_pubsub/py_pubsub.egg-info/dependency_links.txt
[0.885s] writing entry points to ../../build/py_pubsub/py_pubsub.egg-info/entry_points.txt
[0.885s] writing requirements to ../../build/py_pubsub/py_pubsub.egg-info/requires.txt
[0.885s] writing top-level names to ../../build/py_pubsub/py_pubsub.egg-info/top_level.txt
[0.886s] reading manifest file '../../build/py_pubsub/py_pubsub.egg-info/SOURCES.txt'
[0.887s] writing manifest file '../../build/py_pubsub/py_pubsub.egg-info/SOURCES.txt'
[0.887s] running build
[0.887s] running build_py
[0.888s] copying py_pubsub/output_clickpoint.py -> /home/zack/work/ROS2_ws/build/py_pubsub/build/lib/py_pubsub
[0.888s] copying py_pubsub/strategy_client.py -> /home/zack/work/ROS2_ws/build/py_pubsub/build/lib/py_pubsub
[0.888s] copying py_pubsub/yolo_service.py -> /home/zack/work/ROS2_ws/build/py_pubsub/build/lib/py_pubsub
[0.888s] copying py_pubsub/test_yoloservice_client.py -> /home/zack/work/ROS2_ws/build/py_pubsub/build/lib/py_pubsub
[0.888s] copying py_pubsub/pool_strategy.py -> /home/zack/work/ROS2_ws/build/py_pubsub/build/lib/py_pubsub
[0.889s] copying py_pubsub/strategy_sub.py -> /home/zack/work/ROS2_ws/build/py_pubsub/build/lib/py_pubsub
[0.889s] copying py_pubsub/testrealsense.py -> /home/zack/work/ROS2_ws/build/py_pubsub/build/lib/py_pubsub
[0.889s] copying py_pubsub/verify_calibration.py -> /home/zack/work/ROS2_ws/build/py_pubsub/build/lib/py_pubsub
[0.889s] copying py_pubsub/YOLO_Detect.py -> /home/zack/work/ROS2_ws/build/py_pubsub/build/lib/py_pubsub
[0.889s] copying py_pubsub/cam_cali.py -> /home/zack/work/ROS2_ws/build/py_pubsub/build/lib/py_pubsub
[0.889s] copying py_pubsub/cv2_test.py -> /home/zack/work/ROS2_ws/build/py_pubsub/build/lib/py_pubsub
[0.889s] running install
[0.889s] /usr/lib/python3/dist-packages/setuptools/command/install.py:34: SetuptoolsDeprecationWarning: setup.py install is deprecated. Use build and pip and other standards-based tools.
[0.889s]   warnings.warn(
[0.889s] running install_lib
[0.890s] creating /home/zack/work/ROS2_ws/install/py_pubsub/lib/python3.10/site-packages/py_pubsub
[0.890s] copying /home/zack/work/ROS2_ws/build/py_pubsub/build/lib/py_pubsub/output_clickpoint.py -> /home/zack/work/ROS2_ws/install/py_pubsub/lib/python3.10/site-packages/py_pubsub
[0.890s] copying /home/zack/work/ROS2_ws/build/py_pubsub/build/lib/py_pubsub/strategy_client.py -> /home/zack/work/ROS2_ws/install/py_pubsub/lib/python3.10/site-packages/py_pubsub
[0.890s] copying /home/zack/work/ROS2_ws/build/py_pubsub/build/lib/py_pubsub/yolo_service.py -> /home/zack/work/ROS2_ws/install/py_pubsub/lib/python3.10/site-packages/py_pubsub
[0.890s] copying /home/zack/work/ROS2_ws/build/py_pubsub/build/lib/py_pubsub/test_yoloservice_client.py -> /home/zack/work/ROS2_ws/install/py_pubsub/lib/python3.10/site-packages/py_pubsub
[0.890s] copying /home/zack/work/ROS2_ws/build/py_pubsub/build/lib/py_pubsub/pool_strategy.py -> /home/zack/work/ROS2_ws/install/py_pubsub/lib/python3.10/site-packages/py_pubsub
[0.890s] copying /home/zack/work/ROS2_ws/build/py_pubsub/build/lib/py_pubsub/publisher_member_function.py -> /home/zack/work/ROS2_ws/install/py_pubsub/lib/python3.10/site-packages/py_pubsub
[0.890s] copying /home/zack/work/ROS2_ws/build/py_pubsub/build/lib/py_pubsub/strategy_sub.py -> /home/zack/work/ROS2_ws/install/py_pubsub/lib/python3.10/site-packages/py_pubsub
[0.890s] copying /home/zack/work/ROS2_ws/build/py_pubsub/build/lib/py_pubsub/testrealsense.py -> /home/zack/work/ROS2_ws/install/py_pubsub/lib/python3.10/site-packages/py_pubsub
[0.890s] copying /home/zack/work/ROS2_ws/build/py_pubsub/build/lib/py_pubsub/__init__.py -> /home/zack/work/ROS2_ws/install/py_pubsub/lib/python3.10/site-packages/py_pubsub
[0.891s] copying /home/zack/work/ROS2_ws/build/py_pubsub/build/lib/py_pubsub/darknet.py -> /home/zack/work/ROS2_ws/install/py_pubsub/lib/python3.10/site-packages/py_pubsub
[0.891s] copying /home/zack/work/ROS2_ws/build/py_pubsub/build/lib/py_pubsub/verify_calibration.py -> /home/zack/work/ROS2_ws/install/py_pubsub/lib/python3.10/site-packages/py_pubsub
[0.891s] copying /home/zack/work/ROS2_ws/build/py_pubsub/build/lib/py_pubsub/YOLO_Detect.py -> /home/zack/work/ROS2_ws/install/py_pubsub/lib/python3.10/site-packages/py_pubsub
[0.891s] copying /home/zack/work/ROS2_ws/build/py_pubsub/build/lib/py_pubsub/cam_cali.py -> /home/zack/work/ROS2_ws/install/py_pubsub/lib/python3.10/site-packages/py_pubsub
[0.891s] copying /home/zack/work/ROS2_ws/build/py_pubsub/build/lib/py_pubsub/cv2_test.py -> /home/zack/work/ROS2_ws/install/py_pubsub/lib/python3.10/site-packages/py_pubsub
[0.891s] byte-compiling /home/zack/work/ROS2_ws/install/py_pubsub/lib/python3.10/site-packages/py_pubsub/output_clickpoint.py to output_clickpoint.cpython-310.pyc
[0.892s] byte-compiling /home/zack/work/ROS2_ws/install/py_pubsub/lib/python3.10/site-packages/py_pubsub/strategy_client.py to strategy_client.cpython-310.pyc
[0.893s] byte-compiling /home/zack/work/ROS2_ws/install/py_pubsub/lib/python3.10/site-packages/py_pubsub/yolo_service.py to yolo_service.cpython-310.pyc
[0.894s] byte-compiling /home/zack/work/ROS2_ws/install/py_pubsub/lib/python3.10/site-packages/py_pubsub/test_yoloservice_client.py to test_yoloservice_client.cpython-310.pyc
[0.894s] byte-compiling /home/zack/work/ROS2_ws/install/py_pubsub/lib/python3.10/site-packages/py_pubsub/pool_strategy.py to pool_strategy.cpython-310.pyc
[0.899s] byte-compiling /home/zack/work/ROS2_ws/install/py_pubsub/lib/python3.10/site-packages/py_pubsub/publisher_member_function.py to publisher_member_function.cpython-310.pyc
[0.900s] byte-compiling /home/zack/work/ROS2_ws/install/py_pubsub/lib/python3.10/site-packages/py_pubsub/strategy_sub.py to strategy_sub.cpython-310.pyc
[0.900s] byte-compiling /home/zack/work/ROS2_ws/install/py_pubsub/lib/python3.10/site-packages/py_pubsub/testrealsense.py to testrealsense.cpython-310.pyc
[0.900s] byte-compiling /home/zack/work/ROS2_ws/install/py_pubsub/lib/python3.10/site-packages/py_pubsub/__init__.py to __init__.cpython-310.pyc
[0.900s] byte-compiling /home/zack/work/ROS2_ws/install/py_pubsub/lib/python3.10/site-packages/py_pubsub/darknet.py to darknet.cpython-310.pyc
[0.902s] byte-compiling /home/zack/work/ROS2_ws/install/py_pubsub/lib/python3.10/site-packages/py_pubsub/verify_calibration.py to verify_calibration.cpython-310.pyc
[0.903s] byte-compiling /home/zack/work/ROS2_ws/install/py_pubsub/lib/python3.10/site-packages/py_pubsub/YOLO_Detect.py to YOLO_Detect.cpython-310.pyc
[0.903s] byte-compiling /home/zack/work/ROS2_ws/install/py_pubsub/lib/python3.10/site-packages/py_pubsub/cam_cali.py to cam_cali.cpython-310.pyc
[0.903s] byte-compiling /home/zack/work/ROS2_ws/install/py_pubsub/lib/python3.10/site-packages/py_pubsub/cv2_test.py to cv2_test.cpython-310.pyc
[0.904s] running install_data
[0.904s] running install_egg_info
[0.905s] Copying ../../build/py_pubsub/py_pubsub.egg-info to /home/zack/work/ROS2_ws/install/py_pubsub/lib/python3.10/site-packages/py_pubsub-0.0.0-py3.10.egg-info
[0.906s] running install_scripts
[0.920s] Installing cam_calibration script to /home/zack/work/ROS2_ws/install/py_pubsub/lib/py_pubsub
[0.920s] Installing strategy_client script to /home/zack/work/ROS2_ws/install/py_pubsub/lib/py_pubsub
[0.920s] Installing strategy_sub script to /home/zack/work/ROS2_ws/install/py_pubsub/lib/py_pubsub
[0.920s] Installing test_yolo_service script to /home/zack/work/ROS2_ws/install/py_pubsub/lib/py_pubsub
[0.920s] Installing verify_calibration script to /home/zack/work/ROS2_ws/install/py_pubsub/lib/py_pubsub
[0.920s] Installing yolo_detect script to /home/zack/work/ROS2_ws/install/py_pubsub/lib/py_pubsub
[0.920s] Installing yolo_service script to /home/zack/work/ROS2_ws/install/py_pubsub/lib/py_pubsub
[0.920s] writing list of installed files to '/home/zack/work/ROS2_ws/build/py_pubsub/install.log'
[0.940s] Invoked command in '/home/zack/work/ROS2_ws/src/py_pubsub' returned '0': PYTHONPATH=/home/zack/work/ROS2_ws/build/py_pubsub/prefix_override:/home/zack/work/ROS2_ws/install/py_pubsub/lib/python3.10/site-packages:${PYTHONPATH} /usr/bin/python3 setup.py egg_info --egg-base ../../build/py_pubsub build --build-base /home/zack/work/ROS2_ws/build/py_pubsub/build install --record /home/zack/work/ROS2_ws/build/py_pubsub/install.log --single-version-externally-managed
