[0.697s] Invoking command in '/home/zack/work/ROS2_ws/build/hiwin_example': PYTHONPATH=/home/zack/work/ROS2_ws/build/hiwin_example/prefix_override:/home/zack/work/ROS2_ws/install/hiwin_example/lib/python3.10/site-packages:${PYTHONPATH} /usr/bin/python3 setup.py develop --editable --build-directory /home/zack/work/ROS2_ws/build/hiwin_example/build --no-deps install_data
[0.900s] running develop
[0.900s] /usr/lib/python3/dist-packages/setuptools/command/easy_install.py:158: EasyInstallDeprecationWarning: easy_install command is deprecated. Use build and pip and other standards-based tools.
[0.900s]   warnings.warn(
[0.901s] /usr/lib/python3/dist-packages/setuptools/command/install.py:34: SetuptoolsDeprecationWarning: setup.py install is deprecated. Use build and pip and other standards-based tools.
[0.901s]   warnings.warn(
[1.015s] running egg_info
[1.016s] writing hiwin_example.egg-info/PKG-INFO
[1.016s] writing dependency_links to hiwin_example.egg-info/dependency_links.txt
[1.016s] writing entry points to hiwin_example.egg-info/entry_points.txt
[1.016s] writing requirements to hiwin_example.egg-info/requires.txt
[1.016s] writing top-level names to hiwin_example.egg-info/top_level.txt
[1.018s] reading manifest file 'hiwin_example.egg-info/SOURCES.txt'
[1.019s] writing manifest file 'hiwin_example.egg-info/SOURCES.txt'
[1.020s] running build_ext
[1.021s] Creating /home/zack/work/ROS2_ws/install/hiwin_example/lib/python3.10/site-packages/hiwin-example.egg-link (link to .)
[1.021s] Installing manual_calibration script to /home/zack/work/ROS2_ws/install/hiwin_example/lib/hiwin_example
[1.022s] Installing strategy_example script to /home/zack/work/ROS2_ws/install/hiwin_example/lib/hiwin_example
[1.022s] 
[1.022s] Installed /home/zack/work/ROS2_ws/build/hiwin_example
[1.022s] running install_data
[1.081s] Invoked command in '/home/zack/work/ROS2_ws/build/hiwin_example' returned '0': PYTHONPATH=/home/zack/work/ROS2_ws/build/hiwin_example/prefix_override:/home/zack/work/ROS2_ws/install/hiwin_example/lib/python3.10/site-packages:${PYTHONPATH} /usr/bin/python3 setup.py develop --editable --build-directory /home/zack/work/ROS2_ws/build/hiwin_example/build --no-deps install_data
