running develop
/usr/lib/python3/dist-packages/setuptools/command/easy_install.py:158: EasyInstallDeprecationWarning: easy_install command is deprecated. Use build and pip and other standards-based tools.
  warnings.warn(
/usr/lib/python3/dist-packages/setuptools/command/install.py:34: SetuptoolsDeprecationWarning: setup.py install is deprecated. Use build and pip and other standards-based tools.
  warnings.warn(
running egg_info
writing ../../build/py_pubsub/py_pubsub.egg-info/PKG-INFO
writing dependency_links to ../../build/py_pubsub/py_pubsub.egg-info/dependency_links.txt
writing entry points to ../../build/py_pubsub/py_pubsub.egg-info/entry_points.txt
writing requirements to ../../build/py_pubsub/py_pubsub.egg-info/requires.txt
writing top-level names to ../../build/py_pubsub/py_pubsub.egg-info/top_level.txt
reading manifest file '../../build/py_pubsub/py_pubsub.egg-info/SOURCES.txt'
writing manifest file '../../build/py_pubsub/py_pubsub.egg-info/SOURCES.txt'
running build
running build_py
copying py_pubsub/strategy_client.py -> /home/zack/work/ROS2_ws/build/py_pubsub/build/lib/py_pubsub
running install
/usr/lib/python3/dist-packages/setuptools/command/install.py:34: SetuptoolsDeprecationWarning: setup.py install is deprecated. Use build and pip and other standards-based tools.
  warnings.warn(
running install_lib
copying /home/zack/work/ROS2_ws/build/py_pubsub/build/lib/py_pubsub/strategy_client.py -> /home/zack/work/ROS2_ws/install/py_pubsub/lib/python3.10/site-packages/py_pubsub
byte-compiling /home/zack/work/ROS2_ws/install/py_pubsub/lib/python3.10/site-packages/py_pubsub/strategy_client.py to strategy_client.cpython-310.pyc
running install_data
running install_egg_info
removing '/home/zack/work/ROS2_ws/install/py_pubsub/lib/python3.10/site-packages/py_pubsub-0.0.0-py3.10.egg-info' (and everything under it)
Copying ../../build/py_pubsub/py_pubsub.egg-info to /home/zack/work/ROS2_ws/install/py_pubsub/lib/python3.10/site-packages/py_pubsub-0.0.0-py3.10.egg-info
running install_scripts
Installing cam_calibration script to /home/zack/work/ROS2_ws/install/py_pubsub/lib/py_pubsub
Installing strategy_client script to /home/zack/work/ROS2_ws/install/py_pubsub/lib/py_pubsub
Installing strategy_sub script to /home/zack/work/ROS2_ws/install/py_pubsub/lib/py_pubsub
Installing test_yolo_service script to /home/zack/work/ROS2_ws/install/py_pubsub/lib/py_pubsub
Installing verify_calibration script to /home/zack/work/ROS2_ws/install/py_pubsub/lib/py_pubsub
Installing yolo_detect script to /home/zack/work/ROS2_ws/install/py_pubsub/lib/py_pubsub
Installing yolo_service script to /home/zack/work/ROS2_ws/install/py_pubsub/lib/py_pubsub
writing list of installed files to '/home/zack/work/ROS2_ws/build/py_pubsub/install.log'
