[0.477s] Invoking command in '/home/zack/work/ROS2_ws/build/hiwin_example': PYTHONPATH=/home/zack/work/ROS2_ws/build/hiwin_example/prefix_override:/home/zack/work/ROS2_ws/install/hiwin_example/lib/python3.10/site-packages:${PYTHONPATH} /usr/bin/python3 setup.py develop --editable --build-directory /home/zack/work/ROS2_ws/build/hiwin_example/build --no-deps install_data
[0.651s] /usr/lib/python3/dist-packages/setuptools/command/easy_install.py:158: EasyInstallDeprecationWarning: easy_install command is deprecated. Use build and pip and other standards-based tools.
[0.651s]   warnings.warn(
[0.652s] running develop
[0.652s] /usr/lib/python3/dist-packages/setuptools/command/install.py:34: SetuptoolsDeprecationWarning: setup.py install is deprecated. Use build and pip and other standards-based tools.
[0.652s]   warnings.warn(
[0.760s] running egg_info
[0.761s] writing hiwin_example.egg-info/PKG-INFO
[0.761s] writing dependency_links to hiwin_example.egg-info/dependency_links.txt
[0.761s] writing entry points to hiwin_example.egg-info/entry_points.txt
[0.761s] writing requirements to hiwin_example.egg-info/requires.txt
[0.761s] writing top-level names to hiwin_example.egg-info/top_level.txt
[0.763s] reading manifest file 'hiwin_example.egg-info/SOURCES.txt'
[0.763s] writing manifest file 'hiwin_example.egg-info/SOURCES.txt'
[0.764s] running build_ext
[0.764s] Creating /home/zack/work/ROS2_ws/install/hiwin_example/lib/python3.10/site-packages/hiwin-example.egg-link (link to .)
[0.765s] Installing pool_arm script to /home/zack/work/ROS2_ws/install/hiwin_example/lib/hiwin_example
[0.765s] Installing strategy_example script to /home/zack/work/ROS2_ws/install/hiwin_example/lib/hiwin_example
[0.765s] 
[0.765s] Installed /home/zack/work/ROS2_ws/build/hiwin_example
[0.765s] running install_data
[0.792s] Invoked command in '/home/zack/work/ROS2_ws/build/hiwin_example' returned '0': PYTHONPATH=/home/zack/work/ROS2_ws/build/hiwin_example/prefix_override:/home/zack/work/ROS2_ws/install/hiwin_example/lib/python3.10/site-packages:${PYTHONPATH} /usr/bin/python3 setup.py develop --editable --build-directory /home/zack/work/ROS2_ws/build/hiwin_example/build --no-deps install_data
