running develop
Removing /home/zack/work/ROS2_ws/install/hiwin_example/lib/python3.10/site-packages/hiwin-example.egg-link (link to .)
running egg_info
writing ../../../build/hiwin_example/hiwin_example.egg-info/PKG-INFO
writing dependency_links to ../../../build/hiwin_example/hiwin_example.egg-info/dependency_links.txt
writing entry points to ../../../build/hiwin_example/hiwin_example.egg-info/entry_points.txt
writing requirements to ../../../build/hiwin_example/hiwin_example.egg-info/requires.txt
writing top-level names to ../../../build/hiwin_example/hiwin_example.egg-info/top_level.txt
reading manifest file '../../../build/hiwin_example/hiwin_example.egg-info/SOURCES.txt'
writing manifest file '../../../build/hiwin_example/hiwin_example.egg-info/SOURCES.txt'
running build
running build_py
copying hiwin_example/verify_calibration.py -> /home/zack/work/ROS2_ws/build/hiwin_example/build/lib/hiwin_example
running install
running install_lib
creating /home/zack/work/ROS2_ws/install/hiwin_example/lib/python3.10/site-packages/hiwin_example
copying /home/zack/work/ROS2_ws/build/hiwin_example/build/lib/hiwin_example/output_clickpoint.py -> /home/zack/work/ROS2_ws/install/hiwin_example/lib/python3.10/site-packages/hiwin_example
copying /home/zack/work/ROS2_ws/build/hiwin_example/build/lib/hiwin_example/YoloDetector.py -> /home/zack/work/ROS2_ws/install/hiwin_example/lib/python3.10/site-packages/hiwin_example
copying /home/zack/work/ROS2_ws/build/hiwin_example/build/lib/hiwin_example/pool_arm.py -> /home/zack/work/ROS2_ws/install/hiwin_example/lib/python3.10/site-packages/hiwin_example
copying /home/zack/work/ROS2_ws/build/hiwin_example/build/lib/hiwin_example/strategy_example.py -> /home/zack/work/ROS2_ws/install/hiwin_example/lib/python3.10/site-packages/hiwin_example
copying /home/zack/work/ROS2_ws/build/hiwin_example/build/lib/hiwin_example/__init__.py -> /home/zack/work/ROS2_ws/install/hiwin_example/lib/python3.10/site-packages/hiwin_example
copying /home/zack/work/ROS2_ws/build/hiwin_example/build/lib/hiwin_example/YoloDetector_class_node.py -> /home/zack/work/ROS2_ws/install/hiwin_example/lib/python3.10/site-packages/hiwin_example
copying /home/zack/work/ROS2_ws/build/hiwin_example/build/lib/hiwin_example/verify_calibration.py -> /home/zack/work/ROS2_ws/install/hiwin_example/lib/python3.10/site-packages/hiwin_example
byte-compiling /home/zack/work/ROS2_ws/install/hiwin_example/lib/python3.10/site-packages/hiwin_example/output_clickpoint.py to output_clickpoint.cpython-310.pyc
byte-compiling /home/zack/work/ROS2_ws/install/hiwin_example/lib/python3.10/site-packages/hiwin_example/YoloDetector.py to YoloDetector.cpython-310.pyc
byte-compiling /home/zack/work/ROS2_ws/install/hiwin_example/lib/python3.10/site-packages/hiwin_example/pool_arm.py to pool_arm.cpython-310.pyc
byte-compiling /home/zack/work/ROS2_ws/install/hiwin_example/lib/python3.10/site-packages/hiwin_example/strategy_example.py to strategy_example.cpython-310.pyc
byte-compiling /home/zack/work/ROS2_ws/install/hiwin_example/lib/python3.10/site-packages/hiwin_example/__init__.py to __init__.cpython-310.pyc
byte-compiling /home/zack/work/ROS2_ws/install/hiwin_example/lib/python3.10/site-packages/hiwin_example/YoloDetector_class_node.py to YoloDetector_class_node.cpython-310.pyc
byte-compiling /home/zack/work/ROS2_ws/install/hiwin_example/lib/python3.10/site-packages/hiwin_example/verify_calibration.py to verify_calibration.cpython-310.pyc
running install_data
running install_egg_info
Copying ../../../build/hiwin_example/hiwin_example.egg-info to /home/zack/work/ROS2_ws/install/hiwin_example/lib/python3.10/site-packages/hiwin_example-0.0.0-py3.10.egg-info
running install_scripts
Installing manual_calibration script to /home/zack/work/ROS2_ws/install/hiwin_example/lib/hiwin_example
Installing strategy_example script to /home/zack/work/ROS2_ws/install/hiwin_example/lib/hiwin_example
Installing verify_calibration script to /home/zack/work/ROS2_ws/install/hiwin_example/lib/hiwin_example
writing list of installed files to '/home/zack/work/ROS2_ws/build/hiwin_example/install.log'
